This script was generated by crab (version 2.11.1_patch1).
Running /home/cms033/home_cream_386885846/CREAM386885846/glide_nI0kvJ/execute/dir_14437/condor_exec.exe with 2 positional parameters: 8 1
Today is Tue Oct 20 07:57:57 CEST 2015 - Tue Oct 20 05:57:57 UTC 2015
Job submitted on host pccms112.ba.infn.it
Linux pccms112.ba.infn.it 2.6.32-504.3.3.el6.x86_64 #1 SMP Wed Dec 17 09:22:39 CET 2014 x86_64 x86_64 x86_64 GNU/Linux
Distributor ID:	ScientificCERNSLC
Description:	Scientific Linux CERN SLC release 6.4 (Carbon)
>>> current directory (RUNTIME_AREA): /home/cms033/home_cream_386885846/CREAM386885846/glide_nI0kvJ/execute/dir_14437
>>> current user: uid=18589(cms033) gid=1399(cms) groups=1399(cms)
>>> directory permission set to 0700
>>> umask set to:  u=rwx,g=,o=
>>> stdout stderr permission set to 0704
>>> voms proxy information:
subject   : /C=TW/O=AP/OU=GRID/CN=Amandeep Kaur Kalsi 129089/CN=541697223/CN=958941684
issuer    : /C=TW/O=AP/OU=GRID/CN=Amandeep Kaur Kalsi 129089/CN=541697223
identity  : /C=TW/O=AP/OU=GRID/CN=Amandeep Kaur Kalsi 129089
type      : RFC3820 compliant limited proxy
strength  : 1024
path      : /home/cms033/home_cream_386885846/CREAM386885846/glide_nI0kvJ/execute/dir_14437/x509up_u46992
timeleft  : 23:59:52
key usage : Digital Signature, Key Encipherment, Data Encipherment, Key Agreement
=== VO cms extension information ===
VO        : cms
subject   : /C=TW/O=AP/OU=GRID/CN=Amandeep Kaur Kalsi 129089
issuer    : /DC=ch/DC=cern/OU=computers/CN=voms2.cern.ch
attribute : /cms/Role=NULL/Capability=NULL
timeleft  : 191:35:50
uri       : voms2.cern.ch:15002

WNHostName=pccms112.ba.infn.it
$_CONDOR_JOB_AD =/home/cms033/home_cream_386885846/CREAM386885846/glide_nI0kvJ/execute/dir_14437/.job.ad
OverflowFlag=0
>>> tar --no-same-permissions -xf /home/cms033/home_cream_386885846/CREAM386885846/glide_nI0kvJ/execute/dir_14437/default.tgz :
Successful untar
>>> Include /home/cms033/home_cream_386885846/CREAM386885846/glide_nI0kvJ/execute/dir_14437 in PYTHONPATH:
strip arguments
env var CRAB_UNIQUE_JOB_ID set to: amkalsi_Good_5000ps_p82fc3_8_1_CJm
out_files_8
>>> list of expected files on output sandbox
output files: OutTree_8_1_CJm.root crab_fjr_8.xml CMSSW_8.stdout CMSSW_8.stderr Watchdog_8.log.gz
>>> GridFlavour discovery: 
GridFlavour=LCG
>>> SyncSite discovery: 
SyncSite=T2_IT_Bari
>>> SyncCE discovery: 
getting SyncCE from CE_ID
SyncCE=cream-ce-4.ba.infn.it:8443/cream-pbs-cms
>>> info for dashboard:
***** Cat /home/cms033/home_cream_386885846/CREAM386885846/glide_nI0kvJ/execute/dir_14437/jobreport.txt *****
WNHostName=pccms112.ba.infn.it
OverflowFlag=0
MonitorJobID=8_https://submit-6.t2.ucsd.edu//151020//666495.7
SyncGridJobId=https://submit-6.t2.ucsd.edu//151020//666495.7
MonitorID=amkalsi_Good_5000ps_p82fc3
GridFlavour=LCG
SyncSite=T2_IT_Bari
SyncCE=cream-ce-4.ba.infn.it:8443/cream-pbs-cms
***** End Cat jobreport *****
Parameters sent to Dashboard.
>>> setup environment
set SCRAM ARCH to slc6_amd64_gcc472
SCRAM_ARCH = slc6_amd64_gcc472
>>> setup CMS LCG environment:
set SCRAM ARCH and BUILD_ARCH to slc6_amd64_gcc472 ###
Sourcing environment... 
sourcing /cvmfs/cms.cern.ch/cmsset_default.sh
==> setup cms environment ok
>>> specific cmssw setup environment:
CMSSW_VERSION =  CMSSW_6_2_0_SLHC26_patch3
WARNING: In non-interactive mode release checks e.g. deprecated releases, production architectures are disabled.
>>> current directory (SOFTWARE_DIR): /home/cms033/home_cream_386885846/CREAM386885846/glide_nI0kvJ/execute/dir_14437/CMSSW_6_2_0_SLHC26_patch3
PreserveSeeds: <>
IncrementSeeds:<>
>>> info for dashboard:
***** Cat /home/cms033/home_cream_386885846/CREAM386885846/glide_nI0kvJ/execute/dir_14437/jobreport.txt *****
MonitorJobID=8_https://submit-6.t2.ucsd.edu//151020//666495.7
MonitorID=amkalsi_Good_5000ps_p82fc3
***** End Cat jobreport *****
Parameters sent to Dashboard.
crabWatchdog started as process 14654
>>> moving CMSSW software directories in /home/cms033/home_cream_386885846/CREAM386885846/glide_nI0kvJ/execute/dir_14437/CMSSW_6_2_0_SLHC26_patch3
mv: cannot stat `/home/cms033/home_cream_386885846/CREAM386885846/glide_nI0kvJ/execute/dir_14437/module/': No such file or directory
>>> Include /home/cms033/home_cream_386885846/CREAM386885846/glide_nI0kvJ/execute/dir_14437 in PYTHONPATH:
PYTHONPATH=/home/cms033/home_cream_386885846/CREAM386885846/glide_nI0kvJ/execute/dir_14437/:/home/cms033/home_cream_386885846/CREAM386885846/glide_nI0kvJ/execute/dir_14437/CMSSW_6_2_0_SLHC26_patch3/python:/home/cms033/home_cream_386885846/CREAM386885846/glide_nI0kvJ/execute/dir_14437/CMSSW_6_2_0_SLHC26_patch3/lib/slc6_amd64_gcc472:/cvmfs/cms.cern.ch/slc6_amd64_gcc472/cms/cmssw-patch/CMSSW_6_2_0_SLHC26_patch3/python:/cvmfs/cms.cern.ch/slc6_amd64_gcc472/cms/cmssw-patch/CMSSW_6_2_0_SLHC26_patch3/lib/slc6_amd64_gcc472:/cvmfs/cms.cern.ch/slc6_amd64_gcc472/cms/cmssw/CMSSW_6_2_0_SLHC26/bin/slc6_amd64_gcc472:/cvmfs/cms.cern.ch/slc6_amd64_gcc472/cms/cmssw/CMSSW_6_2_0_SLHC26/lib/slc6_amd64_gcc472:/cvmfs/cms.cern.ch/slc6_amd64_gcc472/cms/coral/CORAL_2_3_21-flmnjk2/slc6_amd64_gcc472/python:/cvmfs/cms.cern.ch/slc6_amd64_gcc472/cms/coral/CORAL_2_3_21-flmnjk2/slc6_amd64_gcc472/lib:/cvmfs/cms.cern.ch/slc6_amd64_gcc472/external/pyqt/4.8.1-cms5/lib/python2.7/site-packages:/cvmfs/cms.cern.ch/slc6_amd64_gcc472/external/py2-scipy/0.8.0-cms7/lib/python2.7/site-packages:/cvmfs/cms.cern.ch/slc6_amd64_gcc472/external/py2-matplotlib/1.0.1-cms7/lib/python2.7/site-packages:/cvmfs/cms.cern.ch/slc6_amd64_gcc472/external/python-ldap/2.4.10/lib/python2.7/site-packages:/cvmfs/cms.cern.ch/slc6_amd64_gcc472/external/sip/4.11.2-cms5/lib/python2.7/site-packages:/cvmfs/cms.cern.ch/slc6_amd64_gcc472/external/py2-pycurl/7.19.0-cms7/lib/python2.7/site-packages:/cvmfs/cms.cern.ch/slc6_amd64_gcc472/external/py2-numpy/1.6.1-cms7/lib/python2.7/site-packages:/cvmfs/cms.cern.ch/slc6_amd64_gcc472/external/py2-lint/0.25.1-cms5/lib/python2.7/site-packages:/cvmfs/cms.cern.ch/slc6_amd64_gcc472/external/py2-ipython/0.10-cms5/lib/python2.7/site-packages:/cvmfs/cms.cern.ch/slc6_amd64_gcc472/external/py2-cx-oracle/5.1-cms5/lib/python2.7/site-packages:/cvmfs/cms.cern.ch/slc6_amd64_gcc472/external/py2-cjson/1.0.5-cms5/lib/python2.7/site-packages:/cvmfs/cms.cern.ch/slc6_amd64_gcc472/cms/das-client/1.11.7/bin:/cvmfs/cms.cern.ch/slc6_amd64_gcc472/external/elementtree/1.2.6-cms5/share/lib/python2.7/site-packages:/cvmfs/cms.cern.ch/slc6_amd64_gcc472/external/rivet/1.8.2-cms9/lib/python2.7/site-packages:/cvmfs/cms.cern.ch/slc6_amd64_gcc472/external/pyminuit2/0.0.1-cms25/lib/python2.7/site-packages:/cvmfs/cms.cern.ch/slc6_amd64_gcc472/external/py2-pygithub/1.23.0-cms2/lib/python2.7/site-packages:/cvmfs/cms.cern.ch/slc6_amd64_gcc472/external/professor/1.0.0-cms25/lib/python2.7/site-packages:/cvmfs/cms.cern.ch/slc6_amd64_gcc472/lcg/root/5.34.07-cms5/lib:/cvmfs/cms.cern.ch/slc6_amd64_gcc472/cms/dbs-client/DBS_2_1_9-cms5/lib:/cvmfs/cms.cern.ch/slc6_amd64_gcc472/cms/dbs-client/DBS_2_1_9-cms5/lib/DBSAPI:/cvmfs/cms.cern.ch/slc6_amd64_gcc472/external/cvs2git/5419-cms/lib:/home/cms033/home_cream_386885846/CREAM386885846/glide_nI0kvJ/execute/dir_14437/
 
# LIMITS USED BY CRAB WATCHDOG:
# RSS  (KBytes)   : 2300000
# VSZ  (KBytes)   : 100000000
# DISK (MBytes)   : 19000
# CPU TIME        : 720h:0m:0s
# WALL CLOCK TIME : 21h:50m:0s
 
89204fc7dc811f9e79a97af487a037d4
PSETHASH = 89204fc7dc811f9e79a97af487a037d4
/home/cms033/home_cream_386885846/CREAM386885846/glide_nI0kvJ/execute/dir_14437/writeCfg.py pset.py pset.py
Importing .py file
Setting parameters
RandomNumberGeneratorService found, will attempt to change seeds
inputBlocks=/DYToMuMu_M-20_TuneZ2star_14TeV-pythia6-tauola/piet-DYToMuMu_M-20_TuneZ2star_14TeV-pythia6-tauola_HGCALGS_PU140_5ns_32ns_RECO-9534beda007a59447d9159ddc4f0a675/USER#8ac55354-7f17-4acc-bf0e-1f52e441b62d
inputFiles=/store/user/piet/ME0Segment_Time/DYToMuMu_M-20_TuneZ2star_14TeV-pythia6-tauola/DYToMuMu_M-20_TuneZ2star_14TeV-pythia6-tauola_HGCALGS_PU140_5ns_32ns_RECO/151014_152401/0000/out_reco_971.root;/store/user/piet/ME0Segment_Time/DYToMuMu_M-20_TuneZ2star_14TeV-pythia6-tauola/DYToMuMu_M-20_TuneZ2star_14TeV-pythia6-tauola_HGCALGS_PU140_5ns_32ns_RECO/151014_152401/0000/out_reco_82.root;/store/user/piet/ME0Segment_Time/DYToMuMu_M-20_TuneZ2star_14TeV-pythia6-tauola/DYToMuMu_M-20_TuneZ2star_14TeV-pythia6-tauola_HGCALGS_PU140_5ns_32ns_RECO/151014_152401/0000/out_reco_596.root;/store/user/piet/ME0Segment_Time/DYToMuMu_M-20_TuneZ2star_14TeV-pythia6-tauola/DYToMuMu_M-20_TuneZ2star_14TeV-pythia6-tauola_HGCALGS_PU140_5ns_32ns_RECO/151014_152401/0000/out_reco_906.root;/store/user/piet/ME0Segment_Time/DYToMuMu_M-20_TuneZ2star_14TeV-pythia6-tauola/DYToMuMu_M-20_TuneZ2star_14TeV-pythia6-tauola_HGCALGS_PU140_5ns_32ns_RECO/151014_152401/0000/out_reco_881.root;/store/user/piet/ME0Segment_Time/DYToMuMu_M-20_TuneZ2star_14TeV-pythia6-tauola/DYToMuMu_M-20_TuneZ2star_14TeV-pythia6-tauola_HGCALGS_PU140_5ns_32ns_RECO/151014_152401/0000/out_reco_652.root;/store/user/piet/ME0Segment_Time/DYToMuMu_M-20_TuneZ2star_14TeV-pythia6-tauola/DYToMuMu_M-20_TuneZ2star_14TeV-pythia6-tauola_HGCALGS_PU140_5ns_32ns_RECO/151014_152401/0000/out_reco_712.root;/store/user/piet/ME0Segment_Time/DYToMuMu_M-20_TuneZ2star_14TeV-pythia6-tauola/DYToMuMu_M-20_TuneZ2star_14TeV-pythia6-tauola_HGCALGS_PU140_5ns_32ns_RECO/151014_152401/0000/out_reco_5.root;/store/user/piet/ME0Segment_Time/DYToMuMu_M-20_TuneZ2star_14TeV-pythia6-tauola/DYToMuMu_M-20_TuneZ2star_14TeV-pythia6-tauola_HGCALGS_PU140_5ns_32ns_RECO/151014_152401/0000/out_reco_586.root;/store/user/piet/ME0Segment_Time/DYToMuMu_M-20_TuneZ2star_14TeV-pythia6-tauola/DYToMuMu_M-20_TuneZ2star_14TeV-pythia6-tauola_HGCALGS_PU140_5ns_32ns_RECO/151014_152401/0000/out_reco_352.root
parentFiles=
lumisRange=
>>> Executable cmsRun
/cvmfs/cms.cern.ch/slc6_amd64_gcc472/cms/cmssw/CMSSW_6_2_0_SLHC26/bin/slc6_amd64_gcc472/cmsRun
ok executable found
>>> info for dashboard:
***** Cat /home/cms033/home_cream_386885846/CREAM386885846/glide_nI0kvJ/execute/dir_14437/jobreport.txt *****
MonitorJobID=8_https://submit-6.t2.ucsd.edu//151020//666495.7
MonitorID=amkalsi_Good_5000ps_p82fc3
ExeStart=cmsRun
***** End Cat jobreport *****
Parameters sent to Dashboard.
>>> cmsRun started at Tue Oct 20 05:58:08 UTC 2015
>>> cmsRun ended at Tue Oct 20 05:59:54 UTC 2015
>>> crab_fjr_*.xml  permission set to 0704
>>> info for dashboard:
***** Cat /home/cms033/home_cream_386885846/CREAM386885846/glide_nI0kvJ/execute/dir_14437/jobreport.txt *****
MonitorJobID=8_https://submit-6.t2.ucsd.edu//151020//666495.7
MonitorID=amkalsi_Good_5000ps_p82fc3
ExeEnd=cmsRun
***** End Cat jobreport *****
Parameters sent to Dashboard.
TIME_EXE = 106 sec
>>> cmsRun wrote 52 lines of stdout+stderr
>>> START OF printout of 52 lines from stdout+stderr
20-Oct-2015 07:58:21 CEST  Initiating request to open file file:/lustre/cms//store/user/piet/ME0Segment_Time/DYToMuMu_M-20_TuneZ2star_14TeV-pythia6-tauola/DYToMuMu_M-20_TuneZ2star_14TeV-pythia6-tauola_HGCALGS_PU140_5ns_32ns_RECO/151014_152401/0000/out_reco_971.root
20-Oct-2015 07:58:24 CEST  Successfully opened file file:/lustre/cms//store/user/piet/ME0Segment_Time/DYToMuMu_M-20_TuneZ2star_14TeV-pythia6-tauola/DYToMuMu_M-20_TuneZ2star_14TeV-pythia6-tauola_HGCALGS_PU140_5ns_32ns_RECO/151014_152401/0000/out_reco_971.root
Begin processing the 1st record. Run 1, Event 661051, LumiSection 27834 at 20-Oct-2015 07:58:31.558 CEST
in MuonNumberingInitialization::initializeMuonDDDConstants
about to make my new muonDDDConst_
in MuonNumberingInitialization::produce
-1.82201-1.7769-0.715244-0.977524-3.0955620-Oct-2015 07:58:44 CEST  Closed file file:/lustre/cms//store/user/piet/ME0Segment_Time/DYToMuMu_M-20_TuneZ2star_14TeV-pythia6-tauola/DYToMuMu_M-20_TuneZ2star_14TeV-pythia6-tauola_HGCALGS_PU140_5ns_32ns_RECO/151014_152401/0000/out_reco_971.root
20-Oct-2015 07:58:44 CEST  Initiating request to open file file:/lustre/cms//store/user/piet/ME0Segment_Time/DYToMuMu_M-20_TuneZ2star_14TeV-pythia6-tauola/DYToMuMu_M-20_TuneZ2star_14TeV-pythia6-tauola_HGCALGS_PU140_5ns_32ns_RECO/151014_152401/0000/out_reco_82.root
20-Oct-2015 07:58:44 CEST  Successfully opened file file:/lustre/cms//store/user/piet/ME0Segment_Time/DYToMuMu_M-20_TuneZ2star_14TeV-pythia6-tauola/DYToMuMu_M-20_TuneZ2star_14TeV-pythia6-tauola_HGCALGS_PU140_5ns_32ns_RECO/151014_152401/0000/out_reco_82.root
-3.1766320-Oct-2015 07:58:54 CEST  Closed file file:/lustre/cms//store/user/piet/ME0Segment_Time/DYToMuMu_M-20_TuneZ2star_14TeV-pythia6-tauola/DYToMuMu_M-20_TuneZ2star_14TeV-pythia6-tauola_HGCALGS_PU140_5ns_32ns_RECO/151014_152401/0000/out_reco_82.root
20-Oct-2015 07:58:54 CEST  Initiating request to open file file:/lustre/cms//store/user/piet/ME0Segment_Time/DYToMuMu_M-20_TuneZ2star_14TeV-pythia6-tauola/DYToMuMu_M-20_TuneZ2star_14TeV-pythia6-tauola_HGCALGS_PU140_5ns_32ns_RECO/151014_152401/0000/out_reco_596.root
20-Oct-2015 07:58:54 CEST  Successfully opened file file:/lustre/cms//store/user/piet/ME0Segment_Time/DYToMuMu_M-20_TuneZ2star_14TeV-pythia6-tauola/DYToMuMu_M-20_TuneZ2star_14TeV-pythia6-tauola_HGCALGS_PU140_5ns_32ns_RECO/151014_152401/0000/out_reco_596.root
20-Oct-2015 07:59:05 CEST  Closed file file:/lustre/cms//store/user/piet/ME0Segment_Time/DYToMuMu_M-20_TuneZ2star_14TeV-pythia6-tauola/DYToMuMu_M-20_TuneZ2star_14TeV-pythia6-tauola_HGCALGS_PU140_5ns_32ns_RECO/151014_152401/0000/out_reco_596.root
20-Oct-2015 07:59:05 CEST  Initiating request to open file file:/lustre/cms//store/user/piet/ME0Segment_Time/DYToMuMu_M-20_TuneZ2star_14TeV-pythia6-tauola/DYToMuMu_M-20_TuneZ2star_14TeV-pythia6-tauola_HGCALGS_PU140_5ns_32ns_RECO/151014_152401/0000/out_reco_906.root
20-Oct-2015 07:59:05 CEST  Successfully opened file file:/lustre/cms//store/user/piet/ME0Segment_Time/DYToMuMu_M-20_TuneZ2star_14TeV-pythia6-tauola/DYToMuMu_M-20_TuneZ2star_14TeV-pythia6-tauola_HGCALGS_PU140_5ns_32ns_RECO/151014_152401/0000/out_reco_906.root
-35.696720-Oct-2015 07:59:10 CEST  Closed file file:/lustre/cms//store/user/piet/ME0Segment_Time/DYToMuMu_M-20_TuneZ2star_14TeV-pythia6-tauola/DYToMuMu_M-20_TuneZ2star_14TeV-pythia6-tauola_HGCALGS_PU140_5ns_32ns_RECO/151014_152401/0000/out_reco_906.root
20-Oct-2015 07:59:10 CEST  Initiating request to open file file:/lustre/cms//store/user/piet/ME0Segment_Time/DYToMuMu_M-20_TuneZ2star_14TeV-pythia6-tauola/DYToMuMu_M-20_TuneZ2star_14TeV-pythia6-tauola_HGCALGS_PU140_5ns_32ns_RECO/151014_152401/0000/out_reco_881.root
20-Oct-2015 07:59:10 CEST  Successfully opened file file:/lustre/cms//store/user/piet/ME0Segment_Time/DYToMuMu_M-20_TuneZ2star_14TeV-pythia6-tauola/DYToMuMu_M-20_TuneZ2star_14TeV-pythia6-tauola_HGCALGS_PU140_5ns_32ns_RECO/151014_152401/0000/out_reco_881.root
20-Oct-2015 07:59:17 CEST  Closed file file:/lustre/cms//store/user/piet/ME0Segment_Time/DYToMuMu_M-20_TuneZ2star_14TeV-pythia6-tauola/DYToMuMu_M-20_TuneZ2star_14TeV-pythia6-tauola_HGCALGS_PU140_5ns_32ns_RECO/151014_152401/0000/out_reco_881.root
20-Oct-2015 07:59:17 CEST  Initiating request to open file file:/lustre/cms//store/user/piet/ME0Segment_Time/DYToMuMu_M-20_TuneZ2star_14TeV-pythia6-tauola/DYToMuMu_M-20_TuneZ2star_14TeV-pythia6-tauola_HGCALGS_PU140_5ns_32ns_RECO/151014_152401/0000/out_reco_652.root
20-Oct-2015 07:59:17 CEST  Successfully opened file file:/lustre/cms//store/user/piet/ME0Segment_Time/DYToMuMu_M-20_TuneZ2star_14TeV-pythia6-tauola/DYToMuMu_M-20_TuneZ2star_14TeV-pythia6-tauola_HGCALGS_PU140_5ns_32ns_RECO/151014_152401/0000/out_reco_652.root
20-Oct-2015 07:59:23 CEST  Closed file file:/lustre/cms//store/user/piet/ME0Segment_Time/DYToMuMu_M-20_TuneZ2star_14TeV-pythia6-tauola/DYToMuMu_M-20_TuneZ2star_14TeV-pythia6-tauola_HGCALGS_PU140_5ns_32ns_RECO/151014_152401/0000/out_reco_652.root
20-Oct-2015 07:59:23 CEST  Initiating request to open file file:/lustre/cms//store/user/piet/ME0Segment_Time/DYToMuMu_M-20_TuneZ2star_14TeV-pythia6-tauola/DYToMuMu_M-20_TuneZ2star_14TeV-pythia6-tauola_HGCALGS_PU140_5ns_32ns_RECO/151014_152401/0000/out_reco_712.root
20-Oct-2015 07:59:23 CEST  Successfully opened file file:/lustre/cms//store/user/piet/ME0Segment_Time/DYToMuMu_M-20_TuneZ2star_14TeV-pythia6-tauola/DYToMuMu_M-20_TuneZ2star_14TeV-pythia6-tauola_HGCALGS_PU140_5ns_32ns_RECO/151014_152401/0000/out_reco_712.root
-3.5810920-Oct-2015 07:59:28 CEST  Closed file file:/lustre/cms//store/user/piet/ME0Segment_Time/DYToMuMu_M-20_TuneZ2star_14TeV-pythia6-tauola/DYToMuMu_M-20_TuneZ2star_14TeV-pythia6-tauola_HGCALGS_PU140_5ns_32ns_RECO/151014_152401/0000/out_reco_712.root
20-Oct-2015 07:59:28 CEST  Initiating request to open file file:/lustre/cms//store/user/piet/ME0Segment_Time/DYToMuMu_M-20_TuneZ2star_14TeV-pythia6-tauola/DYToMuMu_M-20_TuneZ2star_14TeV-pythia6-tauola_HGCALGS_PU140_5ns_32ns_RECO/151014_152401/0000/out_reco_5.root
20-Oct-2015 07:59:28 CEST  Successfully opened file file:/lustre/cms//store/user/piet/ME0Segment_Time/DYToMuMu_M-20_TuneZ2star_14TeV-pythia6-tauola/DYToMuMu_M-20_TuneZ2star_14TeV-pythia6-tauola_HGCALGS_PU140_5ns_32ns_RECO/151014_152401/0000/out_reco_5.root
-1.79927-3.82836-1.59219-30.09420-Oct-2015 07:59:33 CEST  Closed file file:/lustre/cms//store/user/piet/ME0Segment_Time/DYToMuMu_M-20_TuneZ2star_14TeV-pythia6-tauola/DYToMuMu_M-20_TuneZ2star_14TeV-pythia6-tauola_HGCALGS_PU140_5ns_32ns_RECO/151014_152401/0000/out_reco_5.root
20-Oct-2015 07:59:33 CEST  Initiating request to open file file:/lustre/cms//store/user/piet/ME0Segment_Time/DYToMuMu_M-20_TuneZ2star_14TeV-pythia6-tauola/DYToMuMu_M-20_TuneZ2star_14TeV-pythia6-tauola_HGCALGS_PU140_5ns_32ns_RECO/151014_152401/0000/out_reco_586.root
20-Oct-2015 07:59:33 CEST  Successfully opened file file:/lustre/cms//store/user/piet/ME0Segment_Time/DYToMuMu_M-20_TuneZ2star_14TeV-pythia6-tauola/DYToMuMu_M-20_TuneZ2star_14TeV-pythia6-tauola_HGCALGS_PU140_5ns_32ns_RECO/151014_152401/0000/out_reco_586.root
-0.323691-5.5214920-Oct-2015 07:59:48 CEST  Closed file file:/lustre/cms//store/user/piet/ME0Segment_Time/DYToMuMu_M-20_TuneZ2star_14TeV-pythia6-tauola/DYToMuMu_M-20_TuneZ2star_14TeV-pythia6-tauola_HGCALGS_PU140_5ns_32ns_RECO/151014_152401/0000/out_reco_586.root
20-Oct-2015 07:59:48 CEST  Initiating request to open file file:/lustre/cms//store/user/piet/ME0Segment_Time/DYToMuMu_M-20_TuneZ2star_14TeV-pythia6-tauola/DYToMuMu_M-20_TuneZ2star_14TeV-pythia6-tauola_HGCALGS_PU140_5ns_32ns_RECO/151014_152401/0000/out_reco_352.root
20-Oct-2015 07:59:48 CEST  Successfully opened file file:/lustre/cms//store/user/piet/ME0Segment_Time/DYToMuMu_M-20_TuneZ2star_14TeV-pythia6-tauola/DYToMuMu_M-20_TuneZ2star_14TeV-pythia6-tauola_HGCALGS_PU140_5ns_32ns_RECO/151014_152401/0000/out_reco_352.root
20-Oct-2015 07:59:54 CEST  Closed file file:/lustre/cms//store/user/piet/ME0Segment_Time/DYToMuMu_M-20_TuneZ2star_14TeV-pythia6-tauola/DYToMuMu_M-20_TuneZ2star_14TeV-pythia6-tauola_HGCALGS_PU140_5ns_32ns_RECO/151014_152401/0000/out_reco_352.root

=============================================

MessageLogger Summary

 type     category        sev    module        subroutine        count    total
 ---- -------------------- -- ---------------- ----------------  -----    -----
    1 fileAction           -s file_close                            10       10
    2 fileAction           -s file_open                             20       20

 type    category    Examples: run/evt        run/evt          run/evt
 ---- -------------------- ---------------- ---------------- ----------------
    1 fileAction           PostProcessEvent PostProcessEvent PostEndRun
    2 fileAction           pre-events       pre-events       PostProcessEvent

Severity    # Occurrences   Total Occurrences
--------    -------------   -----------------
System                 30                  30
>>> END OF printout of 52 lines from stdout+stderr
>>> Parse FrameworkJobReport crab_fjr.xml
Result of parsing the FrameworkJobReport crab_fjr.xml: Popularity start
lumisRange : 1::::1;1::::2;1::::3;1::26033-26034::4;1::36279-36280::5;1::::6;1::22779-22780::7;1::31641-31642::8;1::::9;1::::10;
lumisParentRange : 
Basename : /store/user/piet/ME0Segment_Time/DYToMuMu_M-20_TuneZ2star_14TeV-pythia6-tauola/DYToMuMu_M-20_TuneZ2star_14TeV-pythia6-tauola_HGCALGS_PU140_5ns_32ns_RECO/151014_152401/0000/out_reco_
BasenameParent : 
parentFiles : 
inputBlocks : /DYToMuMu_M-20_TuneZ2star_14TeV-pythia6-tauola/piet-DYToMuMu_M-20_TuneZ2star_14TeV-pythia6-tauola_HGCALGS_PU140_5ns_32ns_RECO-9534beda007a59447d9159ddc4f0a675/USER#8ac55354-7f17-4acc-bf0e-1f52e441b62d
inputFiles : 881.root::1::EDM::Local::1;352.root::1::EDM::Local::2;586.root::1::EDM::Local::3;906.root::1::EDM::Local::4;712.root::1::EDM::Local::5;971.root::1::EDM::Local::6;5.root::1::EDM::Local::7;652.root::1::EDM::Local::8;596.root::1::EDM::Local::9;82.root::1::EDM::Local::10;
Popularity stop
Extracted ExitStatus from FrameworkJobReport parsing output: 0
>>> Executable succeded  0
ExeExitCode=0
EXECUTABLE_EXIT_STATUS = 0
>>> current directory /home/cms033/home_cream_386885846/CREAM386885846/glide_nI0kvJ/execute/dir_14437/CMSSW_6_2_0_SLHC26_patch3
>>>  (SOFTWARE_DIR): /home/cms033/home_cream_386885846/CREAM386885846/glide_nI0kvJ/execute/dir_14437/CMSSW_6_2_0_SLHC26_patch3
>>> (WORKING_DIR): 
>>> current directory content:
total 660
drwxr-xr-x 3 cms033 cms   4096 Oct 20 07:58 .SCRAM
-rw------- 1 cms033 cms 279355 Oct 20 07:58 CMSSW.py.pkl
-rw------- 1 cms033 cms  12853 Oct 20 07:59 OutTree.root
drwxr-xr-x 3 cms033 cms   4096 Oct 20 07:58 biglib
drwxr-xr-x 3 cms033 cms   4096 Oct 20 07:58 bin
drwxr-xr-x 3 cms033 cms   4096 Oct 20 07:58 cfipython
drwxr-xr-x 4 cms033 cms   4096 Jul 13 19:47 config
-rw------- 1 cms033 cms     16 Oct 20 07:59 cpu_timing.txt
drwxr-xr-x 2 cms033 cms   4096 Oct 20 07:58 doc
-rw------- 1 cms033 cms   8883 Oct 20 07:59 executable.out
drwxr-xr-x 2 cms033 cms   4096 Oct 20 07:58 include
drwx------ 3 cms033 cms   4096 Sep 29 20:50 lib
drwxr-xr-x 3 cms033 cms   4096 Oct 20 07:58 logs
drwxr-xr-x 3 cms033 cms   4096 Oct 20 07:58 objs
-rw------- 1 cms033 cms    104 Oct 20 07:58 pset.py
-rw------- 1 cms033 cms 281612 Oct 20 07:58 pset.py.pkl
-rw------- 1 cms033 cms    289 Oct 20 07:58 pset.pyc
drwxr-xr-x 2 cms033 cms   4096 Oct 20 07:58 python
-rw------- 1 cms033 cms    368 Oct 20 07:59 report.log
drwx------ 7 cms033 cms   4096 Oct 20 07:58 src
drwxr-xr-x 3 cms033 cms   4096 Oct 20 07:58 test
drwxr-xr-x 3 cms033 cms   4096 Oct 20 07:58 tmp
>>> current directory /home/cms033/home_cream_386885846/CREAM386885846/glide_nI0kvJ/execute/dir_14437/CMSSW_6_2_0_SLHC26_patch3
>>> (SOFTWARE_DIR): /home/cms033/home_cream_386885846/CREAM386885846/glide_nI0kvJ/execute/dir_14437/CMSSW_6_2_0_SLHC26_patch3
>>> (WORKING_DIR): 
>>> current directory content:
total 644
drwxr-xr-x 3 cms033 cms   4096 Oct 20 07:58 .SCRAM
-rw------- 1 cms033 cms 279355 Oct 20 07:58 CMSSW.py.pkl
drwxr-xr-x 3 cms033 cms   4096 Oct 20 07:58 biglib
drwxr-xr-x 3 cms033 cms   4096 Oct 20 07:58 bin
drwxr-xr-x 3 cms033 cms   4096 Oct 20 07:58 cfipython
drwxr-xr-x 4 cms033 cms   4096 Jul 13 19:47 config
-rw------- 1 cms033 cms     16 Oct 20 07:59 cpu_timing.txt
drwxr-xr-x 2 cms033 cms   4096 Oct 20 07:58 doc
-rw------- 1 cms033 cms   8883 Oct 20 07:59 executable.out
drwxr-xr-x 2 cms033 cms   4096 Oct 20 07:58 include
drwx------ 3 cms033 cms   4096 Sep 29 20:50 lib
drwxr-xr-x 3 cms033 cms   4096 Oct 20 07:58 logs
drwxr-xr-x 3 cms033 cms   4096 Oct 20 07:58 objs
-rw------- 1 cms033 cms    104 Oct 20 07:58 pset.py
-rw------- 1 cms033 cms 281612 Oct 20 07:58 pset.py.pkl
-rw------- 1 cms033 cms    289 Oct 20 07:58 pset.pyc
drwxr-xr-x 2 cms033 cms   4096 Oct 20 07:58 python
-rw------- 1 cms033 cms    368 Oct 20 07:59 report.log
drwx------ 7 cms033 cms   4096 Oct 20 07:58 src
drwxr-xr-x 3 cms033 cms   4096 Oct 20 07:58 test
drwxr-xr-x 3 cms033 cms   4096 Oct 20 07:58 tmp
>>> current directory (RUNTIME_AREA):  /home/cms033/home_cream_386885846/CREAM386885846/glide_nI0kvJ/execute/dir_14437
>>> current dir: /home/cms033/home_cream_386885846/CREAM386885846/glide_nI0kvJ/execute/dir_14437
>>> current dir content:
total 26328
-rwx------  1 cms033 cms       52 Oct 20 07:57 .chirp.config
-rwx------  1 cms033 cms     6755 Oct 20 07:57 .job.ad
-rwx------  1 cms033 cms     9359 Oct 20 07:57 .machine.ad
-rw-------  1 cms033 cms      105 Oct 20 07:36 CMSSW.py
-rw-------  1 cms033 cms   279355 Oct 20 07:36 CMSSW.py.pkl
-rwx------  1 cms033 cms    26312 Oct 20 07:57 CMSSW.sh
drwxr-xr-x 16 cms033 cms     4096 Oct 20 08:00 CMSSW_6_2_0_SLHC26_patch3
-rw-------  1 cms033 cms      302 Oct 20 07:58 CacheEnv.sh
-rw-------  1 cms033 cms     7291 Nov 19  2014 DashboardAPI.py
-rw-------  1 cms033 cms     6815 Oct 20 07:58 DashboardAPI.pyc
drwx------  2 cms033 cms     4096 Oct 20 07:59 IMProv
-rw-------  1 cms033 cms     2748 Nov 19  2014 Logger.py
-rw-------  1 cms033 cms     3347 Oct 20 07:58 Logger.pyc
lrwxrwxrwx  1 cms033 cms      100 Oct 20 08:00 OutTree.root -> /home/cms033/home_cream_386885846/CREAM386885846/glide_nI0kvJ/execute/dir_14437/OutTree_8_1_CJm.root
-rw-------  1 cms033 cms    12853 Oct 20 07:59 OutTree_8_1_CJm.root
-rw-------  1 cms033 cms    24524 Nov 19  2014 ProcInfo.py
-rw-------  1 cms033 cms    23197 Oct 20 07:58 ProcInfo.pyc
drwx------  7 cms033 cms     4096 Oct 20 07:58 ProdCommon
drwx------  3 cms033 cms     4096 Oct 20 07:58 WMCore
-rw-------  1 cms033 cms     1791 Oct 20 07:59 Watchdog_8.log
-rwx------  1 cms033 cms        0 Oct 20 07:57 _condor_stderr
-rwx---r--  1 cms033 cms    23915 Oct 20 08:00 _condor_stdout
-rw-------  1 cms033 cms    32895 Nov 19  2014 apmon.py
-rw-------  1 cms033 cms    28625 Oct 20 07:58 apmon.pyc
-rwx------  1 cms033 cms   199428 Oct 20 07:57 arguments.xml
-rwx------  1 cms033 cms   204102 May 29 01:26 cmsRun
-rwx------  1 cms033 cms    38581 Nov 19  2014 cmscp.py
-rwx------  1 cms033 cms    26312 Oct 20 07:57 condor_exec.exe
-rw-------  1 cms033 cms      525 Oct 20 07:36 crab.cfg
-rwx------  1 cms033 cms     8610 Nov 19  2014 crabWatchdog.sh
-rwx---r--  1 cms033 cms   530359 Oct 20 07:59 crab_fjr_8.xml
-rwx------  1 cms033 cms 25265829 Oct 20 07:57 default.tgz
-rwx------  1 cms033 cms     4488 Nov 19  2014 fillCrabFjr.py
-rw-------  1 cms033 cms     2146 Oct 20 07:58 inputsReport.txt
-rw-------  1 cms033 cms      125 Oct 20 08:00 jobreport.txt
-rw-------  1 cms033 cms    17352 Nov 19  2014 parseCrabFjr.py
-rw-------  1 cms033 cms      335 Oct 20 07:58 report.log
-rwx--x--x  1 cms033 cms     1497 Nov 19  2014 report.py
-rwx------  1 cms033 cms     8351 Nov 19  2014 writeCfg.py
-rw-------  1 cms033 cms     8477 Oct 20 07:57 x509up_u46992
>>> crab_fjr_*.xml  permission set to 0704
CrabWrapper EXIT_FUNC entered at Tue Oct 20 08:00:00 CEST 2015   -  Tue Oct 20 06:00:00 UTC 2015
Checking output files:  
will tar file OutTree_8_1_CJm.root in  out_files_8
will tar file crab_fjr_8.xml in  out_files_8
WARNING: output file CMSSW_8.stdout not found!
WARNING: output file CMSSW_8.stderr not found!
WARNING: output file Watchdog_8.log.gz not found!
>>> padding time: Sleeping the wrapper for 478 seconds
STOPPING WATCHDOG. CrabWatchdog PID is 14654
********** LAST 50 LINES OF WATCHDOG LOG
# RESOURCE USAGE SUMMARY FOR PROCESS ID 14441
USER       PID %CPU %MEM    VSZ   RSS TTY      STAT START   TIME COMMAND
cms033   14441  0.3  0.0   9600  1608 ?        S    07:57   0:00 /bin/sh /home/cms033/home_cream_386885846/CREAM386885846/glide_nI0kvJ/execute/dir_14437/condor_exec.exe 8 1
 
# LIMITS USED BY CRAB WATCHDOG:
# RSS  (KBytes)   : 2300000
# VSZ  (KBytes)   : 100000000
# DISK (MBytes)   : 19000
# CPU TIME        : 720h:0m:0s
# WALL CLOCK TIME : 21h:50m:0s
 
# FOLLOWING PRINTOUT TRACKS MAXIMUM VALUES OF RESOURCES USE
# ONE LINE IS PRINTED EACH TIME A MAXIMUM CHANGES
# IF CHANGE WAS IN RSS OR VSZ ALSO PROCID AND COMMAND ARE PRINTED
# THERE IS NO PRINTOUT FOR CPU/WALL TIME INCREASE
 
# TIME			PID	RSS(KB)	VSZ(KB)	Dsk(MB)	tCPU(s)	tWALL(s)	COMMAND
 Oct 20 07:58:05 CEST	4692	1400	9368	0	0	0	/bin/bash /home/cms033/home_cream_386885846/CREAM386885846/glide_nI0kvJ/main/condor_startup.sh glidein_config        
 Oct 20 07:58:05 CEST	5475	8684	95628	0	0	1	/home/cms033/home_cream_386885846/CREAM386885846/glide_nI0kvJ/main/condor/sbin/condor_master -f -pidfile /home/cms033/home_cream_386885846/CREAM386885846/glide_nI0kvJ/condor_master2.pid       
 Oct 20 07:58:05 CEST	5478	9468	96324	0	1	1	condor_startd -f         
 Oct 20 07:58:05 CEST	32479	9468	106096	0	0	2	sh -c "./glidein_startup.sh" -v std -name gfactory_instance -entry CMS_T2_IT_Bari_ce4 -clientname CMSG-v1_0.main
 Oct 20 07:58:05 CEST	32482	9468	106488	0	0	2	/bin/bash ./glidein_startup.sh -v std -name gfactory_instance -entry CMS_T2_IT_Bari_ce4 -clientname CMSG-v1_0.main -schedd
 Oct 20 07:58:05 CEST	---	9468	106488	155	----	----	----
 Oct 20 07:59:07 CEST	14947	498972	726148	155	52	64	cmsRun -j /home/cms033/home_cream_386885846/CREAM386885846/glide_nI0kvJ/execute/dir_14437/crab_fjr_8.xml -p pset.py      
********** WATCHDOG LOG ENDED
ZIPPING WATCHDOG LOG
Disk space used:
du -sh /home/cms033/home_cream_386885846/CREAM386885846/glide_nI0kvJ/execute/dir_14437
155M	/home/cms033/home_cream_386885846/CREAM386885846/glide_nI0kvJ/execute/dir_14437
Found unusual stdout, rename for OSB
`/home/cms033/home_cream_386885846/CREAM386885846/glide_nI0kvJ/execute/dir_14437/_condor_stdout' -> `CMSSW_8.stdout'
Found unusual stderr, rename for OSB
`/home/cms033/home_cream_386885846/CREAM386885846/glide_nI0kvJ/execute/dir_14437/_condor_stdout' -> `CMSSW_8.stderr'
OutTree_8_1_CJm.root
crab_fjr_8.xml
CMSSW_8.stdout
CMSSW_8.stderr
Watchdog_8.log.gz
Total Output dimension: 75135
WARNING: output files size limit is set to: 50000000
Total Output dimension 75135 is fine.
JOB_EXIT_STATUS = 0
>>> info for dashboard:
***** Cat /home/cms033/home_cream_386885846/CREAM386885846/glide_nI0kvJ/execute/dir_14437/jobreport.txt *****
MonitorJobID=8_https://submit-6.t2.ucsd.edu//151020//666495.7
MonitorID=amkalsi_Good_5000ps_p82fc3
ExeTime=106
ExeExitCode=0
CrabUserCpuTime=38.60
CrabSysCpuTime=45.53
CrabCpuPercentage=79%
CrabWrapperTime=600
CrabStageoutTime=NULL
JobExitCode=0
***** End Cat jobreport *****
Parameters sent to Dashboard.
EXITING at Tue Oct 20 08:08:04 CEST 2015  -  Tue Oct 20 06:08:04 UTC 2015
