This script was generated by crab (version 2.11.1_patch1).
Running /home/condor/dir_20748/CREAM927911133/glide_JhPSMv/execute/dir_33339/condor_exec.exe with 2 positional parameters: 5 1
Today is Tue Oct 20 07:55:38 CEST 2015 - Tue Oct 20 05:55:38 UTC 2015
Job submitted on host wn-recas-uniba-24.recas.ba.infn.it
Linux wn-recas-uniba-24.recas.ba.infn.it 2.6.32-504.23.4.el6.x86_64 #1 SMP Tue Jun 9 11:55:03 CDT 2015 x86_64 x86_64 x86_64 GNU/Linux
Distributor ID:	Scientific
Description:	Scientific Linux release 6.7 (Carbon)
>>> current directory (RUNTIME_AREA): /home/condor/dir_20748/CREAM927911133/glide_JhPSMv/execute/dir_33339
>>> current user: uid=11755(cms013) gid=1399(cms) groups=1399(cms)
>>> directory permission set to 0700
>>> umask set to:  u=rwx,g=,o=
>>> stdout stderr permission set to 0704
>>> voms proxy information:
subject   : /C=TW/O=AP/OU=GRID/CN=Amandeep Kaur Kalsi 129089/CN=541697223/CN=1193666874
issuer    : /C=TW/O=AP/OU=GRID/CN=Amandeep Kaur Kalsi 129089/CN=541697223
identity  : /C=TW/O=AP/OU=GRID/CN=Amandeep Kaur Kalsi 129089
type      : RFC3820 compliant limited proxy
strength  : 1024
path      : /home/condor/dir_20748/CREAM927911133/glide_JhPSMv/execute/dir_33339/x509up_u46992
timeleft  : 23:59:50
key usage : Digital Signature, Key Encipherment, Data Encipherment, Key Agreement
=== VO cms extension information ===
VO        : cms
subject   : /C=TW/O=AP/OU=GRID/CN=Amandeep Kaur Kalsi 129089
issuer    : /DC=ch/DC=cern/OU=computers/CN=voms2.cern.ch
attribute : /cms/Role=NULL/Capability=NULL
timeleft  : 191:38:10
uri       : voms2.cern.ch:15002

WNHostName=wn-recas-uniba-24.recas.ba.infn.it
$_CONDOR_JOB_AD =/home/condor/dir_20748/CREAM927911133/glide_JhPSMv/execute/dir_33339/.job.ad
OverflowFlag=0
>>> tar --no-same-permissions -xf /home/condor/dir_20748/CREAM927911133/glide_JhPSMv/execute/dir_33339/default.tgz :
Successful untar
>>> Include /home/condor/dir_20748/CREAM927911133/glide_JhPSMv/execute/dir_33339 in PYTHONPATH:
strip arguments
env var CRAB_UNIQUE_JOB_ID set to: amkalsi_Good_5000ps_p82fc3_5_1_P3t
out_files_5
>>> list of expected files on output sandbox
output files: OutTree_5_1_P3t.root crab_fjr_5.xml CMSSW_5.stdout CMSSW_5.stderr Watchdog_5.log.gz
>>> GridFlavour discovery: 
GridFlavour=LCG
>>> SyncSite discovery: 
SyncSite=T2_IT_Bari
>>> SyncCE discovery: 
getting SyncCE from CE_ID
SyncCE=ce-01.recas.ba.infn.it:8443/cream-condor-cms
>>> info for dashboard:
***** Cat /home/condor/dir_20748/CREAM927911133/glide_JhPSMv/execute/dir_33339/jobreport.txt *****
WNHostName=wn-recas-uniba-24.recas.ba.infn.it
OverflowFlag=0
MonitorJobID=5_https://submit-6.t2.ucsd.edu//151020//666495.4
SyncGridJobId=https://submit-6.t2.ucsd.edu//151020//666495.4
MonitorID=amkalsi_Good_5000ps_p82fc3
GridFlavour=LCG
SyncSite=T2_IT_Bari
SyncCE=ce-01.recas.ba.infn.it:8443/cream-condor-cms
***** End Cat jobreport *****
Parameters sent to Dashboard.
>>> setup environment
set SCRAM ARCH to slc6_amd64_gcc472
SCRAM_ARCH = slc6_amd64_gcc472
>>> setup CMS LCG environment:
set SCRAM ARCH and BUILD_ARCH to slc6_amd64_gcc472 ###
Sourcing environment... 
sourcing /cvmfs/cms.cern.ch/cmsset_default.sh
==> setup cms environment ok
>>> specific cmssw setup environment:
CMSSW_VERSION =  CMSSW_6_2_0_SLHC26_patch3
WARNING: In non-interactive mode release checks e.g. deprecated releases, production architectures are disabled.
>>> current directory (SOFTWARE_DIR): /home/condor/dir_20748/CREAM927911133/glide_JhPSMv/execute/dir_33339/CMSSW_6_2_0_SLHC26_patch3
PreserveSeeds: <>
IncrementSeeds:<>
>>> info for dashboard:
***** Cat /home/condor/dir_20748/CREAM927911133/glide_JhPSMv/execute/dir_33339/jobreport.txt *****
MonitorJobID=5_https://submit-6.t2.ucsd.edu//151020//666495.4
MonitorID=amkalsi_Good_5000ps_p82fc3
***** End Cat jobreport *****
Parameters sent to Dashboard.
crabWatchdog started as process 33642
>>> moving CMSSW software directories in /home/condor/dir_20748/CREAM927911133/glide_JhPSMv/execute/dir_33339/CMSSW_6_2_0_SLHC26_patch3
mv: cannot stat `/home/condor/dir_20748/CREAM927911133/glide_JhPSMv/execute/dir_33339/module/': No such file or directory
>>> Include /home/condor/dir_20748/CREAM927911133/glide_JhPSMv/execute/dir_33339 in PYTHONPATH:
PYTHONPATH=/home/condor/dir_20748/CREAM927911133/glide_JhPSMv/execute/dir_33339/:/home/condor/dir_20748/CREAM927911133/glide_JhPSMv/execute/dir_33339/CMSSW_6_2_0_SLHC26_patch3/python:/home/condor/dir_20748/CREAM927911133/glide_JhPSMv/execute/dir_33339/CMSSW_6_2_0_SLHC26_patch3/lib/slc6_amd64_gcc472:/cvmfs/cms.cern.ch/slc6_amd64_gcc472/cms/cmssw-patch/CMSSW_6_2_0_SLHC26_patch3/python:/cvmfs/cms.cern.ch/slc6_amd64_gcc472/cms/cmssw-patch/CMSSW_6_2_0_SLHC26_patch3/lib/slc6_amd64_gcc472:/cvmfs/cms.cern.ch/slc6_amd64_gcc472/cms/cmssw/CMSSW_6_2_0_SLHC26/bin/slc6_amd64_gcc472:/cvmfs/cms.cern.ch/slc6_amd64_gcc472/cms/cmssw/CMSSW_6_2_0_SLHC26/lib/slc6_amd64_gcc472:/cvmfs/cms.cern.ch/slc6_amd64_gcc472/cms/coral/CORAL_2_3_21-flmnjk2/slc6_amd64_gcc472/python:/cvmfs/cms.cern.ch/slc6_amd64_gcc472/cms/coral/CORAL_2_3_21-flmnjk2/slc6_amd64_gcc472/lib:/cvmfs/cms.cern.ch/slc6_amd64_gcc472/external/pyqt/4.8.1-cms5/lib/python2.7/site-packages:/cvmfs/cms.cern.ch/slc6_amd64_gcc472/external/py2-scipy/0.8.0-cms7/lib/python2.7/site-packages:/cvmfs/cms.cern.ch/slc6_amd64_gcc472/external/py2-matplotlib/1.0.1-cms7/lib/python2.7/site-packages:/cvmfs/cms.cern.ch/slc6_amd64_gcc472/external/python-ldap/2.4.10/lib/python2.7/site-packages:/cvmfs/cms.cern.ch/slc6_amd64_gcc472/external/sip/4.11.2-cms5/lib/python2.7/site-packages:/cvmfs/cms.cern.ch/slc6_amd64_gcc472/external/py2-pycurl/7.19.0-cms7/lib/python2.7/site-packages:/cvmfs/cms.cern.ch/slc6_amd64_gcc472/external/py2-numpy/1.6.1-cms7/lib/python2.7/site-packages:/cvmfs/cms.cern.ch/slc6_amd64_gcc472/external/py2-lint/0.25.1-cms5/lib/python2.7/site-packages:/cvmfs/cms.cern.ch/slc6_amd64_gcc472/external/py2-ipython/0.10-cms5/lib/python2.7/site-packages:/cvmfs/cms.cern.ch/slc6_amd64_gcc472/external/py2-cx-oracle/5.1-cms5/lib/python2.7/site-packages:/cvmfs/cms.cern.ch/slc6_amd64_gcc472/external/py2-cjson/1.0.5-cms5/lib/python2.7/site-packages:/cvmfs/cms.cern.ch/slc6_amd64_gcc472/cms/das-client/1.11.7/bin:/cvmfs/cms.cern.ch/slc6_amd64_gcc472/external/elementtree/1.2.6-cms5/share/lib/python2.7/site-packages:/cvmfs/cms.cern.ch/slc6_amd64_gcc472/external/rivet/1.8.2-cms9/lib/python2.7/site-packages:/cvmfs/cms.cern.ch/slc6_amd64_gcc472/external/pyminuit2/0.0.1-cms25/lib/python2.7/site-packages:/cvmfs/cms.cern.ch/slc6_amd64_gcc472/external/py2-pygithub/1.23.0-cms2/lib/python2.7/site-packages:/cvmfs/cms.cern.ch/slc6_amd64_gcc472/external/professor/1.0.0-cms25/lib/python2.7/site-packages:/cvmfs/cms.cern.ch/slc6_amd64_gcc472/lcg/root/5.34.07-cms5/lib:/cvmfs/cms.cern.ch/slc6_amd64_gcc472/cms/dbs-client/DBS_2_1_9-cms5/lib:/cvmfs/cms.cern.ch/slc6_amd64_gcc472/cms/dbs-client/DBS_2_1_9-cms5/lib/DBSAPI:/cvmfs/cms.cern.ch/slc6_amd64_gcc472/external/cvs2git/5419-cms/lib:/home/condor/dir_20748/CREAM927911133/glide_JhPSMv/execute/dir_33339/
 
# LIMITS USED BY CRAB WATCHDOG:
# RSS  (KBytes)   : 2300000
# VSZ  (KBytes)   : 100000000
# DISK (MBytes)   : 19000
# CPU TIME        : 720h:0m:0s
# WALL CLOCK TIME : 21h:50m:0s
 
89204fc7dc811f9e79a97af487a037d4
PSETHASH = 89204fc7dc811f9e79a97af487a037d4
/home/condor/dir_20748/CREAM927911133/glide_JhPSMv/execute/dir_33339/writeCfg.py pset.py pset.py
Importing .py file
Setting parameters
RandomNumberGeneratorService found, will attempt to change seeds
inputBlocks=/DYToMuMu_M-20_TuneZ2star_14TeV-pythia6-tauola/piet-DYToMuMu_M-20_TuneZ2star_14TeV-pythia6-tauola_HGCALGS_PU140_5ns_32ns_RECO-9534beda007a59447d9159ddc4f0a675/USER#68cf55f5-6c77-4c9e-9a0b-479c532f5e77
inputFiles=/store/user/piet/ME0Segment_Time/DYToMuMu_M-20_TuneZ2star_14TeV-pythia6-tauola/DYToMuMu_M-20_TuneZ2star_14TeV-pythia6-tauola_HGCALGS_PU140_5ns_32ns_RECO/151014_110313/0000/out_reco_31.root
parentFiles=
lumisRange=
>>> Executable cmsRun
/cvmfs/cms.cern.ch/slc6_amd64_gcc472/cms/cmssw/CMSSW_6_2_0_SLHC26/bin/slc6_amd64_gcc472/cmsRun
ok executable found
>>> info for dashboard:
***** Cat /home/condor/dir_20748/CREAM927911133/glide_JhPSMv/execute/dir_33339/jobreport.txt *****
MonitorJobID=5_https://submit-6.t2.ucsd.edu//151020//666495.4
MonitorID=amkalsi_Good_5000ps_p82fc3
ExeStart=cmsRun
***** End Cat jobreport *****
Parameters sent to Dashboard.
>>> cmsRun started at Tue Oct 20 05:55:50 UTC 2015
>>> cmsRun ended at Tue Oct 20 05:56:37 UTC 2015
>>> crab_fjr_*.xml  permission set to 0704
>>> info for dashboard:
***** Cat /home/condor/dir_20748/CREAM927911133/glide_JhPSMv/execute/dir_33339/jobreport.txt *****
MonitorJobID=5_https://submit-6.t2.ucsd.edu//151020//666495.4
MonitorID=amkalsi_Good_5000ps_p82fc3
ExeEnd=cmsRun
***** End Cat jobreport *****
Parameters sent to Dashboard.
TIME_EXE = 47 sec
>>> cmsRun wrote 25 lines of stdout+stderr
>>> START OF printout of 25 lines from stdout+stderr
20-Oct-2015 07:56:07 CEST  Initiating request to open file file:/lustre/cms//store/user/piet/ME0Segment_Time/DYToMuMu_M-20_TuneZ2star_14TeV-pythia6-tauola/DYToMuMu_M-20_TuneZ2star_14TeV-pythia6-tauola_HGCALGS_PU140_5ns_32ns_RECO/151014_110313/0000/out_reco_31.root
20-Oct-2015 07:56:09 CEST  Successfully opened file file:/lustre/cms//store/user/piet/ME0Segment_Time/DYToMuMu_M-20_TuneZ2star_14TeV-pythia6-tauola/DYToMuMu_M-20_TuneZ2star_14TeV-pythia6-tauola_HGCALGS_PU140_5ns_32ns_RECO/151014_110313/0000/out_reco_31.root
Begin processing the 1st record. Run 1, Event 922151, LumiSection 38828 at 20-Oct-2015 07:56:15.980 CEST
in MuonNumberingInitialization::initializeMuonDDDConstants
about to make my new muonDDDConst_
in MuonNumberingInitialization::produce
-1.80146-2.13117-2.16616-11.6773-6.46363-0.677029-0.739214-10.7232-5.37389-7.9725320-Oct-2015 07:56:37 CEST  Closed file file:/lustre/cms//store/user/piet/ME0Segment_Time/DYToMuMu_M-20_TuneZ2star_14TeV-pythia6-tauola/DYToMuMu_M-20_TuneZ2star_14TeV-pythia6-tauola_HGCALGS_PU140_5ns_32ns_RECO/151014_110313/0000/out_reco_31.root

=============================================

MessageLogger Summary

 type     category        sev    module        subroutine        count    total
 ---- -------------------- -- ---------------- ----------------  -----    -----
    1 fileAction           -s file_close                             1        1
    2 fileAction           -s file_open                              2        2

 type    category    Examples: run/evt        run/evt          run/evt
 ---- -------------------- ---------------- ---------------- ----------------
    1 fileAction           PostEndRun                        
    2 fileAction           pre-events       pre-events       

Severity    # Occurrences   Total Occurrences
--------    -------------   -----------------
System                  3                   3
>>> END OF printout of 25 lines from stdout+stderr
>>> Parse FrameworkJobReport crab_fjr.xml
Result of parsing the FrameworkJobReport crab_fjr.xml: Popularity start
lumisRange : 1::38828-38832::1;
lumisParentRange : 
Basename : /store/user/piet/ME0Segment_Time/DYToMuMu_M-20_TuneZ2star_14TeV-pythia6-tauola/DYToMuMu_M-20_TuneZ2star_14TeV-pythia6-tauola_HGCALGS_PU140_5ns_32ns_RECO/151014_110313/0000/
BasenameParent : 
parentFiles : 
inputBlocks : /DYToMuMu_M-20_TuneZ2star_14TeV-pythia6-tauola/piet-DYToMuMu_M-20_TuneZ2star_14TeV-pythia6-tauola_HGCALGS_PU140_5ns_32ns_RECO-9534beda007a59447d9159ddc4f0a675/USER#68cf55f5-6c77-4c9e-9a0b-479c532f5e77
inputFiles : out_reco_31.root::1::EDM::Local::1;
Popularity stop
Extracted ExitStatus from FrameworkJobReport parsing output: 0
>>> Executable succeded  0
ExeExitCode=0
EXECUTABLE_EXIT_STATUS = 0
>>> current directory /home/condor/dir_20748/CREAM927911133/glide_JhPSMv/execute/dir_33339/CMSSW_6_2_0_SLHC26_patch3
>>>  (SOFTWARE_DIR): /home/condor/dir_20748/CREAM927911133/glide_JhPSMv/execute/dir_33339/CMSSW_6_2_0_SLHC26_patch3
>>> (WORKING_DIR): 
>>> current directory content:
total 640
drwxr-xr-x 3 cms013 cms   4096 Oct 20 07:55 .SCRAM
-rw------- 1 cms013 cms 279355 Oct 20 07:55 CMSSW.py.pkl
-rw------- 1 cms013 cms  11857 Oct 20 07:56 OutTree.root
drwxr-xr-x 3 cms013 cms   4096 Oct 20 07:55 biglib
drwxr-xr-x 3 cms013 cms   4096 Oct 20 07:55 bin
drwxr-xr-x 3 cms013 cms   4096 Oct 20 07:55 cfipython
drwxr-xr-x 4 cms013 cms   4096 Jul 13 19:47 config
-rw------- 1 cms013 cms     15 Oct 20 07:56 cpu_timing.txt
drwxr-xr-x 2 cms013 cms   4096 Oct 20 07:55 doc
-rw------- 1 cms013 cms   1893 Oct 20 07:56 executable.out
drwxr-xr-x 2 cms013 cms   4096 Oct 20 07:55 include
drwx------ 3 cms013 cms   4096 Sep 29 20:50 lib
drwxr-xr-x 3 cms013 cms   4096 Oct 20 07:55 logs
drwxr-xr-x 3 cms013 cms   4096 Oct 20 07:55 objs
-rw------- 1 cms013 cms    104 Oct 20 07:55 pset.py
-rw------- 1 cms013 cms 279813 Oct 20 07:55 pset.py.pkl
-rw------- 1 cms013 cms    289 Oct 20 07:55 pset.pyc
drwxr-xr-x 2 cms013 cms   4096 Oct 20 07:55 python
-rw------- 1 cms013 cms    368 Oct 20 07:56 report.log
drwx------ 7 cms013 cms   4096 Oct 20 07:55 src
drwxr-xr-x 3 cms013 cms   4096 Oct 20 07:55 test
drwxr-xr-x 3 cms013 cms   4096 Oct 20 07:55 tmp
>>> current directory /home/condor/dir_20748/CREAM927911133/glide_JhPSMv/execute/dir_33339/CMSSW_6_2_0_SLHC26_patch3
>>> (SOFTWARE_DIR): /home/condor/dir_20748/CREAM927911133/glide_JhPSMv/execute/dir_33339/CMSSW_6_2_0_SLHC26_patch3
>>> (WORKING_DIR): 
>>> current directory content:
total 628
drwxr-xr-x 3 cms013 cms   4096 Oct 20 07:55 .SCRAM
-rw------- 1 cms013 cms 279355 Oct 20 07:55 CMSSW.py.pkl
drwxr-xr-x 3 cms013 cms   4096 Oct 20 07:55 biglib
drwxr-xr-x 3 cms013 cms   4096 Oct 20 07:55 bin
drwxr-xr-x 3 cms013 cms   4096 Oct 20 07:55 cfipython
drwxr-xr-x 4 cms013 cms   4096 Jul 13 19:47 config
-rw------- 1 cms013 cms     15 Oct 20 07:56 cpu_timing.txt
drwxr-xr-x 2 cms013 cms   4096 Oct 20 07:55 doc
-rw------- 1 cms013 cms   1893 Oct 20 07:56 executable.out
drwxr-xr-x 2 cms013 cms   4096 Oct 20 07:55 include
drwx------ 3 cms013 cms   4096 Sep 29 20:50 lib
drwxr-xr-x 3 cms013 cms   4096 Oct 20 07:55 logs
drwxr-xr-x 3 cms013 cms   4096 Oct 20 07:55 objs
-rw------- 1 cms013 cms    104 Oct 20 07:55 pset.py
-rw------- 1 cms013 cms 279813 Oct 20 07:55 pset.py.pkl
-rw------- 1 cms013 cms    289 Oct 20 07:55 pset.pyc
drwxr-xr-x 2 cms013 cms   4096 Oct 20 07:55 python
-rw------- 1 cms013 cms    368 Oct 20 07:56 report.log
drwx------ 7 cms013 cms   4096 Oct 20 07:55 src
drwxr-xr-x 3 cms013 cms   4096 Oct 20 07:55 test
drwxr-xr-x 3 cms013 cms   4096 Oct 20 07:55 tmp
>>> current directory (RUNTIME_AREA):  /home/condor/dir_20748/CREAM927911133/glide_JhPSMv/execute/dir_33339
>>> current dir: /home/condor/dir_20748/CREAM927911133/glide_JhPSMv/execute/dir_33339
>>> current dir content:
total 25812
-rwx------  1 cms013 cms       53 Oct 20 07:55 .chirp.config
-rwx------  1 cms013 cms     6726 Oct 20 07:55 .job.ad
-rwx------  1 cms013 cms     9196 Oct 20 07:55 .machine.ad
-rw-------  1 cms013 cms      105 Oct 20 07:36 CMSSW.py
-rw-------  1 cms013 cms   279355 Oct 20 07:36 CMSSW.py.pkl
-rwx------  1 cms013 cms    26312 Oct 20 07:55 CMSSW.sh
drwxr-xr-x 16 cms013 cms     4096 Oct 20 07:56 CMSSW_6_2_0_SLHC26_patch3
-rw-------  1 cms013 cms      258 Oct 20 07:55 CacheEnv.sh
-rw-------  1 cms013 cms     7291 Nov 19  2014 DashboardAPI.py
-rw-------  1 cms013 cms     6650 Oct 20 07:55 DashboardAPI.pyc
drwx------  2 cms013 cms     4096 Oct 20 07:56 IMProv
-rw-------  1 cms013 cms     2748 Nov 19  2014 Logger.py
-rw-------  1 cms013 cms     3292 Oct 20 07:55 Logger.pyc
lrwxrwxrwx  1 cms013 cms       89 Oct 20 07:56 OutTree.root -> /home/condor/dir_20748/CREAM927911133/glide_JhPSMv/execute/dir_33339/OutTree_5_1_P3t.root
-rw-------  1 cms013 cms    11857 Oct 20 07:56 OutTree_5_1_P3t.root
-rw-------  1 cms013 cms    24524 Nov 19  2014 ProcInfo.py
-rw-------  1 cms013 cms    22933 Oct 20 07:55 ProcInfo.pyc
drwx------  7 cms013 cms     4096 Oct 20 07:55 ProdCommon
drwx------  3 cms013 cms     4096 Oct 20 07:55 WMCore
-rw-------  1 cms013 cms     1703 Oct 20 07:55 Watchdog_5.log
-rwx------  1 cms013 cms        0 Oct 20 07:55 _condor_stderr
-rwx---r--  1 cms013 cms    14655 Oct 20 07:56 _condor_stdout
-rw-------  1 cms013 cms    32895 Nov 19  2014 apmon.py
-rw-------  1 cms013 cms    28306 Oct 20 07:55 apmon.pyc
-rwx------  1 cms013 cms   199428 Oct 20 07:55 arguments.xml
-rwx------  1 cms013 cms   204102 May 29 01:26 cmsRun
-rwx------  1 cms013 cms    38581 Nov 19  2014 cmscp.py
-rwx------  1 cms013 cms    26312 Oct 20 07:55 condor_exec.exe
-rw-------  1 cms013 cms      525 Oct 20 07:36 crab.cfg
-rwx------  1 cms013 cms     8610 Nov 19  2014 crabWatchdog.sh
-rwx---r--  1 cms013 cms    63553 Oct 20 07:56 crab_fjr_5.xml
-rwx------  1 cms013 cms 25265829 Oct 20 07:55 default.tgz
-rwx------  1 cms013 cms     4488 Nov 19  2014 fillCrabFjr.py
-rw-------  1 cms013 cms      438 Oct 20 07:55 inputsReport.txt
-rw-------  1 cms013 cms      124 Oct 20 07:56 jobreport.txt
-rw-------  1 cms013 cms    17352 Nov 19  2014 parseCrabFjr.py
-rw-------  1 cms013 cms      354 Oct 20 07:55 report.log
-rwx--x--x  1 cms013 cms     1497 Nov 19  2014 report.py
-rwx------  1 cms013 cms     8351 Nov 19  2014 writeCfg.py
-rw-------  1 cms013 cms     8473 Oct 20 07:55 x509up_u46992
>>> crab_fjr_*.xml  permission set to 0704
CrabWrapper EXIT_FUNC entered at Tue Oct 20 07:56:42 CEST 2015   -  Tue Oct 20 05:56:42 UTC 2015
Checking output files:  
will tar file OutTree_5_1_P3t.root in  out_files_5
will tar file crab_fjr_5.xml in  out_files_5
WARNING: output file CMSSW_5.stdout not found!
WARNING: output file CMSSW_5.stderr not found!
WARNING: output file Watchdog_5.log.gz not found!
>>> padding time: Sleeping the wrapper for 539 seconds
STOPPING WATCHDOG. CrabWatchdog PID is 33642
********** LAST 50 LINES OF WATCHDOG LOG
# RESOURCE USAGE SUMMARY FOR PROCESS ID 33393
USER       PID %CPU %MEM    VSZ   RSS TTY      STAT START   TIME COMMAND
cms013   33393  0.6  0.0   9604  1600 ?        S    07:55   0:00 /bin/sh /home/condor/dir_20748/CREAM927911133/glide_JhPSMv/execute/dir_33339/condor_exec.exe 5 1
 
# LIMITS USED BY CRAB WATCHDOG:
# RSS  (KBytes)   : 2300000
# VSZ  (KBytes)   : 100000000
# DISK (MBytes)   : 19000
# CPU TIME        : 720h:0m:0s
# WALL CLOCK TIME : 21h:50m:0s
 
# FOLLOWING PRINTOUT TRACKS MAXIMUM VALUES OF RESOURCES USE
# ONE LINE IS PRINTED EACH TIME A MAXIMUM CHANGES
# IF CHANGE WAS IN RSS OR VSZ ALSO PROCID AND COMMAND ARE PRINTED
# THERE IS NO PRINTOUT FOR CPU/WALL TIME INCREASE
 
# TIME			PID	RSS(KB)	VSZ(KB)	Dsk(MB)	tCPU(s)	tWALL(s)	COMMAND
 Oct 20 07:55:46 CEST	21297	1244	106092	0	0	0	sh -c "./glidein_startup.sh" -v std -name v3_2 -entry CMS_T2_IT_Bari_ce1 -clientname CMSG-v1_0.main
 Oct 20 07:55:46 CEST	21304	1788	106488	0	1	0	/bin/bash ./glidein_startup.sh -v std -name v3_2 -entry CMS_T2_IT_Bari_ce1 -clientname CMSG-v1_0.main -schedd
 Oct 20 07:55:46 CEST	32128	8656	106488	0	0	0	/home/condor/dir_20748/CREAM927911133/glide_JhPSMv/main/condor/sbin/condor_master -f -pidfile /home/condor/dir_20748/CREAM927911133/glide_JhPSMv/condor_master2.pid       
 Oct 20 07:55:46 CEST	32184	8964	106488	0	0	1	condor_procd -A /home/condor/dir_20748/CREAM927911133/glide_JhPSMv/log/procd_address -L /home/condor/dir_20748/CREAM927911133/glide_JhPSMv/log/ProcLog -R 1000000 -S 60 -C 11755
 Oct 20 07:55:46 CEST	32186	9420	106488	0	0	1	condor_startd -f         
 Oct 20 07:55:46 CEST	33654	23472	106488	0	0	1	edmConfigHash pset.py         
 Oct 20 07:55:46 CEST	---	23472	106488	154	----	----	----
********** WATCHDOG LOG ENDED
ZIPPING WATCHDOG LOG
Disk space used:
du -sh /home/condor/dir_20748/CREAM927911133/glide_JhPSMv/execute/dir_33339
154M	/home/condor/dir_20748/CREAM927911133/glide_JhPSMv/execute/dir_33339
Found unusual stdout, rename for OSB
`/home/condor/dir_20748/CREAM927911133/glide_JhPSMv/execute/dir_33339/_condor_stdout' -> `CMSSW_5.stdout'
Found unusual stderr, rename for OSB
`/home/condor/dir_20748/CREAM927911133/glide_JhPSMv/execute/dir_33339/_condor_stdout' -> `CMSSW_5.stderr'
OutTree_5_1_P3t.root
crab_fjr_5.xml
CMSSW_5.stdout
CMSSW_5.stderr
Watchdog_5.log.gz
Total Output dimension: 21861
WARNING: output files size limit is set to: 50000000
Total Output dimension 21861 is fine.
JOB_EXIT_STATUS = 0
>>> info for dashboard:
***** Cat /home/condor/dir_20748/CREAM927911133/glide_JhPSMv/execute/dir_33339/jobreport.txt *****
MonitorJobID=5_https://submit-6.t2.ucsd.edu//151020//666495.4
MonitorID=amkalsi_Good_5000ps_p82fc3
ExeTime=47
ExeExitCode=0
CrabUserCpuTime=23.67
CrabSysCpuTime=2.51
CrabCpuPercentage=55%
CrabWrapperTime=600
CrabStageoutTime=NULL
JobExitCode=0
***** End Cat jobreport *****
Parameters sent to Dashboard.
EXITING at Tue Oct 20 08:05:44 CEST 2015  -  Tue Oct 20 06:05:44 UTC 2015
