This script was generated by crab (version 2.11.1_patch1).
Running /home/cms033/home_cream_861182008/CREAM861182008/glide_Jd4KMq/execute/dir_3791/condor_exec.exe with 2 positional parameters: 19 1
Today is Tue Oct 20 07:59:02 CEST 2015 - Tue Oct 20 05:59:02 UTC 2015
Job submitted on host alicegrid54.ba.infn.it
Linux alicegrid54.ba.infn.it 2.6.32-504.3.3.el6.x86_64 #1 SMP Wed Dec 17 09:22:39 CET 2014 x86_64 x86_64 x86_64 GNU/Linux
Distributor ID:	ScientificCERNSLC
Description:	Scientific Linux CERN SLC release 6.4 (Carbon)
>>> current directory (RUNTIME_AREA): /home/cms033/home_cream_861182008/CREAM861182008/glide_Jd4KMq/execute/dir_3791
>>> current user: uid=18589(cms033) gid=1399(cms) groups=1399(cms)
>>> directory permission set to 0700
>>> umask set to:  u=rwx,g=,o=
>>> stdout stderr permission set to 0704
>>> voms proxy information:
subject   : /C=TW/O=AP/OU=GRID/CN=Amandeep Kaur Kalsi 129089/CN=541697223/CN=1511725837
issuer    : /C=TW/O=AP/OU=GRID/CN=Amandeep Kaur Kalsi 129089/CN=541697223
identity  : /C=TW/O=AP/OU=GRID/CN=Amandeep Kaur Kalsi 129089
type      : RFC3820 compliant limited proxy
strength  : 1024
path      : /home/cms033/home_cream_861182008/CREAM861182008/glide_Jd4KMq/execute/dir_3791/x509up_u46992
timeleft  : 23:59:51
key usage : Digital Signature, Key Encipherment, Data Encipherment, Key Agreement
=== VO cms extension information ===
VO        : cms
subject   : /C=TW/O=AP/OU=GRID/CN=Amandeep Kaur Kalsi 129089
issuer    : /DC=ch/DC=cern/OU=computers/CN=voms2.cern.ch
attribute : /cms/Role=NULL/Capability=NULL
timeleft  : 191:34:45
uri       : voms2.cern.ch:15002

WNHostName=alicegrid54.ba.infn.it
$_CONDOR_JOB_AD =/home/cms033/home_cream_861182008/CREAM861182008/glide_Jd4KMq/execute/dir_3791/.job.ad
OverflowFlag=0
>>> tar --no-same-permissions -xf /home/cms033/home_cream_861182008/CREAM861182008/glide_Jd4KMq/execute/dir_3791/default.tgz :
Successful untar
>>> Include /home/cms033/home_cream_861182008/CREAM861182008/glide_Jd4KMq/execute/dir_3791 in PYTHONPATH:
strip arguments
env var CRAB_UNIQUE_JOB_ID set to: amkalsi_Good_5000ps_p82fc3_19_1_k6q
out_files_19
>>> list of expected files on output sandbox
output files: OutTree_19_1_k6q.root crab_fjr_19.xml CMSSW_19.stdout CMSSW_19.stderr Watchdog_19.log.gz
>>> GridFlavour discovery: 
GridFlavour=LCG
>>> SyncSite discovery: 
SyncSite=T2_IT_Bari
>>> SyncCE discovery: 
getting SyncCE from CE_ID
SyncCE=cream-ce-4.ba.infn.it:8443/cream-pbs-cms
>>> info for dashboard:
***** Cat /home/cms033/home_cream_861182008/CREAM861182008/glide_Jd4KMq/execute/dir_3791/jobreport.txt *****
WNHostName=alicegrid54.ba.infn.it
OverflowFlag=0
MonitorJobID=19_https://submit-6.t2.ucsd.edu//151020//666495.18
SyncGridJobId=https://submit-6.t2.ucsd.edu//151020//666495.18
MonitorID=amkalsi_Good_5000ps_p82fc3
GridFlavour=LCG
SyncSite=T2_IT_Bari
SyncCE=cream-ce-4.ba.infn.it:8443/cream-pbs-cms
***** End Cat jobreport *****
Parameters sent to Dashboard.
>>> setup environment
set SCRAM ARCH to slc6_amd64_gcc472
SCRAM_ARCH = slc6_amd64_gcc472
>>> setup CMS LCG environment:
set SCRAM ARCH and BUILD_ARCH to slc6_amd64_gcc472 ###
Sourcing environment... 
sourcing /cvmfs/cms.cern.ch/cmsset_default.sh
==> setup cms environment ok
>>> specific cmssw setup environment:
CMSSW_VERSION =  CMSSW_6_2_0_SLHC26_patch3
WARNING: In non-interactive mode release checks e.g. deprecated releases, production architectures are disabled.
>>> current directory (SOFTWARE_DIR): /home/cms033/home_cream_861182008/CREAM861182008/glide_Jd4KMq/execute/dir_3791/CMSSW_6_2_0_SLHC26_patch3
PreserveSeeds: <>
IncrementSeeds:<>
>>> info for dashboard:
***** Cat /home/cms033/home_cream_861182008/CREAM861182008/glide_Jd4KMq/execute/dir_3791/jobreport.txt *****
MonitorJobID=19_https://submit-6.t2.ucsd.edu//151020//666495.18
MonitorID=amkalsi_Good_5000ps_p82fc3
***** End Cat jobreport *****
Parameters sent to Dashboard.
crabWatchdog started as process 4000
>>> moving CMSSW software directories in /home/cms033/home_cream_861182008/CREAM861182008/glide_Jd4KMq/execute/dir_3791/CMSSW_6_2_0_SLHC26_patch3
mv: cannot stat `/home/cms033/home_cream_861182008/CREAM861182008/glide_Jd4KMq/execute/dir_3791/module/': No such file or directory
>>> Include /home/cms033/home_cream_861182008/CREAM861182008/glide_Jd4KMq/execute/dir_3791 in PYTHONPATH:
PYTHONPATH=/home/cms033/home_cream_861182008/CREAM861182008/glide_Jd4KMq/execute/dir_3791/:/home/cms033/home_cream_861182008/CREAM861182008/glide_Jd4KMq/execute/dir_3791/CMSSW_6_2_0_SLHC26_patch3/python:/home/cms033/home_cream_861182008/CREAM861182008/glide_Jd4KMq/execute/dir_3791/CMSSW_6_2_0_SLHC26_patch3/lib/slc6_amd64_gcc472:/cvmfs/cms.cern.ch/slc6_amd64_gcc472/cms/cmssw-patch/CMSSW_6_2_0_SLHC26_patch3/python:/cvmfs/cms.cern.ch/slc6_amd64_gcc472/cms/cmssw-patch/CMSSW_6_2_0_SLHC26_patch3/lib/slc6_amd64_gcc472:/cvmfs/cms.cern.ch/slc6_amd64_gcc472/cms/cmssw/CMSSW_6_2_0_SLHC26/bin/slc6_amd64_gcc472:/cvmfs/cms.cern.ch/slc6_amd64_gcc472/cms/cmssw/CMSSW_6_2_0_SLHC26/lib/slc6_amd64_gcc472:/cvmfs/cms.cern.ch/slc6_amd64_gcc472/cms/coral/CORAL_2_3_21-flmnjk2/slc6_amd64_gcc472/python:/cvmfs/cms.cern.ch/slc6_amd64_gcc472/cms/coral/CORAL_2_3_21-flmnjk2/slc6_amd64_gcc472/lib:/cvmfs/cms.cern.ch/slc6_amd64_gcc472/external/pyqt/4.8.1-cms5/lib/python2.7/site-packages:/cvmfs/cms.cern.ch/slc6_amd64_gcc472/external/py2-scipy/0.8.0-cms7/lib/python2.7/site-packages:/cvmfs/cms.cern.ch/slc6_amd64_gcc472/external/py2-matplotlib/1.0.1-cms7/lib/python2.7/site-packages:/cvmfs/cms.cern.ch/slc6_amd64_gcc472/external/python-ldap/2.4.10/lib/python2.7/site-packages:/cvmfs/cms.cern.ch/slc6_amd64_gcc472/external/sip/4.11.2-cms5/lib/python2.7/site-packages:/cvmfs/cms.cern.ch/slc6_amd64_gcc472/external/py2-pycurl/7.19.0-cms7/lib/python2.7/site-packages:/cvmfs/cms.cern.ch/slc6_amd64_gcc472/external/py2-numpy/1.6.1-cms7/lib/python2.7/site-packages:/cvmfs/cms.cern.ch/slc6_amd64_gcc472/external/py2-lint/0.25.1-cms5/lib/python2.7/site-packages:/cvmfs/cms.cern.ch/slc6_amd64_gcc472/external/py2-ipython/0.10-cms5/lib/python2.7/site-packages:/cvmfs/cms.cern.ch/slc6_amd64_gcc472/external/py2-cx-oracle/5.1-cms5/lib/python2.7/site-packages:/cvmfs/cms.cern.ch/slc6_amd64_gcc472/external/py2-cjson/1.0.5-cms5/lib/python2.7/site-packages:/cvmfs/cms.cern.ch/slc6_amd64_gcc472/cms/das-client/1.11.7/bin:/cvmfs/cms.cern.ch/slc6_amd64_gcc472/external/elementtree/1.2.6-cms5/share/lib/python2.7/site-packages:/cvmfs/cms.cern.ch/slc6_amd64_gcc472/external/rivet/1.8.2-cms9/lib/python2.7/site-packages:/cvmfs/cms.cern.ch/slc6_amd64_gcc472/external/pyminuit2/0.0.1-cms25/lib/python2.7/site-packages:/cvmfs/cms.cern.ch/slc6_amd64_gcc472/external/py2-pygithub/1.23.0-cms2/lib/python2.7/site-packages:/cvmfs/cms.cern.ch/slc6_amd64_gcc472/external/professor/1.0.0-cms25/lib/python2.7/site-packages:/cvmfs/cms.cern.ch/slc6_amd64_gcc472/lcg/root/5.34.07-cms5/lib:/cvmfs/cms.cern.ch/slc6_amd64_gcc472/cms/dbs-client/DBS_2_1_9-cms5/lib:/cvmfs/cms.cern.ch/slc6_amd64_gcc472/cms/dbs-client/DBS_2_1_9-cms5/lib/DBSAPI:/cvmfs/cms.cern.ch/slc6_amd64_gcc472/external/cvs2git/5419-cms/lib:/home/cms033/home_cream_861182008/CREAM861182008/glide_Jd4KMq/execute/dir_3791/
 
# LIMITS USED BY CRAB WATCHDOG:
# RSS  (KBytes)   : 2300000
# VSZ  (KBytes)   : 100000000
# DISK (MBytes)   : 19000
# CPU TIME        : 720h:0m:0s
# WALL CLOCK TIME : 21h:50m:0s
 
89204fc7dc811f9e79a97af487a037d4
PSETHASH = 89204fc7dc811f9e79a97af487a037d4
/home/cms033/home_cream_861182008/CREAM861182008/glide_Jd4KMq/execute/dir_3791/writeCfg.py pset.py pset.py
Importing .py file
Setting parameters
RandomNumberGeneratorService found, will attempt to change seeds
inputBlocks=/DYToMuMu_M-20_TuneZ2star_14TeV-pythia6-tauola/piet-DYToMuMu_M-20_TuneZ2star_14TeV-pythia6-tauola_HGCALGS_PU140_5ns_32ns_RECO-9534beda007a59447d9159ddc4f0a675/USER#10c5504c-fad1-456c-ab37-e278fce8fe51
inputFiles=/store/user/piet/ME0Segment_Time/DYToMuMu_M-20_TuneZ2star_14TeV-pythia6-tauola/DYToMuMu_M-20_TuneZ2star_14TeV-pythia6-tauola_HGCALGS_PU140_5ns_32ns_RECO/151014_110313/0000/out_reco_78.root;/store/user/piet/ME0Segment_Time/DYToMuMu_M-20_TuneZ2star_14TeV-pythia6-tauola/DYToMuMu_M-20_TuneZ2star_14TeV-pythia6-tauola_HGCALGS_PU140_5ns_32ns_RECO/151014_110313/0000/out_reco_26.root;/store/user/piet/ME0Segment_Time/DYToMuMu_M-20_TuneZ2star_14TeV-pythia6-tauola/DYToMuMu_M-20_TuneZ2star_14TeV-pythia6-tauola_HGCALGS_PU140_5ns_32ns_RECO/151014_110313/0000/out_reco_37.root;/store/user/piet/ME0Segment_Time/DYToMuMu_M-20_TuneZ2star_14TeV-pythia6-tauola/DYToMuMu_M-20_TuneZ2star_14TeV-pythia6-tauola_HGCALGS_PU140_5ns_32ns_RECO/151014_110313/0000/out_reco_52.root;/store/user/piet/ME0Segment_Time/DYToMuMu_M-20_TuneZ2star_14TeV-pythia6-tauola/DYToMuMu_M-20_TuneZ2star_14TeV-pythia6-tauola_HGCALGS_PU140_5ns_32ns_RECO/151014_110313/0000/out_reco_29.root;/store/user/piet/ME0Segment_Time/DYToMuMu_M-20_TuneZ2star_14TeV-pythia6-tauola/DYToMuMu_M-20_TuneZ2star_14TeV-pythia6-tauola_HGCALGS_PU140_5ns_32ns_RECO/151014_110313/0000/out_reco_24.root;/store/user/piet/ME0Segment_Time/DYToMuMu_M-20_TuneZ2star_14TeV-pythia6-tauola/DYToMuMu_M-20_TuneZ2star_14TeV-pythia6-tauola_HGCALGS_PU140_5ns_32ns_RECO/151014_110313/0000/out_reco_80.root;/store/user/piet/ME0Segment_Time/DYToMuMu_M-20_TuneZ2star_14TeV-pythia6-tauola/DYToMuMu_M-20_TuneZ2star_14TeV-pythia6-tauola_HGCALGS_PU140_5ns_32ns_RECO/151014_110313/0000/out_reco_63.root;/store/user/piet/ME0Segment_Time/DYToMuMu_M-20_TuneZ2star_14TeV-pythia6-tauola/DYToMuMu_M-20_TuneZ2star_14TeV-pythia6-tauola_HGCALGS_PU140_5ns_32ns_RECO/151014_110313/0000/out_reco_82.root;/store/user/piet/ME0Segment_Time/DYToMuMu_M-20_TuneZ2star_14TeV-pythia6-tauola/DYToMuMu_M-20_TuneZ2star_14TeV-pythia6-tauola_HGCALGS_PU140_5ns_32ns_RECO/151014_110313/0000/out_reco_4.root
parentFiles=
lumisRange=
>>> Executable cmsRun
/cvmfs/cms.cern.ch/slc6_amd64_gcc472/cms/cmssw/CMSSW_6_2_0_SLHC26/bin/slc6_amd64_gcc472/cmsRun
ok executable found
>>> info for dashboard:
***** Cat /home/cms033/home_cream_861182008/CREAM861182008/glide_Jd4KMq/execute/dir_3791/jobreport.txt *****
MonitorJobID=19_https://submit-6.t2.ucsd.edu//151020//666495.18
MonitorID=amkalsi_Good_5000ps_p82fc3
ExeStart=cmsRun
***** End Cat jobreport *****
Parameters sent to Dashboard.
>>> cmsRun started at Tue Oct 20 05:59:13 UTC 2015
>>> cmsRun ended at Tue Oct 20 06:02:50 UTC 2015
>>> crab_fjr_*.xml  permission set to 0704
>>> info for dashboard:
***** Cat /home/cms033/home_cream_861182008/CREAM861182008/glide_Jd4KMq/execute/dir_3791/jobreport.txt *****
MonitorJobID=19_https://submit-6.t2.ucsd.edu//151020//666495.18
MonitorID=amkalsi_Good_5000ps_p82fc3
ExeEnd=cmsRun
***** End Cat jobreport *****
Parameters sent to Dashboard.
TIME_EXE = 217 sec
>>> cmsRun wrote 114 lines of stdout+stderr
>>> START OF printout of 114 lines from stdout+stderr
20-Oct-2015 07:59:28 CEST  Initiating request to open file file:/lustre/cms//store/user/piet/ME0Segment_Time/DYToMuMu_M-20_TuneZ2star_14TeV-pythia6-tauola/DYToMuMu_M-20_TuneZ2star_14TeV-pythia6-tauola_HGCALGS_PU140_5ns_32ns_RECO/151014_110313/0000/out_reco_78.root
20-Oct-2015 07:59:31 CEST  Successfully opened file file:/lustre/cms//store/user/piet/ME0Segment_Time/DYToMuMu_M-20_TuneZ2star_14TeV-pythia6-tauola/DYToMuMu_M-20_TuneZ2star_14TeV-pythia6-tauola_HGCALGS_PU140_5ns_32ns_RECO/151014_110313/0000/out_reco_78.root
Begin processing the 1st record. Run 1, Event 357151, LumiSection 15038 at 20-Oct-2015 07:59:37.314 CEST
in MuonNumberingInitialization::initializeMuonDDDConstants
about to make my new muonDDDConst_
in MuonNumberingInitialization::produce
-0.728722-0.990423-11.7788-12.7961-6.11893-8.92138-1.08816-6.79361%MSG-e RunLumiMerging:  source 20-Oct-2015 07:59:53 CEST PostBeginLumi
ProductHolderBase::mergeTheProduct
Two run/lumi products for the same run/lumi which should be equal are not
Using the first, ignoring the second
className = edm::RandomEngineStates
moduleLabel = randomEngineStateProducer
instance = beginLumi
process = DIGI2RAW

%MSG
-1.18021-2.47313-12.8158-0.82266720-Oct-2015 08:00:01 CEST  Closed file file:/lustre/cms//store/user/piet/ME0Segment_Time/DYToMuMu_M-20_TuneZ2star_14TeV-pythia6-tauola/DYToMuMu_M-20_TuneZ2star_14TeV-pythia6-tauola_HGCALGS_PU140_5ns_32ns_RECO/151014_110313/0000/out_reco_78.root
20-Oct-2015 08:00:01 CEST  Initiating request to open file file:/lustre/cms//store/user/piet/ME0Segment_Time/DYToMuMu_M-20_TuneZ2star_14TeV-pythia6-tauola/DYToMuMu_M-20_TuneZ2star_14TeV-pythia6-tauola_HGCALGS_PU140_5ns_32ns_RECO/151014_110313/0000/out_reco_26.root
20-Oct-2015 08:00:01 CEST  Successfully opened file file:/lustre/cms//store/user/piet/ME0Segment_Time/DYToMuMu_M-20_TuneZ2star_14TeV-pythia6-tauola/DYToMuMu_M-20_TuneZ2star_14TeV-pythia6-tauola_HGCALGS_PU140_5ns_32ns_RECO/151014_110313/0000/out_reco_26.root
Begin processing the 101st record. Run 1, Event 836201, LumiSection 35209 at 20-Oct-2015 08:00:03.917 CEST
-1.35194-1.0256%MSG-e RunLumiMerging:  source 20-Oct-2015 08:00:10 CEST PostBeginLumi
ProductHolderBase::mergeTheProduct
Two run/lumi products for the same run/lumi which should be equal are not
Using the first, ignoring the second
className = edm::RandomEngineStates
moduleLabel = randomEngineStateProducer
instance = beginLumi
process = DIGI2RAW

%MSG
-0.562653-0.492837-1.07106-6.16883-1.47591-29.790320-Oct-2015 08:00:18 CEST  Closed file file:/lustre/cms//store/user/piet/ME0Segment_Time/DYToMuMu_M-20_TuneZ2star_14TeV-pythia6-tauola/DYToMuMu_M-20_TuneZ2star_14TeV-pythia6-tauola_HGCALGS_PU140_5ns_32ns_RECO/151014_110313/0000/out_reco_26.root
20-Oct-2015 08:00:18 CEST  Initiating request to open file file:/lustre/cms//store/user/piet/ME0Segment_Time/DYToMuMu_M-20_TuneZ2star_14TeV-pythia6-tauola/DYToMuMu_M-20_TuneZ2star_14TeV-pythia6-tauola_HGCALGS_PU140_5ns_32ns_RECO/151014_110313/0000/out_reco_37.root
20-Oct-2015 08:00:18 CEST  Successfully opened file file:/lustre/cms//store/user/piet/ME0Segment_Time/DYToMuMu_M-20_TuneZ2star_14TeV-pythia6-tauola/DYToMuMu_M-20_TuneZ2star_14TeV-pythia6-tauola_HGCALGS_PU140_5ns_32ns_RECO/151014_110313/0000/out_reco_37.root
Begin processing the 201st record. Run 1, Event 119371, LumiSection 5027 at 20-Oct-2015 08:00:21.449 CEST
-1.70027%MSG-e RunLumiMerging:  source 20-Oct-2015 08:00:29 CEST PostBeginLumi
ProductHolderBase::mergeTheProduct
Two run/lumi products for the same run/lumi which should be equal are not
Using the first, ignoring the second
className = edm::RandomEngineStates
moduleLabel = randomEngineStateProducer
instance = beginLumi
process = DIGI2RAW

%MSG
-1.45818-7.36332-43.6126-0.539187-0.245888-0.72598120-Oct-2015 08:00:37 CEST  Closed file file:/lustre/cms//store/user/piet/ME0Segment_Time/DYToMuMu_M-20_TuneZ2star_14TeV-pythia6-tauola/DYToMuMu_M-20_TuneZ2star_14TeV-pythia6-tauola_HGCALGS_PU140_5ns_32ns_RECO/151014_110313/0000/out_reco_37.root
20-Oct-2015 08:00:37 CEST  Initiating request to open file file:/lustre/cms//store/user/piet/ME0Segment_Time/DYToMuMu_M-20_TuneZ2star_14TeV-pythia6-tauola/DYToMuMu_M-20_TuneZ2star_14TeV-pythia6-tauola_HGCALGS_PU140_5ns_32ns_RECO/151014_110313/0000/out_reco_52.root
20-Oct-2015 08:00:37 CEST  Successfully opened file file:/lustre/cms//store/user/piet/ME0Segment_Time/DYToMuMu_M-20_TuneZ2star_14TeV-pythia6-tauola/DYToMuMu_M-20_TuneZ2star_14TeV-pythia6-tauola_HGCALGS_PU140_5ns_32ns_RECO/151014_110313/0000/out_reco_52.root
Begin processing the 301st record. Run 1, Event 429181, LumiSection 18071 at 20-Oct-2015 08:00:39.802 CEST
-22.421-1.04776-0.49289420-Oct-2015 08:00:55 CEST  Closed file file:/lustre/cms//store/user/piet/ME0Segment_Time/DYToMuMu_M-20_TuneZ2star_14TeV-pythia6-tauola/DYToMuMu_M-20_TuneZ2star_14TeV-pythia6-tauola_HGCALGS_PU140_5ns_32ns_RECO/151014_110313/0000/out_reco_52.root
20-Oct-2015 08:00:55 CEST  Initiating request to open file file:/lustre/cms//store/user/piet/ME0Segment_Time/DYToMuMu_M-20_TuneZ2star_14TeV-pythia6-tauola/DYToMuMu_M-20_TuneZ2star_14TeV-pythia6-tauola_HGCALGS_PU140_5ns_32ns_RECO/151014_110313/0000/out_reco_29.root
20-Oct-2015 08:00:55 CEST  Successfully opened file file:/lustre/cms//store/user/piet/ME0Segment_Time/DYToMuMu_M-20_TuneZ2star_14TeV-pythia6-tauola/DYToMuMu_M-20_TuneZ2star_14TeV-pythia6-tauola_HGCALGS_PU140_5ns_32ns_RECO/151014_110313/0000/out_reco_29.root
Begin processing the 401st record. Run 1, Event 836471, LumiSection 35220 at 20-Oct-2015 08:00:58.542 CEST
-2.28288-9.86212-3.22212-1.20745%MSG-e RunLumiMerging:  source 20-Oct-2015 08:01:09 CEST PostBeginLumi
ProductHolderBase::mergeTheProduct
Two run/lumi products for the same run/lumi which should be equal are not
Using the first, ignoring the second
className = edm::RandomEngineStates
moduleLabel = randomEngineStateProducer
instance = beginLumi
process = DIGI2RAW

%MSG
-1.29113-3.32718-2.1457720-Oct-2015 08:01:14 CEST  Closed file file:/lustre/cms//store/user/piet/ME0Segment_Time/DYToMuMu_M-20_TuneZ2star_14TeV-pythia6-tauola/DYToMuMu_M-20_TuneZ2star_14TeV-pythia6-tauola_HGCALGS_PU140_5ns_32ns_RECO/151014_110313/0000/out_reco_29.root
20-Oct-2015 08:01:14 CEST  Initiating request to open file file:/lustre/cms//store/user/piet/ME0Segment_Time/DYToMuMu_M-20_TuneZ2star_14TeV-pythia6-tauola/DYToMuMu_M-20_TuneZ2star_14TeV-pythia6-tauola_HGCALGS_PU140_5ns_32ns_RECO/151014_110313/0000/out_reco_24.root
20-Oct-2015 08:01:14 CEST  Successfully opened file file:/lustre/cms//store/user/piet/ME0Segment_Time/DYToMuMu_M-20_TuneZ2star_14TeV-pythia6-tauola/DYToMuMu_M-20_TuneZ2star_14TeV-pythia6-tauola_HGCALGS_PU140_5ns_32ns_RECO/151014_110313/0000/out_reco_24.root
Begin processing the 501st record. Run 1, Event 835071, LumiSection 35161 at 20-Oct-2015 08:01:17.060 CEST
-0.84298-0.444408-2.07934-1.44912-1.3356420-Oct-2015 08:01:33 CEST  Closed file file:/lustre/cms//store/user/piet/ME0Segment_Time/DYToMuMu_M-20_TuneZ2star_14TeV-pythia6-tauola/DYToMuMu_M-20_TuneZ2star_14TeV-pythia6-tauola_HGCALGS_PU140_5ns_32ns_RECO/151014_110313/0000/out_reco_24.root
20-Oct-2015 08:01:33 CEST  Initiating request to open file file:/lustre/cms//store/user/piet/ME0Segment_Time/DYToMuMu_M-20_TuneZ2star_14TeV-pythia6-tauola/DYToMuMu_M-20_TuneZ2star_14TeV-pythia6-tauola_HGCALGS_PU140_5ns_32ns_RECO/151014_110313/0000/out_reco_80.root
20-Oct-2015 08:01:33 CEST  Successfully opened file file:/lustre/cms//store/user/piet/ME0Segment_Time/DYToMuMu_M-20_TuneZ2star_14TeV-pythia6-tauola/DYToMuMu_M-20_TuneZ2star_14TeV-pythia6-tauola_HGCALGS_PU140_5ns_32ns_RECO/151014_110313/0000/out_reco_80.root
Begin processing the 601st record. Run 1, Event 358651, LumiSection 15101 at 20-Oct-2015 08:01:36.527 CEST
-1.10341-41.8279-2.3962-11.956-2.26551-8.84513-8.57249-5.2063520-Oct-2015 08:01:53 CEST  Closed file file:/lustre/cms//store/user/piet/ME0Segment_Time/DYToMuMu_M-20_TuneZ2star_14TeV-pythia6-tauola/DYToMuMu_M-20_TuneZ2star_14TeV-pythia6-tauola_HGCALGS_PU140_5ns_32ns_RECO/151014_110313/0000/out_reco_80.root
20-Oct-2015 08:01:53 CEST  Initiating request to open file file:/lustre/cms//store/user/piet/ME0Segment_Time/DYToMuMu_M-20_TuneZ2star_14TeV-pythia6-tauola/DYToMuMu_M-20_TuneZ2star_14TeV-pythia6-tauola_HGCALGS_PU140_5ns_32ns_RECO/151014_110313/0000/out_reco_63.root
20-Oct-2015 08:01:53 CEST  Successfully opened file file:/lustre/cms//store/user/piet/ME0Segment_Time/DYToMuMu_M-20_TuneZ2star_14TeV-pythia6-tauola/DYToMuMu_M-20_TuneZ2star_14TeV-pythia6-tauola_HGCALGS_PU140_5ns_32ns_RECO/151014_110313/0000/out_reco_63.root
Begin processing the 701st record. Run 1, Event 643651, LumiSection 27101 at 20-Oct-2015 08:01:55.376 CEST
%MSG-e RunLumiMerging:  source 20-Oct-2015 08:01:57 CEST PostBeginLumi
ProductHolderBase::mergeTheProduct
Two run/lumi products for the same run/lumi which should be equal are not
Using the first, ignoring the second
className = edm::RandomEngineStates
moduleLabel = randomEngineStateProducer
instance = beginLumi
process = DIGI2RAW

%MSG
-0.763369-4.84831-3.84891-0.873571-3.25239-6.11588-4.18692-1.14401-3.7677-2.4587720-Oct-2015 08:02:11 CEST  Closed file file:/lustre/cms//store/user/piet/ME0Segment_Time/DYToMuMu_M-20_TuneZ2star_14TeV-pythia6-tauola/DYToMuMu_M-20_TuneZ2star_14TeV-pythia6-tauola_HGCALGS_PU140_5ns_32ns_RECO/151014_110313/0000/out_reco_63.root
20-Oct-2015 08:02:11 CEST  Initiating request to open file file:/lustre/cms//store/user/piet/ME0Segment_Time/DYToMuMu_M-20_TuneZ2star_14TeV-pythia6-tauola/DYToMuMu_M-20_TuneZ2star_14TeV-pythia6-tauola_HGCALGS_PU140_5ns_32ns_RECO/151014_110313/0000/out_reco_82.root
20-Oct-2015 08:02:11 CEST  Successfully opened file file:/lustre/cms//store/user/piet/ME0Segment_Time/DYToMuMu_M-20_TuneZ2star_14TeV-pythia6-tauola/DYToMuMu_M-20_TuneZ2star_14TeV-pythia6-tauola_HGCALGS_PU140_5ns_32ns_RECO/151014_110313/0000/out_reco_82.root
Begin processing the 801st record. Run 1, Event 472201, LumiSection 19883 at 20-Oct-2015 08:02:14.057 CEST
-3.27894-1.05527-2.8429-52.4429-1.7111-1.71187-0.187223-5.12786-0.718472-1.0031820-Oct-2015 08:02:30 CEST  Closed file file:/lustre/cms//store/user/piet/ME0Segment_Time/DYToMuMu_M-20_TuneZ2star_14TeV-pythia6-tauola/DYToMuMu_M-20_TuneZ2star_14TeV-pythia6-tauola_HGCALGS_PU140_5ns_32ns_RECO/151014_110313/0000/out_reco_82.root
20-Oct-2015 08:02:30 CEST  Initiating request to open file file:/lustre/cms//store/user/piet/ME0Segment_Time/DYToMuMu_M-20_TuneZ2star_14TeV-pythia6-tauola/DYToMuMu_M-20_TuneZ2star_14TeV-pythia6-tauola_HGCALGS_PU140_5ns_32ns_RECO/151014_110313/0000/out_reco_4.root
20-Oct-2015 08:02:30 CEST  Successfully opened file file:/lustre/cms//store/user/piet/ME0Segment_Time/DYToMuMu_M-20_TuneZ2star_14TeV-pythia6-tauola/DYToMuMu_M-20_TuneZ2star_14TeV-pythia6-tauola_HGCALGS_PU140_5ns_32ns_RECO/151014_110313/0000/out_reco_4.root
Begin processing the 901st record. Run 1, Event 543521, LumiSection 22885 at 20-Oct-2015 08:02:33.837 CEST
-28.771-1.81271-1.12649-2.49858-1.23956-3.50244-65.1856-3.356620-Oct-2015 08:02:50 CEST  Closed file file:/lustre/cms//store/user/piet/ME0Segment_Time/DYToMuMu_M-20_TuneZ2star_14TeV-pythia6-tauola/DYToMuMu_M-20_TuneZ2star_14TeV-pythia6-tauola_HGCALGS_PU140_5ns_32ns_RECO/151014_110313/0000/out_reco_4.root

=============================================

MessageLogger Summary

 type     category        sev    module        subroutine        count    total
 ---- -------------------- -- ---------------- ----------------  -----    -----
    1 RunLumiMerging       -e source                                 5        5
    2 fileAction           -s file_close                            10       10
    3 fileAction           -s file_open                             20       20

 type    category    Examples: run/evt        run/evt          run/evt
 ---- -------------------- ---------------- ---------------- ----------------
    1 RunLumiMerging       PostBeginLumi    PostBeginLumi    PostBeginLumi
    2 fileAction           PostProcessEvent PostProcessEvent PostEndRun
    3 fileAction           pre-events       pre-events       PostProcessEvent

Severity    # Occurrences   Total Occurrences
--------    -------------   -----------------
Error                   5                   5
System                 30                  30
>>> END OF printout of 114 lines from stdout+stderr
>>> Parse FrameworkJobReport crab_fjr.xml
Result of parsing the FrameworkJobReport crab_fjr.xml: Popularity start
lumisRange : 1::15021,22885-22888,23729::1;1::5027-5030,18066::2;1::16365,35161-35165::3;1::18071,21172-21175::4;1::16367,35220-35224::5;1::15101-15104,18097,19882::6;1::15019,15038-15040,15097-15098,19881-19882::7;1::16365-16366,35209-35212::8;1::18659-18660,27101-27104,27145::9;1::18101-18104,18905,19883::10;
lumisParentRange : 
Basename : /store/user/piet/ME0Segment_Time/DYToMuMu_M-20_TuneZ2star_14TeV-pythia6-tauola/DYToMuMu_M-20_TuneZ2star_14TeV-pythia6-tauola_HGCALGS_PU140_5ns_32ns_RECO/151014_110313/0000/out_reco_
BasenameParent : 
parentFiles : 
inputBlocks : /DYToMuMu_M-20_TuneZ2star_14TeV-pythia6-tauola/piet-DYToMuMu_M-20_TuneZ2star_14TeV-pythia6-tauola_HGCALGS_PU140_5ns_32ns_RECO-9534beda007a59447d9159ddc4f0a675/USER#10c5504c-fad1-456c-ab37-e278fce8fe51
inputFiles : 4.root::1::EDM::Local::1;37.root::1::EDM::Local::2;24.root::1::EDM::Local::3;52.root::1::EDM::Local::4;29.root::1::EDM::Local::5;80.root::1::EDM::Local::6;78.root::1::EDM::Local::7;26.root::1::EDM::Local::8;63.root::1::EDM::Local::9;82.root::1::EDM::Local::10;
Popularity stop
Extracted ExitStatus from FrameworkJobReport parsing output: 0
>>> Executable succeded  0
ExeExitCode=0
EXECUTABLE_EXIT_STATUS = 0
>>> current directory /home/cms033/home_cream_861182008/CREAM861182008/glide_Jd4KMq/execute/dir_3791/CMSSW_6_2_0_SLHC26_patch3
>>>  (SOFTWARE_DIR): /home/cms033/home_cream_861182008/CREAM861182008/glide_Jd4KMq/execute/dir_3791/CMSSW_6_2_0_SLHC26_patch3
>>> (WORKING_DIR): 
>>> current directory content:
total 660
drwxr-xr-x 3 cms033 cms   4096 Oct 20 07:59 .SCRAM
-rw------- 1 cms033 cms 279355 Oct 20 07:59 CMSSW.py.pkl
-rw------- 1 cms033 cms  15006 Oct 20 08:02 OutTree.root
drwxr-xr-x 3 cms033 cms   4096 Oct 20 07:59 biglib
drwxr-xr-x 3 cms033 cms   4096 Oct 20 07:59 bin
drwxr-xr-x 3 cms033 cms   4096 Oct 20 07:59 cfipython
drwxr-xr-x 4 cms033 cms   4096 Jul 13 19:47 config
-rw------- 1 cms033 cms     16 Oct 20 08:02 cpu_timing.txt
drwxr-xr-x 2 cms033 cms   4096 Oct 20 07:59 doc
-rw------- 1 cms033 cms  12233 Oct 20 08:02 executable.out
drwxr-xr-x 2 cms033 cms   4096 Oct 20 07:59 include
drwx------ 3 cms033 cms   4096 Sep 29 20:50 lib
drwxr-xr-x 3 cms033 cms   4096 Oct 20 07:59 logs
drwxr-xr-x 3 cms033 cms   4096 Oct 20 07:59 objs
-rw------- 1 cms033 cms    104 Oct 20 07:59 pset.py
-rw------- 1 cms033 cms 281605 Oct 20 07:59 pset.py.pkl
-rw------- 1 cms033 cms    289 Oct 20 07:59 pset.pyc
drwxr-xr-x 2 cms033 cms   4096 Oct 20 07:59 python
-rw------- 1 cms033 cms    374 Oct 20 08:02 report.log
drwx------ 7 cms033 cms   4096 Oct 20 07:59 src
drwxr-xr-x 3 cms033 cms   4096 Oct 20 07:59 test
drwxr-xr-x 3 cms033 cms   4096 Oct 20 07:59 tmp
>>> current directory /home/cms033/home_cream_861182008/CREAM861182008/glide_Jd4KMq/execute/dir_3791/CMSSW_6_2_0_SLHC26_patch3
>>> (SOFTWARE_DIR): /home/cms033/home_cream_861182008/CREAM861182008/glide_Jd4KMq/execute/dir_3791/CMSSW_6_2_0_SLHC26_patch3
>>> (WORKING_DIR): 
>>> current directory content:
total 644
drwxr-xr-x 3 cms033 cms   4096 Oct 20 07:59 .SCRAM
-rw------- 1 cms033 cms 279355 Oct 20 07:59 CMSSW.py.pkl
drwxr-xr-x 3 cms033 cms   4096 Oct 20 07:59 biglib
drwxr-xr-x 3 cms033 cms   4096 Oct 20 07:59 bin
drwxr-xr-x 3 cms033 cms   4096 Oct 20 07:59 cfipython
drwxr-xr-x 4 cms033 cms   4096 Jul 13 19:47 config
-rw------- 1 cms033 cms     16 Oct 20 08:02 cpu_timing.txt
drwxr-xr-x 2 cms033 cms   4096 Oct 20 07:59 doc
-rw------- 1 cms033 cms  12233 Oct 20 08:02 executable.out
drwxr-xr-x 2 cms033 cms   4096 Oct 20 07:59 include
drwx------ 3 cms033 cms   4096 Sep 29 20:50 lib
drwxr-xr-x 3 cms033 cms   4096 Oct 20 07:59 logs
drwxr-xr-x 3 cms033 cms   4096 Oct 20 07:59 objs
-rw------- 1 cms033 cms    104 Oct 20 07:59 pset.py
-rw------- 1 cms033 cms 281605 Oct 20 07:59 pset.py.pkl
-rw------- 1 cms033 cms    289 Oct 20 07:59 pset.pyc
drwxr-xr-x 2 cms033 cms   4096 Oct 20 07:59 python
-rw------- 1 cms033 cms    374 Oct 20 08:02 report.log
drwx------ 7 cms033 cms   4096 Oct 20 07:59 src
drwxr-xr-x 3 cms033 cms   4096 Oct 20 07:59 test
drwxr-xr-x 3 cms033 cms   4096 Oct 20 07:59 tmp
>>> current directory (RUNTIME_AREA):  /home/cms033/home_cream_861182008/CREAM861182008/glide_Jd4KMq/execute/dir_3791
>>> current dir: /home/cms033/home_cream_861182008/CREAM861182008/glide_Jd4KMq/execute/dir_3791
>>> current dir content:
total 26332
-rwx------  1 cms033 cms       52 Oct 20 07:58 .chirp.config
-rwx------  1 cms033 cms     6766 Oct 20 07:58 .job.ad
-rwx------  1 cms033 cms     9373 Oct 20 07:58 .machine.ad
-rw-------  1 cms033 cms      105 Oct 20 07:36 CMSSW.py
-rw-------  1 cms033 cms   279355 Oct 20 07:36 CMSSW.py.pkl
-rwx------  1 cms033 cms    26312 Oct 20 07:59 CMSSW.sh
drwxr-xr-x 16 cms033 cms     4096 Oct 20 08:02 CMSSW_6_2_0_SLHC26_patch3
-rw-------  1 cms033 cms      301 Oct 20 07:59 CacheEnv.sh
-rw-------  1 cms033 cms     7291 Nov 19  2014 DashboardAPI.py
-rw-------  1 cms033 cms     6800 Oct 20 07:59 DashboardAPI.pyc
drwx------  2 cms033 cms     4096 Oct 20 08:02 IMProv
-rw-------  1 cms033 cms     2748 Nov 19  2014 Logger.py
-rw-------  1 cms033 cms     3342 Oct 20 07:59 Logger.pyc
lrwxrwxrwx  1 cms033 cms      100 Oct 20 08:02 OutTree.root -> /home/cms033/home_cream_861182008/CREAM861182008/glide_Jd4KMq/execute/dir_3791/OutTree_19_1_k6q.root
-rw-------  1 cms033 cms    15006 Oct 20 08:02 OutTree_19_1_k6q.root
-rw-------  1 cms033 cms    24524 Nov 19  2014 ProcInfo.py
-rw-------  1 cms033 cms    23173 Oct 20 07:59 ProcInfo.pyc
drwx------  7 cms033 cms     4096 Oct 20 07:59 ProdCommon
drwx------  3 cms033 cms     4096 Oct 20 07:59 WMCore
-rw-------  1 cms033 cms     2073 Oct 20 08:02 Watchdog_19.log
-rwx------  1 cms033 cms        0 Oct 20 07:59 _condor_stderr
-rwx---r--  1 cms033 cms    27440 Oct 20 08:02 _condor_stdout
-rw-------  1 cms033 cms    32895 Nov 19  2014 apmon.py
-rw-------  1 cms033 cms    28596 Oct 20 07:59 apmon.pyc
-rwx------  1 cms033 cms   199428 Oct 20 07:59 arguments.xml
-rwx------  1 cms033 cms   204102 May 29 01:26 cmsRun
-rwx------  1 cms033 cms    38581 Nov 19  2014 cmscp.py
-rwx------  1 cms033 cms    26312 Oct 20 07:59 condor_exec.exe
-rw-------  1 cms033 cms      525 Oct 20 07:36 crab.cfg
-rwx------  1 cms033 cms     8610 Nov 19  2014 crabWatchdog.sh
-rwx---r--  1 cms033 cms   531721 Oct 20 08:02 crab_fjr_19.xml
-rwx------  1 cms033 cms 25265829 Oct 20 07:59 default.tgz
-rwx------  1 cms033 cms     4488 Nov 19  2014 fillCrabFjr.py
-rw-------  1 cms033 cms     2138 Oct 20 07:59 inputsReport.txt
-rw-------  1 cms033 cms      127 Oct 20 08:02 jobreport.txt
-rw-------  1 cms033 cms    17352 Nov 19  2014 parseCrabFjr.py
-rw-------  1 cms033 cms      341 Oct 20 07:59 report.log
-rwx--x--x  1 cms033 cms     1497 Nov 19  2014 report.py
-rwx------  1 cms033 cms     8351 Nov 19  2014 writeCfg.py
-rw-------  1 cms033 cms     8477 Oct 20 07:58 x509up_u46992
>>> crab_fjr_*.xml  permission set to 0704
CrabWrapper EXIT_FUNC entered at Tue Oct 20 08:02:57 CEST 2015   -  Tue Oct 20 06:02:57 UTC 2015
Checking output files:  
will tar file OutTree_19_1_k6q.root in  out_files_19
will tar file crab_fjr_19.xml in  out_files_19
WARNING: output file CMSSW_19.stdout not found!
WARNING: output file CMSSW_19.stderr not found!
WARNING: output file Watchdog_19.log.gz not found!
>>> padding time: Sleeping the wrapper for 365 seconds
STOPPING WATCHDOG. CrabWatchdog PID is 4000
********** LAST 50 LINES OF WATCHDOG LOG
# RESOURCE USAGE SUMMARY FOR PROCESS ID  3795
USER       PID %CPU %MEM    VSZ   RSS TTY      STAT START   TIME COMMAND
cms033    3795  0.4  0.0   9600  1612 ?        S    07:59   0:00 /bin/sh /home/cms033/home_cream_861182008/CREAM861182008/glide_Jd4KMq/execute/dir_3791/condor_exec.exe 19 1
 
# LIMITS USED BY CRAB WATCHDOG:
# RSS  (KBytes)   : 2300000
# VSZ  (KBytes)   : 100000000
# DISK (MBytes)   : 19000
# CPU TIME        : 720h:0m:0s
# WALL CLOCK TIME : 21h:50m:0s
 
# FOLLOWING PRINTOUT TRACKS MAXIMUM VALUES OF RESOURCES USE
# ONE LINE IS PRINTED EACH TIME A MAXIMUM CHANGES
# IF CHANGE WAS IN RSS OR VSZ ALSO PROCID AND COMMAND ARE PRINTED
# THERE IS NO PRINTOUT FOR CPU/WALL TIME INCREASE
 
# TIME			PID	RSS(KB)	VSZ(KB)	Dsk(MB)	tCPU(s)	tWALL(s)	COMMAND
 Oct 20 07:59:10 CEST	3791	8188	95676	0	0	0	condor_starter -f submit-6.t2.ucsd.edu        
 Oct 20 07:59:10 CEST	26485	8188	106096	0	0	1	sh -c "./glidein_startup.sh" -v std -name gfactory_instance -entry CMS_T2_IT_Bari_ce4 -clientname CMSG-v1_0.main
 Oct 20 07:59:10 CEST	26487	8188	106488	0	0	1	/bin/bash ./glidein_startup.sh -v std -name gfactory_instance -entry CMS_T2_IT_Bari_ce4 -clientname CMSG-v1_0.main -schedd
 Oct 20 07:59:10 CEST	31720	8676	106488	0	0	2	/home/cms033/home_cream_861182008/CREAM861182008/glide_Jd4KMq/main/condor/sbin/condor_master -f -pidfile /home/cms033/home_cream_861182008/CREAM861182008/glide_Jd4KMq/condor_master2.pid       
 Oct 20 07:59:10 CEST	31724	9464	106488	0	0	2	condor_startd -f         
 Oct 20 07:59:10 CEST	---	9464	106488	155	----	----	----
 Oct 20 08:00:12 CEST	4292	524796	733312	155	40	64	cmsRun -j /home/cms033/home_cream_861182008/CREAM861182008/glide_Jd4KMq/execute/dir_3791/crab_fjr_19.xml -p pset.py      
 Oct 20 08:01:16 CEST	4292	526948	762496	155	75	127	cmsRun -j /home/cms033/home_cream_861182008/CREAM861182008/glide_Jd4KMq/execute/dir_3791/crab_fjr_19.xml -p pset.py      
 Oct 20 08:02:18 CEST	4292	529304	762496	155	110	188	cmsRun -j /home/cms033/home_cream_861182008/CREAM861182008/glide_Jd4KMq/execute/dir_3791/crab_fjr_19.xml -p pset.py      
********** WATCHDOG LOG ENDED
ZIPPING WATCHDOG LOG
Disk space used:
du -sh /home/cms033/home_cream_861182008/CREAM861182008/glide_Jd4KMq/execute/dir_3791
155M	/home/cms033/home_cream_861182008/CREAM861182008/glide_Jd4KMq/execute/dir_3791
Found unusual stdout, rename for OSB
`/home/cms033/home_cream_861182008/CREAM861182008/glide_Jd4KMq/execute/dir_3791/_condor_stdout' -> `CMSSW_19.stdout'
Found unusual stderr, rename for OSB
`/home/cms033/home_cream_861182008/CREAM861182008/glide_Jd4KMq/execute/dir_3791/_condor_stdout' -> `CMSSW_19.stderr'
OutTree_19_1_k6q.root
crab_fjr_19.xml
CMSSW_19.stdout
CMSSW_19.stderr
Watchdog_19.log.gz
Total Output dimension: 84221
WARNING: output files size limit is set to: 50000000
Total Output dimension 84221 is fine.
JOB_EXIT_STATUS = 0
>>> info for dashboard:
***** Cat /home/cms033/home_cream_861182008/CREAM861182008/glide_Jd4KMq/execute/dir_3791/jobreport.txt *****
MonitorJobID=19_https://submit-6.t2.ucsd.edu//151020//666495.18
MonitorID=amkalsi_Good_5000ps_p82fc3
ExeTime=217
ExeExitCode=0
CrabUserCpuTime=120.85
CrabSysCpuTime=7.16
CrabCpuPercentage=58%
CrabWrapperTime=600
CrabStageoutTime=NULL
JobExitCode=0
***** End Cat jobreport *****
Parameters sent to Dashboard.
EXITING at Tue Oct 20 08:09:09 CEST 2015  -  Tue Oct 20 06:09:09 UTC 2015
