This script was generated by crab (version 2.11.1_patch1).
Running /home/cms033/home_cream_401657253/CREAM401657253/glide_YzlPUW/execute/dir_26900/condor_exec.exe with 2 positional parameters: 20 1
Today is Tue Oct 20 07:59:17 CEST 2015 - Tue Oct 20 05:59:17 UTC 2015
Job submitted on host pccms151.ba.infn.it
Linux pccms151.ba.infn.it 2.6.32-504.3.3.el6.x86_64 #1 SMP Wed Dec 17 09:22:39 CET 2014 x86_64 x86_64 x86_64 GNU/Linux
Distributor ID:	ScientificCERNSLC
Description:	Scientific Linux CERN SLC release 6.4 (Carbon)
>>> current directory (RUNTIME_AREA): /home/cms033/home_cream_401657253/CREAM401657253/glide_YzlPUW/execute/dir_26900
>>> current user: uid=18589(cms033) gid=1399(cms) groups=1399(cms)
>>> directory permission set to 0700
>>> umask set to:  u=rwx,g=,o=
>>> stdout stderr permission set to 0704
>>> voms proxy information:
subject   : /C=TW/O=AP/OU=GRID/CN=Amandeep Kaur Kalsi 129089/CN=541697223/CN=1958016964
issuer    : /C=TW/O=AP/OU=GRID/CN=Amandeep Kaur Kalsi 129089/CN=541697223
identity  : /C=TW/O=AP/OU=GRID/CN=Amandeep Kaur Kalsi 129089
type      : RFC3820 compliant limited proxy
strength  : 1024
path      : /home/cms033/home_cream_401657253/CREAM401657253/glide_YzlPUW/execute/dir_26900/x509up_u46992
timeleft  : 23:59:47
key usage : Digital Signature, Key Encipherment, Data Encipherment, Key Agreement
=== VO cms extension information ===
VO        : cms
subject   : /C=TW/O=AP/OU=GRID/CN=Amandeep Kaur Kalsi 129089
issuer    : /DC=ch/DC=cern/OU=computers/CN=voms2.cern.ch
attribute : /cms/Role=NULL/Capability=NULL
timeleft  : 191:34:28
uri       : voms2.cern.ch:15002

WNHostName=pccms151.ba.infn.it
$_CONDOR_JOB_AD =/home/cms033/home_cream_401657253/CREAM401657253/glide_YzlPUW/execute/dir_26900/.job.ad
OverflowFlag=0
>>> tar --no-same-permissions -xf /home/cms033/home_cream_401657253/CREAM401657253/glide_YzlPUW/execute/dir_26900/default.tgz :
Successful untar
>>> Include /home/cms033/home_cream_401657253/CREAM401657253/glide_YzlPUW/execute/dir_26900 in PYTHONPATH:
strip arguments
env var CRAB_UNIQUE_JOB_ID set to: amkalsi_Good_5000ps_p82fc3_20_1_i5S
out_files_20
>>> list of expected files on output sandbox
output files: OutTree_20_1_i5S.root crab_fjr_20.xml CMSSW_20.stdout CMSSW_20.stderr Watchdog_20.log.gz
>>> GridFlavour discovery: 
GridFlavour=LCG
>>> SyncSite discovery: 
SyncSite=T2_IT_Bari
>>> SyncCE discovery: 
getting SyncCE from CE_ID
SyncCE=cream-ce-2.ba.infn.it:8443/cream-pbs-cms
>>> info for dashboard:
***** Cat /home/cms033/home_cream_401657253/CREAM401657253/glide_YzlPUW/execute/dir_26900/jobreport.txt *****
WNHostName=pccms151.ba.infn.it
OverflowFlag=0
MonitorJobID=20_https://submit-6.t2.ucsd.edu//151020//666495.19
SyncGridJobId=https://submit-6.t2.ucsd.edu//151020//666495.19
MonitorID=amkalsi_Good_5000ps_p82fc3
GridFlavour=LCG
SyncSite=T2_IT_Bari
SyncCE=cream-ce-2.ba.infn.it:8443/cream-pbs-cms
***** End Cat jobreport *****
Parameters sent to Dashboard.
>>> setup environment
set SCRAM ARCH to slc6_amd64_gcc472
SCRAM_ARCH = slc6_amd64_gcc472
>>> setup CMS LCG environment:
set SCRAM ARCH and BUILD_ARCH to slc6_amd64_gcc472 ###
Sourcing environment... 
sourcing /cvmfs/cms.cern.ch/cmsset_default.sh
==> setup cms environment ok
>>> specific cmssw setup environment:
CMSSW_VERSION =  CMSSW_6_2_0_SLHC26_patch3
WARNING: In non-interactive mode release checks e.g. deprecated releases, production architectures are disabled.
>>> current directory (SOFTWARE_DIR): /home/cms033/home_cream_401657253/CREAM401657253/glide_YzlPUW/execute/dir_26900/CMSSW_6_2_0_SLHC26_patch3
PreserveSeeds: <>
IncrementSeeds:<>
>>> info for dashboard:
***** Cat /home/cms033/home_cream_401657253/CREAM401657253/glide_YzlPUW/execute/dir_26900/jobreport.txt *****
MonitorJobID=20_https://submit-6.t2.ucsd.edu//151020//666495.19
MonitorID=amkalsi_Good_5000ps_p82fc3
***** End Cat jobreport *****
Parameters sent to Dashboard.
crabWatchdog started as process 27096
>>> moving CMSSW software directories in /home/cms033/home_cream_401657253/CREAM401657253/glide_YzlPUW/execute/dir_26900/CMSSW_6_2_0_SLHC26_patch3
 
# LIMITS USED BY CRAB WATCHDOG:
# RSS  (KBytes)   : 2300000
mv: cannot stat `/home/cms033/home_cream_401657253/CREAM401657253/glide_YzlPUW/execute/dir_26900/module/': No such file or directory
# VSZ  (KBytes)   : 100000000
# DISK (MBytes)   : 19000
>>> Include /home/cms033/home_cream_401657253/CREAM401657253/glide_YzlPUW/execute/dir_26900 in PYTHONPATH:
PYTHONPATH=/home/cms033/home_cream_401657253/CREAM401657253/glide_YzlPUW/execute/dir_26900/:/home/cms033/home_cream_401657253/CREAM401657253/glide_YzlPUW/execute/dir_26900/CMSSW_6_2_0_SLHC26_patch3/python:/home/cms033/home_cream_401657253/CREAM401657253/glide_YzlPUW/execute/dir_26900/CMSSW_6_2_0_SLHC26_patch3/lib/slc6_amd64_gcc472:/cvmfs/cms.cern.ch/slc6_amd64_gcc472/cms/cmssw-patch/CMSSW_6_2_0_SLHC26_patch3/python:/cvmfs/cms.cern.ch/slc6_amd64_gcc472/cms/cmssw-patch/CMSSW_6_2_0_SLHC26_patch3/lib/slc6_amd64_gcc472:/cvmfs/cms.cern.ch/slc6_amd64_gcc472/cms/cmssw/CMSSW_6_2_0_SLHC26/bin/slc6_amd64_gcc472:/cvmfs/cms.cern.ch/slc6_amd64_gcc472/cms/cmssw/CMSSW_6_2_0_SLHC26/lib/slc6_amd64_gcc472:/cvmfs/cms.cern.ch/slc6_amd64_gcc472/cms/coral/CORAL_2_3_21-flmnjk2/slc6_amd64_gcc472/python:/cvmfs/cms.cern.ch/slc6_amd64_gcc472/cms/coral/CORAL_2_3_21-flmnjk2/slc6_amd64_gcc472/lib:/cvmfs/cms.cern.ch/slc6_amd64_gcc472/external/pyqt/4.8.1-cms5/lib/python2.7/site-packages:/cvmfs/cms.cern.ch/slc6_amd64_gcc472/external/py2-scipy/0.8.0-cms7/lib/python2.7/site-packages:/cvmfs/cms.cern.ch/slc6_amd64_gcc472/external/py2-matplotlib/1.0.1-cms7/lib/python2.7/site-packages:/cvmfs/cms.cern.ch/slc6_amd64_gcc472/external/python-ldap/2.4.10/lib/python2.7/site-packages:/cvmfs/cms.cern.ch/slc6_amd64_gcc472/external/sip/4.11.2-cms5/lib/python2.7/site-packages:/cvmfs/cms.cern.ch/slc6_amd64_gcc472/external/py2-pycurl/7.19.0-cms7/lib/python2.7/site-packages:/cvmfs/cms.cern.ch/slc6_amd64_gcc472/external/py2-numpy/1.6.1-cms7/lib/python2.7/site-packages:/cvmfs/cms.cern.ch/slc6_amd64_gcc472/external/py2-lint/0.25.1-cms5/lib/python2.7/site-packages:/cvmfs/cms.cern.ch/slc6_amd64_gcc472/external/py2-ipython/0.10-cms5/lib/python2.7/site-packages:/cvmfs/cms.cern.ch/slc6_amd64_gcc472/external/py2-cx-oracle/5.1-cms5/lib/python2.7/site-packages:/cvmfs/cms.cern.ch/slc6_amd64_gcc472/external/py2-cjson/1.0.5-cms5/lib/python2.7/site-packages:/cvmfs/cms.cern.ch/slc6_amd64_gcc472/cms/das-client/1.11.7/bin:/cvmfs/cms.cern.ch/slc6_amd64_gcc472/external/elementtree/1.2.6-cms5/share/lib/python2.7/site-packages:/cvmfs/cms.cern.ch/slc6_amd64_gcc472/external/rivet/1.8.2-cms9/lib/python2.7/site-packages:/cvmfs/cms.cern.ch/slc6_amd64_gcc472/external/pyminuit2/0.0.1-cms25/lib/python2.7/site-packages:/cvmfs/cms.cern.ch/slc6_amd64_gcc472/external/py2-pygithub/1.23.0-cms2/lib/python2.7/site-packages:/cvmfs/cms.cern.ch/slc6_amd64_gcc472/external/professor/1.0.0-cms25/lib/python2.7/site-packages:/cvmfs/cms.cern.ch/slc6_amd64_gcc472/lcg/root/5.34.07-cms5/lib:/cvmfs/cms.cern.ch/slc6_amd64_gcc472/cms/dbs-client/DBS_2_1_9-cms5/lib:/cvmfs/cms.cern.ch/slc6_amd64_gcc472/cms/dbs-client/DBS_2_1_9-cms5/lib/DBSAPI:/cvmfs/cms.cern.ch/slc6_amd64_gcc472/external/cvs2git/5419-cms/lib:/home/cms033/home_cream_401657253/CREAM401657253/glide_YzlPUW/execute/dir_26900/
# CPU TIME        : 720h:0m:0s
# WALL CLOCK TIME : 21h:50m:0s
 
89204fc7dc811f9e79a97af487a037d4
PSETHASH = 89204fc7dc811f9e79a97af487a037d4
/home/cms033/home_cream_401657253/CREAM401657253/glide_YzlPUW/execute/dir_26900/writeCfg.py pset.py pset.py
Importing .py file
Setting parameters
RandomNumberGeneratorService found, will attempt to change seeds
inputBlocks=/DYToMuMu_M-20_TuneZ2star_14TeV-pythia6-tauola/piet-DYToMuMu_M-20_TuneZ2star_14TeV-pythia6-tauola_HGCALGS_PU140_5ns_32ns_RECO-9534beda007a59447d9159ddc4f0a675/USER#10c5504c-fad1-456c-ab37-e278fce8fe51
inputFiles=/store/user/piet/ME0Segment_Time/DYToMuMu_M-20_TuneZ2star_14TeV-pythia6-tauola/DYToMuMu_M-20_TuneZ2star_14TeV-pythia6-tauola_HGCALGS_PU140_5ns_32ns_RECO/151014_110313/0000/out_reco_18.root;/store/user/piet/ME0Segment_Time/DYToMuMu_M-20_TuneZ2star_14TeV-pythia6-tauola/DYToMuMu_M-20_TuneZ2star_14TeV-pythia6-tauola_HGCALGS_PU140_5ns_32ns_RECO/151014_110313/0000/out_reco_16.root;/store/user/piet/ME0Segment_Time/DYToMuMu_M-20_TuneZ2star_14TeV-pythia6-tauola/DYToMuMu_M-20_TuneZ2star_14TeV-pythia6-tauola_HGCALGS_PU140_5ns_32ns_RECO/151014_110313/0000/out_reco_46.root;/store/user/piet/ME0Segment_Time/DYToMuMu_M-20_TuneZ2star_14TeV-pythia6-tauola/DYToMuMu_M-20_TuneZ2star_14TeV-pythia6-tauola_HGCALGS_PU140_5ns_32ns_RECO/151014_110313/0000/out_reco_75.root;/store/user/piet/ME0Segment_Time/DYToMuMu_M-20_TuneZ2star_14TeV-pythia6-tauola/DYToMuMu_M-20_TuneZ2star_14TeV-pythia6-tauola_HGCALGS_PU140_5ns_32ns_RECO/151014_110313/0000/out_reco_64.root;/store/user/piet/ME0Segment_Time/DYToMuMu_M-20_TuneZ2star_14TeV-pythia6-tauola/DYToMuMu_M-20_TuneZ2star_14TeV-pythia6-tauola_HGCALGS_PU140_5ns_32ns_RECO/151014_110313/0000/out_reco_74.root;/store/user/piet/ME0Segment_Time/DYToMuMu_M-20_TuneZ2star_14TeV-pythia6-tauola/DYToMuMu_M-20_TuneZ2star_14TeV-pythia6-tauola_HGCALGS_PU140_5ns_32ns_RECO/151014_110313/0000/out_reco_68.root;/store/user/piet/ME0Segment_Time/DYToMuMu_M-20_TuneZ2star_14TeV-pythia6-tauola/DYToMuMu_M-20_TuneZ2star_14TeV-pythia6-tauola_HGCALGS_PU140_5ns_32ns_RECO/151014_110313/0000/out_reco_86.root;/store/user/piet/ME0Segment_Time/DYToMuMu_M-20_TuneZ2star_14TeV-pythia6-tauola/DYToMuMu_M-20_TuneZ2star_14TeV-pythia6-tauola_HGCALGS_PU140_5ns_32ns_RECO/151014_110313/0000/out_reco_30.root;/store/user/piet/ME0Segment_Time/DYToMuMu_M-20_TuneZ2star_14TeV-pythia6-tauola/DYToMuMu_M-20_TuneZ2star_14TeV-pythia6-tauola_HGCALGS_PU140_5ns_32ns_RECO/151014_110313/0000/out_reco_3.root
parentFiles=
lumisRange=
>>> Executable cmsRun
/cvmfs/cms.cern.ch/slc6_amd64_gcc472/cms/cmssw/CMSSW_6_2_0_SLHC26/bin/slc6_amd64_gcc472/cmsRun
ok executable found
>>> info for dashboard:
***** Cat /home/cms033/home_cream_401657253/CREAM401657253/glide_YzlPUW/execute/dir_26900/jobreport.txt *****
MonitorJobID=20_https://submit-6.t2.ucsd.edu//151020//666495.19
MonitorID=amkalsi_Good_5000ps_p82fc3
ExeStart=cmsRun
***** End Cat jobreport *****
Parameters sent to Dashboard.
>>> cmsRun started at Tue Oct 20 05:59:33 UTC 2015
>>> cmsRun ended at Tue Oct 20 06:04:02 UTC 2015
>>> crab_fjr_*.xml  permission set to 0704
>>> info for dashboard:
***** Cat /home/cms033/home_cream_401657253/CREAM401657253/glide_YzlPUW/execute/dir_26900/jobreport.txt *****
MonitorJobID=20_https://submit-6.t2.ucsd.edu//151020//666495.19
MonitorID=amkalsi_Good_5000ps_p82fc3
ExeEnd=cmsRun
***** End Cat jobreport *****
Parameters sent to Dashboard.
TIME_EXE = 269 sec
>>> cmsRun wrote 134 lines of stdout+stderr
>>> START OF printout of 134 lines from stdout+stderr
20-Oct-2015 07:59:49 CEST  Initiating request to open file file:/lustre/cms//store/user/piet/ME0Segment_Time/DYToMuMu_M-20_TuneZ2star_14TeV-pythia6-tauola/DYToMuMu_M-20_TuneZ2star_14TeV-pythia6-tauola_HGCALGS_PU140_5ns_32ns_RECO/151014_110313/0000/out_reco_18.root
20-Oct-2015 07:59:54 CEST  Successfully opened file file:/lustre/cms//store/user/piet/ME0Segment_Time/DYToMuMu_M-20_TuneZ2star_14TeV-pythia6-tauola/DYToMuMu_M-20_TuneZ2star_14TeV-pythia6-tauola_HGCALGS_PU140_5ns_32ns_RECO/151014_110313/0000/out_reco_18.root
Begin processing the 1st record. Run 1, Event 720531, LumiSection 30339 at 20-Oct-2015 08:00:01.572 CEST
in MuonNumberingInitialization::initializeMuonDDDConstants
about to make my new muonDDDConst_
in MuonNumberingInitialization::produce
%MSG-e RunLumiMerging:  source 20-Oct-2015 08:00:25 CEST PostBeginLumi
ProductHolderBase::mergeTheProduct
Two run/lumi products for the same run/lumi which should be equal are not
Using the first, ignoring the second
className = edm::RandomEngineStates
moduleLabel = randomEngineStateProducer
instance = beginLumi
process = DIGI2RAW

%MSG
-3.17627-1.42106-0.887501-0.72483920-Oct-2015 08:00:39 CEST  Closed file file:/lustre/cms//store/user/piet/ME0Segment_Time/DYToMuMu_M-20_TuneZ2star_14TeV-pythia6-tauola/DYToMuMu_M-20_TuneZ2star_14TeV-pythia6-tauola_HGCALGS_PU140_5ns_32ns_RECO/151014_110313/0000/out_reco_18.root
20-Oct-2015 08:00:39 CEST  Initiating request to open file file:/lustre/cms//store/user/piet/ME0Segment_Time/DYToMuMu_M-20_TuneZ2star_14TeV-pythia6-tauola/DYToMuMu_M-20_TuneZ2star_14TeV-pythia6-tauola_HGCALGS_PU140_5ns_32ns_RECO/151014_110313/0000/out_reco_16.root
20-Oct-2015 08:00:39 CEST  Successfully opened file file:/lustre/cms//store/user/piet/ME0Segment_Time/DYToMuMu_M-20_TuneZ2star_14TeV-pythia6-tauola/DYToMuMu_M-20_TuneZ2star_14TeV-pythia6-tauola_HGCALGS_PU140_5ns_32ns_RECO/151014_110313/0000/out_reco_16.root
Begin processing the 101st record. Run 1, Event 636181, LumiSection 26787 at 20-Oct-2015 08:00:42.429 CEST
-10.8491-2.93261-1.55619-26.4817%MSG-e RunLumiMerging:  source 20-Oct-2015 08:00:50 CEST PostBeginLumi
ProductHolderBase::mergeTheProduct
Two run/lumi products for the same run/lumi which should be equal are not
Using the first, ignoring the second
className = edm::RandomEngineStates
moduleLabel = randomEngineStateProducer
instance = beginLumi
process = DIGI2RAW

%MSG
-1.07891-2.37276-0.454848-1.3784720-Oct-2015 08:01:00 CEST  Closed file file:/lustre/cms//store/user/piet/ME0Segment_Time/DYToMuMu_M-20_TuneZ2star_14TeV-pythia6-tauola/DYToMuMu_M-20_TuneZ2star_14TeV-pythia6-tauola_HGCALGS_PU140_5ns_32ns_RECO/151014_110313/0000/out_reco_16.root
20-Oct-2015 08:01:00 CEST  Initiating request to open file file:/lustre/cms//store/user/piet/ME0Segment_Time/DYToMuMu_M-20_TuneZ2star_14TeV-pythia6-tauola/DYToMuMu_M-20_TuneZ2star_14TeV-pythia6-tauola_HGCALGS_PU140_5ns_32ns_RECO/151014_110313/0000/out_reco_46.root
20-Oct-2015 08:01:00 CEST  Successfully opened file file:/lustre/cms//store/user/piet/ME0Segment_Time/DYToMuMu_M-20_TuneZ2star_14TeV-pythia6-tauola/DYToMuMu_M-20_TuneZ2star_14TeV-pythia6-tauola_HGCALGS_PU140_5ns_32ns_RECO/151014_110313/0000/out_reco_46.root
Begin processing the 201st record. Run 1, Event 355781, LumiSection 14981 at 20-Oct-2015 08:01:04.870 CEST
-0.734113-0.340285-1.62453-6.72067-1.46811-0.352078-5.28424-0.819924-6.0721820-Oct-2015 08:01:28 CEST  Closed file file:/lustre/cms//store/user/piet/ME0Segment_Time/DYToMuMu_M-20_TuneZ2star_14TeV-pythia6-tauola/DYToMuMu_M-20_TuneZ2star_14TeV-pythia6-tauola_HGCALGS_PU140_5ns_32ns_RECO/151014_110313/0000/out_reco_46.root
20-Oct-2015 08:01:28 CEST  Initiating request to open file file:/lustre/cms//store/user/piet/ME0Segment_Time/DYToMuMu_M-20_TuneZ2star_14TeV-pythia6-tauola/DYToMuMu_M-20_TuneZ2star_14TeV-pythia6-tauola_HGCALGS_PU140_5ns_32ns_RECO/151014_110313/0000/out_reco_75.root
20-Oct-2015 08:01:28 CEST  Successfully opened file file:/lustre/cms//store/user/piet/ME0Segment_Time/DYToMuMu_M-20_TuneZ2star_14TeV-pythia6-tauola/DYToMuMu_M-20_TuneZ2star_14TeV-pythia6-tauola_HGCALGS_PU140_5ns_32ns_RECO/151014_110313/0000/out_reco_75.root
Begin processing the 301st record. Run 1, Event 993001, LumiSection 41811 at 20-Oct-2015 08:01:31.089 CEST
-3.43069%MSG-e RunLumiMerging:  source 20-Oct-2015 08:01:34 CEST PostBeginLumi
ProductHolderBase::mergeTheProduct
Two run/lumi products for the same run/lumi which should be equal are not
Using the first, ignoring the second
className = edm::RandomEngineStates
moduleLabel = randomEngineStateProducer
instance = beginLumi
process = DIGI2RAW

%MSG
-2.19069-2.30526-1.3134320-Oct-2015 08:01:48 CEST  Closed file file:/lustre/cms//store/user/piet/ME0Segment_Time/DYToMuMu_M-20_TuneZ2star_14TeV-pythia6-tauola/DYToMuMu_M-20_TuneZ2star_14TeV-pythia6-tauola_HGCALGS_PU140_5ns_32ns_RECO/151014_110313/0000/out_reco_75.root
20-Oct-2015 08:01:48 CEST  Initiating request to open file file:/lustre/cms//store/user/piet/ME0Segment_Time/DYToMuMu_M-20_TuneZ2star_14TeV-pythia6-tauola/DYToMuMu_M-20_TuneZ2star_14TeV-pythia6-tauola_HGCALGS_PU140_5ns_32ns_RECO/151014_110313/0000/out_reco_64.root
20-Oct-2015 08:01:48 CEST  Successfully opened file file:/lustre/cms//store/user/piet/ME0Segment_Time/DYToMuMu_M-20_TuneZ2star_14TeV-pythia6-tauola/DYToMuMu_M-20_TuneZ2star_14TeV-pythia6-tauola_HGCALGS_PU140_5ns_32ns_RECO/151014_110313/0000/out_reco_64.root
Begin processing the 401st record. Run 1, Event 644691, LumiSection 27145 at 20-Oct-2015 08:01:51.743 CEST
%MSG-e RunLumiMerging:  source 20-Oct-2015 08:01:53 CEST PostBeginLumi
ProductHolderBase::mergeTheProduct
Two run/lumi products for the same run/lumi which should be equal are not
Using the first, ignoring the second
className = edm::RandomEngineStates
moduleLabel = randomEngineStateProducer
instance = beginLumi
process = DIGI2RAW

%MSG
-28.8117-0.824138-4.04715-0.367834-0.58281920-Oct-2015 08:02:08 CEST  Closed file file:/lustre/cms//store/user/piet/ME0Segment_Time/DYToMuMu_M-20_TuneZ2star_14TeV-pythia6-tauola/DYToMuMu_M-20_TuneZ2star_14TeV-pythia6-tauola_HGCALGS_PU140_5ns_32ns_RECO/151014_110313/0000/out_reco_64.root
20-Oct-2015 08:02:08 CEST  Initiating request to open file file:/lustre/cms//store/user/piet/ME0Segment_Time/DYToMuMu_M-20_TuneZ2star_14TeV-pythia6-tauola/DYToMuMu_M-20_TuneZ2star_14TeV-pythia6-tauola_HGCALGS_PU140_5ns_32ns_RECO/151014_110313/0000/out_reco_74.root
20-Oct-2015 08:02:08 CEST  Successfully opened file file:/lustre/cms//store/user/piet/ME0Segment_Time/DYToMuMu_M-20_TuneZ2star_14TeV-pythia6-tauola/DYToMuMu_M-20_TuneZ2star_14TeV-pythia6-tauola_HGCALGS_PU140_5ns_32ns_RECO/151014_110313/0000/out_reco_74.root
Begin processing the 501st record. Run 1, Event 900761, LumiSection 37927 at 20-Oct-2015 08:02:11.242 CEST
-1.27152-0.820848%MSG-e RunLumiMerging:  source 20-Oct-2015 08:02:14 CEST PostBeginLumi
ProductHolderBase::mergeTheProduct
Two run/lumi products for the same run/lumi which should be equal are not
Using the first, ignoring the second
className = edm::RandomEngineStates
moduleLabel = randomEngineStateProducer
instance = beginLumi
process = DIGI2RAW

%MSG
-1.0478420-Oct-2015 08:02:30 CEST  Closed file file:/lustre/cms//store/user/piet/ME0Segment_Time/DYToMuMu_M-20_TuneZ2star_14TeV-pythia6-tauola/DYToMuMu_M-20_TuneZ2star_14TeV-pythia6-tauola_HGCALGS_PU140_5ns_32ns_RECO/151014_110313/0000/out_reco_74.root
20-Oct-2015 08:02:30 CEST  Initiating request to open file file:/lustre/cms//store/user/piet/ME0Segment_Time/DYToMuMu_M-20_TuneZ2star_14TeV-pythia6-tauola/DYToMuMu_M-20_TuneZ2star_14TeV-pythia6-tauola_HGCALGS_PU140_5ns_32ns_RECO/151014_110313/0000/out_reco_68.root
20-Oct-2015 08:02:30 CEST  Successfully opened file file:/lustre/cms//store/user/piet/ME0Segment_Time/DYToMuMu_M-20_TuneZ2star_14TeV-pythia6-tauola/DYToMuMu_M-20_TuneZ2star_14TeV-pythia6-tauola_HGCALGS_PU140_5ns_32ns_RECO/151014_110313/0000/out_reco_68.root
Begin processing the 601st record. Run 1, Event 751631, LumiSection 31648 at 20-Oct-2015 08:02:33.260 CEST
-1.98828-0.983206-19.4712-2.10063%MSG-e RunLumiMerging:  source 20-Oct-2015 08:02:48 CEST PostBeginLumi
ProductHolderBase::mergeTheProduct
Two run/lumi products for the same run/lumi which should be equal are not
Using the first, ignoring the second
className = edm::RandomEngineStates
moduleLabel = randomEngineStateProducer
instance = beginLumi
process = DIGI2RAW

%MSG
-0.844705-1.3096320-Oct-2015 08:02:54 CEST  Closed file file:/lustre/cms//store/user/piet/ME0Segment_Time/DYToMuMu_M-20_TuneZ2star_14TeV-pythia6-tauola/DYToMuMu_M-20_TuneZ2star_14TeV-pythia6-tauola_HGCALGS_PU140_5ns_32ns_RECO/151014_110313/0000/out_reco_68.root
20-Oct-2015 08:02:54 CEST  Initiating request to open file file:/lustre/cms//store/user/piet/ME0Segment_Time/DYToMuMu_M-20_TuneZ2star_14TeV-pythia6-tauola/DYToMuMu_M-20_TuneZ2star_14TeV-pythia6-tauola_HGCALGS_PU140_5ns_32ns_RECO/151014_110313/0000/out_reco_86.root
20-Oct-2015 08:02:54 CEST  Successfully opened file file:/lustre/cms//store/user/piet/ME0Segment_Time/DYToMuMu_M-20_TuneZ2star_14TeV-pythia6-tauola/DYToMuMu_M-20_TuneZ2star_14TeV-pythia6-tauola_HGCALGS_PU140_5ns_32ns_RECO/151014_110313/0000/out_reco_86.root
Begin processing the 701st record. Run 1, Event 462371, LumiSection 19469 at 20-Oct-2015 08:02:58.472 CEST
%MSG-e RunLumiMerging:  source 20-Oct-2015 08:03:03 CEST PostBeginLumi
ProductHolderBase::mergeTheProduct
Two run/lumi products for the same run/lumi which should be equal are not
Using the first, ignoring the second
className = edm::RandomEngineStates
moduleLabel = randomEngineStateProducer
instance = beginLumi
process = DIGI2RAW

%MSG
-2.9559-1.42644-1.07043-2.38256-1.59549-14.1323-4.81102-2.47251-0.77947920-Oct-2015 08:03:17 CEST  Closed file file:/lustre/cms//store/user/piet/ME0Segment_Time/DYToMuMu_M-20_TuneZ2star_14TeV-pythia6-tauola/DYToMuMu_M-20_TuneZ2star_14TeV-pythia6-tauola_HGCALGS_PU140_5ns_32ns_RECO/151014_110313/0000/out_reco_86.root
20-Oct-2015 08:03:17 CEST  Initiating request to open file file:/lustre/cms//store/user/piet/ME0Segment_Time/DYToMuMu_M-20_TuneZ2star_14TeV-pythia6-tauola/DYToMuMu_M-20_TuneZ2star_14TeV-pythia6-tauola_HGCALGS_PU140_5ns_32ns_RECO/151014_110313/0000/out_reco_30.root
20-Oct-2015 08:03:17 CEST  Successfully opened file file:/lustre/cms//store/user/piet/ME0Segment_Time/DYToMuMu_M-20_TuneZ2star_14TeV-pythia6-tauola/DYToMuMu_M-20_TuneZ2star_14TeV-pythia6-tauola_HGCALGS_PU140_5ns_32ns_RECO/151014_110313/0000/out_reco_30.root
Begin processing the 801st record. Run 1, Event 836561, LumiSection 35224 at 20-Oct-2015 08:03:19.639 CEST
-2.18204-5.94172-8.26211-0.975833-1.1216-1.29226-21.733520-Oct-2015 08:03:36 CEST  Closed file file:/lustre/cms//store/user/piet/ME0Segment_Time/DYToMuMu_M-20_TuneZ2star_14TeV-pythia6-tauola/DYToMuMu_M-20_TuneZ2star_14TeV-pythia6-tauola_HGCALGS_PU140_5ns_32ns_RECO/151014_110313/0000/out_reco_30.root
20-Oct-2015 08:03:36 CEST  Initiating request to open file file:/lustre/cms//store/user/piet/ME0Segment_Time/DYToMuMu_M-20_TuneZ2star_14TeV-pythia6-tauola/DYToMuMu_M-20_TuneZ2star_14TeV-pythia6-tauola_HGCALGS_PU140_5ns_32ns_RECO/151014_110313/0000/out_reco_3.root
20-Oct-2015 08:03:36 CEST  Successfully opened file file:/lustre/cms//store/user/piet/ME0Segment_Time/DYToMuMu_M-20_TuneZ2star_14TeV-pythia6-tauola/DYToMuMu_M-20_TuneZ2star_14TeV-pythia6-tauola_HGCALGS_PU140_5ns_32ns_RECO/151014_110313/0000/out_reco_3.root
Begin processing the 901st record. Run 1, Event 543431, LumiSection 22882 at 20-Oct-2015 08:03:39.842 CEST
-5.9133-22.7465-25.1178-1.36907-3.24692-0.939978-0.90267620-Oct-2015 08:04:01 CEST  Closed file file:/lustre/cms//store/user/piet/ME0Segment_Time/DYToMuMu_M-20_TuneZ2star_14TeV-pythia6-tauola/DYToMuMu_M-20_TuneZ2star_14TeV-pythia6-tauola_HGCALGS_PU140_5ns_32ns_RECO/151014_110313/0000/out_reco_3.root

=============================================

MessageLogger Summary

 type     category        sev    module        subroutine        count    total
 ---- -------------------- -- ---------------- ----------------  -----    -----
    1 RunLumiMerging       -e source                                 7        7
    2 fileAction           -s file_close                            10       10
    3 fileAction           -s file_open                             20       20

 type    category    Examples: run/evt        run/evt          run/evt
 ---- -------------------- ---------------- ---------------- ----------------
    1 RunLumiMerging       PostBeginLumi    PostBeginLumi    PostBeginLumi
    2 fileAction           PostProcessEvent PostProcessEvent PostEndRun
    3 fileAction           pre-events       pre-events       PostProcessEvent

Severity    # Occurrences   Total Occurrences
--------    -------------   -----------------
Error                   7                   7
System                 30                  30
>>> END OF printout of 134 lines from stdout+stderr
>>> Parse FrameworkJobReport crab_fjr.xml
Result of parsing the FrameworkJobReport crab_fjr.xml: Popularity start
lumisRange : 1::15021,22882-22885::1;1::16362,26787-26790::2;1::18660,27145-27149::3;1::18664,41811-41814::4;1::14981-14984,18069::5;1::19469-19472,19884::6;1::16367,35224,38825-38828::7;1::16363,30339-30342::8;1::18663-18664,37927-37928,41809-41811::9;1::18661-18662,31648,36217-36220::10;
lumisParentRange : 
Basename : /store/user/piet/ME0Segment_Time/DYToMuMu_M-20_TuneZ2star_14TeV-pythia6-tauola/DYToMuMu_M-20_TuneZ2star_14TeV-pythia6-tauola_HGCALGS_PU140_5ns_32ns_RECO/151014_110313/0000/out_reco_
BasenameParent : 
parentFiles : 
inputBlocks : /DYToMuMu_M-20_TuneZ2star_14TeV-pythia6-tauola/piet-DYToMuMu_M-20_TuneZ2star_14TeV-pythia6-tauola_HGCALGS_PU140_5ns_32ns_RECO-9534beda007a59447d9159ddc4f0a675/USER#10c5504c-fad1-456c-ab37-e278fce8fe51
inputFiles : 3.root::1::EDM::Local::1;16.root::1::EDM::Local::2;64.root::1::EDM::Local::3;75.root::1::EDM::Local::4;46.root::1::EDM::Local::5;86.root::1::EDM::Local::6;30.root::1::EDM::Local::7;18.root::1::EDM::Local::8;74.root::1::EDM::Local::9;68.root::1::EDM::Local::10;
Popularity stop
Extracted ExitStatus from FrameworkJobReport parsing output: 0
>>> Executable succeded  0
ExeExitCode=0
EXECUTABLE_EXIT_STATUS = 0
>>> current directory /home/cms033/home_cream_401657253/CREAM401657253/glide_YzlPUW/execute/dir_26900/CMSSW_6_2_0_SLHC26_patch3
>>>  (SOFTWARE_DIR): /home/cms033/home_cream_401657253/CREAM401657253/glide_YzlPUW/execute/dir_26900/CMSSW_6_2_0_SLHC26_patch3
>>> (WORKING_DIR): 
>>> current directory content:
total 664
drwxr-xr-x 3 cms033 cms   4096 Oct 20 07:59 .SCRAM
-rw------- 1 cms033 cms 279355 Oct 20 07:59 CMSSW.py.pkl
-rw------- 1 cms033 cms  14284 Oct 20 08:04 OutTree.root
drwxr-xr-x 3 cms033 cms   4096 Oct 20 07:59 biglib
drwxr-xr-x 3 cms033 cms   4096 Oct 20 07:59 bin
drwxr-xr-x 3 cms033 cms   4096 Oct 20 07:59 cfipython
drwxr-xr-x 4 cms033 cms   4096 Jul 13 19:47 config
-rw------- 1 cms033 cms     16 Oct 20 08:04 cpu_timing.txt
drwxr-xr-x 2 cms033 cms   4096 Oct 20 07:59 doc
-rw------- 1 cms033 cms  12793 Oct 20 08:04 executable.out
drwxr-xr-x 2 cms033 cms   4096 Oct 20 07:59 include
drwx------ 3 cms033 cms   4096 Sep 29 20:50 lib
drwxr-xr-x 3 cms033 cms   4096 Oct 20 07:59 logs
drwxr-xr-x 3 cms033 cms   4096 Oct 20 07:59 objs
-rw------- 1 cms033 cms    104 Oct 20 07:59 pset.py
-rw------- 1 cms033 cms 281607 Oct 20 07:59 pset.py.pkl
-rw------- 1 cms033 cms    289 Oct 20 07:59 pset.pyc
drwxr-xr-x 2 cms033 cms   4096 Oct 20 07:59 python
-rw------- 1 cms033 cms    374 Oct 20 08:04 report.log
drwx------ 7 cms033 cms   4096 Oct 20 07:59 src
drwxr-xr-x 3 cms033 cms   4096 Oct 20 07:59 test
drwxr-xr-x 3 cms033 cms   4096 Oct 20 07:59 tmp
>>> current directory /home/cms033/home_cream_401657253/CREAM401657253/glide_YzlPUW/execute/dir_26900/CMSSW_6_2_0_SLHC26_patch3
>>> (SOFTWARE_DIR): /home/cms033/home_cream_401657253/CREAM401657253/glide_YzlPUW/execute/dir_26900/CMSSW_6_2_0_SLHC26_patch3
>>> (WORKING_DIR): 
>>> current directory content:
total 648
drwxr-xr-x 3 cms033 cms   4096 Oct 20 07:59 .SCRAM
-rw------- 1 cms033 cms 279355 Oct 20 07:59 CMSSW.py.pkl
drwxr-xr-x 3 cms033 cms   4096 Oct 20 07:59 biglib
drwxr-xr-x 3 cms033 cms   4096 Oct 20 07:59 bin
drwxr-xr-x 3 cms033 cms   4096 Oct 20 07:59 cfipython
drwxr-xr-x 4 cms033 cms   4096 Jul 13 19:47 config
-rw------- 1 cms033 cms     16 Oct 20 08:04 cpu_timing.txt
drwxr-xr-x 2 cms033 cms   4096 Oct 20 07:59 doc
-rw------- 1 cms033 cms  12793 Oct 20 08:04 executable.out
drwxr-xr-x 2 cms033 cms   4096 Oct 20 07:59 include
drwx------ 3 cms033 cms   4096 Sep 29 20:50 lib
drwxr-xr-x 3 cms033 cms   4096 Oct 20 07:59 logs
drwxr-xr-x 3 cms033 cms   4096 Oct 20 07:59 objs
-rw------- 1 cms033 cms    104 Oct 20 07:59 pset.py
-rw------- 1 cms033 cms 281607 Oct 20 07:59 pset.py.pkl
-rw------- 1 cms033 cms    289 Oct 20 07:59 pset.pyc
drwxr-xr-x 2 cms033 cms   4096 Oct 20 07:59 python
-rw------- 1 cms033 cms    374 Oct 20 08:04 report.log
drwx------ 7 cms033 cms   4096 Oct 20 07:59 src
drwxr-xr-x 3 cms033 cms   4096 Oct 20 07:59 test
drwxr-xr-x 3 cms033 cms   4096 Oct 20 07:59 tmp
>>> current directory (RUNTIME_AREA):  /home/cms033/home_cream_401657253/CREAM401657253/glide_YzlPUW/execute/dir_26900
>>> current dir: /home/cms033/home_cream_401657253/CREAM401657253/glide_YzlPUW/execute/dir_26900
>>> current dir content:
total 26332
-rwx------  1 cms033 cms       52 Oct 20 07:59 .chirp.config
-rwx------  1 cms033 cms     6748 Oct 20 07:59 .job.ad
-rwx------  1 cms033 cms     9332 Oct 20 07:59 .machine.ad
-rw-------  1 cms033 cms      105 Oct 20 07:36 CMSSW.py
-rw-------  1 cms033 cms   279355 Oct 20 07:36 CMSSW.py.pkl
-rwx------  1 cms033 cms    26312 Oct 20 07:59 CMSSW.sh
drwxr-xr-x 16 cms033 cms     4096 Oct 20 08:04 CMSSW_6_2_0_SLHC26_patch3
-rw-------  1 cms033 cms      302 Oct 20 07:59 CacheEnv.sh
-rw-------  1 cms033 cms     7291 Nov 19  2014 DashboardAPI.py
-rw-------  1 cms033 cms     6815 Oct 20 07:59 DashboardAPI.pyc
drwx------  2 cms033 cms     4096 Oct 20 08:04 IMProv
-rw-------  1 cms033 cms     2748 Nov 19  2014 Logger.py
-rw-------  1 cms033 cms     3347 Oct 20 07:59 Logger.pyc
lrwxrwxrwx  1 cms033 cms      101 Oct 20 08:04 OutTree.root -> /home/cms033/home_cream_401657253/CREAM401657253/glide_YzlPUW/execute/dir_26900/OutTree_20_1_i5S.root
-rw-------  1 cms033 cms    14284 Oct 20 08:04 OutTree_20_1_i5S.root
-rw-------  1 cms033 cms    24524 Nov 19  2014 ProcInfo.py
-rw-------  1 cms033 cms    23197 Oct 20 07:59 ProcInfo.pyc
drwx------  7 cms033 cms     4096 Oct 20 07:59 ProdCommon
drwx------  3 cms033 cms     4096 Oct 20 07:59 WMCore
-rw-------  1 cms033 cms     2138 Oct 20 08:03 Watchdog_20.log
-rwx------  1 cms033 cms        0 Oct 20 07:59 _condor_stderr
-rwx---r--  1 cms033 cms    27992 Oct 20 08:04 _condor_stdout
-rw-------  1 cms033 cms    32895 Nov 19  2014 apmon.py
-rw-------  1 cms033 cms    28625 Oct 20 07:59 apmon.pyc
-rwx------  1 cms033 cms   199428 Oct 20 07:59 arguments.xml
-rwx------  1 cms033 cms   204102 May 29 01:26 cmsRun
-rwx------  1 cms033 cms    38581 Nov 19  2014 cmscp.py
-rwx------  1 cms033 cms    26312 Oct 20 07:59 condor_exec.exe
-rw-------  1 cms033 cms      525 Oct 20 07:36 crab.cfg
-rwx------  1 cms033 cms     8610 Nov 19  2014 crabWatchdog.sh
-rwx---r--  1 cms033 cms   531588 Oct 20 08:04 crab_fjr_20.xml
-rwx------  1 cms033 cms 25265829 Oct 20 07:59 default.tgz
-rwx------  1 cms033 cms     4488 Nov 19  2014 fillCrabFjr.py
-rw-------  1 cms033 cms     2138 Oct 20 07:59 inputsReport.txt
-rw-------  1 cms033 cms      127 Oct 20 08:04 jobreport.txt
-rw-------  1 cms033 cms    17352 Nov 19  2014 parseCrabFjr.py
-rw-------  1 cms033 cms      338 Oct 20 07:59 report.log
-rwx--x--x  1 cms033 cms     1497 Nov 19  2014 report.py
-rwx------  1 cms033 cms     8351 Nov 19  2014 writeCfg.py
-rw-------  1 cms033 cms     8473 Oct 20 07:59 x509up_u46992
>>> crab_fjr_*.xml  permission set to 0704
CrabWrapper EXIT_FUNC entered at Tue Oct 20 08:04:10 CEST 2015   -  Tue Oct 20 06:04:10 UTC 2015
Checking output files:  
will tar file OutTree_20_1_i5S.root in  out_files_20
will tar file crab_fjr_20.xml in  out_files_20
WARNING: output file CMSSW_20.stdout not found!
WARNING: output file CMSSW_20.stderr not found!
WARNING: output file Watchdog_20.log.gz not found!
>>> padding time: Sleeping the wrapper for 310 seconds
STOPPING WATCHDOG. CrabWatchdog PID is 27096
********** LAST 50 LINES OF WATCHDOG LOG
# RESOURCE USAGE SUMMARY FOR PROCESS ID 26904
USER       PID %CPU %MEM    VSZ   RSS TTY      STAT START   TIME COMMAND
cms033   26904  0.2  0.0   9600  1612 ?        S    07:59   0:00 /bin/sh /home/cms033/home_cream_401657253/CREAM401657253/glide_YzlPUW/execute/dir_26900/condor_exec.exe 20 1
 
# LIMITS USED BY CRAB WATCHDOG:
# RSS  (KBytes)   : 2300000
# VSZ  (KBytes)   : 100000000
# DISK (MBytes)   : 19000
# CPU TIME        : 720h:0m:0s
# WALL CLOCK TIME : 21h:50m:0s
 
# FOLLOWING PRINTOUT TRACKS MAXIMUM VALUES OF RESOURCES USE
# ONE LINE IS PRINTED EACH TIME A MAXIMUM CHANGES
# IF CHANGE WAS IN RSS OR VSZ ALSO PROCID AND COMMAND ARE PRINTED
# THERE IS NO PRINTOUT FOR CPU/WALL TIME INCREASE
 
# TIME			PID	RSS(KB)	VSZ(KB)	Dsk(MB)	tCPU(s)	tWALL(s)	COMMAND
 Oct 20 07:59:28 CEST	11967	1240	106096	0	0	0	sh -c "./glidein_startup.sh" -v std -name v3_2 -entry CMS_T2_IT_Bari_ce2 -clientname CMSG-v1_0.main
 Oct 20 07:59:28 CEST	11970	1796	106488	0	0	1	/bin/bash ./glidein_startup.sh -v std -name v3_2 -entry CMS_T2_IT_Bari_ce2 -clientname CMSG-v1_0.main -schedd
 Oct 20 07:59:28 CEST	17791	8676	106488	0	0	1	/home/cms033/home_cream_401657253/CREAM401657253/glide_YzlPUW/main/condor/sbin/condor_master -f -pidfile /home/cms033/home_cream_401657253/CREAM401657253/glide_YzlPUW/condor_master2.pid       
 Oct 20 07:59:28 CEST	17794	9464	106488	0	0	2	condor_startd -f         
 Oct 20 07:59:28 CEST	---	9464	106488	155	----	----	----
 Oct 20 08:00:31 CEST	27387	527912	730756	155	23	66	cmsRun -j /home/cms033/home_cream_401657253/CREAM401657253/glide_YzlPUW/execute/dir_26900/crab_fjr_20.xml -p pset.py      
 Oct 20 08:01:35 CEST	27387	527912	738948	155	45	130	cmsRun -j /home/cms033/home_cream_401657253/CREAM401657253/glide_YzlPUW/execute/dir_26900/crab_fjr_20.xml -p pset.py      
 Oct 20 08:02:38 CEST	27387	527912	745348	155	70	193	cmsRun -j /home/cms033/home_cream_401657253/CREAM401657253/glide_YzlPUW/execute/dir_26900/crab_fjr_20.xml -p pset.py      
 Oct 20 08:03:41 CEST	27387	535496	754308	155	97	256	cmsRun -j /home/cms033/home_cream_401657253/CREAM401657253/glide_YzlPUW/execute/dir_26900/crab_fjr_20.xml -p pset.py      
********** WATCHDOG LOG ENDED
ZIPPING WATCHDOG LOG
Disk space used:
du -sh /home/cms033/home_cream_401657253/CREAM401657253/glide_YzlPUW/execute/dir_26900
155M	/home/cms033/home_cream_401657253/CREAM401657253/glide_YzlPUW/execute/dir_26900
Found unusual stdout, rename for OSB
`/home/cms033/home_cream_401657253/CREAM401657253/glide_YzlPUW/execute/dir_26900/_condor_stdout' -> `CMSSW_20.stdout'
Found unusual stderr, rename for OSB
`/home/cms033/home_cream_401657253/CREAM401657253/glide_YzlPUW/execute/dir_26900/_condor_stdout' -> `CMSSW_20.stderr'
OutTree_20_1_i5S.root
crab_fjr_20.xml
CMSSW_20.stdout
CMSSW_20.stderr
Watchdog_20.log.gz
Total Output dimension: 82478
WARNING: output files size limit is set to: 50000000
Total Output dimension 82478 is fine.
JOB_EXIT_STATUS = 0
>>> info for dashboard:
***** Cat /home/cms033/home_cream_401657253/CREAM401657253/glide_YzlPUW/execute/dir_26900/jobreport.txt *****
MonitorJobID=20_https://submit-6.t2.ucsd.edu//151020//666495.19
MonitorID=amkalsi_Good_5000ps_p82fc3
ExeTime=269
ExeExitCode=0
CrabUserCpuTime=90.62
CrabSysCpuTime=14.46
CrabCpuPercentage=38%
CrabWrapperTime=600
CrabStageoutTime=NULL
JobExitCode=0
***** End Cat jobreport *****
Parameters sent to Dashboard.
EXITING at Tue Oct 20 08:09:27 CEST 2015  -  Tue Oct 20 06:09:27 UTC 2015
