This script was generated by crab (version 2.11.1_patch1).
Running /home/condor/dir_55291/CREAM817187283/glide_9xAHXp/execute/dir_19572/condor_exec.exe with 2 positional parameters: 15 1
Today is Tue Oct 20 07:58:35 CEST 2015 - Tue Oct 20 05:58:35 UTC 2015
Job submitted on host wn-recas-infn-12.recas.ba.infn.it
Linux wn-recas-infn-12.recas.ba.infn.it 2.6.32-504.23.4.el6.x86_64 #1 SMP Tue Jun 9 11:55:03 CDT 2015 x86_64 x86_64 x86_64 GNU/Linux
Distributor ID:	Scientific
Description:	Scientific Linux release 6.7 (Carbon)
>>> current directory (RUNTIME_AREA): /home/condor/dir_55291/CREAM817187283/glide_9xAHXp/execute/dir_19572
>>> current user: uid=11755(cms013) gid=1399(cms) groups=1399(cms)
>>> directory permission set to 0700
>>> umask set to:  u=rwx,g=,o=
>>> stdout stderr permission set to 0704
>>> voms proxy information:
subject   : /C=TW/O=AP/OU=GRID/CN=Amandeep Kaur Kalsi 129089/CN=541697223/CN=1241952082
issuer    : /C=TW/O=AP/OU=GRID/CN=Amandeep Kaur Kalsi 129089/CN=541697223
identity  : /C=TW/O=AP/OU=GRID/CN=Amandeep Kaur Kalsi 129089
type      : RFC3820 compliant limited proxy
strength  : 1024
path      : /home/condor/dir_55291/CREAM817187283/glide_9xAHXp/execute/dir_19572/x509up_u46992
timeleft  : 23:59:50
key usage : Digital Signature, Key Encipherment, Data Encipherment, Key Agreement
=== VO cms extension information ===
VO        : cms
subject   : /C=TW/O=AP/OU=GRID/CN=Amandeep Kaur Kalsi 129089
issuer    : /DC=ch/DC=cern/OU=computers/CN=voms2.cern.ch
attribute : /cms/Role=NULL/Capability=NULL
timeleft  : 191:35:13
uri       : voms2.cern.ch:15002

WNHostName=wn-recas-infn-12.recas.ba.infn.it
$_CONDOR_JOB_AD =/home/condor/dir_55291/CREAM817187283/glide_9xAHXp/execute/dir_19572/.job.ad
OverflowFlag=0
>>> tar --no-same-permissions -xf /home/condor/dir_55291/CREAM817187283/glide_9xAHXp/execute/dir_19572/default.tgz :
Successful untar
>>> Include /home/condor/dir_55291/CREAM817187283/glide_9xAHXp/execute/dir_19572 in PYTHONPATH:
strip arguments
env var CRAB_UNIQUE_JOB_ID set to: amkalsi_Good_5000ps_p82fc3_15_1_UUm
out_files_15
>>> list of expected files on output sandbox
output files: OutTree_15_1_UUm.root crab_fjr_15.xml CMSSW_15.stdout CMSSW_15.stderr Watchdog_15.log.gz
>>> GridFlavour discovery: 
GridFlavour=LCG
>>> SyncSite discovery: 
SyncSite=T2_IT_Bari
>>> SyncCE discovery: 
getting SyncCE from CE_ID
SyncCE=ce-01.recas.ba.infn.it:8443/cream-condor-cms
>>> info for dashboard:
***** Cat /home/condor/dir_55291/CREAM817187283/glide_9xAHXp/execute/dir_19572/jobreport.txt *****
WNHostName=wn-recas-infn-12.recas.ba.infn.it
OverflowFlag=0
MonitorJobID=15_https://submit-6.t2.ucsd.edu//151020//666495.14
SyncGridJobId=https://submit-6.t2.ucsd.edu//151020//666495.14
MonitorID=amkalsi_Good_5000ps_p82fc3
GridFlavour=LCG
SyncSite=T2_IT_Bari
SyncCE=ce-01.recas.ba.infn.it:8443/cream-condor-cms
***** End Cat jobreport *****
Parameters sent to Dashboard.
>>> setup environment
set SCRAM ARCH to slc6_amd64_gcc472
SCRAM_ARCH = slc6_amd64_gcc472
>>> setup CMS LCG environment:
set SCRAM ARCH and BUILD_ARCH to slc6_amd64_gcc472 ###
Sourcing environment... 
sourcing /cvmfs/cms.cern.ch/cmsset_default.sh
==> setup cms environment ok
>>> specific cmssw setup environment:
CMSSW_VERSION =  CMSSW_6_2_0_SLHC26_patch3
WARNING: In non-interactive mode release checks e.g. deprecated releases, production architectures are disabled.
>>> current directory (SOFTWARE_DIR): /home/condor/dir_55291/CREAM817187283/glide_9xAHXp/execute/dir_19572/CMSSW_6_2_0_SLHC26_patch3
PreserveSeeds: <>
IncrementSeeds:<>
>>> info for dashboard:
***** Cat /home/condor/dir_55291/CREAM817187283/glide_9xAHXp/execute/dir_19572/jobreport.txt *****
MonitorJobID=15_https://submit-6.t2.ucsd.edu//151020//666495.14
MonitorID=amkalsi_Good_5000ps_p82fc3
***** End Cat jobreport *****
Parameters sent to Dashboard.
crabWatchdog started as process 19828
>>> moving CMSSW software directories in /home/condor/dir_55291/CREAM817187283/glide_9xAHXp/execute/dir_19572/CMSSW_6_2_0_SLHC26_patch3
mv: cannot stat `/home/condor/dir_55291/CREAM817187283/glide_9xAHXp/execute/dir_19572/module/': No such file or directory
>>> Include /home/condor/dir_55291/CREAM817187283/glide_9xAHXp/execute/dir_19572 in PYTHONPATH:
PYTHONPATH=/home/condor/dir_55291/CREAM817187283/glide_9xAHXp/execute/dir_19572/:/home/condor/dir_55291/CREAM817187283/glide_9xAHXp/execute/dir_19572/CMSSW_6_2_0_SLHC26_patch3/python:/home/condor/dir_55291/CREAM817187283/glide_9xAHXp/execute/dir_19572/CMSSW_6_2_0_SLHC26_patch3/lib/slc6_amd64_gcc472:/cvmfs/cms.cern.ch/slc6_amd64_gcc472/cms/cmssw-patch/CMSSW_6_2_0_SLHC26_patch3/python:/cvmfs/cms.cern.ch/slc6_amd64_gcc472/cms/cmssw-patch/CMSSW_6_2_0_SLHC26_patch3/lib/slc6_amd64_gcc472:/cvmfs/cms.cern.ch/slc6_amd64_gcc472/cms/cmssw/CMSSW_6_2_0_SLHC26/bin/slc6_amd64_gcc472:/cvmfs/cms.cern.ch/slc6_amd64_gcc472/cms/cmssw/CMSSW_6_2_0_SLHC26/lib/slc6_amd64_gcc472:/cvmfs/cms.cern.ch/slc6_amd64_gcc472/cms/coral/CORAL_2_3_21-flmnjk2/slc6_amd64_gcc472/python:/cvmfs/cms.cern.ch/slc6_amd64_gcc472/cms/coral/CORAL_2_3_21-flmnjk2/slc6_amd64_gcc472/lib:/cvmfs/cms.cern.ch/slc6_amd64_gcc472/external/pyqt/4.8.1-cms5/lib/python2.7/site-packages:/cvmfs/cms.cern.ch/slc6_amd64_gcc472/external/py2-scipy/0.8.0-cms7/lib/python2.7/site-packages:/cvmfs/cms.cern.ch/slc6_amd64_gcc472/external/py2-matplotlib/1.0.1-cms7/lib/python2.7/site-packages:/cvmfs/cms.cern.ch/slc6_amd64_gcc472/external/python-ldap/2.4.10/lib/python2.7/site-packages:/cvmfs/cms.cern.ch/slc6_amd64_gcc472/external/sip/4.11.2-cms5/lib/python2.7/site-packages:/cvmfs/cms.cern.ch/slc6_amd64_gcc472/external/py2-pycurl/7.19.0-cms7/lib/python2.7/site-packages:/cvmfs/cms.cern.ch/slc6_amd64_gcc472/external/py2-numpy/1.6.1-cms7/lib/python2.7/site-packages:/cvmfs/cms.cern.ch/slc6_amd64_gcc472/external/py2-lint/0.25.1-cms5/lib/python2.7/site-packages:/cvmfs/cms.cern.ch/slc6_amd64_gcc472/external/py2-ipython/0.10-cms5/lib/python2.7/site-packages:/cvmfs/cms.cern.ch/slc6_amd64_gcc472/external/py2-cx-oracle/5.1-cms5/lib/python2.7/site-packages:/cvmfs/cms.cern.ch/slc6_amd64_gcc472/external/py2-cjson/1.0.5-cms5/lib/python2.7/site-packages:/cvmfs/cms.cern.ch/slc6_amd64_gcc472/cms/das-client/1.11.7/bin:/cvmfs/cms.cern.ch/slc6_amd64_gcc472/external/elementtree/1.2.6-cms5/share/lib/python2.7/site-packages:/cvmfs/cms.cern.ch/slc6_amd64_gcc472/external/rivet/1.8.2-cms9/lib/python2.7/site-packages:/cvmfs/cms.cern.ch/slc6_amd64_gcc472/external/pyminuit2/0.0.1-cms25/lib/python2.7/site-packages:/cvmfs/cms.cern.ch/slc6_amd64_gcc472/external/py2-pygithub/1.23.0-cms2/lib/python2.7/site-packages:/cvmfs/cms.cern.ch/slc6_amd64_gcc472/external/professor/1.0.0-cms25/lib/python2.7/site-packages:/cvmfs/cms.cern.ch/slc6_amd64_gcc472/lcg/root/5.34.07-cms5/lib:/cvmfs/cms.cern.ch/slc6_amd64_gcc472/cms/dbs-client/DBS_2_1_9-cms5/lib:/cvmfs/cms.cern.ch/slc6_amd64_gcc472/cms/dbs-client/DBS_2_1_9-cms5/lib/DBSAPI:/cvmfs/cms.cern.ch/slc6_amd64_gcc472/external/cvs2git/5419-cms/lib:/home/condor/dir_55291/CREAM817187283/glide_9xAHXp/execute/dir_19572/
 
# LIMITS USED BY CRAB WATCHDOG:
# RSS  (KBytes)   : 2300000
# VSZ  (KBytes)   : 100000000
# DISK (MBytes)   : 19000
# CPU TIME        : 720h:0m:0s
# WALL CLOCK TIME : 21h:50m:0s
 
89204fc7dc811f9e79a97af487a037d4
PSETHASH = 89204fc7dc811f9e79a97af487a037d4
/home/condor/dir_55291/CREAM817187283/glide_9xAHXp/execute/dir_19572/writeCfg.py pset.py pset.py
Importing .py file
Setting parameters
RandomNumberGeneratorService found, will attempt to change seeds
inputBlocks=/DYToMuMu_M-20_TuneZ2star_14TeV-pythia6-tauola/piet-DYToMuMu_M-20_TuneZ2star_14TeV-pythia6-tauola_HGCALGS_PU140_5ns_32ns_RECO-9534beda007a59447d9159ddc4f0a675/USER#c5ed076f-b0d7-4f94-bded-8099b4471502
inputFiles=/store/user/piet/ME0Segment_Time/DYToMuMu_M-20_TuneZ2star_14TeV-pythia6-tauola/DYToMuMu_M-20_TuneZ2star_14TeV-pythia6-tauola_HGCALGS_PU140_5ns_32ns_RECO/151014_110313/0000/out_reco_34.root
parentFiles=
lumisRange=
>>> Executable cmsRun
/cvmfs/cms.cern.ch/slc6_amd64_gcc472/cms/cmssw/CMSSW_6_2_0_SLHC26/bin/slc6_amd64_gcc472/cmsRun
ok executable found
>>> info for dashboard:
***** Cat /home/condor/dir_55291/CREAM817187283/glide_9xAHXp/execute/dir_19572/jobreport.txt *****
MonitorJobID=15_https://submit-6.t2.ucsd.edu//151020//666495.14
MonitorID=amkalsi_Good_5000ps_p82fc3
ExeStart=cmsRun
***** End Cat jobreport *****
Parameters sent to Dashboard.
>>> cmsRun started at Tue Oct 20 05:58:44 UTC 2015
>>> cmsRun ended at Tue Oct 20 05:59:27 UTC 2015
>>> crab_fjr_*.xml  permission set to 0704
>>> info for dashboard:
***** Cat /home/condor/dir_55291/CREAM817187283/glide_9xAHXp/execute/dir_19572/jobreport.txt *****
MonitorJobID=15_https://submit-6.t2.ucsd.edu//151020//666495.14
MonitorID=amkalsi_Good_5000ps_p82fc3
ExeEnd=cmsRun
***** End Cat jobreport *****
Parameters sent to Dashboard.
TIME_EXE = 43 sec
>>> cmsRun wrote 25 lines of stdout+stderr
>>> START OF printout of 25 lines from stdout+stderr
20-Oct-2015 07:58:55 CEST  Initiating request to open file file:/lustre/cms//store/user/piet/ME0Segment_Time/DYToMuMu_M-20_TuneZ2star_14TeV-pythia6-tauola/DYToMuMu_M-20_TuneZ2star_14TeV-pythia6-tauola_HGCALGS_PU140_5ns_32ns_RECO/151014_110313/0000/out_reco_34.root
20-Oct-2015 07:58:57 CEST  Successfully opened file file:/lustre/cms//store/user/piet/ME0Segment_Time/DYToMuMu_M-20_TuneZ2star_14TeV-pythia6-tauola/DYToMuMu_M-20_TuneZ2star_14TeV-pythia6-tauola_HGCALGS_PU140_5ns_32ns_RECO/151014_110313/0000/out_reco_34.root
Begin processing the 1st record. Run 1, Event 938201, LumiSection 39503 at 20-Oct-2015 07:59:03.010 CEST
in MuonNumberingInitialization::initializeMuonDDDConstants
about to make my new muonDDDConst_
in MuonNumberingInitialization::produce
-1.3341-0.886692-0.382854-3.4997820-Oct-2015 07:59:27 CEST  Closed file file:/lustre/cms//store/user/piet/ME0Segment_Time/DYToMuMu_M-20_TuneZ2star_14TeV-pythia6-tauola/DYToMuMu_M-20_TuneZ2star_14TeV-pythia6-tauola_HGCALGS_PU140_5ns_32ns_RECO/151014_110313/0000/out_reco_34.root

=============================================

MessageLogger Summary

 type     category        sev    module        subroutine        count    total
 ---- -------------------- -- ---------------- ----------------  -----    -----
    1 fileAction           -s file_close                             1        1
    2 fileAction           -s file_open                              2        2

 type    category    Examples: run/evt        run/evt          run/evt
 ---- -------------------- ---------------- ---------------- ----------------
    1 fileAction           PostEndRun                        
    2 fileAction           pre-events       pre-events       

Severity    # Occurrences   Total Occurrences
--------    -------------   -----------------
System                  3                   3
>>> END OF printout of 25 lines from stdout+stderr
>>> Parse FrameworkJobReport crab_fjr.xml
Result of parsing the FrameworkJobReport crab_fjr.xml: Popularity start
lumisRange : 1::4921-4923,15017-15018,18065,39503-39504::1;
lumisParentRange : 
Basename : /store/user/piet/ME0Segment_Time/DYToMuMu_M-20_TuneZ2star_14TeV-pythia6-tauola/DYToMuMu_M-20_TuneZ2star_14TeV-pythia6-tauola_HGCALGS_PU140_5ns_32ns_RECO/151014_110313/0000/
BasenameParent : 
parentFiles : 
inputBlocks : /DYToMuMu_M-20_TuneZ2star_14TeV-pythia6-tauola/piet-DYToMuMu_M-20_TuneZ2star_14TeV-pythia6-tauola_HGCALGS_PU140_5ns_32ns_RECO-9534beda007a59447d9159ddc4f0a675/USER#c5ed076f-b0d7-4f94-bded-8099b4471502
inputFiles : out_reco_34.root::1::EDM::Local::1;
Popularity stop
Extracted ExitStatus from FrameworkJobReport parsing output: 0
>>> Executable succeded  0
ExeExitCode=0
EXECUTABLE_EXIT_STATUS = 0
>>> current directory /home/condor/dir_55291/CREAM817187283/glide_9xAHXp/execute/dir_19572/CMSSW_6_2_0_SLHC26_patch3
>>>  (SOFTWARE_DIR): /home/condor/dir_55291/CREAM817187283/glide_9xAHXp/execute/dir_19572/CMSSW_6_2_0_SLHC26_patch3
>>> (WORKING_DIR): 
>>> current directory content:
total 640
drwxr-xr-x 3 cms013 cms   4096 Oct 20 07:58 .SCRAM
-rw------- 1 cms013 cms 279355 Oct 20 07:58 CMSSW.py.pkl
-rw------- 1 cms013 cms  11670 Oct 20 07:59 OutTree.root
drwxr-xr-x 3 cms013 cms   4096 Oct 20 07:58 biglib
drwxr-xr-x 3 cms013 cms   4096 Oct 20 07:58 bin
drwxr-xr-x 3 cms013 cms   4096 Oct 20 07:58 cfipython
drwxr-xr-x 4 cms013 cms   4096 Jul 13 19:47 config
-rw------- 1 cms013 cms     15 Oct 20 07:59 cpu_timing.txt
drwxr-xr-x 2 cms013 cms   4096 Oct 20 07:58 doc
-rw------- 1 cms013 cms   1844 Oct 20 07:59 executable.out
drwxr-xr-x 2 cms013 cms   4096 Oct 20 07:58 include
drwx------ 3 cms013 cms   4096 Sep 29 20:50 lib
drwxr-xr-x 3 cms013 cms   4096 Oct 20 07:58 logs
drwxr-xr-x 3 cms013 cms   4096 Oct 20 07:58 objs
-rw------- 1 cms013 cms    104 Oct 20 07:58 pset.py
-rw------- 1 cms013 cms 279815 Oct 20 07:58 pset.py.pkl
-rw------- 1 cms013 cms    289 Oct 20 07:58 pset.pyc
drwxr-xr-x 2 cms013 cms   4096 Oct 20 07:58 python
-rw------- 1 cms013 cms    374 Oct 20 07:59 report.log
drwx------ 7 cms013 cms   4096 Oct 20 07:58 src
drwxr-xr-x 3 cms013 cms   4096 Oct 20 07:58 test
drwxr-xr-x 3 cms013 cms   4096 Oct 20 07:58 tmp
>>> current directory /home/condor/dir_55291/CREAM817187283/glide_9xAHXp/execute/dir_19572/CMSSW_6_2_0_SLHC26_patch3
>>> (SOFTWARE_DIR): /home/condor/dir_55291/CREAM817187283/glide_9xAHXp/execute/dir_19572/CMSSW_6_2_0_SLHC26_patch3
>>> (WORKING_DIR): 
>>> current directory content:
total 628
drwxr-xr-x 3 cms013 cms   4096 Oct 20 07:58 .SCRAM
-rw------- 1 cms013 cms 279355 Oct 20 07:58 CMSSW.py.pkl
drwxr-xr-x 3 cms013 cms   4096 Oct 20 07:58 biglib
drwxr-xr-x 3 cms013 cms   4096 Oct 20 07:58 bin
drwxr-xr-x 3 cms013 cms   4096 Oct 20 07:58 cfipython
drwxr-xr-x 4 cms013 cms   4096 Jul 13 19:47 config
-rw------- 1 cms013 cms     15 Oct 20 07:59 cpu_timing.txt
drwxr-xr-x 2 cms013 cms   4096 Oct 20 07:58 doc
-rw------- 1 cms013 cms   1844 Oct 20 07:59 executable.out
drwxr-xr-x 2 cms013 cms   4096 Oct 20 07:58 include
drwx------ 3 cms013 cms   4096 Sep 29 20:50 lib
drwxr-xr-x 3 cms013 cms   4096 Oct 20 07:58 logs
drwxr-xr-x 3 cms013 cms   4096 Oct 20 07:58 objs
-rw------- 1 cms013 cms    104 Oct 20 07:58 pset.py
-rw------- 1 cms013 cms 279815 Oct 20 07:58 pset.py.pkl
-rw------- 1 cms013 cms    289 Oct 20 07:58 pset.pyc
drwxr-xr-x 2 cms013 cms   4096 Oct 20 07:58 python
-rw------- 1 cms013 cms    374 Oct 20 07:59 report.log
drwx------ 7 cms013 cms   4096 Oct 20 07:58 src
drwxr-xr-x 3 cms013 cms   4096 Oct 20 07:58 test
drwxr-xr-x 3 cms013 cms   4096 Oct 20 07:58 tmp
>>> current directory (RUNTIME_AREA):  /home/condor/dir_55291/CREAM817187283/glide_9xAHXp/execute/dir_19572
>>> current dir: /home/condor/dir_55291/CREAM817187283/glide_9xAHXp/execute/dir_19572
>>> current dir content:
total 25812
-rwx------  1 cms013 cms       52 Oct 20 07:58 .chirp.config
-rwx------  1 cms013 cms     6771 Oct 20 07:58 .job.ad
-rwx------  1 cms013 cms     9477 Oct 20 07:58 .machine.ad
-rw-------  1 cms013 cms      105 Oct 20 07:36 CMSSW.py
-rw-------  1 cms013 cms   279355 Oct 20 07:36 CMSSW.py.pkl
-rwx------  1 cms013 cms    26312 Oct 20 07:58 CMSSW.sh
drwxr-xr-x 16 cms013 cms     4096 Oct 20 07:59 CMSSW_6_2_0_SLHC26_patch3
-rw-------  1 cms013 cms      258 Oct 20 07:58 CacheEnv.sh
-rw-------  1 cms013 cms     7291 Nov 19  2014 DashboardAPI.py
-rw-------  1 cms013 cms     6650 Oct 20 07:58 DashboardAPI.pyc
drwx------  2 cms013 cms     4096 Oct 20 07:59 IMProv
-rw-------  1 cms013 cms     2748 Nov 19  2014 Logger.py
-rw-------  1 cms013 cms     3292 Oct 20 07:58 Logger.pyc
lrwxrwxrwx  1 cms013 cms       90 Oct 20 07:59 OutTree.root -> /home/condor/dir_55291/CREAM817187283/glide_9xAHXp/execute/dir_19572/OutTree_15_1_UUm.root
-rw-------  1 cms013 cms    11670 Oct 20 07:59 OutTree_15_1_UUm.root
-rw-------  1 cms013 cms    24524 Nov 19  2014 ProcInfo.py
-rw-------  1 cms013 cms    22933 Oct 20 07:58 ProcInfo.pyc
drwx------  7 cms013 cms     4096 Oct 20 07:58 ProdCommon
drwx------  3 cms013 cms     4096 Oct 20 07:58 WMCore
-rw-------  1 cms013 cms     1311 Oct 20 07:58 Watchdog_15.log
-rwx------  1 cms013 cms        0 Oct 20 07:58 _condor_stderr
-rwx---r--  1 cms013 cms    14647 Oct 20 07:59 _condor_stdout
-rw-------  1 cms013 cms    32895 Nov 19  2014 apmon.py
-rw-------  1 cms013 cms    28306 Oct 20 07:58 apmon.pyc
-rwx------  1 cms013 cms   199428 Oct 20 07:58 arguments.xml
-rwx------  1 cms013 cms   204102 May 29 01:26 cmsRun
-rwx------  1 cms013 cms    38581 Nov 19  2014 cmscp.py
-rwx------  1 cms013 cms    26312 Oct 20 07:58 condor_exec.exe
-rw-------  1 cms013 cms      525 Oct 20 07:36 crab.cfg
-rwx------  1 cms013 cms     8610 Nov 19  2014 crabWatchdog.sh
-rwx---r--  1 cms013 cms    63637 Oct 20 07:59 crab_fjr_15.xml
-rwx------  1 cms013 cms 25265829 Oct 20 07:58 default.tgz
-rwx------  1 cms013 cms     4488 Nov 19  2014 fillCrabFjr.py
-rw-------  1 cms013 cms      438 Oct 20 07:58 inputsReport.txt
-rw-------  1 cms013 cms      126 Oct 20 07:59 jobreport.txt
-rw-------  1 cms013 cms    17352 Nov 19  2014 parseCrabFjr.py
-rw-------  1 cms013 cms      356 Oct 20 07:58 report.log
-rwx--x--x  1 cms013 cms     1497 Nov 19  2014 report.py
-rwx------  1 cms013 cms     8351 Nov 19  2014 writeCfg.py
-rw-------  1 cms013 cms     8473 Oct 20 07:58 x509up_u46992
>>> crab_fjr_*.xml  permission set to 0704
CrabWrapper EXIT_FUNC entered at Tue Oct 20 07:59:32 CEST 2015   -  Tue Oct 20 05:59:32 UTC 2015
Checking output files:  
will tar file OutTree_15_1_UUm.root in  out_files_15
will tar file crab_fjr_15.xml in  out_files_15
WARNING: output file CMSSW_15.stdout not found!
WARNING: output file CMSSW_15.stderr not found!
WARNING: output file Watchdog_15.log.gz not found!
>>> padding time: Sleeping the wrapper for 545 seconds
STOPPING WATCHDOG. CrabWatchdog PID is 19828
********** LAST 50 LINES OF WATCHDOG LOG
# RESOURCE USAGE SUMMARY FOR PROCESS ID 19579
USER       PID %CPU %MEM    VSZ   RSS TTY      STAT START   TIME COMMAND
cms013   19579  0.7  0.0   9604  1604 ?        S    07:58   0:00 /bin/sh /home/condor/dir_55291/CREAM817187283/glide_9xAHXp/execute/dir_19572/condor_exec.exe 15 1
 
# LIMITS USED BY CRAB WATCHDOG:
# RSS  (KBytes)   : 2300000
# VSZ  (KBytes)   : 100000000
# DISK (MBytes)   : 19000
# CPU TIME        : 720h:0m:0s
# WALL CLOCK TIME : 21h:50m:0s
 
# FOLLOWING PRINTOUT TRACKS MAXIMUM VALUES OF RESOURCES USE
# ONE LINE IS PRINTED EACH TIME A MAXIMUM CHANGES
# IF CHANGE WAS IN RSS OR VSZ ALSO PROCID AND COMMAND ARE PRINTED
# THERE IS NO PRINTOUT FOR CPU/WALL TIME INCREASE
 
# TIME			PID	RSS(KB)	VSZ(KB)	Dsk(MB)	tCPU(s)	tWALL(s)	COMMAND
 Oct 20 07:58:41 CEST	19572	8844	96396	0	0	0	condor_starter -f submit-6.t2.ucsd.edu        
 Oct 20 07:58:41 CEST	19840	29264	96396	0	0	0	edmConfigHash pset.py         
 Oct 20 07:58:41 CEST	55381	29264	106096	0	0	0	sh -c "./glidein_startup.sh" -v std -name gfactory_instance -entry CMS_T2_IT_Bari_ce1 -clientname CMSG-v1_0.main
 Oct 20 07:58:41 CEST	55385	29264	106488	0	1	0	/bin/bash ./glidein_startup.sh -v std -name gfactory_instance -entry CMS_T2_IT_Bari_ce1 -clientname CMSG-v1_0.main -schedd
 Oct 20 07:58:41 CEST	---	29264	106488	154	----	----	----
********** WATCHDOG LOG ENDED
ZIPPING WATCHDOG LOG
Disk space used:
du -sh /home/condor/dir_55291/CREAM817187283/glide_9xAHXp/execute/dir_19572
154M	/home/condor/dir_55291/CREAM817187283/glide_9xAHXp/execute/dir_19572
Found unusual stdout, rename for OSB
`/home/condor/dir_55291/CREAM817187283/glide_9xAHXp/execute/dir_19572/_condor_stdout' -> `CMSSW_15.stdout'
Found unusual stderr, rename for OSB
`/home/condor/dir_55291/CREAM817187283/glide_9xAHXp/execute/dir_19572/_condor_stdout' -> `CMSSW_15.stderr'
OutTree_15_1_UUm.root
crab_fjr_15.xml
CMSSW_15.stdout
CMSSW_15.stderr
Watchdog_15.log.gz
Total Output dimension: 21509
WARNING: output files size limit is set to: 50000000
Total Output dimension 21509 is fine.
JOB_EXIT_STATUS = 0
>>> info for dashboard:
***** Cat /home/condor/dir_55291/CREAM817187283/glide_9xAHXp/execute/dir_19572/jobreport.txt *****
MonitorJobID=15_https://submit-6.t2.ucsd.edu//151020//666495.14
MonitorID=amkalsi_Good_5000ps_p82fc3
ExeTime=43
ExeExitCode=0
CrabUserCpuTime=22.42
CrabSysCpuTime=2.75
CrabCpuPercentage=58%
CrabWrapperTime=600
CrabStageoutTime=NULL
JobExitCode=0
***** End Cat jobreport *****
Parameters sent to Dashboard.
EXITING at Tue Oct 20 08:08:39 CEST 2015  -  Tue Oct 20 06:08:39 UTC 2015
