This script was generated by crab (version 2.11.1_patch1).
Running /home/condor/dir_40301/CREAM864263027/glide_C6rrGS/execute/dir_64427/condor_exec.exe with 2 positional parameters: 18 1
Today is Tue Oct 20 07:59:05 CEST 2015 - Tue Oct 20 05:59:05 UTC 2015
Job submitted on host wn-recas-infn-23.recas.ba.infn.it
Linux wn-recas-infn-23.recas.ba.infn.it 2.6.32-504.23.4.el6.x86_64 #1 SMP Tue Jun 9 11:55:03 CDT 2015 x86_64 x86_64 x86_64 GNU/Linux
Distributor ID:	Scientific
Description:	Scientific Linux release 6.7 (Carbon)
>>> current directory (RUNTIME_AREA): /home/condor/dir_40301/CREAM864263027/glide_C6rrGS/execute/dir_64427
>>> current user: uid=11755(cms013) gid=1399(cms) groups=1399(cms)
>>> directory permission set to 0700
>>> umask set to:  u=rwx,g=,o=
>>> stdout stderr permission set to 0704
>>> voms proxy information:
subject   : /C=TW/O=AP/OU=GRID/CN=Amandeep Kaur Kalsi 129089/CN=541697223/CN=1294750696
issuer    : /C=TW/O=AP/OU=GRID/CN=Amandeep Kaur Kalsi 129089/CN=541697223
identity  : /C=TW/O=AP/OU=GRID/CN=Amandeep Kaur Kalsi 129089
type      : RFC3820 compliant limited proxy
strength  : 1024
path      : /home/condor/dir_40301/CREAM864263027/glide_C6rrGS/execute/dir_64427/x509up_u46992
timeleft  : 23:59:50
key usage : Digital Signature, Key Encipherment, Data Encipherment, Key Agreement
=== VO cms extension information ===
VO        : cms
subject   : /C=TW/O=AP/OU=GRID/CN=Amandeep Kaur Kalsi 129089
issuer    : /DC=ch/DC=cern/OU=computers/CN=voms2.cern.ch
attribute : /cms/Role=NULL/Capability=NULL
timeleft  : 191:34:43
uri       : voms2.cern.ch:15002

WNHostName=wn-recas-infn-23.recas.ba.infn.it
$_CONDOR_JOB_AD =/home/condor/dir_40301/CREAM864263027/glide_C6rrGS/execute/dir_64427/.job.ad
OverflowFlag=0
>>> tar --no-same-permissions -xf /home/condor/dir_40301/CREAM864263027/glide_C6rrGS/execute/dir_64427/default.tgz :
Successful untar
>>> Include /home/condor/dir_40301/CREAM864263027/glide_C6rrGS/execute/dir_64427 in PYTHONPATH:
strip arguments
env var CRAB_UNIQUE_JOB_ID set to: amkalsi_Good_5000ps_p82fc3_18_1_K8Z
out_files_18
>>> list of expected files on output sandbox
output files: OutTree_18_1_K8Z.root crab_fjr_18.xml CMSSW_18.stdout CMSSW_18.stderr Watchdog_18.log.gz
>>> GridFlavour discovery: 
GridFlavour=LCG
>>> SyncSite discovery: 
SyncSite=T2_IT_Bari
>>> SyncCE discovery: 
getting SyncCE from CE_ID
SyncCE=ce-01.recas.ba.infn.it:8443/cream-condor-cms
>>> info for dashboard:
***** Cat /home/condor/dir_40301/CREAM864263027/glide_C6rrGS/execute/dir_64427/jobreport.txt *****
WNHostName=wn-recas-infn-23.recas.ba.infn.it
OverflowFlag=0
MonitorJobID=18_https://submit-6.t2.ucsd.edu//151020//666495.17
SyncGridJobId=https://submit-6.t2.ucsd.edu//151020//666495.17
MonitorID=amkalsi_Good_5000ps_p82fc3
GridFlavour=LCG
SyncSite=T2_IT_Bari
SyncCE=ce-01.recas.ba.infn.it:8443/cream-condor-cms
***** End Cat jobreport *****
Parameters sent to Dashboard.
>>> setup environment
set SCRAM ARCH to slc6_amd64_gcc472
SCRAM_ARCH = slc6_amd64_gcc472
>>> setup CMS LCG environment:
set SCRAM ARCH and BUILD_ARCH to slc6_amd64_gcc472 ###
Sourcing environment... 
sourcing /cvmfs/cms.cern.ch/cmsset_default.sh
==> setup cms environment ok
>>> specific cmssw setup environment:
CMSSW_VERSION =  CMSSW_6_2_0_SLHC26_patch3
WARNING: In non-interactive mode release checks e.g. deprecated releases, production architectures are disabled.
>>> current directory (SOFTWARE_DIR): /home/condor/dir_40301/CREAM864263027/glide_C6rrGS/execute/dir_64427/CMSSW_6_2_0_SLHC26_patch3
PreserveSeeds: <>
IncrementSeeds:<>
>>> info for dashboard:
***** Cat /home/condor/dir_40301/CREAM864263027/glide_C6rrGS/execute/dir_64427/jobreport.txt *****
MonitorJobID=18_https://submit-6.t2.ucsd.edu//151020//666495.17
MonitorID=amkalsi_Good_5000ps_p82fc3
***** End Cat jobreport *****
Parameters sent to Dashboard.
crabWatchdog started as process 65326
>>> moving CMSSW software directories in /home/condor/dir_40301/CREAM864263027/glide_C6rrGS/execute/dir_64427/CMSSW_6_2_0_SLHC26_patch3
mv: cannot stat `/home/condor/dir_40301/CREAM864263027/glide_C6rrGS/execute/dir_64427/module/': No such file or directory
>>> Include /home/condor/dir_40301/CREAM864263027/glide_C6rrGS/execute/dir_64427 in PYTHONPATH:
PYTHONPATH=/home/condor/dir_40301/CREAM864263027/glide_C6rrGS/execute/dir_64427/:/home/condor/dir_40301/CREAM864263027/glide_C6rrGS/execute/dir_64427/CMSSW_6_2_0_SLHC26_patch3/python:/home/condor/dir_40301/CREAM864263027/glide_C6rrGS/execute/dir_64427/CMSSW_6_2_0_SLHC26_patch3/lib/slc6_amd64_gcc472:/cvmfs/cms.cern.ch/slc6_amd64_gcc472/cms/cmssw-patch/CMSSW_6_2_0_SLHC26_patch3/python:/cvmfs/cms.cern.ch/slc6_amd64_gcc472/cms/cmssw-patch/CMSSW_6_2_0_SLHC26_patch3/lib/slc6_amd64_gcc472:/cvmfs/cms.cern.ch/slc6_amd64_gcc472/cms/cmssw/CMSSW_6_2_0_SLHC26/bin/slc6_amd64_gcc472:/cvmfs/cms.cern.ch/slc6_amd64_gcc472/cms/cmssw/CMSSW_6_2_0_SLHC26/lib/slc6_amd64_gcc472:/cvmfs/cms.cern.ch/slc6_amd64_gcc472/cms/coral/CORAL_2_3_21-flmnjk2/slc6_amd64_gcc472/python:/cvmfs/cms.cern.ch/slc6_amd64_gcc472/cms/coral/CORAL_2_3_21-flmnjk2/slc6_amd64_gcc472/lib:/cvmfs/cms.cern.ch/slc6_amd64_gcc472/external/pyqt/4.8.1-cms5/lib/python2.7/site-packages:/cvmfs/cms.cern.ch/slc6_amd64_gcc472/external/py2-scipy/0.8.0-cms7/lib/python2.7/site-packages:/cvmfs/cms.cern.ch/slc6_amd64_gcc472/external/py2-matplotlib/1.0.1-cms7/lib/python2.7/site-packages:/cvmfs/cms.cern.ch/slc6_amd64_gcc472/external/python-ldap/2.4.10/lib/python2.7/site-packages:/cvmfs/cms.cern.ch/slc6_amd64_gcc472/external/sip/4.11.2-cms5/lib/python2.7/site-packages:/cvmfs/cms.cern.ch/slc6_amd64_gcc472/external/py2-pycurl/7.19.0-cms7/lib/python2.7/site-packages:/cvmfs/cms.cern.ch/slc6_amd64_gcc472/external/py2-numpy/1.6.1-cms7/lib/python2.7/site-packages:/cvmfs/cms.cern.ch/slc6_amd64_gcc472/external/py2-lint/0.25.1-cms5/lib/python2.7/site-packages:/cvmfs/cms.cern.ch/slc6_amd64_gcc472/external/py2-ipython/0.10-cms5/lib/python2.7/site-packages:/cvmfs/cms.cern.ch/slc6_amd64_gcc472/external/py2-cx-oracle/5.1-cms5/lib/python2.7/site-packages:/cvmfs/cms.cern.ch/slc6_amd64_gcc472/external/py2-cjson/1.0.5-cms5/lib/python2.7/site-packages:/cvmfs/cms.cern.ch/slc6_amd64_gcc472/cms/das-client/1.11.7/bin:/cvmfs/cms.cern.ch/slc6_amd64_gcc472/external/elementtree/1.2.6-cms5/share/lib/python2.7/site-packages:/cvmfs/cms.cern.ch/slc6_amd64_gcc472/external/rivet/1.8.2-cms9/lib/python2.7/site-packages:/cvmfs/cms.cern.ch/slc6_amd64_gcc472/external/pyminuit2/0.0.1-cms25/lib/python2.7/site-packages:/cvmfs/cms.cern.ch/slc6_amd64_gcc472/external/py2-pygithub/1.23.0-cms2/lib/python2.7/site-packages:/cvmfs/cms.cern.ch/slc6_amd64_gcc472/external/professor/1.0.0-cms25/lib/python2.7/site-packages:/cvmfs/cms.cern.ch/slc6_amd64_gcc472/lcg/root/5.34.07-cms5/lib:/cvmfs/cms.cern.ch/slc6_amd64_gcc472/cms/dbs-client/DBS_2_1_9-cms5/lib:/cvmfs/cms.cern.ch/slc6_amd64_gcc472/cms/dbs-client/DBS_2_1_9-cms5/lib/DBSAPI:/cvmfs/cms.cern.ch/slc6_amd64_gcc472/external/cvs2git/5419-cms/lib:/home/condor/dir_40301/CREAM864263027/glide_C6rrGS/execute/dir_64427/
 
# LIMITS USED BY CRAB WATCHDOG:
# RSS  (KBytes)   : 2300000
# VSZ  (KBytes)   : 100000000
# DISK (MBytes)   : 19000
# CPU TIME        : 720h:0m:0s
# WALL CLOCK TIME : 21h:50m:0s
 
89204fc7dc811f9e79a97af487a037d4
PSETHASH = 89204fc7dc811f9e79a97af487a037d4
/home/condor/dir_40301/CREAM864263027/glide_C6rrGS/execute/dir_64427/writeCfg.py pset.py pset.py
Importing .py file
Setting parameters
RandomNumberGeneratorService found, will attempt to change seeds
inputBlocks=/DYToMuMu_M-20_TuneZ2star_14TeV-pythia6-tauola/piet-DYToMuMu_M-20_TuneZ2star_14TeV-pythia6-tauola_HGCALGS_PU140_5ns_32ns_RECO-9534beda007a59447d9159ddc4f0a675/USER#dc1ce399-34d4-417b-98e5-325a04592332
inputFiles=/store/user/piet/ME0Segment_Time/DYToMuMu_M-20_TuneZ2star_14TeV-pythia6-tauola/DYToMuMu_M-20_TuneZ2star_14TeV-pythia6-tauola_HGCALGS_PU140_5ns_32ns_RECO/151014_152401/0000/out_reco_918.root;/store/user/piet/ME0Segment_Time/DYToMuMu_M-20_TuneZ2star_14TeV-pythia6-tauola/DYToMuMu_M-20_TuneZ2star_14TeV-pythia6-tauola_HGCALGS_PU140_5ns_32ns_RECO/151014_152401/0000/out_reco_973.root;/store/user/piet/ME0Segment_Time/DYToMuMu_M-20_TuneZ2star_14TeV-pythia6-tauola/DYToMuMu_M-20_TuneZ2star_14TeV-pythia6-tauola_HGCALGS_PU140_5ns_32ns_RECO/151014_152401/0000/out_reco_80.root;/store/user/piet/ME0Segment_Time/DYToMuMu_M-20_TuneZ2star_14TeV-pythia6-tauola/DYToMuMu_M-20_TuneZ2star_14TeV-pythia6-tauola_HGCALGS_PU140_5ns_32ns_RECO/151014_152401/0000/out_reco_266.root;/store/user/piet/ME0Segment_Time/DYToMuMu_M-20_TuneZ2star_14TeV-pythia6-tauola/DYToMuMu_M-20_TuneZ2star_14TeV-pythia6-tauola_HGCALGS_PU140_5ns_32ns_RECO/151014_152401/0000/out_reco_14.root;/store/user/piet/ME0Segment_Time/DYToMuMu_M-20_TuneZ2star_14TeV-pythia6-tauola/DYToMuMu_M-20_TuneZ2star_14TeV-pythia6-tauola_HGCALGS_PU140_5ns_32ns_RECO/151014_152401/0000/out_reco_883.root;/store/user/piet/ME0Segment_Time/DYToMuMu_M-20_TuneZ2star_14TeV-pythia6-tauola/DYToMuMu_M-20_TuneZ2star_14TeV-pythia6-tauola_HGCALGS_PU140_5ns_32ns_RECO/151014_152401/0000/out_reco_960.root
parentFiles=
lumisRange=
>>> Executable cmsRun
/cvmfs/cms.cern.ch/slc6_amd64_gcc472/cms/cmssw/CMSSW_6_2_0_SLHC26/bin/slc6_amd64_gcc472/cmsRun
ok executable found
>>> info for dashboard:
***** Cat /home/condor/dir_40301/CREAM864263027/glide_C6rrGS/execute/dir_64427/jobreport.txt *****
MonitorJobID=18_https://submit-6.t2.ucsd.edu//151020//666495.17
MonitorID=amkalsi_Good_5000ps_p82fc3
ExeStart=cmsRun
***** End Cat jobreport *****
Parameters sent to Dashboard.
>>> cmsRun started at Tue Oct 20 05:59:13 UTC 2015
>>> cmsRun ended at Tue Oct 20 05:59:56 UTC 2015
>>> crab_fjr_*.xml  permission set to 0704
>>> info for dashboard:
***** Cat /home/condor/dir_40301/CREAM864263027/glide_C6rrGS/execute/dir_64427/jobreport.txt *****
MonitorJobID=18_https://submit-6.t2.ucsd.edu//151020//666495.17
MonitorID=amkalsi_Good_5000ps_p82fc3
ExeEnd=cmsRun
***** End Cat jobreport *****
Parameters sent to Dashboard.
TIME_EXE = 43 sec
>>> cmsRun wrote 43 lines of stdout+stderr
>>> START OF printout of 43 lines from stdout+stderr
20-Oct-2015 07:59:27 CEST  Initiating request to open file file:/lustre/cms//store/user/piet/ME0Segment_Time/DYToMuMu_M-20_TuneZ2star_14TeV-pythia6-tauola/DYToMuMu_M-20_TuneZ2star_14TeV-pythia6-tauola_HGCALGS_PU140_5ns_32ns_RECO/151014_152401/0000/out_reco_918.root
20-Oct-2015 07:59:29 CEST  Successfully opened file file:/lustre/cms//store/user/piet/ME0Segment_Time/DYToMuMu_M-20_TuneZ2star_14TeV-pythia6-tauola/DYToMuMu_M-20_TuneZ2star_14TeV-pythia6-tauola_HGCALGS_PU140_5ns_32ns_RECO/151014_152401/0000/out_reco_918.root
Begin processing the 1st record. Run 1, Event 618391, LumiSection 26038 at 20-Oct-2015 07:59:33.197 CEST
in MuonNumberingInitialization::initializeMuonDDDConstants
about to make my new muonDDDConst_
in MuonNumberingInitialization::produce
-0.56643420-Oct-2015 07:59:39 CEST  Closed file file:/lustre/cms//store/user/piet/ME0Segment_Time/DYToMuMu_M-20_TuneZ2star_14TeV-pythia6-tauola/DYToMuMu_M-20_TuneZ2star_14TeV-pythia6-tauola_HGCALGS_PU140_5ns_32ns_RECO/151014_152401/0000/out_reco_918.root
20-Oct-2015 07:59:39 CEST  Initiating request to open file file:/lustre/cms//store/user/piet/ME0Segment_Time/DYToMuMu_M-20_TuneZ2star_14TeV-pythia6-tauola/DYToMuMu_M-20_TuneZ2star_14TeV-pythia6-tauola_HGCALGS_PU140_5ns_32ns_RECO/151014_152401/0000/out_reco_973.root
20-Oct-2015 07:59:39 CEST  Successfully opened file file:/lustre/cms//store/user/piet/ME0Segment_Time/DYToMuMu_M-20_TuneZ2star_14TeV-pythia6-tauola/DYToMuMu_M-20_TuneZ2star_14TeV-pythia6-tauola_HGCALGS_PU140_5ns_32ns_RECO/151014_152401/0000/out_reco_973.root
20-Oct-2015 07:59:41 CEST  Closed file file:/lustre/cms//store/user/piet/ME0Segment_Time/DYToMuMu_M-20_TuneZ2star_14TeV-pythia6-tauola/DYToMuMu_M-20_TuneZ2star_14TeV-pythia6-tauola_HGCALGS_PU140_5ns_32ns_RECO/151014_152401/0000/out_reco_973.root
20-Oct-2015 07:59:41 CEST  Initiating request to open file file:/lustre/cms//store/user/piet/ME0Segment_Time/DYToMuMu_M-20_TuneZ2star_14TeV-pythia6-tauola/DYToMuMu_M-20_TuneZ2star_14TeV-pythia6-tauola_HGCALGS_PU140_5ns_32ns_RECO/151014_152401/0000/out_reco_80.root
20-Oct-2015 07:59:41 CEST  Successfully opened file file:/lustre/cms//store/user/piet/ME0Segment_Time/DYToMuMu_M-20_TuneZ2star_14TeV-pythia6-tauola/DYToMuMu_M-20_TuneZ2star_14TeV-pythia6-tauola_HGCALGS_PU140_5ns_32ns_RECO/151014_152401/0000/out_reco_80.root
20-Oct-2015 07:59:43 CEST  Closed file file:/lustre/cms//store/user/piet/ME0Segment_Time/DYToMuMu_M-20_TuneZ2star_14TeV-pythia6-tauola/DYToMuMu_M-20_TuneZ2star_14TeV-pythia6-tauola_HGCALGS_PU140_5ns_32ns_RECO/151014_152401/0000/out_reco_80.root
20-Oct-2015 07:59:43 CEST  Initiating request to open file file:/lustre/cms//store/user/piet/ME0Segment_Time/DYToMuMu_M-20_TuneZ2star_14TeV-pythia6-tauola/DYToMuMu_M-20_TuneZ2star_14TeV-pythia6-tauola_HGCALGS_PU140_5ns_32ns_RECO/151014_152401/0000/out_reco_266.root
20-Oct-2015 07:59:44 CEST  Successfully opened file file:/lustre/cms//store/user/piet/ME0Segment_Time/DYToMuMu_M-20_TuneZ2star_14TeV-pythia6-tauola/DYToMuMu_M-20_TuneZ2star_14TeV-pythia6-tauola_HGCALGS_PU140_5ns_32ns_RECO/151014_152401/0000/out_reco_266.root
20-Oct-2015 07:59:48 CEST  Closed file file:/lustre/cms//store/user/piet/ME0Segment_Time/DYToMuMu_M-20_TuneZ2star_14TeV-pythia6-tauola/DYToMuMu_M-20_TuneZ2star_14TeV-pythia6-tauola_HGCALGS_PU140_5ns_32ns_RECO/151014_152401/0000/out_reco_266.root
20-Oct-2015 07:59:48 CEST  Initiating request to open file file:/lustre/cms//store/user/piet/ME0Segment_Time/DYToMuMu_M-20_TuneZ2star_14TeV-pythia6-tauola/DYToMuMu_M-20_TuneZ2star_14TeV-pythia6-tauola_HGCALGS_PU140_5ns_32ns_RECO/151014_152401/0000/out_reco_14.root
20-Oct-2015 07:59:48 CEST  Successfully opened file file:/lustre/cms//store/user/piet/ME0Segment_Time/DYToMuMu_M-20_TuneZ2star_14TeV-pythia6-tauola/DYToMuMu_M-20_TuneZ2star_14TeV-pythia6-tauola_HGCALGS_PU140_5ns_32ns_RECO/151014_152401/0000/out_reco_14.root
20-Oct-2015 07:59:51 CEST  Closed file file:/lustre/cms//store/user/piet/ME0Segment_Time/DYToMuMu_M-20_TuneZ2star_14TeV-pythia6-tauola/DYToMuMu_M-20_TuneZ2star_14TeV-pythia6-tauola_HGCALGS_PU140_5ns_32ns_RECO/151014_152401/0000/out_reco_14.root
20-Oct-2015 07:59:51 CEST  Initiating request to open file file:/lustre/cms//store/user/piet/ME0Segment_Time/DYToMuMu_M-20_TuneZ2star_14TeV-pythia6-tauola/DYToMuMu_M-20_TuneZ2star_14TeV-pythia6-tauola_HGCALGS_PU140_5ns_32ns_RECO/151014_152401/0000/out_reco_883.root
20-Oct-2015 07:59:51 CEST  Successfully opened file file:/lustre/cms//store/user/piet/ME0Segment_Time/DYToMuMu_M-20_TuneZ2star_14TeV-pythia6-tauola/DYToMuMu_M-20_TuneZ2star_14TeV-pythia6-tauola_HGCALGS_PU140_5ns_32ns_RECO/151014_152401/0000/out_reco_883.root
20-Oct-2015 07:59:53 CEST  Closed file file:/lustre/cms//store/user/piet/ME0Segment_Time/DYToMuMu_M-20_TuneZ2star_14TeV-pythia6-tauola/DYToMuMu_M-20_TuneZ2star_14TeV-pythia6-tauola_HGCALGS_PU140_5ns_32ns_RECO/151014_152401/0000/out_reco_883.root
20-Oct-2015 07:59:53 CEST  Initiating request to open file file:/lustre/cms//store/user/piet/ME0Segment_Time/DYToMuMu_M-20_TuneZ2star_14TeV-pythia6-tauola/DYToMuMu_M-20_TuneZ2star_14TeV-pythia6-tauola_HGCALGS_PU140_5ns_32ns_RECO/151014_152401/0000/out_reco_960.root
20-Oct-2015 07:59:53 CEST  Successfully opened file file:/lustre/cms//store/user/piet/ME0Segment_Time/DYToMuMu_M-20_TuneZ2star_14TeV-pythia6-tauola/DYToMuMu_M-20_TuneZ2star_14TeV-pythia6-tauola_HGCALGS_PU140_5ns_32ns_RECO/151014_152401/0000/out_reco_960.root
20-Oct-2015 07:59:56 CEST  Closed file file:/lustre/cms//store/user/piet/ME0Segment_Time/DYToMuMu_M-20_TuneZ2star_14TeV-pythia6-tauola/DYToMuMu_M-20_TuneZ2star_14TeV-pythia6-tauola_HGCALGS_PU140_5ns_32ns_RECO/151014_152401/0000/out_reco_960.root

=============================================

MessageLogger Summary

 type     category        sev    module        subroutine        count    total
 ---- -------------------- -- ---------------- ----------------  -----    -----
    1 fileAction           -s file_close                             7        7
    2 fileAction           -s file_open                             14       14

 type    category    Examples: run/evt        run/evt          run/evt
 ---- -------------------- ---------------- ---------------- ----------------
    1 fileAction           PostProcessEvent PostProcessEvent PostEndRun
    2 fileAction           pre-events       pre-events       PostProcessEvent

Severity    # Occurrences   Total Occurrences
--------    -------------   -----------------
System                 21                  21
>>> END OF printout of 43 lines from stdout+stderr
>>> Parse FrameworkJobReport crab_fjr.xml
Result of parsing the FrameworkJobReport crab_fjr.xml: Popularity start
lumisRange : 1::::1;1::::2;1::::3;1::::4;1::::5;1::::6;1::::7;
lumisParentRange : 
Basename : /store/user/piet/ME0Segment_Time/DYToMuMu_M-20_TuneZ2star_14TeV-pythia6-tauola/DYToMuMu_M-20_TuneZ2star_14TeV-pythia6-tauola_HGCALGS_PU140_5ns_32ns_RECO/151014_152401/0000/out_reco_
BasenameParent : 
parentFiles : 
inputBlocks : /DYToMuMu_M-20_TuneZ2star_14TeV-pythia6-tauola/piet-DYToMuMu_M-20_TuneZ2star_14TeV-pythia6-tauola_HGCALGS_PU140_5ns_32ns_RECO-9534beda007a59447d9159ddc4f0a675/USER#dc1ce399-34d4-417b-98e5-325a04592332
inputFiles : 960.root::1::EDM::Local::1;266.root::1::EDM::Local::2;973.root::1::EDM::Local::3;80.root::1::EDM::Local::4;14.root::1::EDM::Local::5;918.root::1::EDM::Local::6;883.root::1::EDM::Local::7;
Popularity stop
Extracted ExitStatus from FrameworkJobReport parsing output: 0
>>> Executable succeded  0
ExeExitCode=0
EXECUTABLE_EXIT_STATUS = 0
>>> current directory /home/condor/dir_40301/CREAM864263027/glide_C6rrGS/execute/dir_64427/CMSSW_6_2_0_SLHC26_patch3
>>>  (SOFTWARE_DIR): /home/condor/dir_40301/CREAM864263027/glide_C6rrGS/execute/dir_64427/CMSSW_6_2_0_SLHC26_patch3
>>> (WORKING_DIR): 
>>> current directory content:
total 644
drwxr-xr-x 3 cms013 cms   4096 Oct 20 07:59 .SCRAM
-rw------- 1 cms013 cms 279355 Oct 20 07:59 CMSSW.py.pkl
-rw------- 1 cms013 cms  10843 Oct 20 07:59 OutTree.root
drwxr-xr-x 3 cms013 cms   4096 Oct 20 07:59 biglib
drwxr-xr-x 3 cms013 cms   4096 Oct 20 07:59 bin
drwxr-xr-x 3 cms013 cms   4096 Oct 20 07:59 cfipython
drwxr-xr-x 4 cms013 cms   4096 Jul 13 19:47 config
-rw------- 1 cms013 cms     15 Oct 20 07:59 cpu_timing.txt
drwxr-xr-x 2 cms013 cms   4096 Oct 20 07:59 doc
-rw------- 1 cms013 cms   6469 Oct 20 07:59 executable.out
drwxr-xr-x 2 cms013 cms   4096 Oct 20 07:59 include
drwx------ 3 cms013 cms   4096 Sep 29 20:50 lib
drwxr-xr-x 3 cms013 cms   4096 Oct 20 07:59 logs
drwxr-xr-x 3 cms013 cms   4096 Oct 20 07:59 objs
-rw------- 1 cms013 cms    104 Oct 20 07:59 pset.py
-rw------- 1 cms013 cms 281014 Oct 20 07:59 pset.py.pkl
-rw------- 1 cms013 cms    289 Oct 20 07:59 pset.pyc
drwxr-xr-x 2 cms013 cms   4096 Oct 20 07:59 python
-rw------- 1 cms013 cms    374 Oct 20 07:59 report.log
drwx------ 7 cms013 cms   4096 Oct 20 07:59 src
drwxr-xr-x 3 cms013 cms   4096 Oct 20 07:59 test
drwxr-xr-x 3 cms013 cms   4096 Oct 20 07:59 tmp
>>> current directory /home/condor/dir_40301/CREAM864263027/glide_C6rrGS/execute/dir_64427/CMSSW_6_2_0_SLHC26_patch3
>>> (SOFTWARE_DIR): /home/condor/dir_40301/CREAM864263027/glide_C6rrGS/execute/dir_64427/CMSSW_6_2_0_SLHC26_patch3
>>> (WORKING_DIR): 
>>> current directory content:
total 632
drwxr-xr-x 3 cms013 cms   4096 Oct 20 07:59 .SCRAM
-rw------- 1 cms013 cms 279355 Oct 20 07:59 CMSSW.py.pkl
drwxr-xr-x 3 cms013 cms   4096 Oct 20 07:59 biglib
drwxr-xr-x 3 cms013 cms   4096 Oct 20 07:59 bin
drwxr-xr-x 3 cms013 cms   4096 Oct 20 07:59 cfipython
drwxr-xr-x 4 cms013 cms   4096 Jul 13 19:47 config
-rw------- 1 cms013 cms     15 Oct 20 07:59 cpu_timing.txt
drwxr-xr-x 2 cms013 cms   4096 Oct 20 07:59 doc
-rw------- 1 cms013 cms   6469 Oct 20 07:59 executable.out
drwxr-xr-x 2 cms013 cms   4096 Oct 20 07:59 include
drwx------ 3 cms013 cms   4096 Sep 29 20:50 lib
drwxr-xr-x 3 cms013 cms   4096 Oct 20 07:59 logs
drwxr-xr-x 3 cms013 cms   4096 Oct 20 07:59 objs
-rw------- 1 cms013 cms    104 Oct 20 07:59 pset.py
-rw------- 1 cms013 cms 281014 Oct 20 07:59 pset.py.pkl
-rw------- 1 cms013 cms    289 Oct 20 07:59 pset.pyc
drwxr-xr-x 2 cms013 cms   4096 Oct 20 07:59 python
-rw------- 1 cms013 cms    374 Oct 20 07:59 report.log
drwx------ 7 cms013 cms   4096 Oct 20 07:59 src
drwxr-xr-x 3 cms013 cms   4096 Oct 20 07:59 test
drwxr-xr-x 3 cms013 cms   4096 Oct 20 07:59 tmp
>>> current directory (RUNTIME_AREA):  /home/condor/dir_40301/CREAM864263027/glide_C6rrGS/execute/dir_64427
>>> current dir: /home/condor/dir_40301/CREAM864263027/glide_C6rrGS/execute/dir_64427
>>> current dir content:
total 26124
-rwx------  1 cms013 cms       52 Oct 20 07:58 .chirp.config
-rwx------  1 cms013 cms     6756 Oct 20 07:58 .job.ad
-rwx------  1 cms013 cms     9416 Oct 20 07:58 .machine.ad
-rw-------  1 cms013 cms      105 Oct 20 07:36 CMSSW.py
-rw-------  1 cms013 cms   279355 Oct 20 07:36 CMSSW.py.pkl
-rwx------  1 cms013 cms    26312 Oct 20 07:59 CMSSW.sh
drwxr-xr-x 16 cms013 cms     4096 Oct 20 08:00 CMSSW_6_2_0_SLHC26_patch3
-rw-------  1 cms013 cms      258 Oct 20 07:59 CacheEnv.sh
-rw-------  1 cms013 cms     7291 Nov 19  2014 DashboardAPI.py
-rw-------  1 cms013 cms     6650 Oct 20 07:59 DashboardAPI.pyc
drwx------  2 cms013 cms     4096 Oct 20 07:59 IMProv
-rw-------  1 cms013 cms     2748 Nov 19  2014 Logger.py
-rw-------  1 cms013 cms     3292 Oct 20 07:59 Logger.pyc
lrwxrwxrwx  1 cms013 cms       90 Oct 20 08:00 OutTree.root -> /home/condor/dir_40301/CREAM864263027/glide_C6rrGS/execute/dir_64427/OutTree_18_1_K8Z.root
-rw-------  1 cms013 cms    10843 Oct 20 07:59 OutTree_18_1_K8Z.root
-rw-------  1 cms013 cms    24524 Nov 19  2014 ProcInfo.py
-rw-------  1 cms013 cms    22933 Oct 20 07:59 ProcInfo.pyc
drwx------  7 cms013 cms     4096 Oct 20 07:59 ProdCommon
drwx------  3 cms013 cms     4096 Oct 20 07:59 WMCore
-rw-------  1 cms013 cms     1553 Oct 20 07:59 Watchdog_18.log
-rwx------  1 cms013 cms        0 Oct 20 07:59 _condor_stderr
-rwx---r--  1 cms013 cms    20575 Oct 20 08:00 _condor_stdout
-rw-------  1 cms013 cms    32895 Nov 19  2014 apmon.py
-rw-------  1 cms013 cms    28306 Oct 20 07:59 apmon.pyc
-rwx------  1 cms013 cms   199428 Oct 20 07:59 arguments.xml
-rwx------  1 cms013 cms   204102 May 29 01:26 cmsRun
-rwx------  1 cms013 cms    38581 Nov 19  2014 cmscp.py
-rwx------  1 cms013 cms    26312 Oct 20 07:59 condor_exec.exe
-rw-------  1 cms013 cms      525 Oct 20 07:36 crab.cfg
-rwx------  1 cms013 cms     8610 Nov 19  2014 crabWatchdog.sh
-rwx---r--  1 cms013 cms   374623 Oct 20 07:59 crab_fjr_18.xml
-rwx------  1 cms013 cms 25265829 Oct 20 07:59 default.tgz
-rwx------  1 cms013 cms     4488 Nov 19  2014 fillCrabFjr.py
-rw-------  1 cms013 cms     1577 Oct 20 07:59 inputsReport.txt
-rw-------  1 cms013 cms      126 Oct 20 08:00 jobreport.txt
-rw-------  1 cms013 cms    17352 Nov 19  2014 parseCrabFjr.py
-rw-------  1 cms013 cms      356 Oct 20 07:59 report.log
-rwx--x--x  1 cms013 cms     1497 Nov 19  2014 report.py
-rwx------  1 cms013 cms     8351 Nov 19  2014 writeCfg.py
-rw-------  1 cms013 cms     8473 Oct 20 07:58 x509up_u46992
>>> crab_fjr_*.xml  permission set to 0704
CrabWrapper EXIT_FUNC entered at Tue Oct 20 08:00:01 CEST 2015   -  Tue Oct 20 06:00:01 UTC 2015
Checking output files:  
will tar file OutTree_18_1_K8Z.root in  out_files_18
will tar file crab_fjr_18.xml in  out_files_18
WARNING: output file CMSSW_18.stdout not found!
WARNING: output file CMSSW_18.stderr not found!
WARNING: output file Watchdog_18.log.gz not found!
>>> padding time: Sleeping the wrapper for 545 seconds
STOPPING WATCHDOG. CrabWatchdog PID is 65326
********** LAST 50 LINES OF WATCHDOG LOG
# RESOURCE USAGE SUMMARY FOR PROCESS ID 64797
USER       PID %CPU %MEM    VSZ   RSS TTY      STAT START   TIME COMMAND
cms013   64797  0.4  0.0   9604  1604 ?        S    07:59   0:00 /bin/sh /home/condor/dir_40301/CREAM864263027/glide_C6rrGS/execute/dir_64427/condor_exec.exe 18 1
 
# LIMITS USED BY CRAB WATCHDOG:
# RSS  (KBytes)   : 2300000
# VSZ  (KBytes)   : 100000000
# DISK (MBytes)   : 19000
# CPU TIME        : 720h:0m:0s
# WALL CLOCK TIME : 21h:50m:0s
 
# FOLLOWING PRINTOUT TRACKS MAXIMUM VALUES OF RESOURCES USE
# ONE LINE IS PRINTED EACH TIME A MAXIMUM CHANGES
# IF CHANGE WAS IN RSS OR VSZ ALSO PROCID AND COMMAND ARE PRINTED
# THERE IS NO PRINTOUT FOR CPU/WALL TIME INCREASE
 
# TIME			PID	RSS(KB)	VSZ(KB)	Dsk(MB)	tCPU(s)	tWALL(s)	COMMAND
 Oct 20 07:59:11 CEST	40911	1248	106096	0	0	0	sh -c "./glidein_startup.sh" -v std -name v3_2 -entry CMS_T2_IT_Bari_ce1 -clientname CMSG-v1_0.main
 Oct 20 07:59:11 CEST	40914	1792	106492	0	0	0	/bin/bash ./glidein_startup.sh -v std -name v3_2 -entry CMS_T2_IT_Bari_ce1 -clientname CMSG-v1_0.main -schedd
 Oct 20 07:59:11 CEST	54562	8708	106492	0	0	0	/home/condor/dir_40301/CREAM864263027/glide_C6rrGS/main/condor/sbin/condor_master -f -pidfile /home/condor/dir_40301/CREAM864263027/glide_C6rrGS/condor_master2.pid       
 Oct 20 07:59:11 CEST	54617	9700	106492	0	3	0	condor_procd -A /home/condor/dir_40301/CREAM864263027/glide_C6rrGS/log/procd_address -L /home/condor/dir_40301/CREAM864263027/glide_C6rrGS/log/ProcLog -R 1000000 -S 60 -C 11755
 Oct 20 07:59:11 CEST	---	9700	106492	154	----	----	----
 Oct 20 08:00:12 CEST	54617	9712	106492	154	3	62	condor_procd -A /home/condor/dir_40301/CREAM864263027/glide_C6rrGS/log/procd_address -L /home/condor/dir_40301/CREAM864263027/glide_C6rrGS/log/ProcLog -R 1000000 -S 60 -C 11755
 Oct 20 08:00:12 CEST	---	9712	106492	155	----	----	----
 Oct 20 08:01:13 CEST	54617	9720	106492	155	3	123	condor_procd -A /home/condor/dir_40301/CREAM864263027/glide_C6rrGS/log/procd_address -L /home/condor/dir_40301/CREAM864263027/glide_C6rrGS/log/ProcLog -R 1000000 -S 60 -C 11755
 Oct 20 08:02:14 CEST	54617	9732	106492	155	3	184	condor_procd -A /home/condor/dir_40301/CREAM864263027/glide_C6rrGS/log/procd_address -L /home/condor/dir_40301/CREAM864263027/glide_C6rrGS/log/ProcLog -R 1000000 -S 60 -C 11755
 Oct 20 08:03:15 CEST	54617	9740	106492	155	4	245	condor_procd -A /home/condor/dir_40301/CREAM864263027/glide_C6rrGS/log/procd_address -L /home/condor/dir_40301/CREAM864263027/glide_C6rrGS/log/ProcLog -R 1000000 -S 60 -C 11755
 Oct 20 08:05:18 CEST	54617	9748	106492	155	4	367	condor_procd -A /home/condor/dir_40301/CREAM864263027/glide_C6rrGS/log/procd_address -L /home/condor/dir_40301/CREAM864263027/glide_C6rrGS/log/ProcLog -R 1000000 -S 60 -C 11755
 Oct 20 08:08:21 CEST	54617	9752	106492	155	5	551	condor_procd -A /home/condor/dir_40301/CREAM864263027/glide_C6rrGS/log/procd_address -L /home/condor/dir_40301/CREAM864263027/glide_C6rrGS/log/ProcLog -R 1000000 -S 60 -C 11755
********** WATCHDOG LOG ENDED
ZIPPING WATCHDOG LOG
Disk space used:
du -sh /home/condor/dir_40301/CREAM864263027/glide_C6rrGS/execute/dir_64427
155M	/home/condor/dir_40301/CREAM864263027/glide_C6rrGS/execute/dir_64427
Found unusual stdout, rename for OSB
`/home/condor/dir_40301/CREAM864263027/glide_C6rrGS/execute/dir_64427/_condor_stdout' -> `CMSSW_18.stdout'
Found unusual stderr, rename for OSB
`/home/condor/dir_40301/CREAM864263027/glide_C6rrGS/execute/dir_64427/_condor_stdout' -> `CMSSW_18.stderr'
OutTree_18_1_K8Z.root
crab_fjr_18.xml
CMSSW_18.stdout
CMSSW_18.stderr
Watchdog_18.log.gz
Total Output dimension: 55278
WARNING: output files size limit is set to: 50000000
Total Output dimension 55278 is fine.
JOB_EXIT_STATUS = 0
>>> info for dashboard:
***** Cat /home/condor/dir_40301/CREAM864263027/glide_C6rrGS/execute/dir_64427/jobreport.txt *****
MonitorJobID=18_https://submit-6.t2.ucsd.edu//151020//666495.17
MonitorID=amkalsi_Good_5000ps_p82fc3
ExeTime=43
ExeExitCode=0
CrabUserCpuTime=27.03
CrabSysCpuTime=3.38
CrabCpuPercentage=71%
CrabWrapperTime=600
CrabStageoutTime=NULL
JobExitCode=0
***** End Cat jobreport *****
Parameters sent to Dashboard.
EXITING at Tue Oct 20 08:09:10 CEST 2015  -  Tue Oct 20 06:09:10 UTC 2015
