2015-10-20 00:33:41,150 [DEBUG] 	/cvmfs/cms.cern.ch/crab/CRAB_2_11_1_patch1/python/crab.py -USER.user_remote_dir=DYToMuMu_M-20_TuneZ2star_14TeV_Piet/Loose_5000ps -create -USER.ui_working_dir=DYToMuMu_M-20_TuneZ2star_14TeV_Piet/Loose_5000ps -CMSSW.datasetpath=/DYToMuMu_M-20_TuneZ2star_14TeV-pythia6-tauola/piet-DYToMuMu_M-20_TuneZ2star_14TeV-pythia6-tauola_HGCALGS_PU140_5ns_32ns_RECO-9534beda007a59447d9159ddc4f0a675/USER -submit -CMSSW.pset=analysisTiming_Loose.py

2015-10-20 00:33:41,150 [INFO] 	Version 2.11.1_patch1 running on Tue Oct 20 00:33:41 2015 CST (05:33:41 UTC)

crab. Working options:
	scheduler           remoteGlidein
	job type            CMSSW
	server              OFF
	working directory   /uscms_data/d3/aman30/ME0/CMSSW_6_2_0_SLHC26_patch3/src/Analyzer/ME0TimingAnalysis/python/DYToMuMu_M-20_TuneZ2star_14TeV_Piet/Loose_5000ps/

2015-10-20 00:33:41,150 [DEBUG] 	Downloading file [http://cmsdoc.cern.ch/cms/LCG/crab/config/] to [/uscms/home/aman30/.cms_crab/allowed_releases.conf].
2015-10-20 00:33:41,164 [DEBUG] 	/uscms/home/aman30/.cms_crab/0_GET_allowed_releases.conf expired, refreshing cache
2015-10-20 00:33:41,164 [DEBUG] 	getData: 
	url: /cms/LCG/crab/config/allowed_releases.conf
	data: {}
2015-10-20 00:33:41,647 [DEBUG] 	Input whitelist: 
2015-10-20 00:33:41,647 [DEBUG] 	Input blacklist: 
2015-10-20 00:33:41,647 [DEBUG] 	Converted whitelist: 
2015-10-20 00:33:41,647 [DEBUG] 	Converted blacklist: 
2015-10-20 00:33:55,714 [DEBUG] 	Downloading file [http://cmsdoc.cern.ch/cms/LCG/crab/config/] to [/uscms/home/aman30/.cms_crab/site_black_list.conf].
2015-10-20 00:33:55,715 [DEBUG] 	/uscms/home/aman30/.cms_crab/0_GET_site_black_list.conf expired, refreshing cache
2015-10-20 00:33:55,716 [DEBUG] 	getData: 
	url: /cms/LCG/crab/config/site_black_list.conf
	data: {}
2015-10-20 00:33:55,958 [DEBUG] 	Enforced black list: TAPE,srm-cms.cern.ch,cmssrm.fnal.gov,T1_RU,T1_TW,cmseos.fnal.gov,cmsdca2.fnal.gov,T2_PK_NCP,T3_US_Vanderbilt_EC2
 
2015-10-20 00:34:01,444 [DEBUG] 	Linux cmslpc23.fnal.gov 2.6.32-504.30.3.el6.x86_64 #1 SMP Tue Jul 14 11:18:03 CDT 2015 x86_64 x86_64 x86_64 GNU/Linux
 
Used properties:
Linux cmslpc23.fnal.gov 2.6.32-504.30.3.el6.x86_64 #1 SMP Tue Jul 14 11:18:03 CDT 2015 x86_64 x86_64 x86_64 GNU/Linux
 
Used properties:
   CMSSW.datasetpath : /DYToMuMu_M-20_TuneZ2star_14TeV-pythia6-tauola/piet-DYToMuMu_M-20_TuneZ2star_14TeV-pythia6-tauola_HGCALGS_PU140_5ns_32ns_RECO-9534beda007a59447d9159ddc4f0a675/USER
   CMSSW.dbs_url : phys03
   CMSSW.events_per_job : 1000
   CMSSW.output_file : OutTree.root
   CMSSW.pset : analysisTiming_Loose.py
   CMSSW.total_number_of_events : -1
   CMSSW.use_dbs3 : 1
   CRAB.create : 
   CRAB.jobtype : cmssw
   CRAB.scheduler : remoteGlidein
   CRAB.submit : 
   CRAB.use_server : 0
   USER.copy_data : 0
   USER.return_data : 1
   USER.ui_working_dir : DYToMuMu_M-20_TuneZ2star_14TeV_Piet/Loose_5000ps
   USER.user_remote_dir : DYToMuMu_M-20_TuneZ2star_14TeV_Piet/Loose_5000ps
End of used properties.

2015-10-20 00:34:01,445 [DEBUG] 	Downloading file [http://cmsdoc.cern.ch/cms/LCG/crab/config/] to [/uscms/home/aman30/.cms_crab/site_black_list.conf].
2015-10-20 00:34:01,446 [DEBUG] 	Enforced black list: TAPE,srm-cms.cern.ch,cmssrm.fnal.gov,T1_RU,T1_TW,cmseos.fnal.gov,cmsdca2.fnal.gov,T2_PK_NCP,T3_US_Vanderbilt_EC2 
2015-10-20 00:34:01,446 [INFO] 	PSN black list: TAPE,srm-cms.cern.ch,cmssrm.fnal.gov,T1_RU,T1_TW,cmseos.fnal.gov,cmsdca2.fnal.gov,T2_PK_NCP,T3_US_Vanderbilt_EC2
2015-10-20 00:34:01,666 [DEBUG] 	CMSSW::__init__
2015-10-20 00:34:01,667 [DEBUG] 	Scram::Scram() version is 2
2015-10-20 00:34:01,667 [DEBUG] 	Scram::Scram() arch is slc6_amd64_gcc472
2015-10-20 00:34:01,668 [DEBUG] 	Downloading file [https://cmssdt.cern.ch/SDT/cgi-bin] to [/uscms/home/aman30/.cms_crab/ReleasesXML?anytype=1].
2015-10-20 00:34:01,675 [DEBUG] 	/uscms/home/aman30/.cms_crab/0_GET_ReleasesXML?anytype=1 expired, refreshing cache
2015-10-20 00:34:01,675 [DEBUG] 	getData: 
	url: /SDT/cgi-bin/ReleasesXML?anytype=1
	data: {}
2015-10-20 00:34:03,895 [INFO] 	Contacting Data Discovery Services ...
2015-10-20 00:34:03,895 [DEBUG] 	No mapping to a DBS2 instance possible for dbs_url=https://cmsweb.cern.ch/dbs/prod/phys03/DBSReader
2015-10-20 00:34:03,895 [INFO] 	Accessing DBS at: https://cmsweb.cern.ch/dbs/prod/phys03/DBSReader
2015-10-20 00:34:11,254 [INFO] 	DBS3 lookup took  7.15 sec
2015-10-20 00:34:11,368 [INFO] 	Datatype is mc
2015-10-20 00:34:11,375 [DEBUG] 	No mapping to a DBS2 instance possible for dbs_url=https://cmsweb.cern.ch/dbs/prod/phys03/DBSReader
2015-10-20 00:34:11,375 [DEBUG] 	Retrieve block locations with
curl -ks --cert $X509_USER_PROXY --key $X509_USER_PROXY "https://cmsweb.cern.ch/phedex/datasvc/json/prod/BlockReplicaSummary?dataset=/DYToMuMu_M-20_TuneZ2star_14TeV-pythia6-tauola/piet-DYToMuMu_M-20_TuneZ2star_14TeV-pythia6-tauola_HGCALGS_PU140_5ns_32ns_RECO-9534beda007a59447d9159ddc4f0a675/USER&complete=y"
2015-10-20 00:34:12,416 [DEBUG] 	Retrieve PNNs type with
curl -ks --cert $X509_USER_PROXY --key $X509_USER_PROXY "https://cmsweb.cern.ch/phedex/datasvc/cjson/prod/nodes"
2015-10-20 00:34:13,666 [INFO] 	No dataset location information found in PhEDEx
2015-10-20 00:34:13,666 [INFO] 	Use origin site location recorded in local scope DBS
2015-10-20 00:34:18,679 [INFO] 	Requested dataset: /DYToMuMu_M-20_TuneZ2star_14TeV-pythia6-tauola/piet-DYToMuMu_M-20_TuneZ2star_14TeV-pythia6-tauola_HGCALGS_PU140_5ns_32ns_RECO-9534beda007a59447d9159ddc4f0a675/USER has 13060 events in 19 blocks.

2015-10-20 00:34:20,552 [DEBUG] 	Job splitting method: EventBased
2015-10-20 00:34:20,553 [DEBUG] 	Events in Block File 10
2015-10-20 00:34:20,553 [DEBUG] 	Events in Block File 20
2015-10-20 00:34:20,553 [DEBUG] 	Events in Block File 640
2015-10-20 00:34:20,556 [DEBUG] 	Events in Block File 1000
2015-10-20 00:34:20,561 [DEBUG] 	Events in Block File 100
2015-10-20 00:34:20,561 [DEBUG] 	Events in Block File 1000
2015-10-20 00:34:20,566 [DEBUG] 	Events in Block File 1000
2015-10-20 00:34:20,571 [DEBUG] 	Events in Block File 100
2015-10-20 00:34:20,571 [DEBUG] 	Events in Block File 1000
2015-10-20 00:34:20,577 [DEBUG] 	Events in Block File 1000
2015-10-20 00:34:20,582 [DEBUG] 	Events in Block File 1000
2015-10-20 00:34:20,587 [DEBUG] 	Events in Block File 1000
2015-10-20 00:34:20,591 [DEBUG] 	Events in Block File 1000
2015-10-20 00:34:20,596 [DEBUG] 	Events in Block File 1000
2015-10-20 00:34:20,601 [DEBUG] 	Events in Block File 100
2015-10-20 00:34:20,601 [DEBUG] 	Events in Block File 10
2015-10-20 00:34:20,602 [DEBUG] 	Events in Block File 10
2015-10-20 00:34:20,602 [DEBUG] 	Events in Block File 70
2015-10-20 00:34:20,602 [DEBUG] 	Events in Block File 3000
2015-10-20 00:34:20,604 [DEBUG] 	
Job 19 can run over 1000 events.
Job 19 Destination: ['T2_IT_Bari']
Job 20 can run over 1000 events.
Job 20 Destination: ['T2_IT_Bari']
Job 21 can run over 1000 events.
Job 21 Destination: ['T2_IT_Bari']

2015-10-20 00:34:20,604 [INFO] 	21 job(s) can run on 13060 events.

2015-10-20 00:34:20,606 [INFO] 	List of jobs and available destination sites:

Block     1: jobs                    1: sites: T2_IT_Bari
Block     2: jobs                    2: sites: T2_IT_Bari
Block     3: jobs                    3: sites: T2_IT_Bari
Block     4: jobs                    4: sites: T2_IT_Bari
Block     5: jobs                    5: sites: T2_IT_Bari
Block     6: jobs                    6: sites: T2_IT_Bari
Block     7: jobs                    7: sites: T2_IT_Bari
Block     8: jobs                    8: sites: T2_IT_Bari
Block     9: jobs                    9: sites: T2_IT_Bari
Block    10: jobs                   10: sites: T2_IT_Bari
Block    11: jobs                   11: sites: T2_IT_Bari
Block    12: jobs                   12: sites: T2_IT_Bari
Block    13: jobs                   13: sites: T2_IT_Bari
Block    14: jobs                   14: sites: T2_IT_Bari
Block    15: jobs                   15: sites: T2_IT_Bari
Block    16: jobs                   16: sites: T2_IT_Bari
Block    17: jobs                   17: sites: T2_IT_Bari
Block    18: jobs                   18: sites: T2_IT_Bari
Block    19: jobs                19-21: sites: T2_IT_Bari

2015-10-20 00:34:20,751 [DEBUG] 	PsetManipulator::__init__: PSet file = analysisTiming_Loose.py
2015-10-20 00:34:22,662 [DEBUG] 	Output from TFileService OutTree.root already in output files
2015-10-20 00:34:22,782 [DEBUG] 	Exe /cvmfs/cms.cern.ch/slc6_amd64_gcc472/cms/cmssw/CMSSW_6_2_0_SLHC26/bin/slc6_amd64_gcc472/cmsRun to be tarred
2015-10-20 00:34:22,857 [DEBUG] 	lib /uscms_data/d3/aman30/ME0/CMSSW_6_2_0_SLHC26_patch3/lib to be tarred
2015-10-20 00:34:32,395 [DEBUG] 	data SimTracker/TrackerMaterialAnalysis/data to be tarred
2015-10-20 00:34:36,572 [DEBUG] 	data RecoMuon/MuonIdentification/data to be tarred
2015-10-20 00:34:37,200 [DEBUG] 	data SimDataFormats/GeneratorProducts/data to be tarred
2015-10-20 00:34:37,289 [DEBUG] 	data SLHCUpgradeSimulations/L1CaloTrigger/data to be tarred
2015-10-20 00:34:41,434 [DEBUG] 	data SLHCUpgradeSimulations/Geometry/data to be tarred
2015-10-20 00:34:42,335 [DEBUG] 	data RecoLocalMuon/GEMRecHit/data to be tarred
2015-10-20 00:34:42,911 [DEBUG] 	Creator: JobType CMSSW created
2015-10-20 00:34:42,911 [DEBUG] 	Creator: total # of jobs = 21
2015-10-20 00:34:42,911 [DEBUG] 	Creator constructor finished
2015-10-20 00:34:43,293 [DEBUG] 	parseRange_ None
2015-10-20 00:34:43,310 [DEBUG] 	Scram::Scram() version is 2
2015-10-20 00:34:43,310 [DEBUG] 	Scram::Scram() arch is slc6_amd64_gcc472
2015-10-20 00:34:43,310 [DEBUG] 	Creator::run() called
2015-10-20 00:34:43,311 [DEBUG] 	Scram::Scram() version is 2
2015-10-20 00:34:43,311 [DEBUG] 	Scram::Scram() arch is slc6_amd64_gcc472
2015-10-20 00:34:43,544 [INFO] 	Creating 21 jobs, please wait...
2015-10-20 00:34:43,544 [DEBUG] 	Creation Time: 0.233552932739
2015-10-20 00:34:43,544 [INFO] 	Total of 21 jobs created.

2015-10-20 00:34:43,544 [DEBUG] 	Submitter::run() called
2015-10-20 00:34:43,559 [DEBUG] 	nsjobs -1
2015-10-20 00:34:43,560 [DEBUG] 	Total jobs 21
2015-10-20 00:34:43,575 [DEBUG] 	nj_list [1, 2, 3, 4, 5, 6, 7, 8, 9, 10, 11, 12, 13, 14, 15, 16, 17, 18, 19, 20, 21]
2015-10-20 00:34:43,815 [DEBUG] 	GRIDNAME: /C=TW/O=AP/OU=GRID/CN=Amandeep Kaur Kalsi 129089 
2015-10-20 00:34:44,343 [DEBUG] 	Submission DashBoard Pre-Submission report: {'ApplicationVersion': 'CMSSW_6_2_0_SLHC26_patch3', 'taskId': 'amkalsi_Loose_5000ps_jhs950', 'resubmitter': 'user', 'tool': 'crab2', 'vo': 'cms', 'tool_ui': 'cmslpc23.fnal.gov', 'JSToolVersion': '2.11.1_patch1', 'user': 'amkalsi', 'scheduler': 'GLIDEIN', 'taskType': 'analysis', 'CMSUser': 'amkalsi', 'jobId': 'TaskMeta', 'datasetFull': '/DYToMuMu_M-20_TuneZ2star_14TeV-pythia6-tauola/piet-DYToMuMu_M-20_TuneZ2star_14TeV-pythia6-tauola_HGCALGS_PU140_5ns_32ns_RECO-9534beda007a59447d9159ddc4f0a675/USER', 'exe': 'cmsRun', 'GridName': '/C=TW/O=AP/OU=GRID/CN=Amandeep Kaur Kalsi 129089', 'SubmissionType': 'direct'}
2015-10-20 00:34:44,343 [INFO] 	Checking available resources...
2015-10-20 00:34:44,366 [INFO] 	Found  compatible site(s) for job 1
2015-10-20 00:34:44,368 [INFO] 	1 blocks of jobs will be submitted
2015-10-20 00:34:44,368 [DEBUG] 	Delegating proxy 
2015-10-20 00:34:44,368 [DEBUG] 	Submitting jobs [1, 2, 3, 4, 5, 6, 7, 8, 9, 10, 11, 12, 13, 14, 15, 16, 17, 18, 19, 20, 21]
2015-10-20 00:34:44,415 [DEBUG] 	Calling ServerConfig default
2015-10-20 00:34:44,416 [DEBUG] 	getting serverlist from web
2015-10-20 00:34:44,416 [DEBUG] 	Downloading file [http://cmsdoc.cern.ch/cms/LCG/crab/config/] to [/uscms/home/aman30/.cms_crab/AvailableServerList].
2015-10-20 00:34:44,425 [DEBUG] 	/uscms/home/aman30/.cms_crab/0_GET_AvailableServerList expired, refreshing cache
2015-10-20 00:34:44,425 [DEBUG] 	getData: 
	url: /cms/LCG/crab/config/AvailableServerList
	data: {}
2015-10-20 00:34:44,774 [DEBUG] 	All avaialble servers: [['cern_vocms0117', '2.8.4-', 'remoteGlidein'], ['cern_vocms0117', '2.8.4-', 'remoteGlidein'], ['ucsd_submit-6', '2.8.4-', 'remoteGlidein'], ['ucsd_submit-6', '2.8.4-', 'remoteGlidein'], ['ucsd_submit-6', '2.8.4-', 'remoteGlidein']]
2015-10-20 00:34:44,774 [DEBUG] 	All avaialble servers compatible with 2.11.1_patch1: ['cern_vocms0117', 'cern_vocms0117', 'ucsd_submit-6', 'ucsd_submit-6', 'ucsd_submit-6']
2015-10-20 00:34:44,775 [DEBUG] 	Avaialble servers: ['cern_vocms0117', 'cern_vocms0117', 'ucsd_submit-6', 'ucsd_submit-6', 'ucsd_submit-6'] choosen: ucsd_submit-6
2015-10-20 00:34:44,775 [DEBUG] 	Downloading file [http://cmsdoc.cern.ch/cms/LCG/crab/config/] to [/uscms/home/aman30/.cms_crab/server_ucsd_submit-6.conf].
2015-10-20 00:34:44,776 [DEBUG] 	/uscms/home/aman30/.cms_crab/0_GET_server_ucsd_submit-6.conf expired, refreshing cache
2015-10-20 00:34:44,776 [DEBUG] 	getData: 
	url: /cms/LCG/crab/config/server_ucsd_submit-6.conf
	data: {}
2015-10-20 00:34:45,020 [INFO] 	remotehost from Avail.List = submit-6.t2.ucsd.edu
2015-10-20 00:34:45,055 [INFO] 	list of PSN's for submission: T2_IT_Bari
2015-10-20 00:34:45,055 [DEBUG] 	Scram::Scram() version is 2
2015-10-20 00:34:45,056 [DEBUG] 	Scram::Scram() arch is slc6_amd64_gcc472
2015-10-20 00:34:45,405 [INFO] 	contacting remote host submit-6.t2.ucsd.edu
2015-10-20 00:34:45,806 [DEBUG] 	Execute command :
eval `scram unsetenv -sh`;  gsissh  -o ControlMaster=auto -o ControlPath=/tmp/aman30/.ssh/ssh-link--1710352275-submit-6.t2.ucsd.edu -o BatchMode=yes -o StrictHostKeyChecking=no -o ForwardX11=no submit-6.t2.ucsd.edu  "sleep 3600"
2015-10-20 00:34:45,810 [INFO] 	Establishing gsissh ControlPath. Wait 2 sec ...
2015-10-20 00:34:47,815 [INFO] 	COPY FILES TO REMOTE HOST
2015-10-20 00:34:47,816 [DEBUG] 	Execute command :
eval `scram unsetenv -sh`;  gsissh -o ControlMaster=auto -o ControlPath=/tmp/aman30/.ssh/ssh-link--1710352275-submit-6.t2.ucsd.edu -o BatchMode=yes -o StrictHostKeyChecking=no -o ForwardX11=no submit-6.t2.ucsd.edu  mkdir -p amkalsi_Loose_5000ps_jhs950
2015-10-20 00:34:48,186 [DEBUG] 	Status,output= 0,
2015-10-20 00:34:48,186 [DEBUG] 	Execute command :
gsiscp -o ControlMaster=auto -o ControlPath=/tmp/aman30/.ssh/ssh-link--1710352275-submit-6.t2.ucsd.edu -o BatchMode=yes -o StrictHostKeyChecking=no -o ForwardX11=no /uscms_data/d3/aman30/ME0/CMSSW_6_2_0_SLHC26_patch3/src/Analyzer/ME0TimingAnalysis/python/DYToMuMu_M-20_TuneZ2star_14TeV_Piet/Loose_5000ps/share/default.tgz /uscms_data/d3/aman30/ME0/CMSSW_6_2_0_SLHC26_patch3/src/Analyzer/ME0TimingAnalysis/python/DYToMuMu_M-20_TuneZ2star_14TeV_Piet/Loose_5000ps/share/arguments.xml /uscms_data/d3/aman30/ME0/CMSSW_6_2_0_SLHC26_patch3/src/Analyzer/ME0TimingAnalysis/python/DYToMuMu_M-20_TuneZ2star_14TeV_Piet/Loose_5000ps/job/CMSSW.sh /uscms_data/d3/aman30/ME0/CMSSW_6_2_0_SLHC26_patch3/src/Analyzer/ME0TimingAnalysis/python/DYToMuMu_M-20_TuneZ2star_14TeV_Piet/Loose_5000ps/share//amkalsi_Loose_5000ps_jhs950_job21.jdl /tmp/x509up_u46992 submit-6.t2.ucsd.edu:amkalsi_Loose_5000ps_jhs950
2015-10-20 00:34:52,213 [DEBUG] 	Status,output= 0,
2015-10-20 00:34:52,213 [INFO] 	SUBMIT TO REMOTE GLIDEIN FRONTEND
2015-10-20 00:34:52,214 [DEBUG] 	Execute command :
eval `scram unsetenv -sh`;  gsissh -o ControlMaster=auto -o ControlPath=/tmp/aman30/.ssh/ssh-link--1710352275-submit-6.t2.ucsd.edu -o BatchMode=yes -o StrictHostKeyChecking=no -o ForwardX11=no submit-6.t2.ucsd.edu "cd amkalsi_Loose_5000ps_jhs950;  condor_submit  amkalsi_Loose_5000ps_jhs950_job21.jdl; echo 'CONDOR_SUBMIT-EXIT-STATUS IS' \$?"
2015-10-20 00:34:53,034 [DEBUG] 	Status,output= 0,Submitting job(s).....................
21 job(s) submitted to cluster 666492.
CONDOR_SUBMIT-EXIT-STATUS IS 0
2015-10-20 00:34:53,036 [DEBUG] 	Returning {u'amkalsi_Loose_5000ps_jhs950_job18': 'submit-6.t2.ucsd.edu//151020//666492.17', u'amkalsi_Loose_5000ps_jhs950_job19': 'submit-6.t2.ucsd.edu//151020//666492.18', u'amkalsi_Loose_5000ps_jhs950_job14': 'submit-6.t2.ucsd.edu//151020//666492.13', u'amkalsi_Loose_5000ps_jhs950_job15': 'submit-6.t2.ucsd.edu//151020//666492.14', u'amkalsi_Loose_5000ps_jhs950_job16': 'submit-6.t2.ucsd.edu//151020//666492.15', u'amkalsi_Loose_5000ps_jhs950_job17': 'submit-6.t2.ucsd.edu//151020//666492.16', u'amkalsi_Loose_5000ps_jhs950_job10': 'submit-6.t2.ucsd.edu//151020//666492.9', u'amkalsi_Loose_5000ps_jhs950_job11': 'submit-6.t2.ucsd.edu//151020//666492.10', u'amkalsi_Loose_5000ps_jhs950_job12': 'submit-6.t2.ucsd.edu//151020//666492.11', u'amkalsi_Loose_5000ps_jhs950_job13': 'submit-6.t2.ucsd.edu//151020//666492.12', u'amkalsi_Loose_5000ps_jhs950_job21': 'submit-6.t2.ucsd.edu//151020//666492.20', u'amkalsi_Loose_5000ps_jhs950_job20': 'submit-6.t2.ucsd.edu//151020//666492.19', u'amkalsi_Loose_5000ps_jhs950_job8': 'submit-6.t2.ucsd.edu//151020//666492.7', u'amkalsi_Loose_5000ps_jhs950_job9': 'submit-6.t2.ucsd.edu//151020//666492.8', u'amkalsi_Loose_5000ps_jhs950_job6': 'submit-6.t2.ucsd.edu//151020//666492.5', u'amkalsi_Loose_5000ps_jhs950_job7': 'submit-6.t2.ucsd.edu//151020//666492.6', u'amkalsi_Loose_5000ps_jhs950_job4': 'submit-6.t2.ucsd.edu//151020//666492.3', u'amkalsi_Loose_5000ps_jhs950_job5': 'submit-6.t2.ucsd.edu//151020//666492.4', u'amkalsi_Loose_5000ps_jhs950_job2': 'submit-6.t2.ucsd.edu//151020//666492.1', u'amkalsi_Loose_5000ps_jhs950_job3': 'submit-6.t2.ucsd.edu//151020//666492.2', u'amkalsi_Loose_5000ps_jhs950_job1': 'submit-6.t2.ucsd.edu//151020//666492.0'}
amkalsi_Loose_5000ps_jhs950
cmslpc23.fnal.gov
2015-10-20 00:34:53,049 [DEBUG] 	WMS : cmslpc23.fnal.gov
Collection ID : amkalsi_Loose_5000ps_jhs950
2015-10-20 00:34:53,059 [DEBUG] 	Submitted job # 1
2015-10-20 00:34:53,059 [DEBUG] 	Submitted job # 2
2015-10-20 00:34:53,059 [DEBUG] 	Submitted job # 3
2015-10-20 00:34:53,059 [DEBUG] 	Submitted job # 4
2015-10-20 00:34:53,059 [DEBUG] 	Submitted job # 5
2015-10-20 00:34:53,060 [DEBUG] 	Submitted job # 6
2015-10-20 00:34:53,060 [DEBUG] 	Submitted job # 7
2015-10-20 00:34:53,060 [DEBUG] 	Submitted job # 8
2015-10-20 00:34:53,060 [DEBUG] 	Submitted job # 9
2015-10-20 00:34:53,060 [DEBUG] 	Submitted job # 10
2015-10-20 00:34:53,060 [DEBUG] 	Submitted job # 11
2015-10-20 00:34:53,060 [DEBUG] 	Submitted job # 12
2015-10-20 00:34:53,060 [DEBUG] 	Submitted job # 13
2015-10-20 00:34:53,060 [DEBUG] 	Submitted job # 14
2015-10-20 00:34:53,060 [DEBUG] 	Submitted job # 15
2015-10-20 00:34:53,060 [DEBUG] 	Submitted job # 16
2015-10-20 00:34:53,061 [DEBUG] 	Submitted job # 17
2015-10-20 00:34:53,061 [DEBUG] 	Submitted job # 18
2015-10-20 00:34:53,061 [DEBUG] 	Submitted job # 19
2015-10-20 00:34:53,061 [DEBUG] 	Submitted job # 20
2015-10-20 00:34:53,061 [DEBUG] 	Submitted job # 21
2015-10-20 00:34:53,086 [DEBUG] 	Updating [[1, 2, 3, 4, 5, 6, 7, 8, 9, 10, 11, 12, 13, 14, 15, 16, 17, 18, 19, 20, 21]] state SubSuccess
2015-10-20 00:34:53,312 [DEBUG] 	GRIDNAME: /C=TW/O=AP/OU=GRID/CN=Amandeep Kaur Kalsi 129089 
2015-10-20 00:34:53,761 [DEBUG] 	Submission Time: 10.2170169353
2015-10-20 00:34:53,762 [INFO] 	Total of 21 jobs submitted.
2015-10-20 04:38:37,070 [DEBUG] 	/cvmfs/cms.cern.ch/crab/CRAB_2_11_1_patch1/python/crab.py -USER.user_remote_dir=DYToMuMu_M-20_TuneZ2star_14TeV_Piet/Loose_5000ps -c=DYToMuMu_M-20_TuneZ2star_14TeV_Piet/Loose_5000ps -USER.ui_working_dir=DYToMuMu_M-20_TuneZ2star_14TeV_Piet/Loose_5000ps -CMSSW.datasetpath=/DYToMuMu_M-20_TuneZ2star_14TeV-pythia6-tauola/piet-DYToMuMu_M-20_TuneZ2star_14TeV-pythia6-tauola_HGCALGS_PU140_5ns_32ns_RECO-9534beda007a59447d9159ddc4f0a675/USER -status -CMSSW.pset=analysisTiming_Loose.py

2015-10-20 04:38:37,070 [INFO] 	Version 2.11.1_patch1 running on Tue Oct 20 04:38:37 2015 CST (09:38:37 UTC)

crab. Working options:
	scheduler           remoteGlidein
	job type            CMSSW
	server              OFF
	working directory   /uscms_data/d3/aman30/ME0/CMSSW_6_2_0_SLHC26_patch3/src/Analyzer/ME0TimingAnalysis/python/DYToMuMu_M-20_TuneZ2star_14TeV_Piet/Loose_5000ps/

2015-10-20 04:38:37,075 [DEBUG] 	Downloading file [http://cmsdoc.cern.ch/cms/LCG/crab/config/] to [/uscms/home/aman30/.cms_crab/allowed_releases.conf].
2015-10-20 04:38:37,075 [DEBUG] 	/uscms/home/aman30/.cms_crab/0_GET_allowed_releases.conf expired, refreshing cache
2015-10-20 04:38:37,075 [DEBUG] 	getData: 
	url: /cms/LCG/crab/config/allowed_releases.conf
	data: {}
2015-10-20 04:38:37,777 [DEBUG] 	Input whitelist: 
2015-10-20 04:38:37,777 [DEBUG] 	Input blacklist: 
2015-10-20 04:38:37,777 [DEBUG] 	Converted whitelist: 
2015-10-20 04:38:37,777 [DEBUG] 	Converted blacklist: 
2015-10-20 04:38:50,691 [DEBUG] 	Downloading file [http://cmsdoc.cern.ch/cms/LCG/crab/config/] to [/uscms/home/aman30/.cms_crab/site_black_list.conf].
2015-10-20 04:38:50,692 [DEBUG] 	/uscms/home/aman30/.cms_crab/0_GET_site_black_list.conf expired, refreshing cache
2015-10-20 04:38:50,692 [DEBUG] 	getData: 
	url: /cms/LCG/crab/config/site_black_list.conf
	data: {}
2015-10-20 04:38:50,936 [DEBUG] 	Enforced black list: TAPE,srm-cms.cern.ch,cmssrm.fnal.gov,T1_RU,T1_TW,cmseos.fnal.gov,cmsdca2.fnal.gov,T2_PK_NCP,T3_US_Vanderbilt_EC2
 
2015-10-20 04:38:56,012 [DEBUG] 	Downloading file [http://cmsdoc.cern.ch/cms/LCG/crab/config/] to [/uscms/home/aman30/.cms_crab/site_black_list.conf].
2015-10-20 04:38:56,013 [DEBUG] 	Enforced black list: TAPE,srm-cms.cern.ch,cmssrm.fnal.gov,T1_RU,T1_TW,cmseos.fnal.gov,cmsdca2.fnal.gov,T2_PK_NCP,T3_US_Vanderbilt_EC2 
2015-10-20 04:38:56,013 [INFO] 	PSN black list: TAPE,srm-cms.cern.ch,cmssrm.fnal.gov,T1_RU,T1_TW,cmseos.fnal.gov,cmsdca2.fnal.gov,T2_PK_NCP,T3_US_Vanderbilt_EC2
2015-10-20 04:38:56,037 [DEBUG] 	Status::run() called
2015-10-20 04:38:56,037 [INFO] 	Checking the status of all jobs: please wait
2015-10-20 04:38:56,525 [INFO] 	contacting remote host submit-6.t2.ucsd.edu
2015-10-20 04:38:56,893 [DEBUG] 	Execute command :
eval `scram unsetenv -sh`;  gsissh  -o ControlMaster=auto -o ControlPath=/tmp/aman30/.ssh/ssh-link--1710352275-submit-6.t2.ucsd.edu -o BatchMode=yes -o StrictHostKeyChecking=no -o ForwardX11=no submit-6.t2.ucsd.edu  "sleep 3600"
2015-10-20 04:38:56,896 [INFO] 	Establishing gsissh ControlPath. Wait 2 sec ...
2015-10-20 04:38:58,898 [DEBUG] 	Execute command :
gsiscp -o ControlMaster=auto -o ControlPath=/tmp/aman30/.ssh/ssh-link--1710352275-submit-6.t2.ucsd.edu -o BatchMode=yes -o StrictHostKeyChecking=no -o ForwardX11=no /tmp/x509up_u46992 submit-6.t2.ucsd.edu:amkalsi_Loose_5000ps_jhs950
2015-10-20 04:38:59,372 [DEBUG] 	Status,output= 0,
2015-10-20 04:38:59,373 [DEBUG] 	Execute command :
eval `scram unsetenv -sh`;  gsissh -o ControlMaster=auto -o ControlPath=/tmp/aman30/.ssh/ssh-link--1710352275-submit-6.t2.ucsd.edu -o BatchMode=yes -o StrictHostKeyChecking=no -o ForwardX11=no submit-6.t2.ucsd.edu  "condor_history -userlog amkalsi_Loose_5000ps_jhs950/condor.log -xml"
2015-10-20 04:39:00,066 [DEBUG] 	Execute command :
eval `scram unsetenv -sh`;  gsissh -o ControlMaster=auto -o ControlPath=/tmp/aman30/.ssh/ssh-link--1710352275-submit-6.t2.ucsd.edu -o BatchMode=yes -o StrictHostKeyChecking=no -o ForwardX11=no submit-6.t2.ucsd.edu "cd amkalsi_Loose_5000ps_jhs950; egrep -H WrapperExitCode\|ExeExitCode crab_fjr_*xml|tr '_.\t\"' ' '|awk '{print \$3\" \"\$7\" \"\$9}'"
2015-10-20 04:39:00,498 [DEBUG] 	Status,output= 0
10 0 WrapperExitCode
10 0 ExeExitCode
11 0 WrapperExitCode
11 0 ExeExitCode
12 0 WrapperExitCode
12 0 ExeExitCode
13 0 WrapperExitCode
13 0 ExeExitCode
14 0 WrapperExitCode
14 0 ExeExitCode
15 0 WrapperExitCode
15 0 ExeExitCode
16 0 WrapperExitCode
16 0 ExeExitCode
17 0 WrapperExitCode
17 0 ExeExitCode
18 0 WrapperExitCode
18 0 ExeExitCode
19 0 WrapperExitCode
19 0 ExeExitCode
1 0 WrapperExitCode
1 0 ExeExitCode
20 0 WrapperExitCode
20 0 ExeExitCode
21 0 WrapperExitCode
21 0 ExeExitCode
2 0 WrapperExitCode
2 0 ExeExitCode
3 0 WrapperExitCode
3 0 ExeExitCode
4 0 WrapperExitCode
4 0 ExeExitCode
5 0 WrapperExitCode
5 0 ExeExitCode
6 0 WrapperExitCode
6 0 ExeExitCode
7 0 WrapperExitCode
7 0 ExeExitCode
8 0 WrapperExitCode
8 0 ExeExitCode
9 0 WrapperExitCode
9 0 ExeExitCode
2015-10-20 04:39:00,594 [INFO] 	
ID    END STATUS            ACTION       ExeExitCode JobExitCode E_HOST
----- --- ----------------- ------------  ---------- ----------- ---------
1     N   Done              Terminated    0          0           cream-ce-2.ba.infn.it
2     N   Done              Terminated    0          0           cream-ce-2.ba.infn.it
3     N   Done              Terminated    0          0           cream-ce-2.ba.infn.it
4     N   Done              Terminated    0          0           cream-ce-2.ba.infn.it
5     N   Done              Terminated    0          0           cream-ce-4.ba.infn.it
6     N   Done              Terminated    0          0           ce-01.recas.ba.infn.it
7     N   Done              Terminated    0          0           ce-01.recas.ba.infn.it
8     N   Done              Terminated    0          0           ce-01.recas.ba.infn.it
9     N   Done              Terminated    0          0           cream-ce-2.ba.infn.it
10    N   Done              Terminated    0          0           ce-01.recas.ba.infn.it
--------------------------------------------------------------------------------
11    N   Done              Terminated    0          0           ce-01.recas.ba.infn.it
12    N   Done              Terminated    0          0           ce-01.recas.ba.infn.it
13    N   Done              Terminated    0          0           cream-ce-2.ba.infn.it
14    N   Done              Terminated    0          0           cream-ce-2.ba.infn.it
15    N   Done              Terminated    0          0           cream-ce-2.ba.infn.it
16    N   Done              Terminated    0          0           ce-01.recas.ba.infn.it
17    N   Done              Terminated    0          0           ce-01.recas.ba.infn.it
18    N   Done              Terminated    0          0           cream-ce-2.ba.infn.it
19    N   Done              Terminated    0          0           cream-ce-2.ba.infn.it
20    N   Done              Terminated    0          0           cream-ce-4.ba.infn.it
--------------------------------------------------------------------------------
21    N   Done              Terminated    0          0           ce-01.recas.ba.infn.it

2015-10-20 04:39:00,633 [INFO] 	ExitCodes Summary
 >>>>>>>>> 21 Jobs with Wrapper Exit Code : 0 
	 List of jobs: 1-21 
	See https://twiki.cern.ch/twiki/bin/view/CMSPublic/JobExitCodes for Exit Code meaning

2015-10-20 04:39:00,633 [INFO] 	 21 Total Jobs 

2015-10-20 04:39:00,647 [INFO] 	You can also follow the status of this task on :
	CMS Dashboard: http://dashb-cms-job-task.cern.ch/taskmon.html#task=amkalsi_Loose_5000ps_jhs950
	Your task name is: amkalsi_Loose_5000ps_jhs950 

2015-10-20 04:39:00,647 [DEBUG] 	Status Time: 4.60955715179
2015-10-20 04:40:14,404 [DEBUG] 	/cvmfs/cms.cern.ch/crab/CRAB_2_11_1_patch1/python/crab.py -USER.user_remote_dir=DYToMuMu_M-20_TuneZ2star_14TeV_Piet/Loose_5000ps -c=DYToMuMu_M-20_TuneZ2star_14TeV_Piet/Loose_5000ps -USER.ui_working_dir=DYToMuMu_M-20_TuneZ2star_14TeV_Piet/Loose_5000ps -CMSSW.datasetpath=/DYToMuMu_M-20_TuneZ2star_14TeV-pythia6-tauola/piet-DYToMuMu_M-20_TuneZ2star_14TeV-pythia6-tauola_HGCALGS_PU140_5ns_32ns_RECO-9534beda007a59447d9159ddc4f0a675/USER -status -get -CMSSW.pset=analysisTiming_Loose.py

2015-10-20 04:40:14,404 [INFO] 	Version 2.11.1_patch1 running on Tue Oct 20 04:40:14 2015 CST (09:40:14 UTC)

crab. Working options:
	scheduler           remoteGlidein
	job type            CMSSW
	server              OFF
	working directory   /uscms_data/d3/aman30/ME0/CMSSW_6_2_0_SLHC26_patch3/src/Analyzer/ME0TimingAnalysis/python/DYToMuMu_M-20_TuneZ2star_14TeV_Piet/Loose_5000ps/

2015-10-20 04:40:14,404 [DEBUG] 	Downloading file [http://cmsdoc.cern.ch/cms/LCG/crab/config/] to [/uscms/home/aman30/.cms_crab/allowed_releases.conf].
2015-10-20 04:40:14,522 [DEBUG] 	Input whitelist: 
2015-10-20 04:40:14,522 [DEBUG] 	Input blacklist: 
2015-10-20 04:40:14,523 [DEBUG] 	Converted whitelist: 
2015-10-20 04:40:14,523 [DEBUG] 	Converted blacklist: 
2015-10-20 04:40:16,441 [DEBUG] 	Downloading file [http://cmsdoc.cern.ch/cms/LCG/crab/config/] to [/uscms/home/aman30/.cms_crab/site_black_list.conf].
2015-10-20 04:40:16,441 [DEBUG] 	Enforced black list: TAPE,srm-cms.cern.ch,cmssrm.fnal.gov,T1_RU,T1_TW,cmseos.fnal.gov,cmsdca2.fnal.gov,T2_PK_NCP,T3_US_Vanderbilt_EC2
 
2015-10-20 04:40:17,935 [DEBUG] 	Downloading file [http://cmsdoc.cern.ch/cms/LCG/crab/config/] to [/uscms/home/aman30/.cms_crab/site_black_list.conf].
2015-10-20 04:40:17,936 [DEBUG] 	Enforced black list: TAPE,srm-cms.cern.ch,cmssrm.fnal.gov,T1_RU,T1_TW,cmseos.fnal.gov,cmsdca2.fnal.gov,T2_PK_NCP,T3_US_Vanderbilt_EC2 
2015-10-20 04:40:17,936 [INFO] 	PSN black list: TAPE,srm-cms.cern.ch,cmssrm.fnal.gov,T1_RU,T1_TW,cmseos.fnal.gov,cmsdca2.fnal.gov,T2_PK_NCP,T3_US_Vanderbilt_EC2
2015-10-20 04:40:17,965 [DEBUG] 	Status::run() called
2015-10-20 04:40:17,965 [INFO] 	Checking the status of all jobs: please wait
2015-10-20 04:40:18,450 [INFO] 	
ID    END STATUS            ACTION       ExeExitCode JobExitCode E_HOST
----- --- ----------------- ------------  ---------- ----------- ---------
1     Y   Done              Terminated    0          0           cream-ce-2.ba.infn.it
2     Y   Done              Terminated    0          0           cream-ce-2.ba.infn.it
3     Y   Done              Terminated    0          0           cream-ce-2.ba.infn.it
4     Y   Done              Terminated    0          0           cream-ce-2.ba.infn.it
5     Y   Done              Terminated    0          0           cream-ce-4.ba.infn.it
6     Y   Done              Terminated    0          0           ce-01.recas.ba.infn.it
7     Y   Done              Terminated    0          0           ce-01.recas.ba.infn.it
8     Y   Done              Terminated    0          0           ce-01.recas.ba.infn.it
9     Y   Done              Terminated    0          0           cream-ce-2.ba.infn.it
10    Y   Done              Terminated    0          0           ce-01.recas.ba.infn.it
--------------------------------------------------------------------------------
11    Y   Done              Terminated    0          0           ce-01.recas.ba.infn.it
12    Y   Done              Terminated    0          0           ce-01.recas.ba.infn.it
13    Y   Done              Terminated    0          0           cream-ce-2.ba.infn.it
14    Y   Done              Terminated    0          0           cream-ce-2.ba.infn.it
15    Y   Done              Terminated    0          0           cream-ce-2.ba.infn.it
16    Y   Done              Terminated    0          0           ce-01.recas.ba.infn.it
17    Y   Done              Terminated    0          0           ce-01.recas.ba.infn.it
18    Y   Done              Terminated    0          0           cream-ce-2.ba.infn.it
19    Y   Done              Terminated    0          0           cream-ce-2.ba.infn.it
20    Y   Done              Terminated    0          0           cream-ce-4.ba.infn.it
--------------------------------------------------------------------------------
21    Y   Done              Terminated    0          0           ce-01.recas.ba.infn.it

2015-10-20 04:40:18,476 [INFO] 	ExitCodes Summary
 >>>>>>>>> 21 Jobs with Wrapper Exit Code : 0 
	 List of jobs: 1-21 
	See https://twiki.cern.ch/twiki/bin/view/CMSPublic/JobExitCodes for Exit Code meaning

2015-10-20 04:40:18,476 [INFO] 	 21 Total Jobs 

2015-10-20 04:40:18,485 [INFO] 	You can also follow the status of this task on :
	CMS Dashboard: http://dashb-cms-job-task.cern.ch/taskmon.html#task=amkalsi_Loose_5000ps_jhs950
	Your task name is: amkalsi_Loose_5000ps_jhs950 

2015-10-20 04:40:18,485 [DEBUG] 	Status Time: 0.520107984543
2015-10-20 04:40:18,485 [DEBUG] 	GetOutput::run() called
2015-10-20 04:40:18,513 [DEBUG] 	fs: Invalid argument; it is possible that /uscms_data/d3/aman30/ME0/CMSSW_6_2_0_SLHC26_patch3/src/Analyzer/ME0TimingAnalysis/python/DYToMuMu_M-20_TuneZ2star_14TeV_Piet/Loose_5000ps/res/ is not in AFS.
Volume Name                    Quota       Used %Used   Partition
 while checking AFS quota. Treat as check OK
2015-10-20 04:40:18,520 [DEBUG] 	fs: Invalid argument; it is possible that /uscms_data/d3/aman30/ME0/CMSSW_6_2_0_SLHC26_patch3/src/Analyzer/ME0TimingAnalysis/python/DYToMuMu_M-20_TuneZ2star_14TeV_Piet/Loose_5000ps/res/ is not in AFS.
Volume Name                  kbytes      used     avail %used
 while checking partition. Treat as check OK
2015-10-20 04:40:18,622 [INFO] 	contacting remote host submit-6.t2.ucsd.edu
2015-10-20 04:40:19,008 [INFO] 	Preparing to rsync 2 files
2015-10-20 04:40:19,995 [INFO] 	Results of Jobs # 1 are in /uscms_data/d3/aman30/ME0/CMSSW_6_2_0_SLHC26_patch3/src/Analyzer/ME0TimingAnalysis/python/DYToMuMu_M-20_TuneZ2star_14TeV_Piet/Loose_5000ps/res/
2015-10-20 04:40:20,192 [DEBUG] 	fs: Invalid argument; it is possible that /uscms_data/d3/aman30/ME0/CMSSW_6_2_0_SLHC26_patch3/src/Analyzer/ME0TimingAnalysis/python/DYToMuMu_M-20_TuneZ2star_14TeV_Piet/Loose_5000ps/res/ is not in AFS.
Volume Name                    Quota       Used %Used   Partition
 while checking AFS quota. Treat as check OK
2015-10-20 04:40:20,200 [DEBUG] 	fs: Invalid argument; it is possible that /uscms_data/d3/aman30/ME0/CMSSW_6_2_0_SLHC26_patch3/src/Analyzer/ME0TimingAnalysis/python/DYToMuMu_M-20_TuneZ2star_14TeV_Piet/Loose_5000ps/res/ is not in AFS.
Volume Name                  kbytes      used     avail %used
 while checking partition. Treat as check OK
2015-10-20 04:40:25,265 [INFO] 	contacting remote host submit-6.t2.ucsd.edu
2015-10-20 04:40:25,640 [INFO] 	Preparing to rsync 40 files
2015-10-20 04:40:53,022 [INFO] 	Results of Jobs # 2 are in /uscms_data/d3/aman30/ME0/CMSSW_6_2_0_SLHC26_patch3/src/Analyzer/ME0TimingAnalysis/python/DYToMuMu_M-20_TuneZ2star_14TeV_Piet/Loose_5000ps/res/
2015-10-20 04:40:53,161 [INFO] 	Results of Jobs # 3 are in /uscms_data/d3/aman30/ME0/CMSSW_6_2_0_SLHC26_patch3/src/Analyzer/ME0TimingAnalysis/python/DYToMuMu_M-20_TuneZ2star_14TeV_Piet/Loose_5000ps/res/
2015-10-20 04:40:55,614 [INFO] 	Results of Jobs # 4 are in /uscms_data/d3/aman30/ME0/CMSSW_6_2_0_SLHC26_patch3/src/Analyzer/ME0TimingAnalysis/python/DYToMuMu_M-20_TuneZ2star_14TeV_Piet/Loose_5000ps/res/
2015-10-20 04:40:58,522 [INFO] 	Results of Jobs # 5 are in /uscms_data/d3/aman30/ME0/CMSSW_6_2_0_SLHC26_patch3/src/Analyzer/ME0TimingAnalysis/python/DYToMuMu_M-20_TuneZ2star_14TeV_Piet/Loose_5000ps/res/
2015-10-20 04:40:58,665 [INFO] 	Results of Jobs # 6 are in /uscms_data/d3/aman30/ME0/CMSSW_6_2_0_SLHC26_patch3/src/Analyzer/ME0TimingAnalysis/python/DYToMuMu_M-20_TuneZ2star_14TeV_Piet/Loose_5000ps/res/
2015-10-20 04:41:01,556 [INFO] 	Results of Jobs # 7 are in /uscms_data/d3/aman30/ME0/CMSSW_6_2_0_SLHC26_patch3/src/Analyzer/ME0TimingAnalysis/python/DYToMuMu_M-20_TuneZ2star_14TeV_Piet/Loose_5000ps/res/
2015-10-20 04:41:04,673 [INFO] 	Results of Jobs # 8 are in /uscms_data/d3/aman30/ME0/CMSSW_6_2_0_SLHC26_patch3/src/Analyzer/ME0TimingAnalysis/python/DYToMuMu_M-20_TuneZ2star_14TeV_Piet/Loose_5000ps/res/
2015-10-20 04:41:05,074 [INFO] 	Results of Jobs # 9 are in /uscms_data/d3/aman30/ME0/CMSSW_6_2_0_SLHC26_patch3/src/Analyzer/ME0TimingAnalysis/python/DYToMuMu_M-20_TuneZ2star_14TeV_Piet/Loose_5000ps/res/
2015-10-20 04:41:08,061 [INFO] 	Results of Jobs # 10 are in /uscms_data/d3/aman30/ME0/CMSSW_6_2_0_SLHC26_patch3/src/Analyzer/ME0TimingAnalysis/python/DYToMuMu_M-20_TuneZ2star_14TeV_Piet/Loose_5000ps/res/
2015-10-20 04:41:11,211 [INFO] 	Results of Jobs # 11 are in /uscms_data/d3/aman30/ME0/CMSSW_6_2_0_SLHC26_patch3/src/Analyzer/ME0TimingAnalysis/python/DYToMuMu_M-20_TuneZ2star_14TeV_Piet/Loose_5000ps/res/
2015-10-20 04:41:14,108 [INFO] 	Results of Jobs # 12 are in /uscms_data/d3/aman30/ME0/CMSSW_6_2_0_SLHC26_patch3/src/Analyzer/ME0TimingAnalysis/python/DYToMuMu_M-20_TuneZ2star_14TeV_Piet/Loose_5000ps/res/
2015-10-20 04:41:16,990 [INFO] 	Results of Jobs # 13 are in /uscms_data/d3/aman30/ME0/CMSSW_6_2_0_SLHC26_patch3/src/Analyzer/ME0TimingAnalysis/python/DYToMuMu_M-20_TuneZ2star_14TeV_Piet/Loose_5000ps/res/
2015-10-20 04:41:19,842 [INFO] 	Results of Jobs # 14 are in /uscms_data/d3/aman30/ME0/CMSSW_6_2_0_SLHC26_patch3/src/Analyzer/ME0TimingAnalysis/python/DYToMuMu_M-20_TuneZ2star_14TeV_Piet/Loose_5000ps/res/
2015-10-20 04:41:22,718 [INFO] 	Results of Jobs # 15 are in /uscms_data/d3/aman30/ME0/CMSSW_6_2_0_SLHC26_patch3/src/Analyzer/ME0TimingAnalysis/python/DYToMuMu_M-20_TuneZ2star_14TeV_Piet/Loose_5000ps/res/
2015-10-20 04:41:22,772 [INFO] 	Results of Jobs # 16 are in /uscms_data/d3/aman30/ME0/CMSSW_6_2_0_SLHC26_patch3/src/Analyzer/ME0TimingAnalysis/python/DYToMuMu_M-20_TuneZ2star_14TeV_Piet/Loose_5000ps/res/
2015-10-20 04:41:22,825 [INFO] 	Results of Jobs # 17 are in /uscms_data/d3/aman30/ME0/CMSSW_6_2_0_SLHC26_patch3/src/Analyzer/ME0TimingAnalysis/python/DYToMuMu_M-20_TuneZ2star_14TeV_Piet/Loose_5000ps/res/
2015-10-20 04:41:22,885 [INFO] 	Results of Jobs # 18 are in /uscms_data/d3/aman30/ME0/CMSSW_6_2_0_SLHC26_patch3/src/Analyzer/ME0TimingAnalysis/python/DYToMuMu_M-20_TuneZ2star_14TeV_Piet/Loose_5000ps/res/
2015-10-20 04:41:23,254 [INFO] 	Results of Jobs # 19 are in /uscms_data/d3/aman30/ME0/CMSSW_6_2_0_SLHC26_patch3/src/Analyzer/ME0TimingAnalysis/python/DYToMuMu_M-20_TuneZ2star_14TeV_Piet/Loose_5000ps/res/
2015-10-20 04:41:23,769 [INFO] 	Results of Jobs # 20 are in /uscms_data/d3/aman30/ME0/CMSSW_6_2_0_SLHC26_patch3/src/Analyzer/ME0TimingAnalysis/python/DYToMuMu_M-20_TuneZ2star_14TeV_Piet/Loose_5000ps/res/
2015-10-20 04:41:24,257 [INFO] 	Results of Jobs # 21 are in /uscms_data/d3/aman30/ME0/CMSSW_6_2_0_SLHC26_patch3/src/Analyzer/ME0TimingAnalysis/python/DYToMuMu_M-20_TuneZ2star_14TeV_Piet/Loose_5000ps/res/
2015-10-20 04:41:24,713 [DEBUG] 	GetOutput Time: 66.2274918556
