2015-10-20 00:36:27,696 [DEBUG] 	/cvmfs/cms.cern.ch/crab/CRAB_2_11_1_patch1/python/crab.py -USER.user_remote_dir=DYToMuMu_M-20_TuneZ2star_14TeV_Piet/Good_5000ps -create -USER.ui_working_dir=DYToMuMu_M-20_TuneZ2star_14TeV_Piet/Good_5000ps -CMSSW.datasetpath=/DYToMuMu_M-20_TuneZ2star_14TeV-pythia6-tauola/piet-DYToMuMu_M-20_TuneZ2star_14TeV-pythia6-tauola_HGCALGS_PU140_5ns_32ns_RECO-9534beda007a59447d9159ddc4f0a675/USER -submit -CMSSW.pset=analysisTiming.py

2015-10-20 00:36:27,697 [INFO] 	Version 2.11.1_patch1 running on Tue Oct 20 00:36:27 2015 CST (05:36:27 UTC)

crab. Working options:
	scheduler           remoteGlidein
	job type            CMSSW
	server              OFF
	working directory   /uscms_data/d3/aman30/ME0/CMSSW_6_2_0_SLHC26_patch3/src/Analyzer/ME0TimingAnalysis/python/DYToMuMu_M-20_TuneZ2star_14TeV_Piet/Good_5000ps/

2015-10-20 00:36:27,697 [DEBUG] 	Downloading file [http://cmsdoc.cern.ch/cms/LCG/crab/config/] to [/uscms/home/aman30/.cms_crab/allowed_releases.conf].
2015-10-20 00:36:27,799 [DEBUG] 	Input whitelist: 
2015-10-20 00:36:27,799 [DEBUG] 	Input blacklist: 
2015-10-20 00:36:27,799 [DEBUG] 	Converted whitelist: 
2015-10-20 00:36:27,799 [DEBUG] 	Converted blacklist: 
2015-10-20 00:36:32,691 [DEBUG] 	Downloading file [http://cmsdoc.cern.ch/cms/LCG/crab/config/] to [/uscms/home/aman30/.cms_crab/site_black_list.conf].
2015-10-20 00:36:32,692 [DEBUG] 	Enforced black list: TAPE,srm-cms.cern.ch,cmssrm.fnal.gov,T1_RU,T1_TW,cmseos.fnal.gov,cmsdca2.fnal.gov,T2_PK_NCP,T3_US_Vanderbilt_EC2
 
2015-10-20 00:36:34,495 [DEBUG] 	Linux cmslpc23.fnal.gov 2.6.32-504.30.3.el6.x86_64 #1 SMP Tue Jul 14 11:18:03 CDT 2015 x86_64 x86_64 x86_64 GNU/Linux
 
Used properties:
Linux cmslpc23.fnal.gov 2.6.32-504.30.3.el6.x86_64 #1 SMP Tue Jul 14 11:18:03 CDT 2015 x86_64 x86_64 x86_64 GNU/Linux
 
Used properties:
   CMSSW.datasetpath : /DYToMuMu_M-20_TuneZ2star_14TeV-pythia6-tauola/piet-DYToMuMu_M-20_TuneZ2star_14TeV-pythia6-tauola_HGCALGS_PU140_5ns_32ns_RECO-9534beda007a59447d9159ddc4f0a675/USER
   CMSSW.dbs_url : phys03
   CMSSW.events_per_job : 1000
   CMSSW.output_file : OutTree.root
   CMSSW.pset : analysisTiming.py
   CMSSW.total_number_of_events : -1
   CMSSW.use_dbs3 : 1
   CRAB.create : 
   CRAB.jobtype : cmssw
   CRAB.scheduler : remoteGlidein
   CRAB.submit : 
   CRAB.use_server : 0
   USER.copy_data : 0
   USER.return_data : 1
   USER.ui_working_dir : DYToMuMu_M-20_TuneZ2star_14TeV_Piet/Good_5000ps
   USER.user_remote_dir : DYToMuMu_M-20_TuneZ2star_14TeV_Piet/Good_5000ps
End of used properties.

2015-10-20 00:36:34,496 [DEBUG] 	Downloading file [http://cmsdoc.cern.ch/cms/LCG/crab/config/] to [/uscms/home/aman30/.cms_crab/site_black_list.conf].
2015-10-20 00:36:34,497 [DEBUG] 	Enforced black list: TAPE,srm-cms.cern.ch,cmssrm.fnal.gov,T1_RU,T1_TW,cmseos.fnal.gov,cmsdca2.fnal.gov,T2_PK_NCP,T3_US_Vanderbilt_EC2 
2015-10-20 00:36:34,497 [INFO] 	PSN black list: TAPE,srm-cms.cern.ch,cmssrm.fnal.gov,T1_RU,T1_TW,cmseos.fnal.gov,cmsdca2.fnal.gov,T2_PK_NCP,T3_US_Vanderbilt_EC2
2015-10-20 00:36:34,538 [DEBUG] 	CMSSW::__init__
2015-10-20 00:36:34,539 [DEBUG] 	Scram::Scram() version is 2
2015-10-20 00:36:34,539 [DEBUG] 	Scram::Scram() arch is slc6_amd64_gcc472
2015-10-20 00:36:34,539 [DEBUG] 	Downloading file [https://cmssdt.cern.ch/SDT/cgi-bin] to [/uscms/home/aman30/.cms_crab/ReleasesXML?anytype=1].
2015-10-20 00:36:34,603 [INFO] 	Contacting Data Discovery Services ...
2015-10-20 00:36:34,603 [DEBUG] 	No mapping to a DBS2 instance possible for dbs_url=https://cmsweb.cern.ch/dbs/prod/phys03/DBSReader
2015-10-20 00:36:34,603 [INFO] 	Accessing DBS at: https://cmsweb.cern.ch/dbs/prod/phys03/DBSReader
2015-10-20 00:36:41,563 [INFO] 	DBS3 lookup took  6.94 sec
2015-10-20 00:36:41,678 [INFO] 	Datatype is mc
2015-10-20 00:36:41,684 [DEBUG] 	No mapping to a DBS2 instance possible for dbs_url=https://cmsweb.cern.ch/dbs/prod/phys03/DBSReader
2015-10-20 00:36:41,685 [DEBUG] 	Retrieve block locations with
curl -ks --cert $X509_USER_PROXY --key $X509_USER_PROXY "https://cmsweb.cern.ch/phedex/datasvc/json/prod/BlockReplicaSummary?dataset=/DYToMuMu_M-20_TuneZ2star_14TeV-pythia6-tauola/piet-DYToMuMu_M-20_TuneZ2star_14TeV-pythia6-tauola_HGCALGS_PU140_5ns_32ns_RECO-9534beda007a59447d9159ddc4f0a675/USER&complete=y"
2015-10-20 00:36:42,629 [DEBUG] 	Retrieve PNNs type with
curl -ks --cert $X509_USER_PROXY --key $X509_USER_PROXY "https://cmsweb.cern.ch/phedex/datasvc/cjson/prod/nodes"
2015-10-20 00:36:43,549 [INFO] 	No dataset location information found in PhEDEx
2015-10-20 00:36:43,549 [INFO] 	Use origin site location recorded in local scope DBS
2015-10-20 00:36:49,800 [INFO] 	Requested dataset: /DYToMuMu_M-20_TuneZ2star_14TeV-pythia6-tauola/piet-DYToMuMu_M-20_TuneZ2star_14TeV-pythia6-tauola_HGCALGS_PU140_5ns_32ns_RECO-9534beda007a59447d9159ddc4f0a675/USER has 13060 events in 19 blocks.

2015-10-20 00:36:50,751 [DEBUG] 	Job splitting method: EventBased
2015-10-20 00:36:50,751 [DEBUG] 	Events in Block File 10
2015-10-20 00:36:50,751 [DEBUG] 	Events in Block File 20
2015-10-20 00:36:50,751 [DEBUG] 	Events in Block File 640
2015-10-20 00:36:50,753 [DEBUG] 	Events in Block File 1000
2015-10-20 00:36:50,756 [DEBUG] 	Events in Block File 100
2015-10-20 00:36:50,756 [DEBUG] 	Events in Block File 1000
2015-10-20 00:36:50,758 [DEBUG] 	Events in Block File 1000
2015-10-20 00:36:50,761 [DEBUG] 	Events in Block File 100
2015-10-20 00:36:50,761 [DEBUG] 	Events in Block File 1000
2015-10-20 00:36:50,764 [DEBUG] 	Events in Block File 1000
2015-10-20 00:36:50,766 [DEBUG] 	Events in Block File 1000
2015-10-20 00:36:50,769 [DEBUG] 	Events in Block File 1000
2015-10-20 00:36:50,771 [DEBUG] 	Events in Block File 1000
2015-10-20 00:36:50,774 [DEBUG] 	Events in Block File 1000
2015-10-20 00:36:50,776 [DEBUG] 	Events in Block File 100
2015-10-20 00:36:50,776 [DEBUG] 	Events in Block File 10
2015-10-20 00:36:50,776 [DEBUG] 	Events in Block File 10
2015-10-20 00:36:50,777 [DEBUG] 	Events in Block File 70
2015-10-20 00:36:50,777 [DEBUG] 	Events in Block File 3000
2015-10-20 00:36:50,778 [DEBUG] 	
Job 19 can run over 1000 events.
Job 19 Destination: ['T2_IT_Bari']
Job 20 can run over 1000 events.
Job 20 Destination: ['T2_IT_Bari']
Job 21 can run over 1000 events.
Job 21 Destination: ['T2_IT_Bari']

2015-10-20 00:36:50,778 [INFO] 	21 job(s) can run on 13060 events.

2015-10-20 00:36:50,779 [INFO] 	List of jobs and available destination sites:

Block     1: jobs                    1: sites: T2_IT_Bari
Block     2: jobs                    2: sites: T2_IT_Bari
Block     3: jobs                    3: sites: T2_IT_Bari
Block     4: jobs                    4: sites: T2_IT_Bari
Block     5: jobs                    5: sites: T2_IT_Bari
Block     6: jobs                    6: sites: T2_IT_Bari
Block     7: jobs                    7: sites: T2_IT_Bari
Block     8: jobs                    8: sites: T2_IT_Bari
Block     9: jobs                    9: sites: T2_IT_Bari
Block    10: jobs                   10: sites: T2_IT_Bari
Block    11: jobs                   11: sites: T2_IT_Bari
Block    12: jobs                   12: sites: T2_IT_Bari
Block    13: jobs                   13: sites: T2_IT_Bari
Block    14: jobs                   14: sites: T2_IT_Bari
Block    15: jobs                   15: sites: T2_IT_Bari
Block    16: jobs                   16: sites: T2_IT_Bari
Block    17: jobs                   17: sites: T2_IT_Bari
Block    18: jobs                   18: sites: T2_IT_Bari
Block    19: jobs                19-21: sites: T2_IT_Bari

2015-10-20 00:36:50,810 [DEBUG] 	PsetManipulator::__init__: PSet file = analysisTiming.py
2015-10-20 00:36:51,522 [DEBUG] 	Output from TFileService OutTree.root already in output files
2015-10-20 00:36:51,534 [DEBUG] 	Exe /cvmfs/cms.cern.ch/slc6_amd64_gcc472/cms/cmssw/CMSSW_6_2_0_SLHC26/bin/slc6_amd64_gcc472/cmsRun to be tarred
2015-10-20 00:36:51,568 [DEBUG] 	lib /uscms_data/d3/aman30/ME0/CMSSW_6_2_0_SLHC26_patch3/lib to be tarred
2015-10-20 00:36:59,936 [DEBUG] 	data SimTracker/TrackerMaterialAnalysis/data to be tarred
2015-10-20 00:37:03,862 [DEBUG] 	data RecoMuon/MuonIdentification/data to be tarred
2015-10-20 00:37:04,550 [DEBUG] 	data SimDataFormats/GeneratorProducts/data to be tarred
2015-10-20 00:37:04,635 [DEBUG] 	data SLHCUpgradeSimulations/L1CaloTrigger/data to be tarred
2015-10-20 00:37:08,393 [DEBUG] 	data SLHCUpgradeSimulations/Geometry/data to be tarred
2015-10-20 00:37:09,225 [DEBUG] 	data RecoLocalMuon/GEMRecHit/data to be tarred
2015-10-20 00:37:09,506 [DEBUG] 	Creator: JobType CMSSW created
2015-10-20 00:37:09,506 [DEBUG] 	Creator: total # of jobs = 21
2015-10-20 00:37:09,506 [DEBUG] 	Creator constructor finished
2015-10-20 00:37:09,737 [DEBUG] 	parseRange_ None
2015-10-20 00:37:09,750 [DEBUG] 	Scram::Scram() version is 2
2015-10-20 00:37:09,750 [DEBUG] 	Scram::Scram() arch is slc6_amd64_gcc472
2015-10-20 00:37:09,750 [DEBUG] 	Creator::run() called
2015-10-20 00:37:09,750 [DEBUG] 	Scram::Scram() version is 2
2015-10-20 00:37:09,750 [DEBUG] 	Scram::Scram() arch is slc6_amd64_gcc472
2015-10-20 00:37:09,915 [INFO] 	Creating 21 jobs, please wait...
2015-10-20 00:37:09,915 [DEBUG] 	Creation Time: 0.164703130722
2015-10-20 00:37:09,915 [INFO] 	Total of 21 jobs created.

2015-10-20 00:37:09,915 [DEBUG] 	Submitter::run() called
2015-10-20 00:37:09,931 [DEBUG] 	nsjobs -1
2015-10-20 00:37:09,931 [DEBUG] 	Total jobs 21
2015-10-20 00:37:09,941 [DEBUG] 	nj_list [1, 2, 3, 4, 5, 6, 7, 8, 9, 10, 11, 12, 13, 14, 15, 16, 17, 18, 19, 20, 21]
2015-10-20 00:37:10,167 [DEBUG] 	GRIDNAME: /C=TW/O=AP/OU=GRID/CN=Amandeep Kaur Kalsi 129089 
2015-10-20 00:37:10,690 [DEBUG] 	Submission DashBoard Pre-Submission report: {'ApplicationVersion': 'CMSSW_6_2_0_SLHC26_patch3', 'taskId': 'amkalsi_Good_5000ps_p82fc3', 'resubmitter': 'user', 'tool': 'crab2', 'vo': 'cms', 'tool_ui': 'cmslpc23.fnal.gov', 'JSToolVersion': '2.11.1_patch1', 'user': 'amkalsi', 'scheduler': 'GLIDEIN', 'taskType': 'analysis', 'CMSUser': 'amkalsi', 'jobId': 'TaskMeta', 'datasetFull': '/DYToMuMu_M-20_TuneZ2star_14TeV-pythia6-tauola/piet-DYToMuMu_M-20_TuneZ2star_14TeV-pythia6-tauola_HGCALGS_PU140_5ns_32ns_RECO-9534beda007a59447d9159ddc4f0a675/USER', 'exe': 'cmsRun', 'GridName': '/C=TW/O=AP/OU=GRID/CN=Amandeep Kaur Kalsi 129089', 'SubmissionType': 'direct'}
2015-10-20 00:37:10,691 [INFO] 	Checking available resources...
2015-10-20 00:37:10,714 [INFO] 	Found  compatible site(s) for job 1
2015-10-20 00:37:10,715 [INFO] 	1 blocks of jobs will be submitted
2015-10-20 00:37:10,715 [DEBUG] 	Delegating proxy 
2015-10-20 00:37:10,715 [DEBUG] 	Submitting jobs [1, 2, 3, 4, 5, 6, 7, 8, 9, 10, 11, 12, 13, 14, 15, 16, 17, 18, 19, 20, 21]
2015-10-20 00:37:10,762 [DEBUG] 	Calling ServerConfig default
2015-10-20 00:37:10,763 [DEBUG] 	getting serverlist from web
2015-10-20 00:37:10,763 [DEBUG] 	Downloading file [http://cmsdoc.cern.ch/cms/LCG/crab/config/] to [/uscms/home/aman30/.cms_crab/AvailableServerList].
2015-10-20 00:37:10,765 [DEBUG] 	All avaialble servers: [['cern_vocms0117', '2.8.4-', 'remoteGlidein'], ['cern_vocms0117', '2.8.4-', 'remoteGlidein'], ['ucsd_submit-6', '2.8.4-', 'remoteGlidein'], ['ucsd_submit-6', '2.8.4-', 'remoteGlidein'], ['ucsd_submit-6', '2.8.4-', 'remoteGlidein']]
2015-10-20 00:37:10,765 [DEBUG] 	All avaialble servers compatible with 2.11.1_patch1: ['cern_vocms0117', 'cern_vocms0117', 'ucsd_submit-6', 'ucsd_submit-6', 'ucsd_submit-6']
2015-10-20 00:37:10,765 [DEBUG] 	Avaialble servers: ['cern_vocms0117', 'cern_vocms0117', 'ucsd_submit-6', 'ucsd_submit-6', 'ucsd_submit-6'] choosen: ucsd_submit-6
2015-10-20 00:37:10,765 [DEBUG] 	Downloading file [http://cmsdoc.cern.ch/cms/LCG/crab/config/] to [/uscms/home/aman30/.cms_crab/server_ucsd_submit-6.conf].
2015-10-20 00:37:10,766 [INFO] 	remotehost from Avail.List = submit-6.t2.ucsd.edu
2015-10-20 00:37:10,798 [INFO] 	list of PSN's for submission: T2_IT_Bari
2015-10-20 00:37:10,799 [DEBUG] 	Scram::Scram() version is 2
2015-10-20 00:37:10,799 [DEBUG] 	Scram::Scram() arch is slc6_amd64_gcc472
2015-10-20 00:37:11,115 [INFO] 	contacting remote host submit-6.t2.ucsd.edu
2015-10-20 00:37:11,445 [INFO] 	COPY FILES TO REMOTE HOST
2015-10-20 00:37:11,446 [DEBUG] 	Execute command :
eval `scram unsetenv -sh`;  gsissh -o ControlMaster=auto -o ControlPath=/tmp/aman30/.ssh/ssh-link--1710352275-submit-6.t2.ucsd.edu -o BatchMode=yes -o StrictHostKeyChecking=no -o ForwardX11=no submit-6.t2.ucsd.edu  mkdir -p amkalsi_Good_5000ps_p82fc3
2015-10-20 00:37:11,824 [DEBUG] 	Status,output= 0,
2015-10-20 00:37:11,825 [DEBUG] 	Execute command :
gsiscp -o ControlMaster=auto -o ControlPath=/tmp/aman30/.ssh/ssh-link--1710352275-submit-6.t2.ucsd.edu -o BatchMode=yes -o StrictHostKeyChecking=no -o ForwardX11=no /uscms_data/d3/aman30/ME0/CMSSW_6_2_0_SLHC26_patch3/src/Analyzer/ME0TimingAnalysis/python/DYToMuMu_M-20_TuneZ2star_14TeV_Piet/Good_5000ps/share/default.tgz /uscms_data/d3/aman30/ME0/CMSSW_6_2_0_SLHC26_patch3/src/Analyzer/ME0TimingAnalysis/python/DYToMuMu_M-20_TuneZ2star_14TeV_Piet/Good_5000ps/share/arguments.xml /uscms_data/d3/aman30/ME0/CMSSW_6_2_0_SLHC26_patch3/src/Analyzer/ME0TimingAnalysis/python/DYToMuMu_M-20_TuneZ2star_14TeV_Piet/Good_5000ps/job/CMSSW.sh /uscms_data/d3/aman30/ME0/CMSSW_6_2_0_SLHC26_patch3/src/Analyzer/ME0TimingAnalysis/python/DYToMuMu_M-20_TuneZ2star_14TeV_Piet/Good_5000ps/share//amkalsi_Good_5000ps_p82fc3_job21.jdl /tmp/x509up_u46992 submit-6.t2.ucsd.edu:amkalsi_Good_5000ps_p82fc3
2015-10-20 00:37:16,860 [DEBUG] 	Status,output= 0,
2015-10-20 00:37:16,861 [INFO] 	SUBMIT TO REMOTE GLIDEIN FRONTEND
2015-10-20 00:37:16,861 [DEBUG] 	Execute command :
eval `scram unsetenv -sh`;  gsissh -o ControlMaster=auto -o ControlPath=/tmp/aman30/.ssh/ssh-link--1710352275-submit-6.t2.ucsd.edu -o BatchMode=yes -o StrictHostKeyChecking=no -o ForwardX11=no submit-6.t2.ucsd.edu "cd amkalsi_Good_5000ps_p82fc3;  condor_submit  amkalsi_Good_5000ps_p82fc3_job21.jdl; echo 'CONDOR_SUBMIT-EXIT-STATUS IS' \$?"
2015-10-20 00:37:17,810 [DEBUG] 	Status,output= 0,Submitting job(s).....................
21 job(s) submitted to cluster 666495.
CONDOR_SUBMIT-EXIT-STATUS IS 0
2015-10-20 00:37:17,812 [DEBUG] 	Returning {u'amkalsi_Good_5000ps_p82fc3_job14': 'submit-6.t2.ucsd.edu//151020//666495.13', u'amkalsi_Good_5000ps_p82fc3_job21': 'submit-6.t2.ucsd.edu//151020//666495.20', u'amkalsi_Good_5000ps_p82fc3_job19': 'submit-6.t2.ucsd.edu//151020//666495.18', u'amkalsi_Good_5000ps_p82fc3_job20': 'submit-6.t2.ucsd.edu//151020//666495.19', u'amkalsi_Good_5000ps_p82fc3_job18': 'submit-6.t2.ucsd.edu//151020//666495.17', u'amkalsi_Good_5000ps_p82fc3_job1': 'submit-6.t2.ucsd.edu//151020//666495.0', u'amkalsi_Good_5000ps_p82fc3_job15': 'submit-6.t2.ucsd.edu//151020//666495.14', u'amkalsi_Good_5000ps_p82fc3_job3': 'submit-6.t2.ucsd.edu//151020//666495.2', u'amkalsi_Good_5000ps_p82fc3_job2': 'submit-6.t2.ucsd.edu//151020//666495.1', u'amkalsi_Good_5000ps_p82fc3_job5': 'submit-6.t2.ucsd.edu//151020//666495.4', u'amkalsi_Good_5000ps_p82fc3_job4': 'submit-6.t2.ucsd.edu//151020//666495.3', u'amkalsi_Good_5000ps_p82fc3_job7': 'submit-6.t2.ucsd.edu//151020//666495.6', u'amkalsi_Good_5000ps_p82fc3_job6': 'submit-6.t2.ucsd.edu//151020//666495.5', u'amkalsi_Good_5000ps_p82fc3_job9': 'submit-6.t2.ucsd.edu//151020//666495.8', u'amkalsi_Good_5000ps_p82fc3_job8': 'submit-6.t2.ucsd.edu//151020//666495.7', u'amkalsi_Good_5000ps_p82fc3_job17': 'submit-6.t2.ucsd.edu//151020//666495.16', u'amkalsi_Good_5000ps_p82fc3_job16': 'submit-6.t2.ucsd.edu//151020//666495.15', u'amkalsi_Good_5000ps_p82fc3_job11': 'submit-6.t2.ucsd.edu//151020//666495.10', u'amkalsi_Good_5000ps_p82fc3_job10': 'submit-6.t2.ucsd.edu//151020//666495.9', u'amkalsi_Good_5000ps_p82fc3_job13': 'submit-6.t2.ucsd.edu//151020//666495.12', u'amkalsi_Good_5000ps_p82fc3_job12': 'submit-6.t2.ucsd.edu//151020//666495.11'}
amkalsi_Good_5000ps_p82fc3
cmslpc23.fnal.gov
2015-10-20 00:37:17,831 [DEBUG] 	WMS : cmslpc23.fnal.gov
Collection ID : amkalsi_Good_5000ps_p82fc3
2015-10-20 00:37:17,847 [DEBUG] 	Submitted job # 1
2015-10-20 00:37:17,847 [DEBUG] 	Submitted job # 2
2015-10-20 00:37:17,848 [DEBUG] 	Submitted job # 3
2015-10-20 00:37:17,848 [DEBUG] 	Submitted job # 4
2015-10-20 00:37:17,848 [DEBUG] 	Submitted job # 5
2015-10-20 00:37:17,848 [DEBUG] 	Submitted job # 6
2015-10-20 00:37:17,848 [DEBUG] 	Submitted job # 7
2015-10-20 00:37:17,848 [DEBUG] 	Submitted job # 8
2015-10-20 00:37:17,849 [DEBUG] 	Submitted job # 9
2015-10-20 00:37:17,849 [DEBUG] 	Submitted job # 10
2015-10-20 00:37:17,849 [DEBUG] 	Submitted job # 11
2015-10-20 00:37:17,849 [DEBUG] 	Submitted job # 12
2015-10-20 00:37:17,849 [DEBUG] 	Submitted job # 13
2015-10-20 00:37:17,849 [DEBUG] 	Submitted job # 14
2015-10-20 00:37:17,850 [DEBUG] 	Submitted job # 15
2015-10-20 00:37:17,850 [DEBUG] 	Submitted job # 16
2015-10-20 00:37:17,850 [DEBUG] 	Submitted job # 17
2015-10-20 00:37:17,850 [DEBUG] 	Submitted job # 18
2015-10-20 00:37:17,850 [DEBUG] 	Submitted job # 19
2015-10-20 00:37:17,850 [DEBUG] 	Submitted job # 20
2015-10-20 00:37:17,851 [DEBUG] 	Submitted job # 21
2015-10-20 00:37:17,883 [DEBUG] 	Updating [[1, 2, 3, 4, 5, 6, 7, 8, 9, 10, 11, 12, 13, 14, 15, 16, 17, 18, 19, 20, 21]] state SubSuccess
2015-10-20 00:37:18,142 [DEBUG] 	GRIDNAME: /C=TW/O=AP/OU=GRID/CN=Amandeep Kaur Kalsi 129089 
2015-10-20 00:37:18,668 [DEBUG] 	Submission Time: 8.75295710564
2015-10-20 00:37:18,668 [INFO] 	Total of 21 jobs submitted.
2015-10-20 04:39:17,969 [DEBUG] 	/cvmfs/cms.cern.ch/crab/CRAB_2_11_1_patch1/python/crab.py -USER.user_remote_dir=DYToMuMu_M-20_TuneZ2star_14TeV_Piet/Good_5000ps -c=DYToMuMu_M-20_TuneZ2star_14TeV_Piet/Good_5000ps -USER.ui_working_dir=DYToMuMu_M-20_TuneZ2star_14TeV_Piet/Good_5000ps -CMSSW.datasetpath=/DYToMuMu_M-20_TuneZ2star_14TeV-pythia6-tauola/piet-DYToMuMu_M-20_TuneZ2star_14TeV-pythia6-tauola_HGCALGS_PU140_5ns_32ns_RECO-9534beda007a59447d9159ddc4f0a675/USER -status -CMSSW.pset=analysisTiming.py

2015-10-20 04:39:17,969 [INFO] 	Version 2.11.1_patch1 running on Tue Oct 20 04:39:17 2015 CST (09:39:17 UTC)

crab. Working options:
	scheduler           remoteGlidein
	job type            CMSSW
	server              OFF
	working directory   /uscms_data/d3/aman30/ME0/CMSSW_6_2_0_SLHC26_patch3/src/Analyzer/ME0TimingAnalysis/python/DYToMuMu_M-20_TuneZ2star_14TeV_Piet/Good_5000ps/

2015-10-20 04:39:17,969 [DEBUG] 	Downloading file [http://cmsdoc.cern.ch/cms/LCG/crab/config/] to [/uscms/home/aman30/.cms_crab/allowed_releases.conf].
2015-10-20 04:39:18,057 [DEBUG] 	Input whitelist: 
2015-10-20 04:39:18,057 [DEBUG] 	Input blacklist: 
2015-10-20 04:39:18,057 [DEBUG] 	Converted whitelist: 
2015-10-20 04:39:18,058 [DEBUG] 	Converted blacklist: 
2015-10-20 04:39:19,451 [DEBUG] 	Downloading file [http://cmsdoc.cern.ch/cms/LCG/crab/config/] to [/uscms/home/aman30/.cms_crab/site_black_list.conf].
2015-10-20 04:39:19,452 [DEBUG] 	Enforced black list: TAPE,srm-cms.cern.ch,cmssrm.fnal.gov,T1_RU,T1_TW,cmseos.fnal.gov,cmsdca2.fnal.gov,T2_PK_NCP,T3_US_Vanderbilt_EC2
 
2015-10-20 04:39:21,378 [DEBUG] 	Downloading file [http://cmsdoc.cern.ch/cms/LCG/crab/config/] to [/uscms/home/aman30/.cms_crab/site_black_list.conf].
2015-10-20 04:39:21,379 [DEBUG] 	Enforced black list: TAPE,srm-cms.cern.ch,cmssrm.fnal.gov,T1_RU,T1_TW,cmseos.fnal.gov,cmsdca2.fnal.gov,T2_PK_NCP,T3_US_Vanderbilt_EC2 
2015-10-20 04:39:21,379 [INFO] 	PSN black list: TAPE,srm-cms.cern.ch,cmssrm.fnal.gov,T1_RU,T1_TW,cmseos.fnal.gov,cmsdca2.fnal.gov,T2_PK_NCP,T3_US_Vanderbilt_EC2
2015-10-20 04:39:21,385 [DEBUG] 	Status::run() called
2015-10-20 04:39:21,385 [INFO] 	Checking the status of all jobs: please wait
2015-10-20 04:39:21,433 [INFO] 	contacting remote host submit-6.t2.ucsd.edu
2015-10-20 04:39:22,216 [DEBUG] 	Execute command :
gsiscp -o ControlMaster=auto -o ControlPath=/tmp/aman30/.ssh/ssh-link--1710352275-submit-6.t2.ucsd.edu -o BatchMode=yes -o StrictHostKeyChecking=no -o ForwardX11=no /tmp/x509up_u46992 submit-6.t2.ucsd.edu:amkalsi_Good_5000ps_p82fc3
2015-10-20 04:39:22,665 [DEBUG] 	Status,output= 0,
2015-10-20 04:39:22,665 [DEBUG] 	Execute command :
eval `scram unsetenv -sh`;  gsissh -o ControlMaster=auto -o ControlPath=/tmp/aman30/.ssh/ssh-link--1710352275-submit-6.t2.ucsd.edu -o BatchMode=yes -o StrictHostKeyChecking=no -o ForwardX11=no submit-6.t2.ucsd.edu  "condor_history -userlog amkalsi_Good_5000ps_p82fc3/condor.log -xml"
2015-10-20 04:39:23,271 [DEBUG] 	Execute command :
eval `scram unsetenv -sh`;  gsissh -o ControlMaster=auto -o ControlPath=/tmp/aman30/.ssh/ssh-link--1710352275-submit-6.t2.ucsd.edu -o BatchMode=yes -o StrictHostKeyChecking=no -o ForwardX11=no submit-6.t2.ucsd.edu "cd amkalsi_Good_5000ps_p82fc3; egrep -H WrapperExitCode\|ExeExitCode crab_fjr_*xml|tr '_.\t\"' ' '|awk '{print \$3\" \"\$7\" \"\$9}'"
2015-10-20 04:39:23,698 [DEBUG] 	Status,output= 0
10 0 WrapperExitCode
10 0 ExeExitCode
11 0 WrapperExitCode
11 0 ExeExitCode
12 0 WrapperExitCode
12 0 ExeExitCode
13 0 WrapperExitCode
13 0 ExeExitCode
14 0 WrapperExitCode
14 0 ExeExitCode
15 0 WrapperExitCode
15 0 ExeExitCode
16 0 WrapperExitCode
16 0 ExeExitCode
17 0 WrapperExitCode
17 0 ExeExitCode
18 0 WrapperExitCode
18 0 ExeExitCode
19 0 WrapperExitCode
19 0 ExeExitCode
1 0 WrapperExitCode
1 0 ExeExitCode
20 0 WrapperExitCode
20 0 ExeExitCode
21 0 WrapperExitCode
21 0 ExeExitCode
2 0 WrapperExitCode
2 0 ExeExitCode
3 0 WrapperExitCode
3 0 ExeExitCode
4 0 WrapperExitCode
4 0 ExeExitCode
5 0 WrapperExitCode
5 0 ExeExitCode
6 0 WrapperExitCode
6 0 ExeExitCode
7 0 WrapperExitCode
7 0 ExeExitCode
8 0 WrapperExitCode
8 0 ExeExitCode
9 0 WrapperExitCode
9 0 ExeExitCode
2015-10-20 04:39:23,769 [INFO] 	
ID    END STATUS            ACTION       ExeExitCode JobExitCode E_HOST
----- --- ----------------- ------------  ---------- ----------- ---------
1     N   Done              Terminated    0          0           ce-01.recas.ba.infn.it
2     N   Done              Terminated    0          0           cream-ce-2.ba.infn.it
3     N   Done              Terminated    0          0           cream-ce-4.ba.infn.it
4     N   Done              Terminated    0          0           cream-ce-2.ba.infn.it
5     N   Done              Terminated    0          0           ce-01.recas.ba.infn.it
6     N   Done              Terminated    0          0           cream-ce-2.ba.infn.it
7     N   Done              Terminated    0          0           cream-ce-2.ba.infn.it
8     N   Done              Terminated    0          0           cream-ce-4.ba.infn.it
9     N   Done              Terminated    0          0           ce-01.recas.ba.infn.it
10    N   Done              Terminated    0          0           ce-01.recas.ba.infn.it
--------------------------------------------------------------------------------
11    N   Done              Terminated    0          0           ce-01.recas.ba.infn.it
12    N   Done              Terminated    0          0           ce-01.recas.ba.infn.it
13    N   Done              Terminated    0          0           ce-01.recas.ba.infn.it
14    N   Done              Terminated    0          0           cream-ce-2.ba.infn.it
15    N   Done              Terminated    0          0           ce-01.recas.ba.infn.it
16    N   Done              Terminated    0          0           cream-ce-2.ba.infn.it
17    N   Done              Terminated    0          0           ce-01.recas.ba.infn.it
18    N   Done              Terminated    0          0           ce-01.recas.ba.infn.it
19    N   Done              Terminated    0          0           cream-ce-4.ba.infn.it
20    N   Done              Terminated    0          0           cream-ce-2.ba.infn.it
--------------------------------------------------------------------------------
21    N   Done              Terminated    0          0           cream-ce-2.ba.infn.it

2015-10-20 04:39:23,794 [INFO] 	ExitCodes Summary
 >>>>>>>>> 21 Jobs with Wrapper Exit Code : 0 
	 List of jobs: 1-21 
	See https://twiki.cern.ch/twiki/bin/view/CMSPublic/JobExitCodes for Exit Code meaning

2015-10-20 04:39:23,794 [INFO] 	 21 Total Jobs 

2015-10-20 04:39:24,510 [INFO] 	You can also follow the status of this task on :
	CMS Dashboard: http://dashb-cms-job-task.cern.ch/taskmon.html#task=amkalsi_Good_5000ps_p82fc3
	Your task name is: amkalsi_Good_5000ps_p82fc3 

2015-10-20 04:39:24,510 [DEBUG] 	Status Time: 3.1251950264
2015-10-20 04:43:42,678 [DEBUG] 	/cvmfs/cms.cern.ch/crab/CRAB_2_11_1_patch1/python/crab.py -USER.user_remote_dir=DYToMuMu_M-20_TuneZ2star_14TeV_Piet/Good_5000ps -c=DYToMuMu_M-20_TuneZ2star_14TeV_Piet/Good_5000ps -USER.ui_working_dir=DYToMuMu_M-20_TuneZ2star_14TeV_Piet/Good_5000ps -CMSSW.datasetpath=/DYToMuMu_M-20_TuneZ2star_14TeV-pythia6-tauola/piet-DYToMuMu_M-20_TuneZ2star_14TeV-pythia6-tauola_HGCALGS_PU140_5ns_32ns_RECO-9534beda007a59447d9159ddc4f0a675/USER -status -get -CMSSW.pset=analysisTiming.py

2015-10-20 04:43:42,678 [INFO] 	Version 2.11.1_patch1 running on Tue Oct 20 04:43:42 2015 CST (09:43:42 UTC)

crab. Working options:
	scheduler           remoteGlidein
	job type            CMSSW
	server              OFF
	working directory   /uscms_data/d3/aman30/ME0/CMSSW_6_2_0_SLHC26_patch3/src/Analyzer/ME0TimingAnalysis/python/DYToMuMu_M-20_TuneZ2star_14TeV_Piet/Good_5000ps/

2015-10-20 04:43:42,678 [DEBUG] 	Downloading file [http://cmsdoc.cern.ch/cms/LCG/crab/config/] to [/uscms/home/aman30/.cms_crab/allowed_releases.conf].
2015-10-20 04:43:42,780 [DEBUG] 	Input whitelist: 
2015-10-20 04:43:42,780 [DEBUG] 	Input blacklist: 
2015-10-20 04:43:42,780 [DEBUG] 	Converted whitelist: 
2015-10-20 04:43:42,780 [DEBUG] 	Converted blacklist: 
2015-10-20 04:43:44,278 [DEBUG] 	Downloading file [http://cmsdoc.cern.ch/cms/LCG/crab/config/] to [/uscms/home/aman30/.cms_crab/site_black_list.conf].
2015-10-20 04:43:44,279 [DEBUG] 	Enforced black list: TAPE,srm-cms.cern.ch,cmssrm.fnal.gov,T1_RU,T1_TW,cmseos.fnal.gov,cmsdca2.fnal.gov,T2_PK_NCP,T3_US_Vanderbilt_EC2
 
2015-10-20 04:43:45,826 [DEBUG] 	Downloading file [http://cmsdoc.cern.ch/cms/LCG/crab/config/] to [/uscms/home/aman30/.cms_crab/site_black_list.conf].
2015-10-20 04:43:45,827 [DEBUG] 	Enforced black list: TAPE,srm-cms.cern.ch,cmssrm.fnal.gov,T1_RU,T1_TW,cmseos.fnal.gov,cmsdca2.fnal.gov,T2_PK_NCP,T3_US_Vanderbilt_EC2 
2015-10-20 04:43:45,827 [INFO] 	PSN black list: TAPE,srm-cms.cern.ch,cmssrm.fnal.gov,T1_RU,T1_TW,cmseos.fnal.gov,cmsdca2.fnal.gov,T2_PK_NCP,T3_US_Vanderbilt_EC2
2015-10-20 04:43:45,834 [DEBUG] 	Status::run() called
2015-10-20 04:43:45,834 [INFO] 	Checking the status of all jobs: please wait
2015-10-20 04:43:45,940 [INFO] 	
ID    END STATUS            ACTION       ExeExitCode JobExitCode E_HOST
----- --- ----------------- ------------  ---------- ----------- ---------
1     Y   Done              Terminated    0          0           ce-01.recas.ba.infn.it
2     Y   Done              Terminated    0          0           cream-ce-2.ba.infn.it
3     Y   Done              Terminated    0          0           cream-ce-4.ba.infn.it
4     Y   Done              Terminated    0          0           cream-ce-2.ba.infn.it
5     Y   Done              Terminated    0          0           ce-01.recas.ba.infn.it
6     Y   Done              Terminated    0          0           cream-ce-2.ba.infn.it
7     Y   Done              Terminated    0          0           cream-ce-2.ba.infn.it
8     Y   Done              Terminated    0          0           cream-ce-4.ba.infn.it
9     Y   Done              Terminated    0          0           ce-01.recas.ba.infn.it
10    Y   Done              Terminated    0          0           ce-01.recas.ba.infn.it
--------------------------------------------------------------------------------
11    Y   Done              Terminated    0          0           ce-01.recas.ba.infn.it
12    Y   Done              Terminated    0          0           ce-01.recas.ba.infn.it
13    Y   Done              Terminated    0          0           ce-01.recas.ba.infn.it
14    Y   Done              Terminated    0          0           cream-ce-2.ba.infn.it
15    Y   Done              Terminated    0          0           ce-01.recas.ba.infn.it
16    Y   Done              Terminated    0          0           cream-ce-2.ba.infn.it
17    Y   Done              Terminated    0          0           ce-01.recas.ba.infn.it
18    Y   Done              Terminated    0          0           ce-01.recas.ba.infn.it
19    Y   Done              Terminated    0          0           cream-ce-4.ba.infn.it
20    Y   Done              Terminated    0          0           cream-ce-2.ba.infn.it
--------------------------------------------------------------------------------
21    Y   Done              Terminated    0          0           cream-ce-2.ba.infn.it

2015-10-20 04:43:45,964 [INFO] 	ExitCodes Summary
 >>>>>>>>> 21 Jobs with Wrapper Exit Code : 0 
	 List of jobs: 1-21 
	See https://twiki.cern.ch/twiki/bin/view/CMSPublic/JobExitCodes for Exit Code meaning

2015-10-20 04:43:45,964 [INFO] 	 21 Total Jobs 

2015-10-20 04:43:45,973 [INFO] 	You can also follow the status of this task on :
	CMS Dashboard: http://dashb-cms-job-task.cern.ch/taskmon.html#task=amkalsi_Good_5000ps_p82fc3
	Your task name is: amkalsi_Good_5000ps_p82fc3 

2015-10-20 04:43:45,973 [DEBUG] 	Status Time: 0.138532876968
2015-10-20 04:43:45,973 [DEBUG] 	GetOutput::run() called
2015-10-20 04:43:45,990 [DEBUG] 	fs: Invalid argument; it is possible that /uscms_data/d3/aman30/ME0/CMSSW_6_2_0_SLHC26_patch3/src/Analyzer/ME0TimingAnalysis/python/DYToMuMu_M-20_TuneZ2star_14TeV_Piet/Good_5000ps/res/ is not in AFS.
Volume Name                    Quota       Used %Used   Partition
 while checking AFS quota. Treat as check OK
2015-10-20 04:43:45,997 [DEBUG] 	fs: Invalid argument; it is possible that /uscms_data/d3/aman30/ME0/CMSSW_6_2_0_SLHC26_patch3/src/Analyzer/ME0TimingAnalysis/python/DYToMuMu_M-20_TuneZ2star_14TeV_Piet/Good_5000ps/res/ is not in AFS.
Volume Name                  kbytes      used     avail %used
 while checking partition. Treat as check OK
2015-10-20 04:43:46,075 [INFO] 	contacting remote host submit-6.t2.ucsd.edu
2015-10-20 04:43:46,396 [INFO] 	Preparing to rsync 2 files
2015-10-20 04:43:47,342 [INFO] 	Results of Jobs # 1 are in /uscms_data/d3/aman30/ME0/CMSSW_6_2_0_SLHC26_patch3/src/Analyzer/ME0TimingAnalysis/python/DYToMuMu_M-20_TuneZ2star_14TeV_Piet/Good_5000ps/res/
2015-10-20 04:43:47,500 [DEBUG] 	fs: Invalid argument; it is possible that /uscms_data/d3/aman30/ME0/CMSSW_6_2_0_SLHC26_patch3/src/Analyzer/ME0TimingAnalysis/python/DYToMuMu_M-20_TuneZ2star_14TeV_Piet/Good_5000ps/res/ is not in AFS.
Volume Name                    Quota       Used %Used   Partition
 while checking AFS quota. Treat as check OK
2015-10-20 04:43:47,507 [DEBUG] 	fs: Invalid argument; it is possible that /uscms_data/d3/aman30/ME0/CMSSW_6_2_0_SLHC26_patch3/src/Analyzer/ME0TimingAnalysis/python/DYToMuMu_M-20_TuneZ2star_14TeV_Piet/Good_5000ps/res/ is not in AFS.
Volume Name                  kbytes      used     avail %used
 while checking partition. Treat as check OK
2015-10-20 04:43:47,570 [INFO] 	contacting remote host submit-6.t2.ucsd.edu
2015-10-20 04:43:47,930 [INFO] 	Preparing to rsync 40 files
2015-10-20 04:44:00,242 [INFO] 	Results of Jobs # 2 are in /uscms_data/d3/aman30/ME0/CMSSW_6_2_0_SLHC26_patch3/src/Analyzer/ME0TimingAnalysis/python/DYToMuMu_M-20_TuneZ2star_14TeV_Piet/Good_5000ps/res/
2015-10-20 04:44:00,434 [INFO] 	Results of Jobs # 3 are in /uscms_data/d3/aman30/ME0/CMSSW_6_2_0_SLHC26_patch3/src/Analyzer/ME0TimingAnalysis/python/DYToMuMu_M-20_TuneZ2star_14TeV_Piet/Good_5000ps/res/
2015-10-20 04:44:02,548 [INFO] 	Results of Jobs # 4 are in /uscms_data/d3/aman30/ME0/CMSSW_6_2_0_SLHC26_patch3/src/Analyzer/ME0TimingAnalysis/python/DYToMuMu_M-20_TuneZ2star_14TeV_Piet/Good_5000ps/res/
2015-10-20 04:44:05,332 [INFO] 	Results of Jobs # 5 are in /uscms_data/d3/aman30/ME0/CMSSW_6_2_0_SLHC26_patch3/src/Analyzer/ME0TimingAnalysis/python/DYToMuMu_M-20_TuneZ2star_14TeV_Piet/Good_5000ps/res/
2015-10-20 04:44:05,462 [INFO] 	Results of Jobs # 6 are in /uscms_data/d3/aman30/ME0/CMSSW_6_2_0_SLHC26_patch3/src/Analyzer/ME0TimingAnalysis/python/DYToMuMu_M-20_TuneZ2star_14TeV_Piet/Good_5000ps/res/
2015-10-20 04:44:08,306 [INFO] 	Results of Jobs # 7 are in /uscms_data/d3/aman30/ME0/CMSSW_6_2_0_SLHC26_patch3/src/Analyzer/ME0TimingAnalysis/python/DYToMuMu_M-20_TuneZ2star_14TeV_Piet/Good_5000ps/res/
2015-10-20 04:44:11,070 [INFO] 	Results of Jobs # 8 are in /uscms_data/d3/aman30/ME0/CMSSW_6_2_0_SLHC26_patch3/src/Analyzer/ME0TimingAnalysis/python/DYToMuMu_M-20_TuneZ2star_14TeV_Piet/Good_5000ps/res/
2015-10-20 04:44:11,426 [INFO] 	Results of Jobs # 9 are in /uscms_data/d3/aman30/ME0/CMSSW_6_2_0_SLHC26_patch3/src/Analyzer/ME0TimingAnalysis/python/DYToMuMu_M-20_TuneZ2star_14TeV_Piet/Good_5000ps/res/
2015-10-20 04:44:14,432 [INFO] 	Results of Jobs # 10 are in /uscms_data/d3/aman30/ME0/CMSSW_6_2_0_SLHC26_patch3/src/Analyzer/ME0TimingAnalysis/python/DYToMuMu_M-20_TuneZ2star_14TeV_Piet/Good_5000ps/res/
2015-10-20 04:44:17,303 [INFO] 	Results of Jobs # 11 are in /uscms_data/d3/aman30/ME0/CMSSW_6_2_0_SLHC26_patch3/src/Analyzer/ME0TimingAnalysis/python/DYToMuMu_M-20_TuneZ2star_14TeV_Piet/Good_5000ps/res/
2015-10-20 04:44:20,314 [INFO] 	Results of Jobs # 12 are in /uscms_data/d3/aman30/ME0/CMSSW_6_2_0_SLHC26_patch3/src/Analyzer/ME0TimingAnalysis/python/DYToMuMu_M-20_TuneZ2star_14TeV_Piet/Good_5000ps/res/
2015-10-20 04:44:23,324 [INFO] 	Results of Jobs # 13 are in /uscms_data/d3/aman30/ME0/CMSSW_6_2_0_SLHC26_patch3/src/Analyzer/ME0TimingAnalysis/python/DYToMuMu_M-20_TuneZ2star_14TeV_Piet/Good_5000ps/res/
2015-10-20 04:44:26,245 [INFO] 	Results of Jobs # 14 are in /uscms_data/d3/aman30/ME0/CMSSW_6_2_0_SLHC26_patch3/src/Analyzer/ME0TimingAnalysis/python/DYToMuMu_M-20_TuneZ2star_14TeV_Piet/Good_5000ps/res/
2015-10-20 04:44:29,033 [INFO] 	Results of Jobs # 15 are in /uscms_data/d3/aman30/ME0/CMSSW_6_2_0_SLHC26_patch3/src/Analyzer/ME0TimingAnalysis/python/DYToMuMu_M-20_TuneZ2star_14TeV_Piet/Good_5000ps/res/
2015-10-20 04:44:29,086 [INFO] 	Results of Jobs # 16 are in /uscms_data/d3/aman30/ME0/CMSSW_6_2_0_SLHC26_patch3/src/Analyzer/ME0TimingAnalysis/python/DYToMuMu_M-20_TuneZ2star_14TeV_Piet/Good_5000ps/res/
2015-10-20 04:44:29,138 [INFO] 	Results of Jobs # 17 are in /uscms_data/d3/aman30/ME0/CMSSW_6_2_0_SLHC26_patch3/src/Analyzer/ME0TimingAnalysis/python/DYToMuMu_M-20_TuneZ2star_14TeV_Piet/Good_5000ps/res/
2015-10-20 04:44:29,195 [INFO] 	Results of Jobs # 18 are in /uscms_data/d3/aman30/ME0/CMSSW_6_2_0_SLHC26_patch3/src/Analyzer/ME0TimingAnalysis/python/DYToMuMu_M-20_TuneZ2star_14TeV_Piet/Good_5000ps/res/
2015-10-20 04:44:29,395 [INFO] 	Results of Jobs # 19 are in /uscms_data/d3/aman30/ME0/CMSSW_6_2_0_SLHC26_patch3/src/Analyzer/ME0TimingAnalysis/python/DYToMuMu_M-20_TuneZ2star_14TeV_Piet/Good_5000ps/res/
2015-10-20 04:44:29,702 [INFO] 	Results of Jobs # 20 are in /uscms_data/d3/aman30/ME0/CMSSW_6_2_0_SLHC26_patch3/src/Analyzer/ME0TimingAnalysis/python/DYToMuMu_M-20_TuneZ2star_14TeV_Piet/Good_5000ps/res/
2015-10-20 04:44:29,996 [INFO] 	Results of Jobs # 21 are in /uscms_data/d3/aman30/ME0/CMSSW_6_2_0_SLHC26_patch3/src/Analyzer/ME0TimingAnalysis/python/DYToMuMu_M-20_TuneZ2star_14TeV_Piet/Good_5000ps/res/
2015-10-20 04:44:30,276 [DEBUG] 	GetOutput Time: 44.3032310009
