This script was generated by crab (version 2.11.1_patch1).
Running /home/condor/dir_2488508/CREAM731128567/glide_WVN9qe/execute/dir_2495630/condor_exec.exe with 2 positional parameters: 8 1
Today is Tue Oct 20 07:37:20 CEST 2015 - Tue Oct 20 05:37:20 UTC 2015
Job submitted on host wn-recas-uniba-32.recas.ba.infn.it
Linux wn-recas-uniba-32.recas.ba.infn.it 2.6.32-504.23.4.el6.x86_64 #1 SMP Tue Jun 9 11:55:03 CDT 2015 x86_64 x86_64 x86_64 GNU/Linux
Distributor ID:	Scientific
Description:	Scientific Linux release 6.7 (Carbon)
>>> current directory (RUNTIME_AREA): /home/condor/dir_2488508/CREAM731128567/glide_WVN9qe/execute/dir_2495630
>>> current user: uid=11755(cms013) gid=1399(cms) groups=1399(cms)
>>> directory permission set to 0700
>>> umask set to:  u=rwx,g=,o=
>>> stdout stderr permission set to 0704
>>> voms proxy information:
subject   : /C=TW/O=AP/OU=GRID/CN=Amandeep Kaur Kalsi 129089/CN=541697223/CN=633384859
issuer    : /C=TW/O=AP/OU=GRID/CN=Amandeep Kaur Kalsi 129089/CN=541697223
identity  : /C=TW/O=AP/OU=GRID/CN=Amandeep Kaur Kalsi 129089
type      : RFC3820 compliant limited proxy
strength  : 1024
path      : /home/condor/dir_2488508/CREAM731128567/glide_WVN9qe/execute/dir_2495630/x509up_u46992
timeleft  : 23:59:51
key usage : Digital Signature, Key Encipherment, Data Encipherment, Key Agreement
=== VO cms extension information ===
VO        : cms
subject   : /C=TW/O=AP/OU=GRID/CN=Amandeep Kaur Kalsi 129089
issuer    : /DC=ch/DC=cern/OU=computers/CN=voms2.cern.ch
attribute : /cms/Role=NULL/Capability=NULL
timeleft  : 191:56:28
uri       : voms2.cern.ch:15002

WNHostName=wn-recas-uniba-32.recas.ba.infn.it
$_CONDOR_JOB_AD =/home/condor/dir_2488508/CREAM731128567/glide_WVN9qe/execute/dir_2495630/.job.ad
OverflowFlag=0
>>> tar --no-same-permissions -xf /home/condor/dir_2488508/CREAM731128567/glide_WVN9qe/execute/dir_2495630/default.tgz :
Successful untar
>>> Include /home/condor/dir_2488508/CREAM731128567/glide_WVN9qe/execute/dir_2495630 in PYTHONPATH:
strip arguments
env var CRAB_UNIQUE_JOB_ID set to: amkalsi_Loose_5000ps_jhs950_8_1_rop
out_files_8
>>> list of expected files on output sandbox
output files: OutTree_8_1_rop.root crab_fjr_8.xml CMSSW_8.stdout CMSSW_8.stderr Watchdog_8.log.gz
>>> GridFlavour discovery: 
GridFlavour=LCG
>>> SyncSite discovery: 
SyncSite=T2_IT_Bari
>>> SyncCE discovery: 
getting SyncCE from CE_ID
SyncCE=ce-01.recas.ba.infn.it:8443/cream-condor-cms
>>> info for dashboard:
***** Cat /home/condor/dir_2488508/CREAM731128567/glide_WVN9qe/execute/dir_2495630/jobreport.txt *****
WNHostName=wn-recas-uniba-32.recas.ba.infn.it
OverflowFlag=0
MonitorJobID=8_https://submit-6.t2.ucsd.edu//151020//666492.7
SyncGridJobId=https://submit-6.t2.ucsd.edu//151020//666492.7
MonitorID=amkalsi_Loose_5000ps_jhs950
GridFlavour=LCG
SyncSite=T2_IT_Bari
SyncCE=ce-01.recas.ba.infn.it:8443/cream-condor-cms
***** End Cat jobreport *****
Parameters sent to Dashboard.
>>> setup environment
set SCRAM ARCH to slc6_amd64_gcc472
SCRAM_ARCH = slc6_amd64_gcc472
>>> setup CMS LCG environment:
set SCRAM ARCH and BUILD_ARCH to slc6_amd64_gcc472 ###
Sourcing environment... 
sourcing /cvmfs/cms.cern.ch/cmsset_default.sh
==> setup cms environment ok
>>> specific cmssw setup environment:
CMSSW_VERSION =  CMSSW_6_2_0_SLHC26_patch3
WARNING: In non-interactive mode release checks e.g. deprecated releases, production architectures are disabled.
>>> current directory (SOFTWARE_DIR): /home/condor/dir_2488508/CREAM731128567/glide_WVN9qe/execute/dir_2495630/CMSSW_6_2_0_SLHC26_patch3
PreserveSeeds: <>
IncrementSeeds:<>
>>> info for dashboard:
***** Cat /home/condor/dir_2488508/CREAM731128567/glide_WVN9qe/execute/dir_2495630/jobreport.txt *****
MonitorJobID=8_https://submit-6.t2.ucsd.edu//151020//666492.7
MonitorID=amkalsi_Loose_5000ps_jhs950
***** End Cat jobreport *****
Parameters sent to Dashboard.
crabWatchdog started as process 2496085
>>> moving CMSSW software directories in /home/condor/dir_2488508/CREAM731128567/glide_WVN9qe/execute/dir_2495630/CMSSW_6_2_0_SLHC26_patch3
mv: cannot stat `/home/condor/dir_2488508/CREAM731128567/glide_WVN9qe/execute/dir_2495630/module/': No such file or directory
>>> Include /home/condor/dir_2488508/CREAM731128567/glide_WVN9qe/execute/dir_2495630 in PYTHONPATH:
PYTHONPATH=/home/condor/dir_2488508/CREAM731128567/glide_WVN9qe/execute/dir_2495630/:/home/condor/dir_2488508/CREAM731128567/glide_WVN9qe/execute/dir_2495630/CMSSW_6_2_0_SLHC26_patch3/python:/home/condor/dir_2488508/CREAM731128567/glide_WVN9qe/execute/dir_2495630/CMSSW_6_2_0_SLHC26_patch3/lib/slc6_amd64_gcc472:/cvmfs/cms.cern.ch/slc6_amd64_gcc472/cms/cmssw-patch/CMSSW_6_2_0_SLHC26_patch3/python:/cvmfs/cms.cern.ch/slc6_amd64_gcc472/cms/cmssw-patch/CMSSW_6_2_0_SLHC26_patch3/lib/slc6_amd64_gcc472:/cvmfs/cms.cern.ch/slc6_amd64_gcc472/cms/cmssw/CMSSW_6_2_0_SLHC26/bin/slc6_amd64_gcc472:/cvmfs/cms.cern.ch/slc6_amd64_gcc472/cms/cmssw/CMSSW_6_2_0_SLHC26/lib/slc6_amd64_gcc472:/cvmfs/cms.cern.ch/slc6_amd64_gcc472/cms/coral/CORAL_2_3_21-flmnjk2/slc6_amd64_gcc472/python:/cvmfs/cms.cern.ch/slc6_amd64_gcc472/cms/coral/CORAL_2_3_21-flmnjk2/slc6_amd64_gcc472/lib:/cvmfs/cms.cern.ch/slc6_amd64_gcc472/external/pyqt/4.8.1-cms5/lib/python2.7/site-packages:/cvmfs/cms.cern.ch/slc6_amd64_gcc472/external/py2-scipy/0.8.0-cms7/lib/python2.7/site-packages:/cvmfs/cms.cern.ch/slc6_amd64_gcc472/external/py2-matplotlib/1.0.1-cms7/lib/python2.7/site-packages:/cvmfs/cms.cern.ch/slc6_amd64_gcc472/external/python-ldap/2.4.10/lib/python2.7/site-packages:/cvmfs/cms.cern.ch/slc6_amd64_gcc472/external/sip/4.11.2-cms5/lib/python2.7/site-packages:/cvmfs/cms.cern.ch/slc6_amd64_gcc472/external/py2-pycurl/7.19.0-cms7/lib/python2.7/site-packages:/cvmfs/cms.cern.ch/slc6_amd64_gcc472/external/py2-numpy/1.6.1-cms7/lib/python2.7/site-packages:/cvmfs/cms.cern.ch/slc6_amd64_gcc472/external/py2-lint/0.25.1-cms5/lib/python2.7/site-packages:/cvmfs/cms.cern.ch/slc6_amd64_gcc472/external/py2-ipython/0.10-cms5/lib/python2.7/site-packages:/cvmfs/cms.cern.ch/slc6_amd64_gcc472/external/py2-cx-oracle/5.1-cms5/lib/python2.7/site-packages:/cvmfs/cms.cern.ch/slc6_amd64_gcc472/external/py2-cjson/1.0.5-cms5/lib/python2.7/site-packages:/cvmfs/cms.cern.ch/slc6_amd64_gcc472/cms/das-client/1.11.7/bin:/cvmfs/cms.cern.ch/slc6_amd64_gcc472/external/elementtree/1.2.6-cms5/share/lib/python2.7/site-packages:/cvmfs/cms.cern.ch/slc6_amd64_gcc472/external/rivet/1.8.2-cms9/lib/python2.7/site-packages:/cvmfs/cms.cern.ch/slc6_amd64_gcc472/external/pyminuit2/0.0.1-cms25/lib/python2.7/site-packages:/cvmfs/cms.cern.ch/slc6_amd64_gcc472/external/py2-pygithub/1.23.0-cms2/lib/python2.7/site-packages:/cvmfs/cms.cern.ch/slc6_amd64_gcc472/external/professor/1.0.0-cms25/lib/python2.7/site-packages:/cvmfs/cms.cern.ch/slc6_amd64_gcc472/lcg/root/5.34.07-cms5/lib:/cvmfs/cms.cern.ch/slc6_amd64_gcc472/cms/dbs-client/DBS_2_1_9-cms5/lib:/cvmfs/cms.cern.ch/slc6_amd64_gcc472/cms/dbs-client/DBS_2_1_9-cms5/lib/DBSAPI:/cvmfs/cms.cern.ch/slc6_amd64_gcc472/external/cvs2git/5419-cms/lib:/home/condor/dir_2488508/CREAM731128567/glide_WVN9qe/execute/dir_2495630/
 
# LIMITS USED BY CRAB WATCHDOG:
# RSS  (KBytes)   : 2300000
# VSZ  (KBytes)   : 100000000
# DISK (MBytes)   : 19000
# CPU TIME        : 720h:0m:0s
# WALL CLOCK TIME : 21h:50m:0s
 
89204fc7dc811f9e79a97af487a037d4
PSETHASH = 89204fc7dc811f9e79a97af487a037d4
/home/condor/dir_2488508/CREAM731128567/glide_WVN9qe/execute/dir_2495630/writeCfg.py pset.py pset.py
Importing .py file
Setting parameters
RandomNumberGeneratorService found, will attempt to change seeds
inputBlocks=/DYToMuMu_M-20_TuneZ2star_14TeV-pythia6-tauola/piet-DYToMuMu_M-20_TuneZ2star_14TeV-pythia6-tauola_HGCALGS_PU140_5ns_32ns_RECO-9534beda007a59447d9159ddc4f0a675/USER#8ac55354-7f17-4acc-bf0e-1f52e441b62d
inputFiles=/store/user/piet/ME0Segment_Time/DYToMuMu_M-20_TuneZ2star_14TeV-pythia6-tauola/DYToMuMu_M-20_TuneZ2star_14TeV-pythia6-tauola_HGCALGS_PU140_5ns_32ns_RECO/151014_152401/0000/out_reco_971.root;/store/user/piet/ME0Segment_Time/DYToMuMu_M-20_TuneZ2star_14TeV-pythia6-tauola/DYToMuMu_M-20_TuneZ2star_14TeV-pythia6-tauola_HGCALGS_PU140_5ns_32ns_RECO/151014_152401/0000/out_reco_82.root;/store/user/piet/ME0Segment_Time/DYToMuMu_M-20_TuneZ2star_14TeV-pythia6-tauola/DYToMuMu_M-20_TuneZ2star_14TeV-pythia6-tauola_HGCALGS_PU140_5ns_32ns_RECO/151014_152401/0000/out_reco_596.root;/store/user/piet/ME0Segment_Time/DYToMuMu_M-20_TuneZ2star_14TeV-pythia6-tauola/DYToMuMu_M-20_TuneZ2star_14TeV-pythia6-tauola_HGCALGS_PU140_5ns_32ns_RECO/151014_152401/0000/out_reco_906.root;/store/user/piet/ME0Segment_Time/DYToMuMu_M-20_TuneZ2star_14TeV-pythia6-tauola/DYToMuMu_M-20_TuneZ2star_14TeV-pythia6-tauola_HGCALGS_PU140_5ns_32ns_RECO/151014_152401/0000/out_reco_881.root;/store/user/piet/ME0Segment_Time/DYToMuMu_M-20_TuneZ2star_14TeV-pythia6-tauola/DYToMuMu_M-20_TuneZ2star_14TeV-pythia6-tauola_HGCALGS_PU140_5ns_32ns_RECO/151014_152401/0000/out_reco_652.root;/store/user/piet/ME0Segment_Time/DYToMuMu_M-20_TuneZ2star_14TeV-pythia6-tauola/DYToMuMu_M-20_TuneZ2star_14TeV-pythia6-tauola_HGCALGS_PU140_5ns_32ns_RECO/151014_152401/0000/out_reco_712.root;/store/user/piet/ME0Segment_Time/DYToMuMu_M-20_TuneZ2star_14TeV-pythia6-tauola/DYToMuMu_M-20_TuneZ2star_14TeV-pythia6-tauola_HGCALGS_PU140_5ns_32ns_RECO/151014_152401/0000/out_reco_5.root;/store/user/piet/ME0Segment_Time/DYToMuMu_M-20_TuneZ2star_14TeV-pythia6-tauola/DYToMuMu_M-20_TuneZ2star_14TeV-pythia6-tauola_HGCALGS_PU140_5ns_32ns_RECO/151014_152401/0000/out_reco_586.root;/store/user/piet/ME0Segment_Time/DYToMuMu_M-20_TuneZ2star_14TeV-pythia6-tauola/DYToMuMu_M-20_TuneZ2star_14TeV-pythia6-tauola_HGCALGS_PU140_5ns_32ns_RECO/151014_152401/0000/out_reco_352.root
parentFiles=
lumisRange=
>>> Executable cmsRun
/cvmfs/cms.cern.ch/slc6_amd64_gcc472/cms/cmssw/CMSSW_6_2_0_SLHC26/bin/slc6_amd64_gcc472/cmsRun
ok executable found
>>> info for dashboard:
***** Cat /home/condor/dir_2488508/CREAM731128567/glide_WVN9qe/execute/dir_2495630/jobreport.txt *****
MonitorJobID=8_https://submit-6.t2.ucsd.edu//151020//666492.7
MonitorID=amkalsi_Loose_5000ps_jhs950
ExeStart=cmsRun
***** End Cat jobreport *****
Parameters sent to Dashboard.
>>> cmsRun started at Tue Oct 20 05:37:51 UTC 2015
>>> cmsRun ended at Tue Oct 20 05:39:58 UTC 2015
>>> crab_fjr_*.xml  permission set to 0704
>>> info for dashboard:
***** Cat /home/condor/dir_2488508/CREAM731128567/glide_WVN9qe/execute/dir_2495630/jobreport.txt *****
MonitorJobID=8_https://submit-6.t2.ucsd.edu//151020//666492.7
MonitorID=amkalsi_Loose_5000ps_jhs950
ExeEnd=cmsRun
***** End Cat jobreport *****
Parameters sent to Dashboard.
TIME_EXE = 127 sec
>>> cmsRun wrote 52 lines of stdout+stderr
>>> START OF printout of 52 lines from stdout+stderr
20-Oct-2015 07:38:11 CEST  Initiating request to open file file:/lustre/cms//store/user/piet/ME0Segment_Time/DYToMuMu_M-20_TuneZ2star_14TeV-pythia6-tauola/DYToMuMu_M-20_TuneZ2star_14TeV-pythia6-tauola_HGCALGS_PU140_5ns_32ns_RECO/151014_152401/0000/out_reco_971.root
20-Oct-2015 07:38:15 CEST  Successfully opened file file:/lustre/cms//store/user/piet/ME0Segment_Time/DYToMuMu_M-20_TuneZ2star_14TeV-pythia6-tauola/DYToMuMu_M-20_TuneZ2star_14TeV-pythia6-tauola_HGCALGS_PU140_5ns_32ns_RECO/151014_152401/0000/out_reco_971.root
Begin processing the 1st record. Run 1, Event 661051, LumiSection 27834 at 20-Oct-2015 07:38:29.314 CEST
in MuonNumberingInitialization::initializeMuonDDDConstants
about to make my new muonDDDConst_
in MuonNumberingInitialization::produce
-1.82201-1.7769-0.715244-0.977524-3.0955620-Oct-2015 07:38:43 CEST  Closed file file:/lustre/cms//store/user/piet/ME0Segment_Time/DYToMuMu_M-20_TuneZ2star_14TeV-pythia6-tauola/DYToMuMu_M-20_TuneZ2star_14TeV-pythia6-tauola_HGCALGS_PU140_5ns_32ns_RECO/151014_152401/0000/out_reco_971.root
20-Oct-2015 07:38:43 CEST  Initiating request to open file file:/lustre/cms//store/user/piet/ME0Segment_Time/DYToMuMu_M-20_TuneZ2star_14TeV-pythia6-tauola/DYToMuMu_M-20_TuneZ2star_14TeV-pythia6-tauola_HGCALGS_PU140_5ns_32ns_RECO/151014_152401/0000/out_reco_82.root
20-Oct-2015 07:38:44 CEST  Successfully opened file file:/lustre/cms//store/user/piet/ME0Segment_Time/DYToMuMu_M-20_TuneZ2star_14TeV-pythia6-tauola/DYToMuMu_M-20_TuneZ2star_14TeV-pythia6-tauola_HGCALGS_PU140_5ns_32ns_RECO/151014_152401/0000/out_reco_82.root
-3.1766320-Oct-2015 07:38:49 CEST  Closed file file:/lustre/cms//store/user/piet/ME0Segment_Time/DYToMuMu_M-20_TuneZ2star_14TeV-pythia6-tauola/DYToMuMu_M-20_TuneZ2star_14TeV-pythia6-tauola_HGCALGS_PU140_5ns_32ns_RECO/151014_152401/0000/out_reco_82.root
20-Oct-2015 07:38:49 CEST  Initiating request to open file file:/lustre/cms//store/user/piet/ME0Segment_Time/DYToMuMu_M-20_TuneZ2star_14TeV-pythia6-tauola/DYToMuMu_M-20_TuneZ2star_14TeV-pythia6-tauola_HGCALGS_PU140_5ns_32ns_RECO/151014_152401/0000/out_reco_596.root
20-Oct-2015 07:38:49 CEST  Successfully opened file file:/lustre/cms//store/user/piet/ME0Segment_Time/DYToMuMu_M-20_TuneZ2star_14TeV-pythia6-tauola/DYToMuMu_M-20_TuneZ2star_14TeV-pythia6-tauola_HGCALGS_PU140_5ns_32ns_RECO/151014_152401/0000/out_reco_596.root
20-Oct-2015 07:38:53 CEST  Closed file file:/lustre/cms//store/user/piet/ME0Segment_Time/DYToMuMu_M-20_TuneZ2star_14TeV-pythia6-tauola/DYToMuMu_M-20_TuneZ2star_14TeV-pythia6-tauola_HGCALGS_PU140_5ns_32ns_RECO/151014_152401/0000/out_reco_596.root
20-Oct-2015 07:38:53 CEST  Initiating request to open file file:/lustre/cms//store/user/piet/ME0Segment_Time/DYToMuMu_M-20_TuneZ2star_14TeV-pythia6-tauola/DYToMuMu_M-20_TuneZ2star_14TeV-pythia6-tauola_HGCALGS_PU140_5ns_32ns_RECO/151014_152401/0000/out_reco_906.root
20-Oct-2015 07:38:53 CEST  Successfully opened file file:/lustre/cms//store/user/piet/ME0Segment_Time/DYToMuMu_M-20_TuneZ2star_14TeV-pythia6-tauola/DYToMuMu_M-20_TuneZ2star_14TeV-pythia6-tauola_HGCALGS_PU140_5ns_32ns_RECO/151014_152401/0000/out_reco_906.root
-35.696720-Oct-2015 07:38:56 CEST  Closed file file:/lustre/cms//store/user/piet/ME0Segment_Time/DYToMuMu_M-20_TuneZ2star_14TeV-pythia6-tauola/DYToMuMu_M-20_TuneZ2star_14TeV-pythia6-tauola_HGCALGS_PU140_5ns_32ns_RECO/151014_152401/0000/out_reco_906.root
20-Oct-2015 07:38:56 CEST  Initiating request to open file file:/lustre/cms//store/user/piet/ME0Segment_Time/DYToMuMu_M-20_TuneZ2star_14TeV-pythia6-tauola/DYToMuMu_M-20_TuneZ2star_14TeV-pythia6-tauola_HGCALGS_PU140_5ns_32ns_RECO/151014_152401/0000/out_reco_881.root
20-Oct-2015 07:38:57 CEST  Successfully opened file file:/lustre/cms//store/user/piet/ME0Segment_Time/DYToMuMu_M-20_TuneZ2star_14TeV-pythia6-tauola/DYToMuMu_M-20_TuneZ2star_14TeV-pythia6-tauola_HGCALGS_PU140_5ns_32ns_RECO/151014_152401/0000/out_reco_881.root
20-Oct-2015 07:39:19 CEST  Closed file file:/lustre/cms//store/user/piet/ME0Segment_Time/DYToMuMu_M-20_TuneZ2star_14TeV-pythia6-tauola/DYToMuMu_M-20_TuneZ2star_14TeV-pythia6-tauola_HGCALGS_PU140_5ns_32ns_RECO/151014_152401/0000/out_reco_881.root
20-Oct-2015 07:39:19 CEST  Initiating request to open file file:/lustre/cms//store/user/piet/ME0Segment_Time/DYToMuMu_M-20_TuneZ2star_14TeV-pythia6-tauola/DYToMuMu_M-20_TuneZ2star_14TeV-pythia6-tauola_HGCALGS_PU140_5ns_32ns_RECO/151014_152401/0000/out_reco_652.root
20-Oct-2015 07:39:19 CEST  Successfully opened file file:/lustre/cms//store/user/piet/ME0Segment_Time/DYToMuMu_M-20_TuneZ2star_14TeV-pythia6-tauola/DYToMuMu_M-20_TuneZ2star_14TeV-pythia6-tauola_HGCALGS_PU140_5ns_32ns_RECO/151014_152401/0000/out_reco_652.root
20-Oct-2015 07:39:40 CEST  Closed file file:/lustre/cms//store/user/piet/ME0Segment_Time/DYToMuMu_M-20_TuneZ2star_14TeV-pythia6-tauola/DYToMuMu_M-20_TuneZ2star_14TeV-pythia6-tauola_HGCALGS_PU140_5ns_32ns_RECO/151014_152401/0000/out_reco_652.root
20-Oct-2015 07:39:40 CEST  Initiating request to open file file:/lustre/cms//store/user/piet/ME0Segment_Time/DYToMuMu_M-20_TuneZ2star_14TeV-pythia6-tauola/DYToMuMu_M-20_TuneZ2star_14TeV-pythia6-tauola_HGCALGS_PU140_5ns_32ns_RECO/151014_152401/0000/out_reco_712.root
20-Oct-2015 07:39:40 CEST  Successfully opened file file:/lustre/cms//store/user/piet/ME0Segment_Time/DYToMuMu_M-20_TuneZ2star_14TeV-pythia6-tauola/DYToMuMu_M-20_TuneZ2star_14TeV-pythia6-tauola_HGCALGS_PU140_5ns_32ns_RECO/151014_152401/0000/out_reco_712.root
-3.5810920-Oct-2015 07:39:44 CEST  Closed file file:/lustre/cms//store/user/piet/ME0Segment_Time/DYToMuMu_M-20_TuneZ2star_14TeV-pythia6-tauola/DYToMuMu_M-20_TuneZ2star_14TeV-pythia6-tauola_HGCALGS_PU140_5ns_32ns_RECO/151014_152401/0000/out_reco_712.root
20-Oct-2015 07:39:44 CEST  Initiating request to open file file:/lustre/cms//store/user/piet/ME0Segment_Time/DYToMuMu_M-20_TuneZ2star_14TeV-pythia6-tauola/DYToMuMu_M-20_TuneZ2star_14TeV-pythia6-tauola_HGCALGS_PU140_5ns_32ns_RECO/151014_152401/0000/out_reco_5.root
20-Oct-2015 07:39:44 CEST  Successfully opened file file:/lustre/cms//store/user/piet/ME0Segment_Time/DYToMuMu_M-20_TuneZ2star_14TeV-pythia6-tauola/DYToMuMu_M-20_TuneZ2star_14TeV-pythia6-tauola_HGCALGS_PU140_5ns_32ns_RECO/151014_152401/0000/out_reco_5.root
-1.79927-3.82836-1.59219-30.09420-Oct-2015 07:39:49 CEST  Closed file file:/lustre/cms//store/user/piet/ME0Segment_Time/DYToMuMu_M-20_TuneZ2star_14TeV-pythia6-tauola/DYToMuMu_M-20_TuneZ2star_14TeV-pythia6-tauola_HGCALGS_PU140_5ns_32ns_RECO/151014_152401/0000/out_reco_5.root
20-Oct-2015 07:39:49 CEST  Initiating request to open file file:/lustre/cms//store/user/piet/ME0Segment_Time/DYToMuMu_M-20_TuneZ2star_14TeV-pythia6-tauola/DYToMuMu_M-20_TuneZ2star_14TeV-pythia6-tauola_HGCALGS_PU140_5ns_32ns_RECO/151014_152401/0000/out_reco_586.root
20-Oct-2015 07:39:49 CEST  Successfully opened file file:/lustre/cms//store/user/piet/ME0Segment_Time/DYToMuMu_M-20_TuneZ2star_14TeV-pythia6-tauola/DYToMuMu_M-20_TuneZ2star_14TeV-pythia6-tauola_HGCALGS_PU140_5ns_32ns_RECO/151014_152401/0000/out_reco_586.root
-0.323691-5.5214920-Oct-2015 07:39:53 CEST  Closed file file:/lustre/cms//store/user/piet/ME0Segment_Time/DYToMuMu_M-20_TuneZ2star_14TeV-pythia6-tauola/DYToMuMu_M-20_TuneZ2star_14TeV-pythia6-tauola_HGCALGS_PU140_5ns_32ns_RECO/151014_152401/0000/out_reco_586.root
20-Oct-2015 07:39:53 CEST  Initiating request to open file file:/lustre/cms//store/user/piet/ME0Segment_Time/DYToMuMu_M-20_TuneZ2star_14TeV-pythia6-tauola/DYToMuMu_M-20_TuneZ2star_14TeV-pythia6-tauola_HGCALGS_PU140_5ns_32ns_RECO/151014_152401/0000/out_reco_352.root
20-Oct-2015 07:39:53 CEST  Successfully opened file file:/lustre/cms//store/user/piet/ME0Segment_Time/DYToMuMu_M-20_TuneZ2star_14TeV-pythia6-tauola/DYToMuMu_M-20_TuneZ2star_14TeV-pythia6-tauola_HGCALGS_PU140_5ns_32ns_RECO/151014_152401/0000/out_reco_352.root
20-Oct-2015 07:39:57 CEST  Closed file file:/lustre/cms//store/user/piet/ME0Segment_Time/DYToMuMu_M-20_TuneZ2star_14TeV-pythia6-tauola/DYToMuMu_M-20_TuneZ2star_14TeV-pythia6-tauola_HGCALGS_PU140_5ns_32ns_RECO/151014_152401/0000/out_reco_352.root

=============================================

MessageLogger Summary

 type     category        sev    module        subroutine        count    total
 ---- -------------------- -- ---------------- ----------------  -----    -----
    1 fileAction           -s file_close                            10       10
    2 fileAction           -s file_open                             20       20

 type    category    Examples: run/evt        run/evt          run/evt
 ---- -------------------- ---------------- ---------------- ----------------
    1 fileAction           PostProcessEvent PostProcessEvent PostEndRun
    2 fileAction           pre-events       pre-events       PostProcessEvent

Severity    # Occurrences   Total Occurrences
--------    -------------   -----------------
System                 30                  30
>>> END OF printout of 52 lines from stdout+stderr
>>> Parse FrameworkJobReport crab_fjr.xml
Result of parsing the FrameworkJobReport crab_fjr.xml: Popularity start
lumisRange : 1::::1;1::::2;1::::3;1::26033-26034::4;1::36279-36280::5;1::::6;1::22779-22780::7;1::31641-31642::8;1::::9;1::::10;
lumisParentRange : 
Basename : /store/user/piet/ME0Segment_Time/DYToMuMu_M-20_TuneZ2star_14TeV-pythia6-tauola/DYToMuMu_M-20_TuneZ2star_14TeV-pythia6-tauola_HGCALGS_PU140_5ns_32ns_RECO/151014_152401/0000/out_reco_
BasenameParent : 
parentFiles : 
inputBlocks : /DYToMuMu_M-20_TuneZ2star_14TeV-pythia6-tauola/piet-DYToMuMu_M-20_TuneZ2star_14TeV-pythia6-tauola_HGCALGS_PU140_5ns_32ns_RECO-9534beda007a59447d9159ddc4f0a675/USER#8ac55354-7f17-4acc-bf0e-1f52e441b62d
inputFiles : 881.root::1::EDM::Local::1;352.root::1::EDM::Local::2;586.root::1::EDM::Local::3;906.root::1::EDM::Local::4;712.root::1::EDM::Local::5;971.root::1::EDM::Local::6;5.root::1::EDM::Local::7;652.root::1::EDM::Local::8;596.root::1::EDM::Local::9;82.root::1::EDM::Local::10;
Popularity stop
Extracted ExitStatus from FrameworkJobReport parsing output: 0
>>> Executable succeded  0
ExeExitCode=0
EXECUTABLE_EXIT_STATUS = 0
>>> current directory /home/condor/dir_2488508/CREAM731128567/glide_WVN9qe/execute/dir_2495630/CMSSW_6_2_0_SLHC26_patch3
>>>  (SOFTWARE_DIR): /home/condor/dir_2488508/CREAM731128567/glide_WVN9qe/execute/dir_2495630/CMSSW_6_2_0_SLHC26_patch3
>>> (WORKING_DIR): 
>>> current directory content:
total 652
drwxr-xr-x 3 cms013 cms   4096 Oct 20 07:37 .SCRAM
-rw------- 1 cms013 cms 279361 Oct 20 07:37 CMSSW.py.pkl
-rw------- 1 cms013 cms  12918 Oct 20 07:39 OutTree.root
drwxr-xr-x 3 cms013 cms   4096 Oct 20 07:37 biglib
drwxr-xr-x 3 cms013 cms   4096 Oct 20 07:37 bin
drwxr-xr-x 3 cms013 cms   4096 Oct 20 07:37 cfipython
drwxr-xr-x 4 cms013 cms   4096 Jul 13 19:47 config
-rw------- 1 cms013 cms     15 Oct 20 07:39 cpu_timing.txt
drwxr-xr-x 2 cms013 cms   4096 Oct 20 07:37 doc
-rw------- 1 cms013 cms   8883 Oct 20 07:39 executable.out
drwxr-xr-x 2 cms013 cms   4096 Oct 20 07:37 include
drwx------ 3 cms013 cms   4096 Sep 29 20:50 lib
drwxr-xr-x 3 cms013 cms   4096 Oct 20 07:37 logs
drwxr-xr-x 3 cms013 cms   4096 Oct 20 07:37 objs
-rw------- 1 cms013 cms    104 Oct 20 07:37 pset.py
-rw------- 1 cms013 cms 281615 Oct 20 07:37 pset.py.pkl
-rw------- 1 cms013 cms    289 Oct 20 07:37 pset.pyc
drwxr-xr-x 2 cms013 cms   4096 Oct 20 07:37 python
-rw------- 1 cms013 cms    371 Oct 20 07:39 report.log
drwx------ 7 cms013 cms   4096 Oct 20 07:37 src
drwxr-xr-x 3 cms013 cms   4096 Oct 20 07:37 test
drwxr-xr-x 3 cms013 cms   4096 Oct 20 07:37 tmp
>>> current directory /home/condor/dir_2488508/CREAM731128567/glide_WVN9qe/execute/dir_2495630/CMSSW_6_2_0_SLHC26_patch3
>>> (SOFTWARE_DIR): /home/condor/dir_2488508/CREAM731128567/glide_WVN9qe/execute/dir_2495630/CMSSW_6_2_0_SLHC26_patch3
>>> (WORKING_DIR): 
>>> current directory content:
total 636
drwxr-xr-x 3 cms013 cms   4096 Oct 20 07:37 .SCRAM
-rw------- 1 cms013 cms 279361 Oct 20 07:37 CMSSW.py.pkl
drwxr-xr-x 3 cms013 cms   4096 Oct 20 07:37 biglib
drwxr-xr-x 3 cms013 cms   4096 Oct 20 07:37 bin
drwxr-xr-x 3 cms013 cms   4096 Oct 20 07:37 cfipython
drwxr-xr-x 4 cms013 cms   4096 Jul 13 19:47 config
-rw------- 1 cms013 cms     15 Oct 20 07:39 cpu_timing.txt
drwxr-xr-x 2 cms013 cms   4096 Oct 20 07:37 doc
-rw------- 1 cms013 cms   8883 Oct 20 07:39 executable.out
drwxr-xr-x 2 cms013 cms   4096 Oct 20 07:37 include
drwx------ 3 cms013 cms   4096 Sep 29 20:50 lib
drwxr-xr-x 3 cms013 cms   4096 Oct 20 07:37 logs
drwxr-xr-x 3 cms013 cms   4096 Oct 20 07:37 objs
-rw------- 1 cms013 cms    104 Oct 20 07:37 pset.py
-rw------- 1 cms013 cms 281615 Oct 20 07:37 pset.py.pkl
-rw------- 1 cms013 cms    289 Oct 20 07:37 pset.pyc
drwxr-xr-x 2 cms013 cms   4096 Oct 20 07:37 python
-rw------- 1 cms013 cms    371 Oct 20 07:39 report.log
drwx------ 7 cms013 cms   4096 Oct 20 07:37 src
drwxr-xr-x 3 cms013 cms   4096 Oct 20 07:37 test
drwxr-xr-x 3 cms013 cms   4096 Oct 20 07:37 tmp
>>> current directory (RUNTIME_AREA):  /home/condor/dir_2488508/CREAM731128567/glide_WVN9qe/execute/dir_2495630
>>> current dir: /home/condor/dir_2488508/CREAM731128567/glide_WVN9qe/execute/dir_2495630
>>> current dir content:
total 26280
-rwx------  1 cms013 cms       53 Oct 20 07:37 .chirp.config
-rwx------  1 cms013 cms     6753 Oct 20 07:37 .job.ad
-rwx------  1 cms013 cms     9244 Oct 20 07:37 .machine.ad
-rw-------  1 cms013 cms      105 Oct 20 07:34 CMSSW.py
-rw-------  1 cms013 cms   279361 Oct 20 07:34 CMSSW.py.pkl
-rwx------  1 cms013 cms    26314 Oct 20 07:37 CMSSW.sh
drwxr-xr-x 16 cms013 cms     4096 Oct 20 07:40 CMSSW_6_2_0_SLHC26_patch3
-rw-------  1 cms013 cms      264 Oct 20 07:37 CacheEnv.sh
-rw-------  1 cms013 cms     7291 Nov 19  2014 DashboardAPI.py
-rw-------  1 cms013 cms     6710 Oct 20 07:37 DashboardAPI.pyc
drwx------  2 cms013 cms     4096 Oct 20 07:40 IMProv
-rw-------  1 cms013 cms     2748 Nov 19  2014 Logger.py
-rw-------  1 cms013 cms     3312 Oct 20 07:37 Logger.pyc
lrwxrwxrwx  1 cms013 cms       93 Oct 20 07:40 OutTree.root -> /home/condor/dir_2488508/CREAM731128567/glide_WVN9qe/execute/dir_2495630/OutTree_8_1_rop.root
-rw-------  1 cms013 cms    12918 Oct 20 07:39 OutTree_8_1_rop.root
-rw-------  1 cms013 cms    24524 Nov 19  2014 ProcInfo.py
-rw-------  1 cms013 cms    23029 Oct 20 07:37 ProcInfo.pyc
drwx------  7 cms013 cms     4096 Oct 20 07:37 ProdCommon
drwx------  3 cms013 cms     4096 Oct 20 07:37 WMCore
-rw-------  1 cms013 cms     1788 Oct 20 07:39 Watchdog_8.log
-rwx------  1 cms013 cms        0 Oct 20 07:37 _condor_stderr
-rwx---r--  1 cms013 cms    23799 Oct 20 07:40 _condor_stdout
-rw-------  1 cms013 cms    32895 Nov 19  2014 apmon.py
-rw-------  1 cms013 cms    28422 Oct 20 07:37 apmon.pyc
-rwx------  1 cms013 cms   199428 Oct 20 07:37 arguments.xml
-rwx------  1 cms013 cms   204102 May 29 01:26 cmsRun
-rwx------  1 cms013 cms    38581 Nov 19  2014 cmscp.py
-rwx------  1 cms013 cms    26314 Oct 20 07:37 condor_exec.exe
-rw-------  1 cms013 cms      533 Oct 20 07:33 crab.cfg
-rwx------  1 cms013 cms     8610 Nov 19  2014 crabWatchdog.sh
-rwx---r--  1 cms013 cms   530350 Oct 20 07:39 crab_fjr_8.xml
-rwx------  1 cms013 cms 25265853 Oct 20 07:37 default.tgz
-rwx------  1 cms013 cms     4488 Nov 19  2014 fillCrabFjr.py
-rw-------  1 cms013 cms     2146 Oct 20 07:37 inputsReport.txt
-rw-------  1 cms013 cms      126 Oct 20 07:40 jobreport.txt
-rw-------  1 cms013 cms    17352 Nov 19  2014 parseCrabFjr.py
-rw-------  1 cms013 cms      355 Oct 20 07:37 report.log
-rwx--x--x  1 cms013 cms     1497 Nov 19  2014 report.py
-rwx------  1 cms013 cms     8351 Nov 19  2014 writeCfg.py
-rw-------  1 cms013 cms     8473 Oct 20 07:37 x509up_u46992
>>> crab_fjr_*.xml  permission set to 0704
CrabWrapper EXIT_FUNC entered at Tue Oct 20 07:40:06 CEST 2015   -  Tue Oct 20 05:40:06 UTC 2015
Checking output files:  
will tar file OutTree_8_1_rop.root in  out_files_8
will tar file crab_fjr_8.xml in  out_files_8
WARNING: output file CMSSW_8.stdout not found!
WARNING: output file CMSSW_8.stderr not found!
WARNING: output file Watchdog_8.log.gz not found!
>>> padding time: Sleeping the wrapper for 434 seconds
STOPPING WATCHDOG. CrabWatchdog PID is 2496085
********** LAST 50 LINES OF WATCHDOG LOG
# RESOURCE USAGE SUMMARY FOR PROCESS ID 2495656
USER         PID %CPU %MEM    VSZ   RSS TTY      STAT START   TIME COMMAND
cms013   2495656  0.5  0.0   9596  1604 ?        S    07:37   0:00 /bin/sh /home/condor/dir_2488508/CREAM731128567/glide_WVN9qe/execute/dir_2495630/condor_exec.exe 8 1
 
# LIMITS USED BY CRAB WATCHDOG:
# RSS  (KBytes)   : 2300000
# VSZ  (KBytes)   : 100000000
# DISK (MBytes)   : 19000
# CPU TIME        : 720h:0m:0s
# WALL CLOCK TIME : 21h:50m:0s
 
# FOLLOWING PRINTOUT TRACKS MAXIMUM VALUES OF RESOURCES USE
# ONE LINE IS PRINTED EACH TIME A MAXIMUM CHANGES
# IF CHANGE WAS IN RSS OR VSZ ALSO PROCID AND COMMAND ARE PRINTED
# THERE IS NO PRINTOUT FOR CPU/WALL TIME INCREASE
 
# TIME			PID	RSS(KB)	VSZ(KB)	Dsk(MB)	tCPU(s)	tWALL(s)	COMMAND
 Oct 20 07:37:30 CEST	2488628	1248	106096	0	0	0	sh -c "./glidein_startup.sh" -v std -name gfactory_instance -entry CMS_T2_IT_Bari_ce1 -clientname CMSG-v1_0.main
 Oct 20 07:37:30 CEST	2488632	1788	106492	0	1	0	/bin/bash ./glidein_startup.sh -v std -name gfactory_instance -entry CMS_T2_IT_Bari_ce1 -clientname CMSG-v1_0.main -schedd
 Oct 20 07:37:30 CEST	2494155	8712	106492	0	0	0	/home/condor/dir_2488508/CREAM731128567/glide_WVN9qe/main/condor/sbin/condor_master -f -pidfile /home/condor/dir_2488508/CREAM731128567/glide_WVN9qe/condor_master2.pid       
 Oct 20 07:37:30 CEST	2494162	9468	106492	0	0	1	condor_startd -f         
 Oct 20 07:37:30 CEST	---	9468	106492	154	----	----	----
 Oct 20 07:38:31 CEST	2496720	494404	698964	154	14	62	cmsRun -j /home/condor/dir_2488508/CREAM731128567/glide_WVN9qe/execute/dir_2495630/crab_fjr_8.xml -p pset.py      
 Oct 20 07:39:33 CEST	2496720	515988	755956	154	28	124	cmsRun -j /home/condor/dir_2488508/CREAM731128567/glide_WVN9qe/execute/dir_2495630/crab_fjr_8.xml -p pset.py      
 Oct 20 07:40:34 CEST	---	515988	755956	155	----	----	----
********** WATCHDOG LOG ENDED
ZIPPING WATCHDOG LOG
Disk space used:
du -sh /home/condor/dir_2488508/CREAM731128567/glide_WVN9qe/execute/dir_2495630
155M	/home/condor/dir_2488508/CREAM731128567/glide_WVN9qe/execute/dir_2495630
Found unusual stdout, rename for OSB
`/home/condor/dir_2488508/CREAM731128567/glide_WVN9qe/execute/dir_2495630/_condor_stdout' -> `CMSSW_8.stdout'
Found unusual stderr, rename for OSB
`/home/condor/dir_2488508/CREAM731128567/glide_WVN9qe/execute/dir_2495630/_condor_stdout' -> `CMSSW_8.stderr'
OutTree_8_1_rop.root
crab_fjr_8.xml
CMSSW_8.stdout
CMSSW_8.stderr
Watchdog_8.log.gz
Total Output dimension: 75189
WARNING: output files size limit is set to: 50000000
Total Output dimension 75189 is fine.
JOB_EXIT_STATUS = 0
>>> info for dashboard:
***** Cat /home/condor/dir_2488508/CREAM731128567/glide_WVN9qe/execute/dir_2495630/jobreport.txt *****
MonitorJobID=8_https://submit-6.t2.ucsd.edu//151020//666492.7
MonitorID=amkalsi_Loose_5000ps_jhs950
ExeTime=127
ExeExitCode=0
CrabUserCpuTime=34.61
CrabSysCpuTime=4.20
CrabCpuPercentage=30%
CrabWrapperTime=600
CrabStageoutTime=NULL
JobExitCode=0
***** End Cat jobreport *****
Parameters sent to Dashboard.
EXITING at Tue Oct 20 07:47:27 CEST 2015  -  Tue Oct 20 05:47:27 UTC 2015
