This script was generated by crab (version 2.11.1_patch1).
Running /home/condor/dir_2488508/CREAM731128567/glide_WVN9qe/execute/dir_2510252/condor_exec.exe with 2 positional parameters: 21 1
Today is Tue Oct 20 07:47:44 CEST 2015 - Tue Oct 20 05:47:44 UTC 2015
Job submitted on host wn-recas-uniba-32.recas.ba.infn.it
Linux wn-recas-uniba-32.recas.ba.infn.it 2.6.32-504.23.4.el6.x86_64 #1 SMP Tue Jun 9 11:55:03 CDT 2015 x86_64 x86_64 x86_64 GNU/Linux
Distributor ID:	Scientific
Description:	Scientific Linux release 6.7 (Carbon)
>>> current directory (RUNTIME_AREA): /home/condor/dir_2488508/CREAM731128567/glide_WVN9qe/execute/dir_2510252
>>> current user: uid=11755(cms013) gid=1399(cms) groups=1399(cms)
>>> directory permission set to 0700
>>> umask set to:  u=rwx,g=,o=
>>> stdout stderr permission set to 0704
>>> voms proxy information:
subject   : /C=TW/O=AP/OU=GRID/CN=Amandeep Kaur Kalsi 129089/CN=541697223/CN=1238254883
issuer    : /C=TW/O=AP/OU=GRID/CN=Amandeep Kaur Kalsi 129089/CN=541697223
identity  : /C=TW/O=AP/OU=GRID/CN=Amandeep Kaur Kalsi 129089
type      : RFC3820 compliant limited proxy
strength  : 1024
path      : /home/condor/dir_2488508/CREAM731128567/glide_WVN9qe/execute/dir_2510252/x509up_u46992
timeleft  : 23:59:50
key usage : Digital Signature, Key Encipherment, Data Encipherment, Key Agreement
=== VO cms extension information ===
VO        : cms
subject   : /C=TW/O=AP/OU=GRID/CN=Amandeep Kaur Kalsi 129089
issuer    : /DC=ch/DC=cern/OU=computers/CN=voms2.cern.ch
attribute : /cms/Role=NULL/Capability=NULL
timeleft  : 191:46:04
uri       : voms2.cern.ch:15002

WNHostName=wn-recas-uniba-32.recas.ba.infn.it
$_CONDOR_JOB_AD =/home/condor/dir_2488508/CREAM731128567/glide_WVN9qe/execute/dir_2510252/.job.ad
OverflowFlag=0
>>> tar --no-same-permissions -xf /home/condor/dir_2488508/CREAM731128567/glide_WVN9qe/execute/dir_2510252/default.tgz :
Successful untar
>>> Include /home/condor/dir_2488508/CREAM731128567/glide_WVN9qe/execute/dir_2510252 in PYTHONPATH:
strip arguments
env var CRAB_UNIQUE_JOB_ID set to: amkalsi_Loose_5000ps_jhs950_21_1_sko
out_files_21
>>> list of expected files on output sandbox
output files: OutTree_21_1_sko.root crab_fjr_21.xml CMSSW_21.stdout CMSSW_21.stderr Watchdog_21.log.gz
>>> GridFlavour discovery: 
GridFlavour=LCG
>>> SyncSite discovery: 
SyncSite=T2_IT_Bari
>>> SyncCE discovery: 
getting SyncCE from CE_ID
SyncCE=ce-01.recas.ba.infn.it:8443/cream-condor-cms
>>> info for dashboard:
***** Cat /home/condor/dir_2488508/CREAM731128567/glide_WVN9qe/execute/dir_2510252/jobreport.txt *****
WNHostName=wn-recas-uniba-32.recas.ba.infn.it
OverflowFlag=0
MonitorJobID=21_https://submit-6.t2.ucsd.edu//151020//666492.20
SyncGridJobId=https://submit-6.t2.ucsd.edu//151020//666492.20
MonitorID=amkalsi_Loose_5000ps_jhs950
GridFlavour=LCG
SyncSite=T2_IT_Bari
SyncCE=ce-01.recas.ba.infn.it:8443/cream-condor-cms
***** End Cat jobreport *****
Parameters sent to Dashboard.
>>> setup environment
set SCRAM ARCH to slc6_amd64_gcc472
SCRAM_ARCH = slc6_amd64_gcc472
>>> setup CMS LCG environment:
set SCRAM ARCH and BUILD_ARCH to slc6_amd64_gcc472 ###
Sourcing environment... 
sourcing /cvmfs/cms.cern.ch/cmsset_default.sh
==> setup cms environment ok
>>> specific cmssw setup environment:
CMSSW_VERSION =  CMSSW_6_2_0_SLHC26_patch3
WARNING: In non-interactive mode release checks e.g. deprecated releases, production architectures are disabled.
>>> current directory (SOFTWARE_DIR): /home/condor/dir_2488508/CREAM731128567/glide_WVN9qe/execute/dir_2510252/CMSSW_6_2_0_SLHC26_patch3
PreserveSeeds: <>
IncrementSeeds:<>
>>> info for dashboard:
***** Cat /home/condor/dir_2488508/CREAM731128567/glide_WVN9qe/execute/dir_2510252/jobreport.txt *****
MonitorJobID=21_https://submit-6.t2.ucsd.edu//151020//666492.20
MonitorID=amkalsi_Loose_5000ps_jhs950
***** End Cat jobreport *****
Parameters sent to Dashboard.
crabWatchdog started as process 2510548
>>> moving CMSSW software directories in /home/condor/dir_2488508/CREAM731128567/glide_WVN9qe/execute/dir_2510252/CMSSW_6_2_0_SLHC26_patch3
mv: cannot stat `/home/condor/dir_2488508/CREAM731128567/glide_WVN9qe/execute/dir_2510252/module/': No such file or directory
>>> Include /home/condor/dir_2488508/CREAM731128567/glide_WVN9qe/execute/dir_2510252 in PYTHONPATH:
PYTHONPATH=/home/condor/dir_2488508/CREAM731128567/glide_WVN9qe/execute/dir_2510252/:/home/condor/dir_2488508/CREAM731128567/glide_WVN9qe/execute/dir_2510252/CMSSW_6_2_0_SLHC26_patch3/python:/home/condor/dir_2488508/CREAM731128567/glide_WVN9qe/execute/dir_2510252/CMSSW_6_2_0_SLHC26_patch3/lib/slc6_amd64_gcc472:/cvmfs/cms.cern.ch/slc6_amd64_gcc472/cms/cmssw-patch/CMSSW_6_2_0_SLHC26_patch3/python:/cvmfs/cms.cern.ch/slc6_amd64_gcc472/cms/cmssw-patch/CMSSW_6_2_0_SLHC26_patch3/lib/slc6_amd64_gcc472:/cvmfs/cms.cern.ch/slc6_amd64_gcc472/cms/cmssw/CMSSW_6_2_0_SLHC26/bin/slc6_amd64_gcc472:/cvmfs/cms.cern.ch/slc6_amd64_gcc472/cms/cmssw/CMSSW_6_2_0_SLHC26/lib/slc6_amd64_gcc472:/cvmfs/cms.cern.ch/slc6_amd64_gcc472/cms/coral/CORAL_2_3_21-flmnjk2/slc6_amd64_gcc472/python:/cvmfs/cms.cern.ch/slc6_amd64_gcc472/cms/coral/CORAL_2_3_21-flmnjk2/slc6_amd64_gcc472/lib:/cvmfs/cms.cern.ch/slc6_amd64_gcc472/external/pyqt/4.8.1-cms5/lib/python2.7/site-packages:/cvmfs/cms.cern.ch/slc6_amd64_gcc472/external/py2-scipy/0.8.0-cms7/lib/python2.7/site-packages:/cvmfs/cms.cern.ch/slc6_amd64_gcc472/external/py2-matplotlib/1.0.1-cms7/lib/python2.7/site-packages:/cvmfs/cms.cern.ch/slc6_amd64_gcc472/external/python-ldap/2.4.10/lib/python2.7/site-packages:/cvmfs/cms.cern.ch/slc6_amd64_gcc472/external/sip/4.11.2-cms5/lib/python2.7/site-packages:/cvmfs/cms.cern.ch/slc6_amd64_gcc472/external/py2-pycurl/7.19.0-cms7/lib/python2.7/site-packages:/cvmfs/cms.cern.ch/slc6_amd64_gcc472/external/py2-numpy/1.6.1-cms7/lib/python2.7/site-packages:/cvmfs/cms.cern.ch/slc6_amd64_gcc472/external/py2-lint/0.25.1-cms5/lib/python2.7/site-packages:/cvmfs/cms.cern.ch/slc6_amd64_gcc472/external/py2-ipython/0.10-cms5/lib/python2.7/site-packages:/cvmfs/cms.cern.ch/slc6_amd64_gcc472/external/py2-cx-oracle/5.1-cms5/lib/python2.7/site-packages:/cvmfs/cms.cern.ch/slc6_amd64_gcc472/external/py2-cjson/1.0.5-cms5/lib/python2.7/site-packages:/cvmfs/cms.cern.ch/slc6_amd64_gcc472/cms/das-client/1.11.7/bin:/cvmfs/cms.cern.ch/slc6_amd64_gcc472/external/elementtree/1.2.6-cms5/share/lib/python2.7/site-packages:/cvmfs/cms.cern.ch/slc6_amd64_gcc472/external/rivet/1.8.2-cms9/lib/python2.7/site-packages:/cvmfs/cms.cern.ch/slc6_amd64_gcc472/external/pyminuit2/0.0.1-cms25/lib/python2.7/site-packages:/cvmfs/cms.cern.ch/slc6_amd64_gcc472/external/py2-pygithub/1.23.0-cms2/lib/python2.7/site-packages:/cvmfs/cms.cern.ch/slc6_amd64_gcc472/external/professor/1.0.0-cms25/lib/python2.7/site-packages:/cvmfs/cms.cern.ch/slc6_amd64_gcc472/lcg/root/5.34.07-cms5/lib:/cvmfs/cms.cern.ch/slc6_amd64_gcc472/cms/dbs-client/DBS_2_1_9-cms5/lib:/cvmfs/cms.cern.ch/slc6_amd64_gcc472/cms/dbs-client/DBS_2_1_9-cms5/lib/DBSAPI:/cvmfs/cms.cern.ch/slc6_amd64_gcc472/external/cvs2git/5419-cms/lib:/home/condor/dir_2488508/CREAM731128567/glide_WVN9qe/execute/dir_2510252/
 
# LIMITS USED BY CRAB WATCHDOG:
# RSS  (KBytes)   : 2300000
# VSZ  (KBytes)   : 100000000
# DISK (MBytes)   : 19000
# CPU TIME        : 720h:0m:0s
# WALL CLOCK TIME : 21h:50m:0s
 
89204fc7dc811f9e79a97af487a037d4
PSETHASH = 89204fc7dc811f9e79a97af487a037d4
/home/condor/dir_2488508/CREAM731128567/glide_WVN9qe/execute/dir_2510252/writeCfg.py pset.py pset.py
Importing .py file
Setting parameters
RandomNumberGeneratorService found, will attempt to change seeds
inputBlocks=/DYToMuMu_M-20_TuneZ2star_14TeV-pythia6-tauola/piet-DYToMuMu_M-20_TuneZ2star_14TeV-pythia6-tauola_HGCALGS_PU140_5ns_32ns_RECO-9534beda007a59447d9159ddc4f0a675/USER#10c5504c-fad1-456c-ab37-e278fce8fe51
inputFiles=/store/user/piet/ME0Segment_Time/DYToMuMu_M-20_TuneZ2star_14TeV-pythia6-tauola/DYToMuMu_M-20_TuneZ2star_14TeV-pythia6-tauola_HGCALGS_PU140_5ns_32ns_RECO/151014_110313/0000/out_reco_7.root;/store/user/piet/ME0Segment_Time/DYToMuMu_M-20_TuneZ2star_14TeV-pythia6-tauola/DYToMuMu_M-20_TuneZ2star_14TeV-pythia6-tauola_HGCALGS_PU140_5ns_32ns_RECO/151014_110313/0000/out_reco_38.root;/store/user/piet/ME0Segment_Time/DYToMuMu_M-20_TuneZ2star_14TeV-pythia6-tauola/DYToMuMu_M-20_TuneZ2star_14TeV-pythia6-tauola_HGCALGS_PU140_5ns_32ns_RECO/151014_110313/0000/out_reco_69.root;/store/user/piet/ME0Segment_Time/DYToMuMu_M-20_TuneZ2star_14TeV-pythia6-tauola/DYToMuMu_M-20_TuneZ2star_14TeV-pythia6-tauola_HGCALGS_PU140_5ns_32ns_RECO/151014_110313/0000/out_reco_88.root;/store/user/piet/ME0Segment_Time/DYToMuMu_M-20_TuneZ2star_14TeV-pythia6-tauola/DYToMuMu_M-20_TuneZ2star_14TeV-pythia6-tauola_HGCALGS_PU140_5ns_32ns_RECO/151014_110313/0000/out_reco_97.root;/store/user/piet/ME0Segment_Time/DYToMuMu_M-20_TuneZ2star_14TeV-pythia6-tauola/DYToMuMu_M-20_TuneZ2star_14TeV-pythia6-tauola_HGCALGS_PU140_5ns_32ns_RECO/151014_110313/0000/out_reco_70.root;/store/user/piet/ME0Segment_Time/DYToMuMu_M-20_TuneZ2star_14TeV-pythia6-tauola/DYToMuMu_M-20_TuneZ2star_14TeV-pythia6-tauola_HGCALGS_PU140_5ns_32ns_RECO/151014_110313/0000/out_reco_20.root;/store/user/piet/ME0Segment_Time/DYToMuMu_M-20_TuneZ2star_14TeV-pythia6-tauola/DYToMuMu_M-20_TuneZ2star_14TeV-pythia6-tauola_HGCALGS_PU140_5ns_32ns_RECO/151014_110313/0000/out_reco_15.root;/store/user/piet/ME0Segment_Time/DYToMuMu_M-20_TuneZ2star_14TeV-pythia6-tauola/DYToMuMu_M-20_TuneZ2star_14TeV-pythia6-tauola_HGCALGS_PU140_5ns_32ns_RECO/151014_110313/0000/out_reco_9.root;/store/user/piet/ME0Segment_Time/DYToMuMu_M-20_TuneZ2star_14TeV-pythia6-tauola/DYToMuMu_M-20_TuneZ2star_14TeV-pythia6-tauola_HGCALGS_PU140_5ns_32ns_RECO/151014_110313/0000/out_reco_59.root
parentFiles=
lumisRange=
>>> Executable cmsRun
/cvmfs/cms.cern.ch/slc6_amd64_gcc472/cms/cmssw/CMSSW_6_2_0_SLHC26/bin/slc6_amd64_gcc472/cmsRun
ok executable found
>>> info for dashboard:
***** Cat /home/condor/dir_2488508/CREAM731128567/glide_WVN9qe/execute/dir_2510252/jobreport.txt *****
MonitorJobID=21_https://submit-6.t2.ucsd.edu//151020//666492.20
MonitorID=amkalsi_Loose_5000ps_jhs950
ExeStart=cmsRun
***** End Cat jobreport *****
Parameters sent to Dashboard.
>>> cmsRun started at Tue Oct 20 05:47:57 UTC 2015
>>> cmsRun ended at Tue Oct 20 05:53:22 UTC 2015
>>> crab_fjr_*.xml  permission set to 0704
>>> info for dashboard:
***** Cat /home/condor/dir_2488508/CREAM731128567/glide_WVN9qe/execute/dir_2510252/jobreport.txt *****
MonitorJobID=21_https://submit-6.t2.ucsd.edu//151020//666492.20
MonitorID=amkalsi_Loose_5000ps_jhs950
ExeEnd=cmsRun
***** End Cat jobreport *****
Parameters sent to Dashboard.
TIME_EXE = 325 sec
>>> cmsRun wrote 124 lines of stdout+stderr
>>> START OF printout of 124 lines from stdout+stderr
20-Oct-2015 07:48:14 CEST  Initiating request to open file file:/lustre/cms//store/user/piet/ME0Segment_Time/DYToMuMu_M-20_TuneZ2star_14TeV-pythia6-tauola/DYToMuMu_M-20_TuneZ2star_14TeV-pythia6-tauola_HGCALGS_PU140_5ns_32ns_RECO/151014_110313/0000/out_reco_7.root
20-Oct-2015 07:48:17 CEST  Successfully opened file file:/lustre/cms//store/user/piet/ME0Segment_Time/DYToMuMu_M-20_TuneZ2star_14TeV-pythia6-tauola/DYToMuMu_M-20_TuneZ2star_14TeV-pythia6-tauola_HGCALGS_PU140_5ns_32ns_RECO/151014_110313/0000/out_reco_7.root
Begin processing the 1st record. Run 1, Event 567161, LumiSection 23881 at 20-Oct-2015 07:48:26.065 CEST
in MuonNumberingInitialization::initializeMuonDDDConstants
about to make my new muonDDDConst_
in MuonNumberingInitialization::produce
-0.916514%MSG-e RunLumiMerging:  source 20-Oct-2015 07:48:43 CEST PostBeginLumi
ProductHolderBase::mergeTheProduct
Two run/lumi products for the same run/lumi which should be equal are not
Using the first, ignoring the second
className = edm::RandomEngineStates
moduleLabel = randomEngineStateProducer
instance = beginLumi
process = DIGI2RAW

%MSG
-3.3000320-Oct-2015 07:48:57 CEST  Closed file file:/lustre/cms//store/user/piet/ME0Segment_Time/DYToMuMu_M-20_TuneZ2star_14TeV-pythia6-tauola/DYToMuMu_M-20_TuneZ2star_14TeV-pythia6-tauola_HGCALGS_PU140_5ns_32ns_RECO/151014_110313/0000/out_reco_7.root
20-Oct-2015 07:48:57 CEST  Initiating request to open file file:/lustre/cms//store/user/piet/ME0Segment_Time/DYToMuMu_M-20_TuneZ2star_14TeV-pythia6-tauola/DYToMuMu_M-20_TuneZ2star_14TeV-pythia6-tauola_HGCALGS_PU140_5ns_32ns_RECO/151014_110313/0000/out_reco_38.root
20-Oct-2015 07:48:57 CEST  Successfully opened file file:/lustre/cms//store/user/piet/ME0Segment_Time/DYToMuMu_M-20_TuneZ2star_14TeV-pythia6-tauola/DYToMuMu_M-20_TuneZ2star_14TeV-pythia6-tauola_HGCALGS_PU140_5ns_32ns_RECO/151014_110313/0000/out_reco_38.root
Begin processing the 101st record. Run 1, Event 119461, LumiSection 5030 at 20-Oct-2015 07:49:00.975 CEST
-22.9221-0.695635-1.51655%MSG-e RunLumiMerging:  source 20-Oct-2015 07:49:15 CEST PostBeginLumi
ProductHolderBase::mergeTheProduct
Two run/lumi products for the same run/lumi which should be equal are not
Using the first, ignoring the second
className = edm::RandomEngineStates
moduleLabel = randomEngineStateProducer
instance = beginLumi
process = DIGI2RAW

%MSG
-1.51887-1.21201-1.1275120-Oct-2015 07:49:27 CEST  Closed file file:/lustre/cms//store/user/piet/ME0Segment_Time/DYToMuMu_M-20_TuneZ2star_14TeV-pythia6-tauola/DYToMuMu_M-20_TuneZ2star_14TeV-pythia6-tauola_HGCALGS_PU140_5ns_32ns_RECO/151014_110313/0000/out_reco_38.root
20-Oct-2015 07:49:27 CEST  Initiating request to open file file:/lustre/cms//store/user/piet/ME0Segment_Time/DYToMuMu_M-20_TuneZ2star_14TeV-pythia6-tauola/DYToMuMu_M-20_TuneZ2star_14TeV-pythia6-tauola_HGCALGS_PU140_5ns_32ns_RECO/151014_110313/0000/out_reco_69.root
20-Oct-2015 07:49:27 CEST  Successfully opened file file:/lustre/cms//store/user/piet/ME0Segment_Time/DYToMuMu_M-20_TuneZ2star_14TeV-pythia6-tauola/DYToMuMu_M-20_TuneZ2star_14TeV-pythia6-tauola_HGCALGS_PU140_5ns_32ns_RECO/151014_110313/0000/out_reco_69.root
Begin processing the 201st record. Run 1, Event 860211, LumiSection 36220 at 20-Oct-2015 07:49:31.244 CEST
-3.61461-2.16067-5.01911-1.49724-67.3002-1.68879-4.79322-2.56132%MSG-e RunLumiMerging:  source 20-Oct-2015 07:49:53 CEST PostBeginLumi
ProductHolderBase::mergeTheProduct
Two run/lumi products for the same run/lumi which should be equal are not
Using the first, ignoring the second
className = edm::RandomEngineStates
moduleLabel = randomEngineStateProducer
instance = beginLumi
process = DIGI2RAW

%MSG
-1.64343-0.470791-4.5389620-Oct-2015 07:49:58 CEST  Closed file file:/lustre/cms//store/user/piet/ME0Segment_Time/DYToMuMu_M-20_TuneZ2star_14TeV-pythia6-tauola/DYToMuMu_M-20_TuneZ2star_14TeV-pythia6-tauola_HGCALGS_PU140_5ns_32ns_RECO/151014_110313/0000/out_reco_69.root
20-Oct-2015 07:49:58 CEST  Initiating request to open file file:/lustre/cms//store/user/piet/ME0Segment_Time/DYToMuMu_M-20_TuneZ2star_14TeV-pythia6-tauola/DYToMuMu_M-20_TuneZ2star_14TeV-pythia6-tauola_HGCALGS_PU140_5ns_32ns_RECO/151014_110313/0000/out_reco_88.root
20-Oct-2015 07:49:59 CEST  Successfully opened file file:/lustre/cms//store/user/piet/ME0Segment_Time/DYToMuMu_M-20_TuneZ2star_14TeV-pythia6-tauola/DYToMuMu_M-20_TuneZ2star_14TeV-pythia6-tauola_HGCALGS_PU140_5ns_32ns_RECO/151014_110313/0000/out_reco_88.root
Begin processing the 301st record. Run 1, Event 505491, LumiSection 21284 at 20-Oct-2015 07:50:02.051 CEST
-0.842853-2.39141-4.7399-8.76727-5.47807-0.660319-18.5427-5.96307-0.98892820-Oct-2015 07:50:24 CEST  Closed file file:/lustre/cms//store/user/piet/ME0Segment_Time/DYToMuMu_M-20_TuneZ2star_14TeV-pythia6-tauola/DYToMuMu_M-20_TuneZ2star_14TeV-pythia6-tauola_HGCALGS_PU140_5ns_32ns_RECO/151014_110313/0000/out_reco_88.root
20-Oct-2015 07:50:24 CEST  Initiating request to open file file:/lustre/cms//store/user/piet/ME0Segment_Time/DYToMuMu_M-20_TuneZ2star_14TeV-pythia6-tauola/DYToMuMu_M-20_TuneZ2star_14TeV-pythia6-tauola_HGCALGS_PU140_5ns_32ns_RECO/151014_110313/0000/out_reco_97.root
20-Oct-2015 07:50:25 CEST  Successfully opened file file:/lustre/cms//store/user/piet/ME0Segment_Time/DYToMuMu_M-20_TuneZ2star_14TeV-pythia6-tauola/DYToMuMu_M-20_TuneZ2star_14TeV-pythia6-tauola_HGCALGS_PU140_5ns_32ns_RECO/151014_110313/0000/out_reco_97.root
Begin processing the 401st record. Run 1, Event 637021, LumiSection 26822 at 20-Oct-2015 07:50:28.586 CEST
-2.48874-0.436926-7.85319-10.4503-1.5590420-Oct-2015 07:50:55 CEST  Closed file file:/lustre/cms//store/user/piet/ME0Segment_Time/DYToMuMu_M-20_TuneZ2star_14TeV-pythia6-tauola/DYToMuMu_M-20_TuneZ2star_14TeV-pythia6-tauola_HGCALGS_PU140_5ns_32ns_RECO/151014_110313/0000/out_reco_97.root
20-Oct-2015 07:50:55 CEST  Initiating request to open file file:/lustre/cms//store/user/piet/ME0Segment_Time/DYToMuMu_M-20_TuneZ2star_14TeV-pythia6-tauola/DYToMuMu_M-20_TuneZ2star_14TeV-pythia6-tauola_HGCALGS_PU140_5ns_32ns_RECO/151014_110313/0000/out_reco_70.root
20-Oct-2015 07:50:55 CEST  Successfully opened file file:/lustre/cms//store/user/piet/ME0Segment_Time/DYToMuMu_M-20_TuneZ2star_14TeV-pythia6-tauola/DYToMuMu_M-20_TuneZ2star_14TeV-pythia6-tauola_HGCALGS_PU140_5ns_32ns_RECO/151014_110313/0000/out_reco_70.root
Begin processing the 501st record. Run 1, Event 860301, LumiSection 36223 at 20-Oct-2015 07:50:59.169 CEST
-0.643318-0.326269-1.21816-5.9402920-Oct-2015 07:51:23 CEST  Closed file file:/lustre/cms//store/user/piet/ME0Segment_Time/DYToMuMu_M-20_TuneZ2star_14TeV-pythia6-tauola/DYToMuMu_M-20_TuneZ2star_14TeV-pythia6-tauola_HGCALGS_PU140_5ns_32ns_RECO/151014_110313/0000/out_reco_70.root
20-Oct-2015 07:51:23 CEST  Initiating request to open file file:/lustre/cms//store/user/piet/ME0Segment_Time/DYToMuMu_M-20_TuneZ2star_14TeV-pythia6-tauola/DYToMuMu_M-20_TuneZ2star_14TeV-pythia6-tauola_HGCALGS_PU140_5ns_32ns_RECO/151014_110313/0000/out_reco_20.root
20-Oct-2015 07:51:23 CEST  Successfully opened file file:/lustre/cms//store/user/piet/ME0Segment_Time/DYToMuMu_M-20_TuneZ2star_14TeV-pythia6-tauola/DYToMuMu_M-20_TuneZ2star_14TeV-pythia6-tauola_HGCALGS_PU140_5ns_32ns_RECO/151014_110313/0000/out_reco_20.root
Begin processing the 601st record. Run 1, Event 808681, LumiSection 34050 at 20-Oct-2015 07:51:26.777 CEST
-1.04071-3.42668-6.74207-1.41901-1.50375-0.290191-2.38592-1.1208-1.8768320-Oct-2015 07:51:51 CEST  Closed file file:/lustre/cms//store/user/piet/ME0Segment_Time/DYToMuMu_M-20_TuneZ2star_14TeV-pythia6-tauola/DYToMuMu_M-20_TuneZ2star_14TeV-pythia6-tauola_HGCALGS_PU140_5ns_32ns_RECO/151014_110313/0000/out_reco_20.root
20-Oct-2015 07:51:51 CEST  Initiating request to open file file:/lustre/cms//store/user/piet/ME0Segment_Time/DYToMuMu_M-20_TuneZ2star_14TeV-pythia6-tauola/DYToMuMu_M-20_TuneZ2star_14TeV-pythia6-tauola_HGCALGS_PU140_5ns_32ns_RECO/151014_110313/0000/out_reco_15.root
20-Oct-2015 07:51:52 CEST  Successfully opened file file:/lustre/cms//store/user/piet/ME0Segment_Time/DYToMuMu_M-20_TuneZ2star_14TeV-pythia6-tauola/DYToMuMu_M-20_TuneZ2star_14TeV-pythia6-tauola_HGCALGS_PU140_5ns_32ns_RECO/151014_110313/0000/out_reco_15.root
Begin processing the 701st record. Run 1, Event 631151, LumiSection 26575 at 20-Oct-2015 07:51:55.721 CEST
-1.48229-2.94077%MSG-e RunLumiMerging:  source 20-Oct-2015 07:52:07 CEST PostBeginLumi
ProductHolderBase::mergeTheProduct
Two run/lumi products for the same run/lumi which should be equal are not
Using the first, ignoring the second
className = edm::RandomEngineStates
moduleLabel = randomEngineStateProducer
instance = beginLumi
process = DIGI2RAW

%MSG
-6.88105-0.869722-2.42239-1.84283-79.7445-0.5753520-Oct-2015 07:52:23 CEST  Closed file file:/lustre/cms//store/user/piet/ME0Segment_Time/DYToMuMu_M-20_TuneZ2star_14TeV-pythia6-tauola/DYToMuMu_M-20_TuneZ2star_14TeV-pythia6-tauola_HGCALGS_PU140_5ns_32ns_RECO/151014_110313/0000/out_reco_15.root
20-Oct-2015 07:52:23 CEST  Initiating request to open file file:/lustre/cms//store/user/piet/ME0Segment_Time/DYToMuMu_M-20_TuneZ2star_14TeV-pythia6-tauola/DYToMuMu_M-20_TuneZ2star_14TeV-pythia6-tauola_HGCALGS_PU140_5ns_32ns_RECO/151014_110313/0000/out_reco_9.root
20-Oct-2015 07:52:23 CEST  Successfully opened file file:/lustre/cms//store/user/piet/ME0Segment_Time/DYToMuMu_M-20_TuneZ2star_14TeV-pythia6-tauola/DYToMuMu_M-20_TuneZ2star_14TeV-pythia6-tauola_HGCALGS_PU140_5ns_32ns_RECO/151014_110313/0000/out_reco_9.root
Begin processing the 801st record. Run 1, Event 567911, LumiSection 23913 at 20-Oct-2015 07:52:27.411 CEST
-4.28858-3.17663-0.669156-2.99346-2.84296%MSG-e RunLumiMerging:  source 20-Oct-2015 07:52:47 CEST PostBeginLumi
ProductHolderBase::mergeTheProduct
Two run/lumi products for the same run/lumi which should be equal are not
Using the first, ignoring the second
className = edm::RandomEngineStates
moduleLabel = randomEngineStateProducer
instance = beginLumi
process = DIGI2RAW

%MSG
20-Oct-2015 07:52:53 CEST  Closed file file:/lustre/cms//store/user/piet/ME0Segment_Time/DYToMuMu_M-20_TuneZ2star_14TeV-pythia6-tauola/DYToMuMu_M-20_TuneZ2star_14TeV-pythia6-tauola_HGCALGS_PU140_5ns_32ns_RECO/151014_110313/0000/out_reco_9.root
20-Oct-2015 07:52:53 CEST  Initiating request to open file file:/lustre/cms//store/user/piet/ME0Segment_Time/DYToMuMu_M-20_TuneZ2star_14TeV-pythia6-tauola/DYToMuMu_M-20_TuneZ2star_14TeV-pythia6-tauola_HGCALGS_PU140_5ns_32ns_RECO/151014_110313/0000/out_reco_59.root
20-Oct-2015 07:52:53 CEST  Successfully opened file file:/lustre/cms//store/user/piet/ME0Segment_Time/DYToMuMu_M-20_TuneZ2star_14TeV-pythia6-tauola/DYToMuMu_M-20_TuneZ2star_14TeV-pythia6-tauola_HGCALGS_PU140_5ns_32ns_RECO/151014_110313/0000/out_reco_59.root
Begin processing the 901st record. Run 1, Event 610221, LumiSection 25694 at 20-Oct-2015 07:52:56.924 CEST
-1.06571-1.1382-3.08965-11.9382-0.775209-0.323691-5.52149%MSG-e RunLumiMerging:  source 20-Oct-2015 07:53:15 CEST PostBeginLumi
ProductHolderBase::mergeTheProduct
Two run/lumi products for the same run/lumi which should be equal are not
Using the first, ignoring the second
className = edm::RandomEngineStates
moduleLabel = randomEngineStateProducer
instance = beginLumi
process = DIGI2RAW

%MSG
-2.9408-0.472192-1.35718-0.81161420-Oct-2015 07:53:22 CEST  Closed file file:/lustre/cms//store/user/piet/ME0Segment_Time/DYToMuMu_M-20_TuneZ2star_14TeV-pythia6-tauola/DYToMuMu_M-20_TuneZ2star_14TeV-pythia6-tauola_HGCALGS_PU140_5ns_32ns_RECO/151014_110313/0000/out_reco_59.root

=============================================

MessageLogger Summary

 type     category        sev    module        subroutine        count    total
 ---- -------------------- -- ---------------- ----------------  -----    -----
    1 RunLumiMerging       -e source                                 6        6
    2 fileAction           -s file_close                            10       10
    3 fileAction           -s file_open                             20       20

 type    category    Examples: run/evt        run/evt          run/evt
 ---- -------------------- ---------------- ---------------- ----------------
    1 RunLumiMerging       PostBeginLumi    PostBeginLumi    PostBeginLumi
    2 fileAction           PostProcessEvent PostProcessEvent PostEndRun
    3 fileAction           pre-events       pre-events       PostProcessEvent

Severity    # Occurrences   Total Occurrences
--------    -------------   -----------------
Error                   6                   6
System                 30                  30
>>> END OF printout of 124 lines from stdout+stderr
>>> Parse FrameworkJobReport crab_fjr.xml
Result of parsing the FrameworkJobReport crab_fjr.xml: Popularity start
lumisRange : 1::16361-16362,26575-26576,26785-26787::1;1::18658,25694-25696,25929-25930::2;1::15023,23913-23916::3;1::18662,36220-36223::4;1::22777,26822-26824,27833-27834::5;1::19885,21284-21288::6;1::5030-5032,6049-6050,18066::7;1::18662,36223-36224,36273-36275::8;1::15022,23881-23884::9;1::16363-16364,34050-34054::10;
lumisParentRange : 
Basename : /store/user/piet/ME0Segment_Time/DYToMuMu_M-20_TuneZ2star_14TeV-pythia6-tauola/DYToMuMu_M-20_TuneZ2star_14TeV-pythia6-tauola_HGCALGS_PU140_5ns_32ns_RECO/151014_110313/0000/out_reco_
BasenameParent : 
parentFiles : 
inputBlocks : /DYToMuMu_M-20_TuneZ2star_14TeV-pythia6-tauola/piet-DYToMuMu_M-20_TuneZ2star_14TeV-pythia6-tauola_HGCALGS_PU140_5ns_32ns_RECO-9534beda007a59447d9159ddc4f0a675/USER#10c5504c-fad1-456c-ab37-e278fce8fe51
inputFiles : 15.root::1::EDM::Local::1;59.root::1::EDM::Local::2;9.root::1::EDM::Local::3;69.root::1::EDM::Local::4;97.root::1::EDM::Local::5;88.root::1::EDM::Local::6;38.root::1::EDM::Local::7;70.root::1::EDM::Local::8;7.root::1::EDM::Local::9;20.root::1::EDM::Local::10;
Popularity stop
Extracted ExitStatus from FrameworkJobReport parsing output: 0
>>> Executable succeded  0
ExeExitCode=0
EXECUTABLE_EXIT_STATUS = 0
>>> current directory /home/condor/dir_2488508/CREAM731128567/glide_WVN9qe/execute/dir_2510252/CMSSW_6_2_0_SLHC26_patch3
>>>  (SOFTWARE_DIR): /home/condor/dir_2488508/CREAM731128567/glide_WVN9qe/execute/dir_2510252/CMSSW_6_2_0_SLHC26_patch3
>>> (WORKING_DIR): 
>>> current directory content:
total 656
drwxr-xr-x 3 cms013 cms   4096 Oct 20 07:47 .SCRAM
-rw------- 1 cms013 cms 279361 Oct 20 07:47 CMSSW.py.pkl
-rw------- 1 cms013 cms  14989 Oct 20 07:53 OutTree.root
drwxr-xr-x 3 cms013 cms   4096 Oct 20 07:47 biglib
drwxr-xr-x 3 cms013 cms   4096 Oct 20 07:47 bin
drwxr-xr-x 3 cms013 cms   4096 Oct 20 07:47 cfipython
drwxr-xr-x 4 cms013 cms   4096 Jul 13 19:47 config
-rw------- 1 cms013 cms     17 Oct 20 07:53 cpu_timing.txt
drwxr-xr-x 2 cms013 cms   4096 Oct 20 07:47 doc
-rw------- 1 cms013 cms  12512 Oct 20 07:53 executable.out
drwxr-xr-x 2 cms013 cms   4096 Oct 20 07:47 include
drwx------ 3 cms013 cms   4096 Sep 29 20:50 lib
drwxr-xr-x 3 cms013 cms   4096 Oct 20 07:47 logs
drwxr-xr-x 3 cms013 cms   4096 Oct 20 07:47 objs
-rw------- 1 cms013 cms    104 Oct 20 07:47 pset.py
-rw------- 1 cms013 cms 281608 Oct 20 07:47 pset.py.pkl
-rw------- 1 cms013 cms    289 Oct 20 07:47 pset.pyc
drwxr-xr-x 2 cms013 cms   4096 Oct 20 07:47 python
-rw------- 1 cms013 cms    377 Oct 20 07:53 report.log
drwx------ 7 cms013 cms   4096 Oct 20 07:47 src
drwxr-xr-x 3 cms013 cms   4096 Oct 20 07:47 test
drwxr-xr-x 3 cms013 cms   4096 Oct 20 07:47 tmp
>>> current directory /home/condor/dir_2488508/CREAM731128567/glide_WVN9qe/execute/dir_2510252/CMSSW_6_2_0_SLHC26_patch3
>>> (SOFTWARE_DIR): /home/condor/dir_2488508/CREAM731128567/glide_WVN9qe/execute/dir_2510252/CMSSW_6_2_0_SLHC26_patch3
>>> (WORKING_DIR): 
>>> current directory content:
total 640
drwxr-xr-x 3 cms013 cms   4096 Oct 20 07:47 .SCRAM
-rw------- 1 cms013 cms 279361 Oct 20 07:47 CMSSW.py.pkl
drwxr-xr-x 3 cms013 cms   4096 Oct 20 07:47 biglib
drwxr-xr-x 3 cms013 cms   4096 Oct 20 07:47 bin
drwxr-xr-x 3 cms013 cms   4096 Oct 20 07:47 cfipython
drwxr-xr-x 4 cms013 cms   4096 Jul 13 19:47 config
-rw------- 1 cms013 cms     17 Oct 20 07:53 cpu_timing.txt
drwxr-xr-x 2 cms013 cms   4096 Oct 20 07:47 doc
-rw------- 1 cms013 cms  12512 Oct 20 07:53 executable.out
drwxr-xr-x 2 cms013 cms   4096 Oct 20 07:47 include
drwx------ 3 cms013 cms   4096 Sep 29 20:50 lib
drwxr-xr-x 3 cms013 cms   4096 Oct 20 07:47 logs
drwxr-xr-x 3 cms013 cms   4096 Oct 20 07:47 objs
-rw------- 1 cms013 cms    104 Oct 20 07:47 pset.py
-rw------- 1 cms013 cms 281608 Oct 20 07:47 pset.py.pkl
-rw------- 1 cms013 cms    289 Oct 20 07:47 pset.pyc
drwxr-xr-x 2 cms013 cms   4096 Oct 20 07:47 python
-rw------- 1 cms013 cms    377 Oct 20 07:53 report.log
drwx------ 7 cms013 cms   4096 Oct 20 07:47 src
drwxr-xr-x 3 cms013 cms   4096 Oct 20 07:47 test
drwxr-xr-x 3 cms013 cms   4096 Oct 20 07:47 tmp
>>> current directory (RUNTIME_AREA):  /home/condor/dir_2488508/CREAM731128567/glide_WVN9qe/execute/dir_2510252
>>> current dir: /home/condor/dir_2488508/CREAM731128567/glide_WVN9qe/execute/dir_2510252
>>> current dir content:
total 26288
-rwx------  1 cms013 cms       52 Oct 20 07:47 .chirp.config
-rwx------  1 cms013 cms     6786 Oct 20 07:47 .job.ad
-rwx------  1 cms013 cms     9478 Oct 20 07:47 .machine.ad
-rw-------  1 cms013 cms      105 Oct 20 07:34 CMSSW.py
-rw-------  1 cms013 cms   279361 Oct 20 07:34 CMSSW.py.pkl
-rwx------  1 cms013 cms    26314 Oct 20 07:47 CMSSW.sh
drwxr-xr-x 16 cms013 cms     4096 Oct 20 07:53 CMSSW_6_2_0_SLHC26_patch3
-rw-------  1 cms013 cms      264 Oct 20 07:47 CacheEnv.sh
-rw-------  1 cms013 cms     7291 Nov 19  2014 DashboardAPI.py
-rw-------  1 cms013 cms     6710 Oct 20 07:47 DashboardAPI.pyc
drwx------  2 cms013 cms     4096 Oct 20 07:53 IMProv
-rw-------  1 cms013 cms     2748 Nov 19  2014 Logger.py
-rw-------  1 cms013 cms     3312 Oct 20 07:47 Logger.pyc
lrwxrwxrwx  1 cms013 cms       94 Oct 20 07:53 OutTree.root -> /home/condor/dir_2488508/CREAM731128567/glide_WVN9qe/execute/dir_2510252/OutTree_21_1_sko.root
-rw-------  1 cms013 cms    14989 Oct 20 07:53 OutTree_21_1_sko.root
-rw-------  1 cms013 cms    24524 Nov 19  2014 ProcInfo.py
-rw-------  1 cms013 cms    23029 Oct 20 07:47 ProcInfo.pyc
drwx------  7 cms013 cms     4096 Oct 20 07:47 ProdCommon
drwx------  3 cms013 cms     4096 Oct 20 07:47 WMCore
-rw-------  1 cms013 cms     2274 Oct 20 07:53 Watchdog_21.log
-rwx------  1 cms013 cms        0 Oct 20 07:47 _condor_stderr
-rwx---r--  1 cms013 cms    27625 Oct 20 07:53 _condor_stdout
-rw-------  1 cms013 cms    32895 Nov 19  2014 apmon.py
-rw-------  1 cms013 cms    28422 Oct 20 07:47 apmon.pyc
-rwx------  1 cms013 cms   199428 Oct 20 07:47 arguments.xml
-rwx------  1 cms013 cms   204102 May 29 01:26 cmsRun
-rwx------  1 cms013 cms    38581 Nov 19  2014 cmscp.py
-rwx------  1 cms013 cms    26314 Oct 20 07:47 condor_exec.exe
-rw-------  1 cms013 cms      533 Oct 20 07:33 crab.cfg
-rwx------  1 cms013 cms     8610 Nov 19  2014 crabWatchdog.sh
-rwx---r--  1 cms013 cms   531656 Oct 20 07:53 crab_fjr_21.xml
-rwx------  1 cms013 cms 25265853 Oct 20 07:47 default.tgz
-rwx------  1 cms013 cms     4488 Nov 19  2014 fillCrabFjr.py
-rw-------  1 cms013 cms     2137 Oct 20 07:47 inputsReport.txt
-rw-------  1 cms013 cms      128 Oct 20 07:53 jobreport.txt
-rw-------  1 cms013 cms    17352 Nov 19  2014 parseCrabFjr.py
-rw-------  1 cms013 cms      358 Oct 20 07:47 report.log
-rwx--x--x  1 cms013 cms     1497 Nov 19  2014 report.py
-rwx------  1 cms013 cms     8351 Nov 19  2014 writeCfg.py
-rw-------  1 cms013 cms     8473 Oct 20 07:47 x509up_u46992
>>> crab_fjr_*.xml  permission set to 0704
CrabWrapper EXIT_FUNC entered at Tue Oct 20 07:53:29 CEST 2015   -  Tue Oct 20 05:53:29 UTC 2015
Checking output files:  
will tar file OutTree_21_1_sko.root in  out_files_21
will tar file crab_fjr_21.xml in  out_files_21
WARNING: output file CMSSW_21.stdout not found!
WARNING: output file CMSSW_21.stderr not found!
WARNING: output file Watchdog_21.log.gz not found!
>>> padding time: Sleeping the wrapper for 256 seconds
STOPPING WATCHDOG. CrabWatchdog PID is 2510548
********** LAST 50 LINES OF WATCHDOG LOG
# RESOURCE USAGE SUMMARY FOR PROCESS ID 2510279
USER         PID %CPU %MEM    VSZ   RSS TTY      STAT START   TIME COMMAND
cms013   2510279  0.5  0.0   9596  1604 ?        S    07:47   0:00 /bin/sh /home/condor/dir_2488508/CREAM731128567/glide_WVN9qe/execute/dir_2510252/condor_exec.exe 21 1
 
# LIMITS USED BY CRAB WATCHDOG:
# RSS  (KBytes)   : 2300000
# VSZ  (KBytes)   : 100000000
# DISK (MBytes)   : 19000
# CPU TIME        : 720h:0m:0s
# WALL CLOCK TIME : 21h:50m:0s
 
# FOLLOWING PRINTOUT TRACKS MAXIMUM VALUES OF RESOURCES USE
# ONE LINE IS PRINTED EACH TIME A MAXIMUM CHANGES
# IF CHANGE WAS IN RSS OR VSZ ALSO PROCID AND COMMAND ARE PRINTED
# THERE IS NO PRINTOUT FOR CPU/WALL TIME INCREASE
 
# TIME			PID	RSS(KB)	VSZ(KB)	Dsk(MB)	tCPU(s)	tWALL(s)	COMMAND
 Oct 20 07:47:53 CEST	2488628	1248	106096	0	0	0	sh -c "./glidein_startup.sh" -v std -name gfactory_instance -entry CMS_T2_IT_Bari_ce1 -clientname CMSG-v1_0.main
 Oct 20 07:47:53 CEST	2488632	1788	106492	0	1	0	/bin/bash ./glidein_startup.sh -v std -name gfactory_instance -entry CMS_T2_IT_Bari_ce1 -clientname CMSG-v1_0.main -schedd
 Oct 20 07:47:53 CEST	2494155	8712	106492	0	0	0	/home/condor/dir_2488508/CREAM731128567/glide_WVN9qe/main/condor/sbin/condor_master -f -pidfile /home/condor/dir_2488508/CREAM731128567/glide_WVN9qe/condor_master2.pid       
 Oct 20 07:47:53 CEST	2494162	9480	106492	0	0	1	condor_startd -f         
 Oct 20 07:47:53 CEST	2510560	29888	106492	0	0	1	edmConfigHash pset.py         
 Oct 20 07:47:53 CEST	---	29888	106492	154	----	----	----
 Oct 20 07:48:54 CEST	2510872	518448	733424	154	31	62	cmsRun -j /home/condor/dir_2488508/CREAM731128567/glide_WVN9qe/execute/dir_2510252/crab_fjr_21.xml -p pset.py      
 Oct 20 07:49:55 CEST	2510872	526472	744176	154	58	123	cmsRun -j /home/condor/dir_2488508/CREAM731128567/glide_WVN9qe/execute/dir_2510252/crab_fjr_21.xml -p pset.py      
 Oct 20 07:50:57 CEST	2510872	539344	776432	154	88	185	cmsRun -j /home/condor/dir_2488508/CREAM731128567/glide_WVN9qe/execute/dir_2510252/crab_fjr_21.xml -p pset.py      
 Oct 20 07:51:58 CEST	---	539344	776432	155	----	----	----
 Oct 20 07:52:59 CEST	2510872	549680	776432	155	145	307	cmsRun -j /home/condor/dir_2488508/CREAM731128567/glide_WVN9qe/execute/dir_2510252/crab_fjr_21.xml -p pset.py      
********** WATCHDOG LOG ENDED
ZIPPING WATCHDOG LOG
Disk space used:
du -sh /home/condor/dir_2488508/CREAM731128567/glide_WVN9qe/execute/dir_2510252
155M	/home/condor/dir_2488508/CREAM731128567/glide_WVN9qe/execute/dir_2510252
Found unusual stdout, rename for OSB
`/home/condor/dir_2488508/CREAM731128567/glide_WVN9qe/execute/dir_2510252/_condor_stdout' -> `CMSSW_21.stdout'
Found unusual stderr, rename for OSB
`/home/condor/dir_2488508/CREAM731128567/glide_WVN9qe/execute/dir_2510252/_condor_stdout' -> `CMSSW_21.stderr'
OutTree_21_1_sko.root
crab_fjr_21.xml
CMSSW_21.stdout
CMSSW_21.stderr
Watchdog_21.log.gz
Total Output dimension: 84397
WARNING: output files size limit is set to: 50000000
Total Output dimension 84397 is fine.
JOB_EXIT_STATUS = 0
>>> info for dashboard:
***** Cat /home/condor/dir_2488508/CREAM731128567/glide_WVN9qe/execute/dir_2510252/jobreport.txt *****
MonitorJobID=21_https://submit-6.t2.ucsd.edu//151020//666492.20
MonitorID=amkalsi_Loose_5000ps_jhs950
ExeTime=325
ExeExitCode=0
CrabUserCpuTime=146.13
CrabSysCpuTime=12.84
CrabCpuPercentage=48%
CrabWrapperTime=600
CrabStageoutTime=NULL
JobExitCode=0
***** End Cat jobreport *****
Parameters sent to Dashboard.
EXITING at Tue Oct 20 07:57:50 CEST 2015  -  Tue Oct 20 05:57:50 UTC 2015
