This script was generated by crab (version 2.11.1_patch1).
Running /home/cms033/home_cream_386885846/CREAM386885846/glide_nI0kvJ/execute/dir_9868/condor_exec.exe with 2 positional parameters: 20 1
Today is Tue Oct 20 07:47:36 CEST 2015 - Tue Oct 20 05:47:36 UTC 2015
Job submitted on host pccms112.ba.infn.it
Linux pccms112.ba.infn.it 2.6.32-504.3.3.el6.x86_64 #1 SMP Wed Dec 17 09:22:39 CET 2014 x86_64 x86_64 x86_64 GNU/Linux
Distributor ID:	ScientificCERNSLC
Description:	Scientific Linux CERN SLC release 6.4 (Carbon)
>>> current directory (RUNTIME_AREA): /home/cms033/home_cream_386885846/CREAM386885846/glide_nI0kvJ/execute/dir_9868
>>> current user: uid=18589(cms033) gid=1399(cms) groups=1399(cms)
>>> directory permission set to 0700
>>> umask set to:  u=rwx,g=,o=
>>> stdout stderr permission set to 0704
>>> voms proxy information:
subject   : /C=TW/O=AP/OU=GRID/CN=Amandeep Kaur Kalsi 129089/CN=541697223/CN=966233533
issuer    : /C=TW/O=AP/OU=GRID/CN=Amandeep Kaur Kalsi 129089/CN=541697223
identity  : /C=TW/O=AP/OU=GRID/CN=Amandeep Kaur Kalsi 129089
type      : RFC3820 compliant limited proxy
strength  : 1024
path      : /home/cms033/home_cream_386885846/CREAM386885846/glide_nI0kvJ/execute/dir_9868/x509up_u46992
timeleft  : 23:59:52
key usage : Digital Signature, Key Encipherment, Data Encipherment, Key Agreement
=== VO cms extension information ===
VO        : cms
subject   : /C=TW/O=AP/OU=GRID/CN=Amandeep Kaur Kalsi 129089
issuer    : /DC=ch/DC=cern/OU=computers/CN=voms2.cern.ch
attribute : /cms/Role=NULL/Capability=NULL
timeleft  : 191:46:11
uri       : voms2.cern.ch:15002

WNHostName=pccms112.ba.infn.it
$_CONDOR_JOB_AD =/home/cms033/home_cream_386885846/CREAM386885846/glide_nI0kvJ/execute/dir_9868/.job.ad
OverflowFlag=0
>>> tar --no-same-permissions -xf /home/cms033/home_cream_386885846/CREAM386885846/glide_nI0kvJ/execute/dir_9868/default.tgz :
Successful untar
>>> Include /home/cms033/home_cream_386885846/CREAM386885846/glide_nI0kvJ/execute/dir_9868 in PYTHONPATH:
strip arguments
env var CRAB_UNIQUE_JOB_ID set to: amkalsi_Loose_5000ps_jhs950_20_1_Qs8
out_files_20
>>> list of expected files on output sandbox
output files: OutTree_20_1_Qs8.root crab_fjr_20.xml CMSSW_20.stdout CMSSW_20.stderr Watchdog_20.log.gz
>>> GridFlavour discovery: 
GridFlavour=LCG
>>> SyncSite discovery: 
SyncSite=T2_IT_Bari
>>> SyncCE discovery: 
getting SyncCE from CE_ID
SyncCE=cream-ce-4.ba.infn.it:8443/cream-pbs-cms
>>> info for dashboard:
***** Cat /home/cms033/home_cream_386885846/CREAM386885846/glide_nI0kvJ/execute/dir_9868/jobreport.txt *****
WNHostName=pccms112.ba.infn.it
OverflowFlag=0
MonitorJobID=20_https://submit-6.t2.ucsd.edu//151020//666492.19
SyncGridJobId=https://submit-6.t2.ucsd.edu//151020//666492.19
MonitorID=amkalsi_Loose_5000ps_jhs950
GridFlavour=LCG
SyncSite=T2_IT_Bari
SyncCE=cream-ce-4.ba.infn.it:8443/cream-pbs-cms
***** End Cat jobreport *****
Parameters sent to Dashboard.
>>> setup environment
set SCRAM ARCH to slc6_amd64_gcc472
SCRAM_ARCH = slc6_amd64_gcc472
>>> setup CMS LCG environment:
set SCRAM ARCH and BUILD_ARCH to slc6_amd64_gcc472 ###
Sourcing environment... 
sourcing /cvmfs/cms.cern.ch/cmsset_default.sh
==> setup cms environment ok
>>> specific cmssw setup environment:
CMSSW_VERSION =  CMSSW_6_2_0_SLHC26_patch3
WARNING: In non-interactive mode release checks e.g. deprecated releases, production architectures are disabled.
>>> current directory (SOFTWARE_DIR): /home/cms033/home_cream_386885846/CREAM386885846/glide_nI0kvJ/execute/dir_9868/CMSSW_6_2_0_SLHC26_patch3
PreserveSeeds: <>
IncrementSeeds:<>
>>> info for dashboard:
***** Cat /home/cms033/home_cream_386885846/CREAM386885846/glide_nI0kvJ/execute/dir_9868/jobreport.txt *****
MonitorJobID=20_https://submit-6.t2.ucsd.edu//151020//666492.19
MonitorID=amkalsi_Loose_5000ps_jhs950
***** End Cat jobreport *****
Parameters sent to Dashboard.
crabWatchdog started as process 10077
>>> moving CMSSW software directories in /home/cms033/home_cream_386885846/CREAM386885846/glide_nI0kvJ/execute/dir_9868/CMSSW_6_2_0_SLHC26_patch3
mv: cannot stat `/home/cms033/home_cream_386885846/CREAM386885846/glide_nI0kvJ/execute/dir_9868/module/': No such file or directory
>>> Include /home/cms033/home_cream_386885846/CREAM386885846/glide_nI0kvJ/execute/dir_9868 in PYTHONPATH:
PYTHONPATH=/home/cms033/home_cream_386885846/CREAM386885846/glide_nI0kvJ/execute/dir_9868/:/home/cms033/home_cream_386885846/CREAM386885846/glide_nI0kvJ/execute/dir_9868/CMSSW_6_2_0_SLHC26_patch3/python:/home/cms033/home_cream_386885846/CREAM386885846/glide_nI0kvJ/execute/dir_9868/CMSSW_6_2_0_SLHC26_patch3/lib/slc6_amd64_gcc472:/cvmfs/cms.cern.ch/slc6_amd64_gcc472/cms/cmssw-patch/CMSSW_6_2_0_SLHC26_patch3/python:/cvmfs/cms.cern.ch/slc6_amd64_gcc472/cms/cmssw-patch/CMSSW_6_2_0_SLHC26_patch3/lib/slc6_amd64_gcc472:/cvmfs/cms.cern.ch/slc6_amd64_gcc472/cms/cmssw/CMSSW_6_2_0_SLHC26/bin/slc6_amd64_gcc472:/cvmfs/cms.cern.ch/slc6_amd64_gcc472/cms/cmssw/CMSSW_6_2_0_SLHC26/lib/slc6_amd64_gcc472:/cvmfs/cms.cern.ch/slc6_amd64_gcc472/cms/coral/CORAL_2_3_21-flmnjk2/slc6_amd64_gcc472/python:/cvmfs/cms.cern.ch/slc6_amd64_gcc472/cms/coral/CORAL_2_3_21-flmnjk2/slc6_amd64_gcc472/lib:/cvmfs/cms.cern.ch/slc6_amd64_gcc472/external/pyqt/4.8.1-cms5/lib/python2.7/site-packages:/cvmfs/cms.cern.ch/slc6_amd64_gcc472/external/py2-scipy/0.8.0-cms7/lib/python2.7/site-packages:/cvmfs/cms.cern.ch/slc6_amd64_gcc472/external/py2-matplotlib/1.0.1-cms7/lib/python2.7/site-packages:/cvmfs/cms.cern.ch/slc6_amd64_gcc472/external/python-ldap/2.4.10/lib/python2.7/site-packages:/cvmfs/cms.cern.ch/slc6_amd64_gcc472/external/sip/4.11.2-cms5/lib/python2.7/site-packages:/cvmfs/cms.cern.ch/slc6_amd64_gcc472/external/py2-pycurl/7.19.0-cms7/lib/python2.7/site-packages:/cvmfs/cms.cern.ch/slc6_amd64_gcc472/external/py2-numpy/1.6.1-cms7/lib/python2.7/site-packages:/cvmfs/cms.cern.ch/slc6_amd64_gcc472/external/py2-lint/0.25.1-cms5/lib/python2.7/site-packages:/cvmfs/cms.cern.ch/slc6_amd64_gcc472/external/py2-ipython/0.10-cms5/lib/python2.7/site-packages:/cvmfs/cms.cern.ch/slc6_amd64_gcc472/external/py2-cx-oracle/5.1-cms5/lib/python2.7/site-packages:/cvmfs/cms.cern.ch/slc6_amd64_gcc472/external/py2-cjson/1.0.5-cms5/lib/python2.7/site-packages:/cvmfs/cms.cern.ch/slc6_amd64_gcc472/cms/das-client/1.11.7/bin:/cvmfs/cms.cern.ch/slc6_amd64_gcc472/external/elementtree/1.2.6-cms5/share/lib/python2.7/site-packages:/cvmfs/cms.cern.ch/slc6_amd64_gcc472/external/rivet/1.8.2-cms9/lib/python2.7/site-packages:/cvmfs/cms.cern.ch/slc6_amd64_gcc472/external/pyminuit2/0.0.1-cms25/lib/python2.7/site-packages:/cvmfs/cms.cern.ch/slc6_amd64_gcc472/external/py2-pygithub/1.23.0-cms2/lib/python2.7/site-packages:/cvmfs/cms.cern.ch/slc6_amd64_gcc472/external/professor/1.0.0-cms25/lib/python2.7/site-packages:/cvmfs/cms.cern.ch/slc6_amd64_gcc472/lcg/root/5.34.07-cms5/lib:/cvmfs/cms.cern.ch/slc6_amd64_gcc472/cms/dbs-client/DBS_2_1_9-cms5/lib:/cvmfs/cms.cern.ch/slc6_amd64_gcc472/cms/dbs-client/DBS_2_1_9-cms5/lib/DBSAPI:/cvmfs/cms.cern.ch/slc6_amd64_gcc472/external/cvs2git/5419-cms/lib:/home/cms033/home_cream_386885846/CREAM386885846/glide_nI0kvJ/execute/dir_9868/
 
# LIMITS USED BY CRAB WATCHDOG:
# RSS  (KBytes)   : 2300000
# VSZ  (KBytes)   : 100000000
# DISK (MBytes)   : 19000
# CPU TIME        : 720h:0m:0s
# WALL CLOCK TIME : 21h:50m:0s
 
89204fc7dc811f9e79a97af487a037d4
PSETHASH = 89204fc7dc811f9e79a97af487a037d4
/home/cms033/home_cream_386885846/CREAM386885846/glide_nI0kvJ/execute/dir_9868/writeCfg.py pset.py pset.py
Importing .py file
Setting parameters
RandomNumberGeneratorService found, will attempt to change seeds
inputBlocks=/DYToMuMu_M-20_TuneZ2star_14TeV-pythia6-tauola/piet-DYToMuMu_M-20_TuneZ2star_14TeV-pythia6-tauola_HGCALGS_PU140_5ns_32ns_RECO-9534beda007a59447d9159ddc4f0a675/USER#10c5504c-fad1-456c-ab37-e278fce8fe51
inputFiles=/store/user/piet/ME0Segment_Time/DYToMuMu_M-20_TuneZ2star_14TeV-pythia6-tauola/DYToMuMu_M-20_TuneZ2star_14TeV-pythia6-tauola_HGCALGS_PU140_5ns_32ns_RECO/151014_110313/0000/out_reco_18.root;/store/user/piet/ME0Segment_Time/DYToMuMu_M-20_TuneZ2star_14TeV-pythia6-tauola/DYToMuMu_M-20_TuneZ2star_14TeV-pythia6-tauola_HGCALGS_PU140_5ns_32ns_RECO/151014_110313/0000/out_reco_16.root;/store/user/piet/ME0Segment_Time/DYToMuMu_M-20_TuneZ2star_14TeV-pythia6-tauola/DYToMuMu_M-20_TuneZ2star_14TeV-pythia6-tauola_HGCALGS_PU140_5ns_32ns_RECO/151014_110313/0000/out_reco_46.root;/store/user/piet/ME0Segment_Time/DYToMuMu_M-20_TuneZ2star_14TeV-pythia6-tauola/DYToMuMu_M-20_TuneZ2star_14TeV-pythia6-tauola_HGCALGS_PU140_5ns_32ns_RECO/151014_110313/0000/out_reco_75.root;/store/user/piet/ME0Segment_Time/DYToMuMu_M-20_TuneZ2star_14TeV-pythia6-tauola/DYToMuMu_M-20_TuneZ2star_14TeV-pythia6-tauola_HGCALGS_PU140_5ns_32ns_RECO/151014_110313/0000/out_reco_64.root;/store/user/piet/ME0Segment_Time/DYToMuMu_M-20_TuneZ2star_14TeV-pythia6-tauola/DYToMuMu_M-20_TuneZ2star_14TeV-pythia6-tauola_HGCALGS_PU140_5ns_32ns_RECO/151014_110313/0000/out_reco_74.root;/store/user/piet/ME0Segment_Time/DYToMuMu_M-20_TuneZ2star_14TeV-pythia6-tauola/DYToMuMu_M-20_TuneZ2star_14TeV-pythia6-tauola_HGCALGS_PU140_5ns_32ns_RECO/151014_110313/0000/out_reco_68.root;/store/user/piet/ME0Segment_Time/DYToMuMu_M-20_TuneZ2star_14TeV-pythia6-tauola/DYToMuMu_M-20_TuneZ2star_14TeV-pythia6-tauola_HGCALGS_PU140_5ns_32ns_RECO/151014_110313/0000/out_reco_86.root;/store/user/piet/ME0Segment_Time/DYToMuMu_M-20_TuneZ2star_14TeV-pythia6-tauola/DYToMuMu_M-20_TuneZ2star_14TeV-pythia6-tauola_HGCALGS_PU140_5ns_32ns_RECO/151014_110313/0000/out_reco_30.root;/store/user/piet/ME0Segment_Time/DYToMuMu_M-20_TuneZ2star_14TeV-pythia6-tauola/DYToMuMu_M-20_TuneZ2star_14TeV-pythia6-tauola_HGCALGS_PU140_5ns_32ns_RECO/151014_110313/0000/out_reco_3.root
parentFiles=
lumisRange=
>>> Executable cmsRun
/cvmfs/cms.cern.ch/slc6_amd64_gcc472/cms/cmssw/CMSSW_6_2_0_SLHC26/bin/slc6_amd64_gcc472/cmsRun
ok executable found
>>> info for dashboard:
***** Cat /home/cms033/home_cream_386885846/CREAM386885846/glide_nI0kvJ/execute/dir_9868/jobreport.txt *****
MonitorJobID=20_https://submit-6.t2.ucsd.edu//151020//666492.19
MonitorID=amkalsi_Loose_5000ps_jhs950
ExeStart=cmsRun
***** End Cat jobreport *****
Parameters sent to Dashboard.
>>> cmsRun started at Tue Oct 20 05:47:47 UTC 2015
>>> cmsRun ended at Tue Oct 20 05:54:45 UTC 2015
>>> crab_fjr_*.xml  permission set to 0704
>>> info for dashboard:
***** Cat /home/cms033/home_cream_386885846/CREAM386885846/glide_nI0kvJ/execute/dir_9868/jobreport.txt *****
MonitorJobID=20_https://submit-6.t2.ucsd.edu//151020//666492.19
MonitorID=amkalsi_Loose_5000ps_jhs950
ExeEnd=cmsRun
***** End Cat jobreport *****
Parameters sent to Dashboard.
TIME_EXE = 418 sec
>>> cmsRun wrote 134 lines of stdout+stderr
>>> START OF printout of 134 lines from stdout+stderr
20-Oct-2015 07:48:03 CEST  Initiating request to open file file:/lustre/cms//store/user/piet/ME0Segment_Time/DYToMuMu_M-20_TuneZ2star_14TeV-pythia6-tauola/DYToMuMu_M-20_TuneZ2star_14TeV-pythia6-tauola_HGCALGS_PU140_5ns_32ns_RECO/151014_110313/0000/out_reco_18.root
20-Oct-2015 07:48:07 CEST  Successfully opened file file:/lustre/cms//store/user/piet/ME0Segment_Time/DYToMuMu_M-20_TuneZ2star_14TeV-pythia6-tauola/DYToMuMu_M-20_TuneZ2star_14TeV-pythia6-tauola_HGCALGS_PU140_5ns_32ns_RECO/151014_110313/0000/out_reco_18.root
Begin processing the 1st record. Run 1, Event 720531, LumiSection 30339 at 20-Oct-2015 07:48:13.223 CEST
in MuonNumberingInitialization::initializeMuonDDDConstants
about to make my new muonDDDConst_
in MuonNumberingInitialization::produce
%MSG-e RunLumiMerging:  source 20-Oct-2015 07:48:37 CEST PostBeginLumi
ProductHolderBase::mergeTheProduct
Two run/lumi products for the same run/lumi which should be equal are not
Using the first, ignoring the second
className = edm::RandomEngineStates
moduleLabel = randomEngineStateProducer
instance = beginLumi
process = DIGI2RAW

%MSG
-3.17627-1.42106-0.887501-0.72483920-Oct-2015 07:48:53 CEST  Closed file file:/lustre/cms//store/user/piet/ME0Segment_Time/DYToMuMu_M-20_TuneZ2star_14TeV-pythia6-tauola/DYToMuMu_M-20_TuneZ2star_14TeV-pythia6-tauola_HGCALGS_PU140_5ns_32ns_RECO/151014_110313/0000/out_reco_18.root
20-Oct-2015 07:48:53 CEST  Initiating request to open file file:/lustre/cms//store/user/piet/ME0Segment_Time/DYToMuMu_M-20_TuneZ2star_14TeV-pythia6-tauola/DYToMuMu_M-20_TuneZ2star_14TeV-pythia6-tauola_HGCALGS_PU140_5ns_32ns_RECO/151014_110313/0000/out_reco_16.root
20-Oct-2015 07:48:54 CEST  Successfully opened file file:/lustre/cms//store/user/piet/ME0Segment_Time/DYToMuMu_M-20_TuneZ2star_14TeV-pythia6-tauola/DYToMuMu_M-20_TuneZ2star_14TeV-pythia6-tauola_HGCALGS_PU140_5ns_32ns_RECO/151014_110313/0000/out_reco_16.root
Begin processing the 101st record. Run 1, Event 636181, LumiSection 26787 at 20-Oct-2015 07:48:57.485 CEST
-10.8491-2.93261-1.55619-26.4817%MSG-e RunLumiMerging:  source 20-Oct-2015 07:49:11 CEST PostBeginLumi
ProductHolderBase::mergeTheProduct
Two run/lumi products for the same run/lumi which should be equal are not
Using the first, ignoring the second
className = edm::RandomEngineStates
moduleLabel = randomEngineStateProducer
instance = beginLumi
process = DIGI2RAW

%MSG
-1.07891-2.37276-0.454848-1.3784720-Oct-2015 07:49:29 CEST  Closed file file:/lustre/cms//store/user/piet/ME0Segment_Time/DYToMuMu_M-20_TuneZ2star_14TeV-pythia6-tauola/DYToMuMu_M-20_TuneZ2star_14TeV-pythia6-tauola_HGCALGS_PU140_5ns_32ns_RECO/151014_110313/0000/out_reco_16.root
20-Oct-2015 07:49:29 CEST  Initiating request to open file file:/lustre/cms//store/user/piet/ME0Segment_Time/DYToMuMu_M-20_TuneZ2star_14TeV-pythia6-tauola/DYToMuMu_M-20_TuneZ2star_14TeV-pythia6-tauola_HGCALGS_PU140_5ns_32ns_RECO/151014_110313/0000/out_reco_46.root
20-Oct-2015 07:49:29 CEST  Successfully opened file file:/lustre/cms//store/user/piet/ME0Segment_Time/DYToMuMu_M-20_TuneZ2star_14TeV-pythia6-tauola/DYToMuMu_M-20_TuneZ2star_14TeV-pythia6-tauola_HGCALGS_PU140_5ns_32ns_RECO/151014_110313/0000/out_reco_46.root
Begin processing the 201st record. Run 1, Event 355781, LumiSection 14981 at 20-Oct-2015 07:49:33.934 CEST
-0.734113-0.340285-1.62453-6.72067-1.46811-0.352078-5.28424-0.819924-6.0721820-Oct-2015 07:50:07 CEST  Closed file file:/lustre/cms//store/user/piet/ME0Segment_Time/DYToMuMu_M-20_TuneZ2star_14TeV-pythia6-tauola/DYToMuMu_M-20_TuneZ2star_14TeV-pythia6-tauola_HGCALGS_PU140_5ns_32ns_RECO/151014_110313/0000/out_reco_46.root
20-Oct-2015 07:50:07 CEST  Initiating request to open file file:/lustre/cms//store/user/piet/ME0Segment_Time/DYToMuMu_M-20_TuneZ2star_14TeV-pythia6-tauola/DYToMuMu_M-20_TuneZ2star_14TeV-pythia6-tauola_HGCALGS_PU140_5ns_32ns_RECO/151014_110313/0000/out_reco_75.root
20-Oct-2015 07:50:07 CEST  Successfully opened file file:/lustre/cms//store/user/piet/ME0Segment_Time/DYToMuMu_M-20_TuneZ2star_14TeV-pythia6-tauola/DYToMuMu_M-20_TuneZ2star_14TeV-pythia6-tauola_HGCALGS_PU140_5ns_32ns_RECO/151014_110313/0000/out_reco_75.root
Begin processing the 301st record. Run 1, Event 993001, LumiSection 41811 at 20-Oct-2015 07:50:11.650 CEST
-3.43069%MSG-e RunLumiMerging:  source 20-Oct-2015 07:50:17 CEST PostBeginLumi
ProductHolderBase::mergeTheProduct
Two run/lumi products for the same run/lumi which should be equal are not
Using the first, ignoring the second
className = edm::RandomEngineStates
moduleLabel = randomEngineStateProducer
instance = beginLumi
process = DIGI2RAW

%MSG
-1.5061-77.5727-2.19069-2.30526-1.3134320-Oct-2015 07:50:42 CEST  Closed file file:/lustre/cms//store/user/piet/ME0Segment_Time/DYToMuMu_M-20_TuneZ2star_14TeV-pythia6-tauola/DYToMuMu_M-20_TuneZ2star_14TeV-pythia6-tauola_HGCALGS_PU140_5ns_32ns_RECO/151014_110313/0000/out_reco_75.root
20-Oct-2015 07:50:42 CEST  Initiating request to open file file:/lustre/cms//store/user/piet/ME0Segment_Time/DYToMuMu_M-20_TuneZ2star_14TeV-pythia6-tauola/DYToMuMu_M-20_TuneZ2star_14TeV-pythia6-tauola_HGCALGS_PU140_5ns_32ns_RECO/151014_110313/0000/out_reco_64.root
20-Oct-2015 07:50:43 CEST  Successfully opened file file:/lustre/cms//store/user/piet/ME0Segment_Time/DYToMuMu_M-20_TuneZ2star_14TeV-pythia6-tauola/DYToMuMu_M-20_TuneZ2star_14TeV-pythia6-tauola_HGCALGS_PU140_5ns_32ns_RECO/151014_110313/0000/out_reco_64.root
Begin processing the 401st record. Run 1, Event 644691, LumiSection 27145 at 20-Oct-2015 07:50:47.227 CEST
%MSG-e RunLumiMerging:  source 20-Oct-2015 07:50:51 CEST PostBeginLumi
ProductHolderBase::mergeTheProduct
Two run/lumi products for the same run/lumi which should be equal are not
Using the first, ignoring the second
className = edm::RandomEngineStates
moduleLabel = randomEngineStateProducer
instance = beginLumi
process = DIGI2RAW

%MSG
-28.8117-0.824138-4.04715-0.367834-0.58281920-Oct-2015 07:51:20 CEST  Closed file file:/lustre/cms//store/user/piet/ME0Segment_Time/DYToMuMu_M-20_TuneZ2star_14TeV-pythia6-tauola/DYToMuMu_M-20_TuneZ2star_14TeV-pythia6-tauola_HGCALGS_PU140_5ns_32ns_RECO/151014_110313/0000/out_reco_64.root
20-Oct-2015 07:51:20 CEST  Initiating request to open file file:/lustre/cms//store/user/piet/ME0Segment_Time/DYToMuMu_M-20_TuneZ2star_14TeV-pythia6-tauola/DYToMuMu_M-20_TuneZ2star_14TeV-pythia6-tauola_HGCALGS_PU140_5ns_32ns_RECO/151014_110313/0000/out_reco_74.root
20-Oct-2015 07:51:20 CEST  Successfully opened file file:/lustre/cms//store/user/piet/ME0Segment_Time/DYToMuMu_M-20_TuneZ2star_14TeV-pythia6-tauola/DYToMuMu_M-20_TuneZ2star_14TeV-pythia6-tauola_HGCALGS_PU140_5ns_32ns_RECO/151014_110313/0000/out_reco_74.root
Begin processing the 501st record. Run 1, Event 900761, LumiSection 37927 at 20-Oct-2015 07:51:24.681 CEST
-1.27152-0.820848%MSG-e RunLumiMerging:  source 20-Oct-2015 07:51:31 CEST PostBeginLumi
ProductHolderBase::mergeTheProduct
Two run/lumi products for the same run/lumi which should be equal are not
Using the first, ignoring the second
className = edm::RandomEngineStates
moduleLabel = randomEngineStateProducer
instance = beginLumi
process = DIGI2RAW

%MSG
-1.0478420-Oct-2015 07:51:58 CEST  Closed file file:/lustre/cms//store/user/piet/ME0Segment_Time/DYToMuMu_M-20_TuneZ2star_14TeV-pythia6-tauola/DYToMuMu_M-20_TuneZ2star_14TeV-pythia6-tauola_HGCALGS_PU140_5ns_32ns_RECO/151014_110313/0000/out_reco_74.root
20-Oct-2015 07:51:58 CEST  Initiating request to open file file:/lustre/cms//store/user/piet/ME0Segment_Time/DYToMuMu_M-20_TuneZ2star_14TeV-pythia6-tauola/DYToMuMu_M-20_TuneZ2star_14TeV-pythia6-tauola_HGCALGS_PU140_5ns_32ns_RECO/151014_110313/0000/out_reco_68.root
20-Oct-2015 07:51:58 CEST  Successfully opened file file:/lustre/cms//store/user/piet/ME0Segment_Time/DYToMuMu_M-20_TuneZ2star_14TeV-pythia6-tauola/DYToMuMu_M-20_TuneZ2star_14TeV-pythia6-tauola_HGCALGS_PU140_5ns_32ns_RECO/151014_110313/0000/out_reco_68.root
Begin processing the 601st record. Run 1, Event 751631, LumiSection 31648 at 20-Oct-2015 07:52:02.861 CEST
-1.98828-11.3823-0.983206-19.4712-2.10063%MSG-e RunLumiMerging:  source 20-Oct-2015 07:52:26 CEST PostBeginLumi
ProductHolderBase::mergeTheProduct
Two run/lumi products for the same run/lumi which should be equal are not
Using the first, ignoring the second
className = edm::RandomEngineStates
moduleLabel = randomEngineStateProducer
instance = beginLumi
process = DIGI2RAW

%MSG
-0.844705-1.3096320-Oct-2015 07:52:36 CEST  Closed file file:/lustre/cms//store/user/piet/ME0Segment_Time/DYToMuMu_M-20_TuneZ2star_14TeV-pythia6-tauola/DYToMuMu_M-20_TuneZ2star_14TeV-pythia6-tauola_HGCALGS_PU140_5ns_32ns_RECO/151014_110313/0000/out_reco_68.root
20-Oct-2015 07:52:36 CEST  Initiating request to open file file:/lustre/cms//store/user/piet/ME0Segment_Time/DYToMuMu_M-20_TuneZ2star_14TeV-pythia6-tauola/DYToMuMu_M-20_TuneZ2star_14TeV-pythia6-tauola_HGCALGS_PU140_5ns_32ns_RECO/151014_110313/0000/out_reco_86.root
20-Oct-2015 07:52:36 CEST  Successfully opened file file:/lustre/cms//store/user/piet/ME0Segment_Time/DYToMuMu_M-20_TuneZ2star_14TeV-pythia6-tauola/DYToMuMu_M-20_TuneZ2star_14TeV-pythia6-tauola_HGCALGS_PU140_5ns_32ns_RECO/151014_110313/0000/out_reco_86.root
Begin processing the 701st record. Run 1, Event 462371, LumiSection 19469 at 20-Oct-2015 07:52:40.624 CEST
%MSG-e RunLumiMerging:  source 20-Oct-2015 07:52:49 CEST PostBeginLumi
ProductHolderBase::mergeTheProduct
Two run/lumi products for the same run/lumi which should be equal are not
Using the first, ignoring the second
className = edm::RandomEngineStates
moduleLabel = randomEngineStateProducer
instance = beginLumi
process = DIGI2RAW

%MSG
-2.9559-1.42644-1.07043-2.38256-1.59549-0.657314-14.1323-4.81102-2.47251-0.77947920-Oct-2015 07:53:14 CEST  Closed file file:/lustre/cms//store/user/piet/ME0Segment_Time/DYToMuMu_M-20_TuneZ2star_14TeV-pythia6-tauola/DYToMuMu_M-20_TuneZ2star_14TeV-pythia6-tauola_HGCALGS_PU140_5ns_32ns_RECO/151014_110313/0000/out_reco_86.root
20-Oct-2015 07:53:14 CEST  Initiating request to open file file:/lustre/cms//store/user/piet/ME0Segment_Time/DYToMuMu_M-20_TuneZ2star_14TeV-pythia6-tauola/DYToMuMu_M-20_TuneZ2star_14TeV-pythia6-tauola_HGCALGS_PU140_5ns_32ns_RECO/151014_110313/0000/out_reco_30.root
20-Oct-2015 07:53:14 CEST  Successfully opened file file:/lustre/cms//store/user/piet/ME0Segment_Time/DYToMuMu_M-20_TuneZ2star_14TeV-pythia6-tauola/DYToMuMu_M-20_TuneZ2star_14TeV-pythia6-tauola_HGCALGS_PU140_5ns_32ns_RECO/151014_110313/0000/out_reco_30.root
Begin processing the 801st record. Run 1, Event 836561, LumiSection 35224 at 20-Oct-2015 07:53:19.632 CEST
-2.18204-5.94172-8.26211-0.975833-1.1216-1.29226-21.733520-Oct-2015 07:53:55 CEST  Closed file file:/lustre/cms//store/user/piet/ME0Segment_Time/DYToMuMu_M-20_TuneZ2star_14TeV-pythia6-tauola/DYToMuMu_M-20_TuneZ2star_14TeV-pythia6-tauola_HGCALGS_PU140_5ns_32ns_RECO/151014_110313/0000/out_reco_30.root
20-Oct-2015 07:53:55 CEST  Initiating request to open file file:/lustre/cms//store/user/piet/ME0Segment_Time/DYToMuMu_M-20_TuneZ2star_14TeV-pythia6-tauola/DYToMuMu_M-20_TuneZ2star_14TeV-pythia6-tauola_HGCALGS_PU140_5ns_32ns_RECO/151014_110313/0000/out_reco_3.root
20-Oct-2015 07:53:55 CEST  Successfully opened file file:/lustre/cms//store/user/piet/ME0Segment_Time/DYToMuMu_M-20_TuneZ2star_14TeV-pythia6-tauola/DYToMuMu_M-20_TuneZ2star_14TeV-pythia6-tauola_HGCALGS_PU140_5ns_32ns_RECO/151014_110313/0000/out_reco_3.root
Begin processing the 901st record. Run 1, Event 543431, LumiSection 22882 at 20-Oct-2015 07:54:04.955 CEST
-5.9133-0.039288-22.7465-25.1178-0.968892-1.36907-3.24692-4.64738-0.939978-4.44959-0.90267620-Oct-2015 07:54:45 CEST  Closed file file:/lustre/cms//store/user/piet/ME0Segment_Time/DYToMuMu_M-20_TuneZ2star_14TeV-pythia6-tauola/DYToMuMu_M-20_TuneZ2star_14TeV-pythia6-tauola_HGCALGS_PU140_5ns_32ns_RECO/151014_110313/0000/out_reco_3.root

=============================================

MessageLogger Summary

 type     category        sev    module        subroutine        count    total
 ---- -------------------- -- ---------------- ----------------  -----    -----
    1 RunLumiMerging       -e source                                 7        7
    2 fileAction           -s file_close                            10       10
    3 fileAction           -s file_open                             20       20

 type    category    Examples: run/evt        run/evt          run/evt
 ---- -------------------- ---------------- ---------------- ----------------
    1 RunLumiMerging       PostBeginLumi    PostBeginLumi    PostBeginLumi
    2 fileAction           PostProcessEvent PostProcessEvent PostEndRun
    3 fileAction           pre-events       pre-events       PostProcessEvent

Severity    # Occurrences   Total Occurrences
--------    -------------   -----------------
Error                   7                   7
System                 30                  30
>>> END OF printout of 134 lines from stdout+stderr
>>> Parse FrameworkJobReport crab_fjr.xml
Result of parsing the FrameworkJobReport crab_fjr.xml: Popularity start
lumisRange : 1::15021,22882-22885::1;1::16362,26787-26790::2;1::18660,27145-27149::3;1::18664,41811-41814::4;1::14981-14984,18069::5;1::19469-19472,19884::6;1::16367,35224,38825-38828::7;1::16363,30339-30342::8;1::18663-18664,37927-37928,41809-41811::9;1::18661-18662,31648,36217-36220::10;
lumisParentRange : 
Basename : /store/user/piet/ME0Segment_Time/DYToMuMu_M-20_TuneZ2star_14TeV-pythia6-tauola/DYToMuMu_M-20_TuneZ2star_14TeV-pythia6-tauola_HGCALGS_PU140_5ns_32ns_RECO/151014_110313/0000/out_reco_
BasenameParent : 
parentFiles : 
inputBlocks : /DYToMuMu_M-20_TuneZ2star_14TeV-pythia6-tauola/piet-DYToMuMu_M-20_TuneZ2star_14TeV-pythia6-tauola_HGCALGS_PU140_5ns_32ns_RECO-9534beda007a59447d9159ddc4f0a675/USER#10c5504c-fad1-456c-ab37-e278fce8fe51
inputFiles : 3.root::1::EDM::Local::1;16.root::1::EDM::Local::2;64.root::1::EDM::Local::3;75.root::1::EDM::Local::4;46.root::1::EDM::Local::5;86.root::1::EDM::Local::6;30.root::1::EDM::Local::7;18.root::1::EDM::Local::8;74.root::1::EDM::Local::9;68.root::1::EDM::Local::10;
Popularity stop
Extracted ExitStatus from FrameworkJobReport parsing output: 0
>>> Executable succeded  0
ExeExitCode=0
EXECUTABLE_EXIT_STATUS = 0
>>> current directory /home/cms033/home_cream_386885846/CREAM386885846/glide_nI0kvJ/execute/dir_9868/CMSSW_6_2_0_SLHC26_patch3
>>>  (SOFTWARE_DIR): /home/cms033/home_cream_386885846/CREAM386885846/glide_nI0kvJ/execute/dir_9868/CMSSW_6_2_0_SLHC26_patch3
>>> (WORKING_DIR): 
>>> current directory content:
total 664
drwxr-xr-x 3 cms033 cms   4096 Oct 20 07:47 .SCRAM
-rw------- 1 cms033 cms 279361 Oct 20 07:47 CMSSW.py.pkl
-rw------- 1 cms033 cms  14392 Oct 20 07:54 OutTree.root
drwxr-xr-x 3 cms033 cms   4096 Oct 20 07:47 biglib
drwxr-xr-x 3 cms033 cms   4096 Oct 20 07:47 bin
drwxr-xr-x 3 cms033 cms   4096 Oct 20 07:47 cfipython
drwxr-xr-x 4 cms033 cms   4096 Jul 13 19:47 config
-rw------- 1 cms033 cms     17 Oct 20 07:54 cpu_timing.txt
drwxr-xr-x 2 cms033 cms   4096 Oct 20 07:47 doc
-rw------- 1 cms033 cms  12859 Oct 20 07:54 executable.out
drwxr-xr-x 2 cms033 cms   4096 Oct 20 07:47 include
drwx------ 3 cms033 cms   4096 Sep 29 20:50 lib
drwxr-xr-x 3 cms033 cms   4096 Oct 20 07:47 logs
drwxr-xr-x 3 cms033 cms   4096 Oct 20 07:47 objs
-rw------- 1 cms033 cms    104 Oct 20 07:47 pset.py
-rw------- 1 cms033 cms 281613 Oct 20 07:47 pset.py.pkl
-rw------- 1 cms033 cms    289 Oct 20 07:47 pset.pyc
drwxr-xr-x 2 cms033 cms   4096 Oct 20 07:47 python
-rw------- 1 cms033 cms    377 Oct 20 07:54 report.log
drwx------ 7 cms033 cms   4096 Oct 20 07:47 src
drwxr-xr-x 3 cms033 cms   4096 Oct 20 07:47 test
drwxr-xr-x 3 cms033 cms   4096 Oct 20 07:47 tmp
>>> current directory /home/cms033/home_cream_386885846/CREAM386885846/glide_nI0kvJ/execute/dir_9868/CMSSW_6_2_0_SLHC26_patch3
>>> (SOFTWARE_DIR): /home/cms033/home_cream_386885846/CREAM386885846/glide_nI0kvJ/execute/dir_9868/CMSSW_6_2_0_SLHC26_patch3
>>> (WORKING_DIR): 
>>> current directory content:
total 648
drwxr-xr-x 3 cms033 cms   4096 Oct 20 07:47 .SCRAM
-rw------- 1 cms033 cms 279361 Oct 20 07:47 CMSSW.py.pkl
drwxr-xr-x 3 cms033 cms   4096 Oct 20 07:47 biglib
drwxr-xr-x 3 cms033 cms   4096 Oct 20 07:47 bin
drwxr-xr-x 3 cms033 cms   4096 Oct 20 07:47 cfipython
drwxr-xr-x 4 cms033 cms   4096 Jul 13 19:47 config
-rw------- 1 cms033 cms     17 Oct 20 07:54 cpu_timing.txt
drwxr-xr-x 2 cms033 cms   4096 Oct 20 07:47 doc
-rw------- 1 cms033 cms  12859 Oct 20 07:54 executable.out
drwxr-xr-x 2 cms033 cms   4096 Oct 20 07:47 include
drwx------ 3 cms033 cms   4096 Sep 29 20:50 lib
drwxr-xr-x 3 cms033 cms   4096 Oct 20 07:47 logs
drwxr-xr-x 3 cms033 cms   4096 Oct 20 07:47 objs
-rw------- 1 cms033 cms    104 Oct 20 07:47 pset.py
-rw------- 1 cms033 cms 281613 Oct 20 07:47 pset.py.pkl
-rw------- 1 cms033 cms    289 Oct 20 07:47 pset.pyc
drwxr-xr-x 2 cms033 cms   4096 Oct 20 07:47 python
-rw------- 1 cms033 cms    377 Oct 20 07:54 report.log
drwx------ 7 cms033 cms   4096 Oct 20 07:47 src
drwxr-xr-x 3 cms033 cms   4096 Oct 20 07:47 test
drwxr-xr-x 3 cms033 cms   4096 Oct 20 07:47 tmp
>>> current directory (RUNTIME_AREA):  /home/cms033/home_cream_386885846/CREAM386885846/glide_nI0kvJ/execute/dir_9868
>>> current dir: /home/cms033/home_cream_386885846/CREAM386885846/glide_nI0kvJ/execute/dir_9868
>>> current dir content:
total 26332
-rwx------  1 cms033 cms       52 Oct 20 07:47 .chirp.config
-rwx------  1 cms033 cms     6769 Oct 20 07:47 .job.ad
-rwx------  1 cms033 cms     9348 Oct 20 07:47 .machine.ad
-rw-------  1 cms033 cms      105 Oct 20 07:34 CMSSW.py
-rw-------  1 cms033 cms   279361 Oct 20 07:34 CMSSW.py.pkl
-rwx------  1 cms033 cms    26314 Oct 20 07:47 CMSSW.sh
drwxr-xr-x 16 cms033 cms     4096 Oct 20 07:54 CMSSW_6_2_0_SLHC26_patch3
-rw-------  1 cms033 cms      301 Oct 20 07:47 CacheEnv.sh
-rw-------  1 cms033 cms     7291 Nov 19  2014 DashboardAPI.py
-rw-------  1 cms033 cms     6800 Oct 20 07:47 DashboardAPI.pyc
drwx------  2 cms033 cms     4096 Oct 20 07:54 IMProv
-rw-------  1 cms033 cms     2748 Nov 19  2014 Logger.py
-rw-------  1 cms033 cms     3342 Oct 20 07:47 Logger.pyc
lrwxrwxrwx  1 cms033 cms      100 Oct 20 07:54 OutTree.root -> /home/cms033/home_cream_386885846/CREAM386885846/glide_nI0kvJ/execute/dir_9868/OutTree_20_1_Qs8.root
-rw-------  1 cms033 cms    14392 Oct 20 07:54 OutTree_20_1_Qs8.root
-rw-------  1 cms033 cms    24524 Nov 19  2014 ProcInfo.py
-rw-------  1 cms033 cms    23173 Oct 20 07:47 ProcInfo.pyc
drwx------  7 cms033 cms     4096 Oct 20 07:47 ProdCommon
drwx------  3 cms033 cms     4096 Oct 20 07:47 WMCore
-rw-------  1 cms033 cms     2494 Oct 20 07:54 Watchdog_20.log
-rwx------  1 cms033 cms        0 Oct 20 07:47 _condor_stderr
-rwx---r--  1 cms033 cms    28037 Oct 20 07:54 _condor_stdout
-rw-------  1 cms033 cms    32895 Nov 19  2014 apmon.py
-rw-------  1 cms033 cms    28596 Oct 20 07:47 apmon.pyc
-rwx------  1 cms033 cms   199428 Oct 20 07:47 arguments.xml
-rwx------  1 cms033 cms   204102 May 29 01:26 cmsRun
-rwx------  1 cms033 cms    38581 Nov 19  2014 cmscp.py
-rwx------  1 cms033 cms    26314 Oct 20 07:47 condor_exec.exe
-rw-------  1 cms033 cms      533 Oct 20 07:33 crab.cfg
-rwx------  1 cms033 cms     8610 Nov 19  2014 crabWatchdog.sh
-rwx---r--  1 cms033 cms   531574 Oct 20 07:54 crab_fjr_20.xml
-rwx------  1 cms033 cms 25265853 Oct 20 07:47 default.tgz
-rwx------  1 cms033 cms     4488 Nov 19  2014 fillCrabFjr.py
-rw-------  1 cms033 cms     2138 Oct 20 07:47 inputsReport.txt
-rw-------  1 cms033 cms      128 Oct 20 07:54 jobreport.txt
-rw-------  1 cms033 cms    17352 Nov 19  2014 parseCrabFjr.py
-rw-------  1 cms033 cms      339 Oct 20 07:47 report.log
-rwx--x--x  1 cms033 cms     1497 Nov 19  2014 report.py
-rwx------  1 cms033 cms     8351 Nov 19  2014 writeCfg.py
-rw-------  1 cms033 cms     8473 Oct 20 07:47 x509up_u46992
>>> crab_fjr_*.xml  permission set to 0704
CrabWrapper EXIT_FUNC entered at Tue Oct 20 07:54:51 CEST 2015   -  Tue Oct 20 05:54:51 UTC 2015
Checking output files:  
will tar file OutTree_20_1_Qs8.root in  out_files_20
will tar file crab_fjr_20.xml in  out_files_20
WARNING: output file CMSSW_20.stdout not found!
WARNING: output file CMSSW_20.stderr not found!
WARNING: output file Watchdog_20.log.gz not found!
>>> padding time: Sleeping the wrapper for 166 seconds
STOPPING WATCHDOG. CrabWatchdog PID is 10077
********** LAST 50 LINES OF WATCHDOG LOG
# RESOURCE USAGE SUMMARY FOR PROCESS ID  9873
USER       PID %CPU %MEM    VSZ   RSS TTY      STAT START   TIME COMMAND
cms033    9873  0.2  0.0   9600  1612 ?        S    07:47   0:00 /bin/sh /home/cms033/home_cream_386885846/CREAM386885846/glide_nI0kvJ/execute/dir_9868/condor_exec.exe 20 1
 
# LIMITS USED BY CRAB WATCHDOG:
# RSS  (KBytes)   : 2300000
# VSZ  (KBytes)   : 100000000
# DISK (MBytes)   : 19000
# CPU TIME        : 720h:0m:0s
# WALL CLOCK TIME : 21h:50m:0s
 
# FOLLOWING PRINTOUT TRACKS MAXIMUM VALUES OF RESOURCES USE
# ONE LINE IS PRINTED EACH TIME A MAXIMUM CHANGES
# IF CHANGE WAS IN RSS OR VSZ ALSO PROCID AND COMMAND ARE PRINTED
# THERE IS NO PRINTOUT FOR CPU/WALL TIME INCREASE
 
# TIME			PID	RSS(KB)	VSZ(KB)	Dsk(MB)	tCPU(s)	tWALL(s)	COMMAND
 Oct 20 07:47:44 CEST	4692	1400	9368	0	0	1	/bin/bash /home/cms033/home_cream_386885846/CREAM386885846/glide_nI0kvJ/main/condor_startup.sh glidein_config        
 Oct 20 07:47:44 CEST	5475	8680	95628	0	0	1	/home/cms033/home_cream_386885846/CREAM386885846/glide_nI0kvJ/main/condor/sbin/condor_master -f -pidfile /home/cms033/home_cream_386885846/CREAM386885846/glide_nI0kvJ/condor_master2.pid       
 Oct 20 07:47:44 CEST	5478	9468	96324	0	0	2	condor_startd -f         
 Oct 20 07:47:44 CEST	32479	9468	106096	0	0	3	sh -c "./glidein_startup.sh" -v std -name gfactory_instance -entry CMS_T2_IT_Bari_ce4 -clientname CMSG-v1_0.main
 Oct 20 07:47:44 CEST	32482	9468	106488	0	0	3	/bin/bash ./glidein_startup.sh -v std -name gfactory_instance -entry CMS_T2_IT_Bari_ce4 -clientname CMSG-v1_0.main -schedd
 Oct 20 07:47:44 CEST	---	9468	106488	155	----	----	----
 Oct 20 07:48:46 CEST	10368	524952	733568	155	40	65	cmsRun -j /home/cms033/home_cream_386885846/CREAM386885846/glide_nI0kvJ/execute/dir_9868/crab_fjr_20.xml -p pset.py      
 Oct 20 07:49:49 CEST	10368	533380	744064	155	77	129	cmsRun -j /home/cms033/home_cream_386885846/CREAM386885846/glide_nI0kvJ/execute/dir_9868/crab_fjr_20.xml -p pset.py      
 Oct 20 07:50:53 CEST	10368	535508	753536	155	112	192	cmsRun -j /home/cms033/home_cream_386885846/CREAM386885846/glide_nI0kvJ/execute/dir_9868/crab_fjr_20.xml -p pset.py      
 Oct 20 07:53:00 CEST	10368	551748	769408	155	183	320	cmsRun -j /home/cms033/home_cream_386885846/CREAM386885846/glide_nI0kvJ/execute/dir_9868/crab_fjr_20.xml -p pset.py      
 Oct 20 07:54:04 CEST	10368	551748	775040	155	222	384	cmsRun -j /home/cms033/home_cream_386885846/CREAM386885846/glide_nI0kvJ/execute/dir_9868/crab_fjr_20.xml -p pset.py      
********** WATCHDOG LOG ENDED
ZIPPING WATCHDOG LOG
Disk space used:
du -sh /home/cms033/home_cream_386885846/CREAM386885846/glide_nI0kvJ/execute/dir_9868
155M	/home/cms033/home_cream_386885846/CREAM386885846/glide_nI0kvJ/execute/dir_9868
Found unusual stdout, rename for OSB
`/home/cms033/home_cream_386885846/CREAM386885846/glide_nI0kvJ/execute/dir_9868/_condor_stdout' -> `CMSSW_20.stdout'
Found unusual stderr, rename for OSB
`/home/cms033/home_cream_386885846/CREAM386885846/glide_nI0kvJ/execute/dir_9868/_condor_stdout' -> `CMSSW_20.stderr'
OutTree_20_1_Qs8.root
crab_fjr_20.xml
CMSSW_20.stdout
CMSSW_20.stderr
Watchdog_20.log.gz
Total Output dimension: 83065
WARNING: output files size limit is set to: 50000000
Total Output dimension 83065 is fine.
JOB_EXIT_STATUS = 0
>>> info for dashboard:
***** Cat /home/cms033/home_cream_386885846/CREAM386885846/glide_nI0kvJ/execute/dir_9868/jobreport.txt *****
MonitorJobID=20_https://submit-6.t2.ucsd.edu//151020//666492.19
MonitorID=amkalsi_Loose_5000ps_jhs950
ExeTime=418
ExeExitCode=0
CrabUserCpuTime=223.88
CrabSysCpuTime=27.17
CrabCpuPercentage=60%
CrabWrapperTime=600
CrabStageoutTime=NULL
JobExitCode=0
***** End Cat jobreport *****
Parameters sent to Dashboard.
EXITING at Tue Oct 20 07:57:43 CEST 2015  -  Tue Oct 20 05:57:43 UTC 2015
