This script was generated by crab (version 2.11.1_patch1).
Running /home/cms033/home_cream_386885846/CREAM386885846/glide_nI0kvJ/execute/dir_5681/condor_exec.exe with 2 positional parameters: 5 1
Today is Tue Oct 20 07:37:17 CEST 2015 - Tue Oct 20 05:37:17 UTC 2015
Job submitted on host pccms112.ba.infn.it
Linux pccms112.ba.infn.it 2.6.32-504.3.3.el6.x86_64 #1 SMP Wed Dec 17 09:22:39 CET 2014 x86_64 x86_64 x86_64 GNU/Linux
Distributor ID:	ScientificCERNSLC
Description:	Scientific Linux CERN SLC release 6.4 (Carbon)
>>> current directory (RUNTIME_AREA): /home/cms033/home_cream_386885846/CREAM386885846/glide_nI0kvJ/execute/dir_5681
>>> current user: uid=18589(cms033) gid=1399(cms) groups=1399(cms)
>>> directory permission set to 0700
>>> umask set to:  u=rwx,g=,o=
>>> stdout stderr permission set to 0704
>>> voms proxy information:
subject   : /C=TW/O=AP/OU=GRID/CN=Amandeep Kaur Kalsi 129089/CN=541697223/CN=1010584530
issuer    : /C=TW/O=AP/OU=GRID/CN=Amandeep Kaur Kalsi 129089/CN=541697223
identity  : /C=TW/O=AP/OU=GRID/CN=Amandeep Kaur Kalsi 129089
type      : RFC3820 compliant limited proxy
strength  : 1024
path      : /home/cms033/home_cream_386885846/CREAM386885846/glide_nI0kvJ/execute/dir_5681/x509up_u46992
timeleft  : 23:59:52
key usage : Digital Signature, Key Encipherment, Data Encipherment, Key Agreement
=== VO cms extension information ===
VO        : cms
subject   : /C=TW/O=AP/OU=GRID/CN=Amandeep Kaur Kalsi 129089
issuer    : /DC=ch/DC=cern/OU=computers/CN=voms2.cern.ch
attribute : /cms/Role=NULL/Capability=NULL
timeleft  : 191:56:30
uri       : voms2.cern.ch:15002

WNHostName=pccms112.ba.infn.it
$_CONDOR_JOB_AD =/home/cms033/home_cream_386885846/CREAM386885846/glide_nI0kvJ/execute/dir_5681/.job.ad
OverflowFlag=0
>>> tar --no-same-permissions -xf /home/cms033/home_cream_386885846/CREAM386885846/glide_nI0kvJ/execute/dir_5681/default.tgz :
Successful untar
>>> Include /home/cms033/home_cream_386885846/CREAM386885846/glide_nI0kvJ/execute/dir_5681 in PYTHONPATH:
strip arguments
env var CRAB_UNIQUE_JOB_ID set to: amkalsi_Loose_5000ps_jhs950_5_1_xx5
out_files_5
>>> list of expected files on output sandbox
output files: OutTree_5_1_xx5.root crab_fjr_5.xml CMSSW_5.stdout CMSSW_5.stderr Watchdog_5.log.gz
>>> GridFlavour discovery: 
GridFlavour=LCG
>>> SyncSite discovery: 
SyncSite=T2_IT_Bari
>>> SyncCE discovery: 
getting SyncCE from CE_ID
SyncCE=cream-ce-4.ba.infn.it:8443/cream-pbs-cms
>>> info for dashboard:
***** Cat /home/cms033/home_cream_386885846/CREAM386885846/glide_nI0kvJ/execute/dir_5681/jobreport.txt *****
WNHostName=pccms112.ba.infn.it
OverflowFlag=0
MonitorJobID=5_https://submit-6.t2.ucsd.edu//151020//666492.4
SyncGridJobId=https://submit-6.t2.ucsd.edu//151020//666492.4
MonitorID=amkalsi_Loose_5000ps_jhs950
GridFlavour=LCG
SyncSite=T2_IT_Bari
SyncCE=cream-ce-4.ba.infn.it:8443/cream-pbs-cms
***** End Cat jobreport *****
Parameters sent to Dashboard.
>>> setup environment
set SCRAM ARCH to slc6_amd64_gcc472
SCRAM_ARCH = slc6_amd64_gcc472
>>> setup CMS LCG environment:
set SCRAM ARCH and BUILD_ARCH to slc6_amd64_gcc472 ###
Sourcing environment... 
sourcing /cvmfs/cms.cern.ch/cmsset_default.sh
==> setup cms environment ok
>>> specific cmssw setup environment:
CMSSW_VERSION =  CMSSW_6_2_0_SLHC26_patch3
WARNING: In non-interactive mode release checks e.g. deprecated releases, production architectures are disabled.
>>> current directory (SOFTWARE_DIR): /home/cms033/home_cream_386885846/CREAM386885846/glide_nI0kvJ/execute/dir_5681/CMSSW_6_2_0_SLHC26_patch3
PreserveSeeds: <>
IncrementSeeds:<>
>>> info for dashboard:
***** Cat /home/cms033/home_cream_386885846/CREAM386885846/glide_nI0kvJ/execute/dir_5681/jobreport.txt *****
MonitorJobID=5_https://submit-6.t2.ucsd.edu//151020//666492.4
MonitorID=amkalsi_Loose_5000ps_jhs950
***** End Cat jobreport *****
Parameters sent to Dashboard.
crabWatchdog started as process 5887
>>> moving CMSSW software directories in /home/cms033/home_cream_386885846/CREAM386885846/glide_nI0kvJ/execute/dir_5681/CMSSW_6_2_0_SLHC26_patch3
mv: cannot stat `/home/cms033/home_cream_386885846/CREAM386885846/glide_nI0kvJ/execute/dir_5681/module/': No such file or directory
>>> Include /home/cms033/home_cream_386885846/CREAM386885846/glide_nI0kvJ/execute/dir_5681 in PYTHONPATH:
PYTHONPATH=/home/cms033/home_cream_386885846/CREAM386885846/glide_nI0kvJ/execute/dir_5681/:/home/cms033/home_cream_386885846/CREAM386885846/glide_nI0kvJ/execute/dir_5681/CMSSW_6_2_0_SLHC26_patch3/python:/home/cms033/home_cream_386885846/CREAM386885846/glide_nI0kvJ/execute/dir_5681/CMSSW_6_2_0_SLHC26_patch3/lib/slc6_amd64_gcc472:/cvmfs/cms.cern.ch/slc6_amd64_gcc472/cms/cmssw-patch/CMSSW_6_2_0_SLHC26_patch3/python:/cvmfs/cms.cern.ch/slc6_amd64_gcc472/cms/cmssw-patch/CMSSW_6_2_0_SLHC26_patch3/lib/slc6_amd64_gcc472:/cvmfs/cms.cern.ch/slc6_amd64_gcc472/cms/cmssw/CMSSW_6_2_0_SLHC26/bin/slc6_amd64_gcc472:/cvmfs/cms.cern.ch/slc6_amd64_gcc472/cms/cmssw/CMSSW_6_2_0_SLHC26/lib/slc6_amd64_gcc472:/cvmfs/cms.cern.ch/slc6_amd64_gcc472/cms/coral/CORAL_2_3_21-flmnjk2/slc6_amd64_gcc472/python:/cvmfs/cms.cern.ch/slc6_amd64_gcc472/cms/coral/CORAL_2_3_21-flmnjk2/slc6_amd64_gcc472/lib:/cvmfs/cms.cern.ch/slc6_amd64_gcc472/external/pyqt/4.8.1-cms5/lib/python2.7/site-packages:/cvmfs/cms.cern.ch/slc6_amd64_gcc472/external/py2-scipy/0.8.0-cms7/lib/python2.7/site-packages:/cvmfs/cms.cern.ch/slc6_amd64_gcc472/external/py2-matplotlib/1.0.1-cms7/lib/python2.7/site-packages:/cvmfs/cms.cern.ch/slc6_amd64_gcc472/external/python-ldap/2.4.10/lib/python2.7/site-packages:/cvmfs/cms.cern.ch/slc6_amd64_gcc472/external/sip/4.11.2-cms5/lib/python2.7/site-packages:/cvmfs/cms.cern.ch/slc6_amd64_gcc472/external/py2-pycurl/7.19.0-cms7/lib/python2.7/site-packages:/cvmfs/cms.cern.ch/slc6_amd64_gcc472/external/py2-numpy/1.6.1-cms7/lib/python2.7/site-packages:/cvmfs/cms.cern.ch/slc6_amd64_gcc472/external/py2-lint/0.25.1-cms5/lib/python2.7/site-packages:/cvmfs/cms.cern.ch/slc6_amd64_gcc472/external/py2-ipython/0.10-cms5/lib/python2.7/site-packages:/cvmfs/cms.cern.ch/slc6_amd64_gcc472/external/py2-cx-oracle/5.1-cms5/lib/python2.7/site-packages:/cvmfs/cms.cern.ch/slc6_amd64_gcc472/external/py2-cjson/1.0.5-cms5/lib/python2.7/site-packages:/cvmfs/cms.cern.ch/slc6_amd64_gcc472/cms/das-client/1.11.7/bin:/cvmfs/cms.cern.ch/slc6_amd64_gcc472/external/elementtree/1.2.6-cms5/share/lib/python2.7/site-packages:/cvmfs/cms.cern.ch/slc6_amd64_gcc472/external/rivet/1.8.2-cms9/lib/python2.7/site-packages:/cvmfs/cms.cern.ch/slc6_amd64_gcc472/external/pyminuit2/0.0.1-cms25/lib/python2.7/site-packages:/cvmfs/cms.cern.ch/slc6_amd64_gcc472/external/py2-pygithub/1.23.0-cms2/lib/python2.7/site-packages:/cvmfs/cms.cern.ch/slc6_amd64_gcc472/external/professor/1.0.0-cms25/lib/python2.7/site-packages:/cvmfs/cms.cern.ch/slc6_amd64_gcc472/lcg/root/5.34.07-cms5/lib:/cvmfs/cms.cern.ch/slc6_amd64_gcc472/cms/dbs-client/DBS_2_1_9-cms5/lib:/cvmfs/cms.cern.ch/slc6_amd64_gcc472/cms/dbs-client/DBS_2_1_9-cms5/lib/DBSAPI:/cvmfs/cms.cern.ch/slc6_amd64_gcc472/external/cvs2git/5419-cms/lib:/home/cms033/home_cream_386885846/CREAM386885846/glide_nI0kvJ/execute/dir_5681/
 
# LIMITS USED BY CRAB WATCHDOG:
# RSS  (KBytes)   : 2300000
# VSZ  (KBytes)   : 100000000
# DISK (MBytes)   : 19000
# CPU TIME        : 720h:0m:0s
# WALL CLOCK TIME : 21h:50m:0s
 
89204fc7dc811f9e79a97af487a037d4
PSETHASH = 89204fc7dc811f9e79a97af487a037d4
/home/cms033/home_cream_386885846/CREAM386885846/glide_nI0kvJ/execute/dir_5681/writeCfg.py pset.py pset.py
Importing .py file
Setting parameters
RandomNumberGeneratorService found, will attempt to change seeds
inputBlocks=/DYToMuMu_M-20_TuneZ2star_14TeV-pythia6-tauola/piet-DYToMuMu_M-20_TuneZ2star_14TeV-pythia6-tauola_HGCALGS_PU140_5ns_32ns_RECO-9534beda007a59447d9159ddc4f0a675/USER#68cf55f5-6c77-4c9e-9a0b-479c532f5e77
inputFiles=/store/user/piet/ME0Segment_Time/DYToMuMu_M-20_TuneZ2star_14TeV-pythia6-tauola/DYToMuMu_M-20_TuneZ2star_14TeV-pythia6-tauola_HGCALGS_PU140_5ns_32ns_RECO/151014_110313/0000/out_reco_31.root
parentFiles=
lumisRange=
>>> Executable cmsRun
/cvmfs/cms.cern.ch/slc6_amd64_gcc472/cms/cmssw/CMSSW_6_2_0_SLHC26/bin/slc6_amd64_gcc472/cmsRun
ok executable found
>>> info for dashboard:
***** Cat /home/cms033/home_cream_386885846/CREAM386885846/glide_nI0kvJ/execute/dir_5681/jobreport.txt *****
MonitorJobID=5_https://submit-6.t2.ucsd.edu//151020//666492.4
MonitorID=amkalsi_Loose_5000ps_jhs950
ExeStart=cmsRun
***** End Cat jobreport *****
Parameters sent to Dashboard.
>>> cmsRun started at Tue Oct 20 05:37:30 UTC 2015
>>> cmsRun ended at Tue Oct 20 05:38:51 UTC 2015
>>> crab_fjr_*.xml  permission set to 0704
>>> info for dashboard:
***** Cat /home/cms033/home_cream_386885846/CREAM386885846/glide_nI0kvJ/execute/dir_5681/jobreport.txt *****
MonitorJobID=5_https://submit-6.t2.ucsd.edu//151020//666492.4
MonitorID=amkalsi_Loose_5000ps_jhs950
ExeEnd=cmsRun
***** End Cat jobreport *****
Parameters sent to Dashboard.
TIME_EXE = 81 sec
>>> cmsRun wrote 25 lines of stdout+stderr
>>> START OF printout of 25 lines from stdout+stderr
20-Oct-2015 07:37:58 CEST  Initiating request to open file file:/lustre/cms//store/user/piet/ME0Segment_Time/DYToMuMu_M-20_TuneZ2star_14TeV-pythia6-tauola/DYToMuMu_M-20_TuneZ2star_14TeV-pythia6-tauola_HGCALGS_PU140_5ns_32ns_RECO/151014_110313/0000/out_reco_31.root
20-Oct-2015 07:38:01 CEST  Successfully opened file file:/lustre/cms//store/user/piet/ME0Segment_Time/DYToMuMu_M-20_TuneZ2star_14TeV-pythia6-tauola/DYToMuMu_M-20_TuneZ2star_14TeV-pythia6-tauola_HGCALGS_PU140_5ns_32ns_RECO/151014_110313/0000/out_reco_31.root
Begin processing the 1st record. Run 1, Event 922151, LumiSection 38828 at 20-Oct-2015 07:38:08.191 CEST
in MuonNumberingInitialization::initializeMuonDDDConstants
about to make my new muonDDDConst_
in MuonNumberingInitialization::produce
-1.80146-2.13117-2.16616-11.6773-6.46363-0.677029-0.739214-10.7232-5.37389-7.9725320-Oct-2015 07:38:50 CEST  Closed file file:/lustre/cms//store/user/piet/ME0Segment_Time/DYToMuMu_M-20_TuneZ2star_14TeV-pythia6-tauola/DYToMuMu_M-20_TuneZ2star_14TeV-pythia6-tauola_HGCALGS_PU140_5ns_32ns_RECO/151014_110313/0000/out_reco_31.root

=============================================

MessageLogger Summary

 type     category        sev    module        subroutine        count    total
 ---- -------------------- -- ---------------- ----------------  -----    -----
    1 fileAction           -s file_close                             1        1
    2 fileAction           -s file_open                              2        2

 type    category    Examples: run/evt        run/evt          run/evt
 ---- -------------------- ---------------- ---------------- ----------------
    1 fileAction           PostEndRun                        
    2 fileAction           pre-events       pre-events       

Severity    # Occurrences   Total Occurrences
--------    -------------   -----------------
System                  3                   3
>>> END OF printout of 25 lines from stdout+stderr
>>> Parse FrameworkJobReport crab_fjr.xml
Result of parsing the FrameworkJobReport crab_fjr.xml: Popularity start
lumisRange : 1::38828-38832::1;
lumisParentRange : 
Basename : /store/user/piet/ME0Segment_Time/DYToMuMu_M-20_TuneZ2star_14TeV-pythia6-tauola/DYToMuMu_M-20_TuneZ2star_14TeV-pythia6-tauola_HGCALGS_PU140_5ns_32ns_RECO/151014_110313/0000/
BasenameParent : 
parentFiles : 
inputBlocks : /DYToMuMu_M-20_TuneZ2star_14TeV-pythia6-tauola/piet-DYToMuMu_M-20_TuneZ2star_14TeV-pythia6-tauola_HGCALGS_PU140_5ns_32ns_RECO-9534beda007a59447d9159ddc4f0a675/USER#68cf55f5-6c77-4c9e-9a0b-479c532f5e77
inputFiles : out_reco_31.root::1::EDM::Local::1;
Popularity stop
Extracted ExitStatus from FrameworkJobReport parsing output: 0
>>> Executable succeded  0
ExeExitCode=0
EXECUTABLE_EXIT_STATUS = 0
>>> current directory /home/cms033/home_cream_386885846/CREAM386885846/glide_nI0kvJ/execute/dir_5681/CMSSW_6_2_0_SLHC26_patch3
>>>  (SOFTWARE_DIR): /home/cms033/home_cream_386885846/CREAM386885846/glide_nI0kvJ/execute/dir_5681/CMSSW_6_2_0_SLHC26_patch3
>>> (WORKING_DIR): 
>>> current directory content:
total 648
drwxr-xr-x 3 cms033 cms   4096 Oct 20 07:37 .SCRAM
-rw------- 1 cms033 cms 279361 Oct 20 07:37 CMSSW.py.pkl
-rw------- 1 cms033 cms  11892 Oct 20 07:38 OutTree.root
drwxr-xr-x 3 cms033 cms   4096 Oct 20 07:37 biglib
drwxr-xr-x 3 cms033 cms   4096 Oct 20 07:37 bin
drwxr-xr-x 3 cms033 cms   4096 Oct 20 07:37 cfipython
drwxr-xr-x 4 cms033 cms   4096 Jul 13 19:47 config
-rw------- 1 cms033 cms     15 Oct 20 07:38 cpu_timing.txt
drwxr-xr-x 2 cms033 cms   4096 Oct 20 07:37 doc
-rw------- 1 cms033 cms   1893 Oct 20 07:38 executable.out
drwxr-xr-x 2 cms033 cms   4096 Oct 20 07:37 include
drwx------ 3 cms033 cms   4096 Sep 29 20:50 lib
drwxr-xr-x 3 cms033 cms   4096 Oct 20 07:37 logs
drwxr-xr-x 3 cms033 cms   4096 Oct 20 07:37 objs
-rw------- 1 cms033 cms    104 Oct 20 07:37 pset.py
-rw------- 1 cms033 cms 279817 Oct 20 07:37 pset.py.pkl
-rw------- 1 cms033 cms    289 Oct 20 07:37 pset.pyc
drwxr-xr-x 2 cms033 cms   4096 Oct 20 07:37 python
-rw------- 1 cms033 cms    371 Oct 20 07:38 report.log
drwx------ 7 cms033 cms   4096 Oct 20 07:37 src
drwxr-xr-x 3 cms033 cms   4096 Oct 20 07:37 test
drwxr-xr-x 3 cms033 cms   4096 Oct 20 07:37 tmp
>>> current directory /home/cms033/home_cream_386885846/CREAM386885846/glide_nI0kvJ/execute/dir_5681/CMSSW_6_2_0_SLHC26_patch3
>>> (SOFTWARE_DIR): /home/cms033/home_cream_386885846/CREAM386885846/glide_nI0kvJ/execute/dir_5681/CMSSW_6_2_0_SLHC26_patch3
>>> (WORKING_DIR): 
>>> current directory content:
total 636
drwxr-xr-x 3 cms033 cms   4096 Oct 20 07:37 .SCRAM
-rw------- 1 cms033 cms 279361 Oct 20 07:37 CMSSW.py.pkl
drwxr-xr-x 3 cms033 cms   4096 Oct 20 07:37 biglib
drwxr-xr-x 3 cms033 cms   4096 Oct 20 07:37 bin
drwxr-xr-x 3 cms033 cms   4096 Oct 20 07:37 cfipython
drwxr-xr-x 4 cms033 cms   4096 Jul 13 19:47 config
-rw------- 1 cms033 cms     15 Oct 20 07:38 cpu_timing.txt
drwxr-xr-x 2 cms033 cms   4096 Oct 20 07:37 doc
-rw------- 1 cms033 cms   1893 Oct 20 07:38 executable.out
drwxr-xr-x 2 cms033 cms   4096 Oct 20 07:37 include
drwx------ 3 cms033 cms   4096 Sep 29 20:50 lib
drwxr-xr-x 3 cms033 cms   4096 Oct 20 07:37 logs
drwxr-xr-x 3 cms033 cms   4096 Oct 20 07:37 objs
-rw------- 1 cms033 cms    104 Oct 20 07:37 pset.py
-rw------- 1 cms033 cms 279817 Oct 20 07:37 pset.py.pkl
-rw------- 1 cms033 cms    289 Oct 20 07:37 pset.pyc
drwxr-xr-x 2 cms033 cms   4096 Oct 20 07:37 python
-rw------- 1 cms033 cms    371 Oct 20 07:38 report.log
drwx------ 7 cms033 cms   4096 Oct 20 07:37 src
drwxr-xr-x 3 cms033 cms   4096 Oct 20 07:37 test
drwxr-xr-x 3 cms033 cms   4096 Oct 20 07:37 tmp
>>> current directory (RUNTIME_AREA):  /home/cms033/home_cream_386885846/CREAM386885846/glide_nI0kvJ/execute/dir_5681
>>> current dir: /home/cms033/home_cream_386885846/CREAM386885846/glide_nI0kvJ/execute/dir_5681
>>> current dir content:
total 25860
-rwx------  1 cms033 cms       52 Oct 20 07:37 .chirp.config
-rwx------  1 cms033 cms     6736 Oct 20 07:37 .job.ad
-rwx------  1 cms033 cms     9140 Oct 20 07:37 .machine.ad
-rw-------  1 cms033 cms      105 Oct 20 07:34 CMSSW.py
-rw-------  1 cms033 cms   279361 Oct 20 07:34 CMSSW.py.pkl
-rwx------  1 cms033 cms    26314 Oct 20 07:37 CMSSW.sh
drwxr-xr-x 16 cms033 cms     4096 Oct 20 07:39 CMSSW_6_2_0_SLHC26_patch3
-rw-------  1 cms033 cms      301 Oct 20 07:37 CacheEnv.sh
-rw-------  1 cms033 cms     7291 Nov 19  2014 DashboardAPI.py
-rw-------  1 cms033 cms     6800 Oct 20 07:37 DashboardAPI.pyc
drwx------  2 cms033 cms     4096 Oct 20 07:38 IMProv
-rw-------  1 cms033 cms     2748 Nov 19  2014 Logger.py
-rw-------  1 cms033 cms     3342 Oct 20 07:37 Logger.pyc
lrwxrwxrwx  1 cms033 cms       99 Oct 20 07:39 OutTree.root -> /home/cms033/home_cream_386885846/CREAM386885846/glide_nI0kvJ/execute/dir_5681/OutTree_5_1_xx5.root
-rw-------  1 cms033 cms    11892 Oct 20 07:38 OutTree_5_1_xx5.root
-rw-------  1 cms033 cms    24524 Nov 19  2014 ProcInfo.py
-rw-------  1 cms033 cms    23173 Oct 20 07:37 ProcInfo.pyc
drwx------  7 cms033 cms     4096 Oct 20 07:37 ProdCommon
drwx------  3 cms033 cms     4096 Oct 20 07:37 WMCore
-rw-------  1 cms033 cms     1847 Oct 20 07:38 Watchdog_5.log
-rwx------  1 cms033 cms        0 Oct 20 07:37 _condor_stderr
-rwx---r--  1 cms033 cms    14857 Oct 20 07:39 _condor_stdout
-rw-------  1 cms033 cms    32895 Nov 19  2014 apmon.py
-rw-------  1 cms033 cms    28596 Oct 20 07:37 apmon.pyc
-rwx------  1 cms033 cms   199428 Oct 20 07:37 arguments.xml
-rwx------  1 cms033 cms   204102 May 29 01:26 cmsRun
-rwx------  1 cms033 cms    38581 Nov 19  2014 cmscp.py
-rwx------  1 cms033 cms    26314 Oct 20 07:37 condor_exec.exe
-rw-------  1 cms033 cms      533 Oct 20 07:33 crab.cfg
-rwx------  1 cms033 cms     8610 Nov 19  2014 crabWatchdog.sh
-rwx---r--  1 cms033 cms    63572 Oct 20 07:38 crab_fjr_5.xml
-rwx------  1 cms033 cms 25265853 Oct 20 07:37 default.tgz
-rwx------  1 cms033 cms     4488 Nov 19  2014 fillCrabFjr.py
-rw-------  1 cms033 cms      438 Oct 20 07:37 inputsReport.txt
-rw-------  1 cms033 cms      125 Oct 20 07:39 jobreport.txt
-rw-------  1 cms033 cms    17352 Nov 19  2014 parseCrabFjr.py
-rw-------  1 cms033 cms      336 Oct 20 07:37 report.log
-rwx--x--x  1 cms033 cms     1497 Nov 19  2014 report.py
-rwx------  1 cms033 cms     8351 Nov 19  2014 writeCfg.py
-rw-------  1 cms033 cms     8473 Oct 20 07:37 x509up_u46992
>>> crab_fjr_*.xml  permission set to 0704
CrabWrapper EXIT_FUNC entered at Tue Oct 20 07:39:03 CEST 2015   -  Tue Oct 20 05:39:03 UTC 2015
Checking output files:  
will tar file OutTree_5_1_xx5.root in  out_files_5
will tar file crab_fjr_5.xml in  out_files_5
WARNING: output file CMSSW_5.stdout not found!
WARNING: output file CMSSW_5.stderr not found!
WARNING: output file Watchdog_5.log.gz not found!
>>> padding time: Sleeping the wrapper for 496 seconds
STOPPING WATCHDOG. CrabWatchdog PID is 5887
********** LAST 50 LINES OF WATCHDOG LOG
# RESOURCE USAGE SUMMARY FOR PROCESS ID  5685
USER       PID %CPU %MEM    VSZ   RSS TTY      STAT START   TIME COMMAND
cms033    5685  0.3  0.0   9600  1608 ?        S    07:37   0:00 /bin/sh /home/cms033/home_cream_386885846/CREAM386885846/glide_nI0kvJ/execute/dir_5681/condor_exec.exe 5 1
 
# LIMITS USED BY CRAB WATCHDOG:
# RSS  (KBytes)   : 2300000
# VSZ  (KBytes)   : 100000000
# DISK (MBytes)   : 19000
# CPU TIME        : 720h:0m:0s
# WALL CLOCK TIME : 21h:50m:0s
 
# FOLLOWING PRINTOUT TRACKS MAXIMUM VALUES OF RESOURCES USE
# ONE LINE IS PRINTED EACH TIME A MAXIMUM CHANGES
# IF CHANGE WAS IN RSS OR VSZ ALSO PROCID AND COMMAND ARE PRINTED
# THERE IS NO PRINTOUT FOR CPU/WALL TIME INCREASE
 
# TIME			PID	RSS(KB)	VSZ(KB)	Dsk(MB)	tCPU(s)	tWALL(s)	COMMAND
 Oct 20 07:37:26 CEST	4692	1400	9368	0	0	0	/bin/bash /home/cms033/home_cream_386885846/CREAM386885846/glide_nI0kvJ/main/condor_startup.sh glidein_config        
 Oct 20 07:37:26 CEST	5475	8680	95628	0	0	1	/home/cms033/home_cream_386885846/CREAM386885846/glide_nI0kvJ/main/condor/sbin/condor_master -f -pidfile /home/cms033/home_cream_386885846/CREAM386885846/glide_nI0kvJ/condor_master2.pid       
 Oct 20 07:37:26 CEST	5478	9456	96320	0	0	1	condor_startd -f         
 Oct 20 07:37:26 CEST	32479	9456	106096	0	0	2	sh -c "./glidein_startup.sh" -v std -name gfactory_instance -entry CMS_T2_IT_Bari_ce4 -clientname CMSG-v1_0.main
 Oct 20 07:37:26 CEST	32482	9456	106488	0	0	2	/bin/bash ./glidein_startup.sh -v std -name gfactory_instance -entry CMS_T2_IT_Bari_ce4 -clientname CMSG-v1_0.main -schedd
 Oct 20 07:37:26 CEST	---	9456	106488	154	----	----	----
 Oct 20 07:38:28 CEST	6182	525268	734340	154	31	64	cmsRun -j /home/cms033/home_cream_386885846/CREAM386885846/glide_nI0kvJ/execute/dir_5681/crab_fjr_5.xml -p pset.py      
 Oct 20 07:38:28 CEST	---	525268	734340	155	----	----	----
********** WATCHDOG LOG ENDED
ZIPPING WATCHDOG LOG
Disk space used:
du -sh /home/cms033/home_cream_386885846/CREAM386885846/glide_nI0kvJ/execute/dir_5681
155M	/home/cms033/home_cream_386885846/CREAM386885846/glide_nI0kvJ/execute/dir_5681
Found unusual stdout, rename for OSB
`/home/cms033/home_cream_386885846/CREAM386885846/glide_nI0kvJ/execute/dir_5681/_condor_stdout' -> `CMSSW_5.stdout'
Found unusual stderr, rename for OSB
`/home/cms033/home_cream_386885846/CREAM386885846/glide_nI0kvJ/execute/dir_5681/_condor_stdout' -> `CMSSW_5.stderr'
OutTree_5_1_xx5.root
crab_fjr_5.xml
CMSSW_5.stdout
CMSSW_5.stderr
Watchdog_5.log.gz
Total Output dimension: 21921
WARNING: output files size limit is set to: 50000000
Total Output dimension 21921 is fine.
JOB_EXIT_STATUS = 0
>>> info for dashboard:
***** Cat /home/cms033/home_cream_386885846/CREAM386885846/glide_nI0kvJ/execute/dir_5681/jobreport.txt *****
MonitorJobID=5_https://submit-6.t2.ucsd.edu//151020//666492.4
MonitorID=amkalsi_Loose_5000ps_jhs950
ExeTime=81
ExeExitCode=0
CrabUserCpuTime=42.53
CrabSysCpuTime=1.86
CrabCpuPercentage=55%
CrabWrapperTime=600
CrabStageoutTime=NULL
JobExitCode=0
***** End Cat jobreport *****
Parameters sent to Dashboard.
EXITING at Tue Oct 20 07:47:24 CEST 2015  -  Tue Oct 20 05:47:24 UTC 2015
