This script was generated by crab (version 2.11.1_patch1).
Running /home/cms033/home_cream_487805411/CREAM487805411/glide_ZIZWU3/execute/dir_16556/condor_exec.exe with 2 positional parameters: 3 1
Today is Tue Oct 20 07:37:20 CEST 2015 - Tue Oct 20 05:37:20 UTC 2015
Job submitted on host alicegrid78.ba.infn.it
Linux alicegrid78.ba.infn.it 2.6.32-504.8.1.el6.x86_64 #1 SMP Tue Jan 27 13:39:10 CST 2015 x86_64 x86_64 x86_64 GNU/Linux
Distributor ID:	Scientific
Description:	Scientific Linux release 6.6 (Carbon)
>>> current directory (RUNTIME_AREA): /home/cms033/home_cream_487805411/CREAM487805411/glide_ZIZWU3/execute/dir_16556
>>> current user: uid=18589(cms033) gid=1399(cms) groups=1399(cms)
>>> directory permission set to 0700
>>> umask set to:  u=rwx,g=,o=
>>> stdout stderr permission set to 0704
>>> voms proxy information:
subject   : /C=TW/O=AP/OU=GRID/CN=Amandeep Kaur Kalsi 129089/CN=541697223/CN=1436766044
issuer    : /C=TW/O=AP/OU=GRID/CN=Amandeep Kaur Kalsi 129089/CN=541697223
identity  : /C=TW/O=AP/OU=GRID/CN=Amandeep Kaur Kalsi 129089
type      : RFC3820 compliant limited proxy
strength  : 1024
path      : /home/cms033/home_cream_487805411/CREAM487805411/glide_ZIZWU3/execute/dir_16556/x509up_u46992
timeleft  : 23:59:50
key usage : Digital Signature, Key Encipherment, Data Encipherment, Key Agreement
=== VO cms extension information ===
VO        : cms
subject   : /C=TW/O=AP/OU=GRID/CN=Amandeep Kaur Kalsi 129089
issuer    : /DC=ch/DC=cern/OU=computers/CN=voms2.cern.ch
attribute : /cms/Role=NULL/Capability=NULL
timeleft  : 191:56:28
uri       : voms2.cern.ch:15002

WNHostName=alicegrid78.ba.infn.it
$_CONDOR_JOB_AD =/home/cms033/home_cream_487805411/CREAM487805411/glide_ZIZWU3/execute/dir_16556/.job.ad
OverflowFlag=0
>>> tar --no-same-permissions -xf /home/cms033/home_cream_487805411/CREAM487805411/glide_ZIZWU3/execute/dir_16556/default.tgz :
Successful untar
>>> Include /home/cms033/home_cream_487805411/CREAM487805411/glide_ZIZWU3/execute/dir_16556 in PYTHONPATH:
strip arguments
env var CRAB_UNIQUE_JOB_ID set to: amkalsi_Loose_5000ps_jhs950_3_1_oOR
out_files_3
>>> list of expected files on output sandbox
output files: OutTree_3_1_oOR.root crab_fjr_3.xml CMSSW_3.stdout CMSSW_3.stderr Watchdog_3.log.gz
>>> GridFlavour discovery: 
GridFlavour=LCG
>>> SyncSite discovery: 
SyncSite=T2_IT_Bari
>>> SyncCE discovery: 
getting SyncCE from CE_ID
SyncCE=cream-ce-2.ba.infn.it:8443/cream-pbs-long
>>> info for dashboard:
***** Cat /home/cms033/home_cream_487805411/CREAM487805411/glide_ZIZWU3/execute/dir_16556/jobreport.txt *****
WNHostName=alicegrid78.ba.infn.it
OverflowFlag=0
MonitorJobID=3_https://submit-6.t2.ucsd.edu//151020//666492.2
SyncGridJobId=https://submit-6.t2.ucsd.edu//151020//666492.2
MonitorID=amkalsi_Loose_5000ps_jhs950
GridFlavour=LCG
SyncSite=T2_IT_Bari
SyncCE=cream-ce-2.ba.infn.it:8443/cream-pbs-long
***** End Cat jobreport *****
Parameters sent to Dashboard.
>>> setup environment
set SCRAM ARCH to slc6_amd64_gcc472
SCRAM_ARCH = slc6_amd64_gcc472
>>> setup CMS LCG environment:
set SCRAM ARCH and BUILD_ARCH to slc6_amd64_gcc472 ###
Sourcing environment... 
sourcing /cvmfs/cms.cern.ch/cmsset_default.sh
==> setup cms environment ok
>>> specific cmssw setup environment:
CMSSW_VERSION =  CMSSW_6_2_0_SLHC26_patch3
WARNING: In non-interactive mode release checks e.g. deprecated releases, production architectures are disabled.
>>> current directory (SOFTWARE_DIR): /home/cms033/home_cream_487805411/CREAM487805411/glide_ZIZWU3/execute/dir_16556/CMSSW_6_2_0_SLHC26_patch3
PreserveSeeds: <>
IncrementSeeds:<>
>>> info for dashboard:
***** Cat /home/cms033/home_cream_487805411/CREAM487805411/glide_ZIZWU3/execute/dir_16556/jobreport.txt *****
MonitorJobID=3_https://submit-6.t2.ucsd.edu//151020//666492.2
MonitorID=amkalsi_Loose_5000ps_jhs950
***** End Cat jobreport *****
Parameters sent to Dashboard.
crabWatchdog started as process 16764
>>> moving CMSSW software directories in /home/cms033/home_cream_487805411/CREAM487805411/glide_ZIZWU3/execute/dir_16556/CMSSW_6_2_0_SLHC26_patch3
mv: cannot stat `/home/cms033/home_cream_487805411/CREAM487805411/glide_ZIZWU3/execute/dir_16556/module/': No such file or directory
>>> Include /home/cms033/home_cream_487805411/CREAM487805411/glide_ZIZWU3/execute/dir_16556 in PYTHONPATH:
PYTHONPATH=/home/cms033/home_cream_487805411/CREAM487805411/glide_ZIZWU3/execute/dir_16556/:/home/cms033/home_cream_487805411/CREAM487805411/glide_ZIZWU3/execute/dir_16556/CMSSW_6_2_0_SLHC26_patch3/python:/home/cms033/home_cream_487805411/CREAM487805411/glide_ZIZWU3/execute/dir_16556/CMSSW_6_2_0_SLHC26_patch3/lib/slc6_amd64_gcc472:/cvmfs/cms.cern.ch/slc6_amd64_gcc472/cms/cmssw-patch/CMSSW_6_2_0_SLHC26_patch3/python:/cvmfs/cms.cern.ch/slc6_amd64_gcc472/cms/cmssw-patch/CMSSW_6_2_0_SLHC26_patch3/lib/slc6_amd64_gcc472:/cvmfs/cms.cern.ch/slc6_amd64_gcc472/cms/cmssw/CMSSW_6_2_0_SLHC26/bin/slc6_amd64_gcc472:/cvmfs/cms.cern.ch/slc6_amd64_gcc472/cms/cmssw/CMSSW_6_2_0_SLHC26/lib/slc6_amd64_gcc472:/cvmfs/cms.cern.ch/slc6_amd64_gcc472/cms/coral/CORAL_2_3_21-flmnjk2/slc6_amd64_gcc472/python:/cvmfs/cms.cern.ch/slc6_amd64_gcc472/cms/coral/CORAL_2_3_21-flmnjk2/slc6_amd64_gcc472/lib:/cvmfs/cms.cern.ch/slc6_amd64_gcc472/external/pyqt/4.8.1-cms5/lib/python2.7/site-packages:/cvmfs/cms.cern.ch/slc6_amd64_gcc472/external/py2-scipy/0.8.0-cms7/lib/python2.7/site-packages:/cvmfs/cms.cern.ch/slc6_amd64_gcc472/external/py2-matplotlib/1.0.1-cms7/lib/python2.7/site-packages:/cvmfs/cms.cern.ch/slc6_amd64_gcc472/external/python-ldap/2.4.10/lib/python2.7/site-packages:/cvmfs/cms.cern.ch/slc6_amd64_gcc472/external/sip/4.11.2-cms5/lib/python2.7/site-packages:/cvmfs/cms.cern.ch/slc6_amd64_gcc472/external/py2-pycurl/7.19.0-cms7/lib/python2.7/site-packages:/cvmfs/cms.cern.ch/slc6_amd64_gcc472/external/py2-numpy/1.6.1-cms7/lib/python2.7/site-packages:/cvmfs/cms.cern.ch/slc6_amd64_gcc472/external/py2-lint/0.25.1-cms5/lib/python2.7/site-packages:/cvmfs/cms.cern.ch/slc6_amd64_gcc472/external/py2-ipython/0.10-cms5/lib/python2.7/site-packages:/cvmfs/cms.cern.ch/slc6_amd64_gcc472/external/py2-cx-oracle/5.1-cms5/lib/python2.7/site-packages:/cvmfs/cms.cern.ch/slc6_amd64_gcc472/external/py2-cjson/1.0.5-cms5/lib/python2.7/site-packages:/cvmfs/cms.cern.ch/slc6_amd64_gcc472/cms/das-client/1.11.7/bin:/cvmfs/cms.cern.ch/slc6_amd64_gcc472/external/elementtree/1.2.6-cms5/share/lib/python2.7/site-packages:/cvmfs/cms.cern.ch/slc6_amd64_gcc472/external/rivet/1.8.2-cms9/lib/python2.7/site-packages:/cvmfs/cms.cern.ch/slc6_amd64_gcc472/external/pyminuit2/0.0.1-cms25/lib/python2.7/site-packages:/cvmfs/cms.cern.ch/slc6_amd64_gcc472/external/py2-pygithub/1.23.0-cms2/lib/python2.7/site-packages:/cvmfs/cms.cern.ch/slc6_amd64_gcc472/external/professor/1.0.0-cms25/lib/python2.7/site-packages:/cvmfs/cms.cern.ch/slc6_amd64_gcc472/lcg/root/5.34.07-cms5/lib:/cvmfs/cms.cern.ch/slc6_amd64_gcc472/cms/dbs-client/DBS_2_1_9-cms5/lib:/cvmfs/cms.cern.ch/slc6_amd64_gcc472/cms/dbs-client/DBS_2_1_9-cms5/lib/DBSAPI:/cvmfs/cms.cern.ch/slc6_amd64_gcc472/external/cvs2git/5419-cms/lib:/home/cms033/home_cream_487805411/CREAM487805411/glide_ZIZWU3/execute/dir_16556/
 
# LIMITS USED BY CRAB WATCHDOG:
# RSS  (KBytes)   : 2300000
# VSZ  (KBytes)   : 100000000
# DISK (MBytes)   : 19000
# CPU TIME        : 720h:0m:0s
# WALL CLOCK TIME : 21h:50m:0s
 
89204fc7dc811f9e79a97af487a037d4
PSETHASH = 89204fc7dc811f9e79a97af487a037d4
/home/cms033/home_cream_487805411/CREAM487805411/glide_ZIZWU3/execute/dir_16556/writeCfg.py pset.py pset.py
Importing .py file
Setting parameters
RandomNumberGeneratorService found, will attempt to change seeds
inputBlocks=/DYToMuMu_M-20_TuneZ2star_14TeV-pythia6-tauola/piet-DYToMuMu_M-20_TuneZ2star_14TeV-pythia6-tauola_HGCALGS_PU140_5ns_32ns_RECO-9534beda007a59447d9159ddc4f0a675/USER#aa540b05-6a23-4185-88fe-d6e2630164d8
inputFiles=/store/user/piet/ME0Segment_Time/DYToMuMu_M-20_TuneZ2star_14TeV-pythia6-tauola/DYToMuMu_M-20_TuneZ2star_14TeV-pythia6-tauola_HGCALGS_PU140_5ns_32ns_RECO/151014_152401/0000/out_reco_809.root;/store/user/piet/ME0Segment_Time/DYToMuMu_M-20_TuneZ2star_14TeV-pythia6-tauola/DYToMuMu_M-20_TuneZ2star_14TeV-pythia6-tauola_HGCALGS_PU140_5ns_32ns_RECO/151014_152401/0000/out_reco_584.root;/store/user/piet/ME0Segment_Time/DYToMuMu_M-20_TuneZ2star_14TeV-pythia6-tauola/DYToMuMu_M-20_TuneZ2star_14TeV-pythia6-tauola_HGCALGS_PU140_5ns_32ns_RECO/151014_152401/0000/out_reco_493.root;/store/user/piet/ME0Segment_Time/DYToMuMu_M-20_TuneZ2star_14TeV-pythia6-tauola/DYToMuMu_M-20_TuneZ2star_14TeV-pythia6-tauola_HGCALGS_PU140_5ns_32ns_RECO/151014_152401/0000/out_reco_382.root;/store/user/piet/ME0Segment_Time/DYToMuMu_M-20_TuneZ2star_14TeV-pythia6-tauola/DYToMuMu_M-20_TuneZ2star_14TeV-pythia6-tauola_HGCALGS_PU140_5ns_32ns_RECO/151014_152401/0000/out_reco_305.root;/store/user/piet/ME0Segment_Time/DYToMuMu_M-20_TuneZ2star_14TeV-pythia6-tauola/DYToMuMu_M-20_TuneZ2star_14TeV-pythia6-tauola_HGCALGS_PU140_5ns_32ns_RECO/151014_152401/0000/out_reco_171.root;/store/user/piet/ME0Segment_Time/DYToMuMu_M-20_TuneZ2star_14TeV-pythia6-tauola/DYToMuMu_M-20_TuneZ2star_14TeV-pythia6-tauola_HGCALGS_PU140_5ns_32ns_RECO/151014_152401/0000/out_reco_962.root;/store/user/piet/ME0Segment_Time/DYToMuMu_M-20_TuneZ2star_14TeV-pythia6-tauola/DYToMuMu_M-20_TuneZ2star_14TeV-pythia6-tauola_HGCALGS_PU140_5ns_32ns_RECO/151014_152401/0000/out_reco_916.root;/store/user/piet/ME0Segment_Time/DYToMuMu_M-20_TuneZ2star_14TeV-pythia6-tauola/DYToMuMu_M-20_TuneZ2star_14TeV-pythia6-tauola_HGCALGS_PU140_5ns_32ns_RECO/151014_152401/0000/out_reco_928.root;/store/user/piet/ME0Segment_Time/DYToMuMu_M-20_TuneZ2star_14TeV-pythia6-tauola/DYToMuMu_M-20_TuneZ2star_14TeV-pythia6-tauola_HGCALGS_PU140_5ns_32ns_RECO/151014_152401/0000/out_reco_441.root;/store/user/piet/ME0Segment_Time/DYToMuMu_M-20_TuneZ2star_14TeV-pythia6-tauola/DYToMuMu_M-20_TuneZ2star_14TeV-pythia6-tauola_HGCALGS_PU140_5ns_32ns_RECO/151014_152401/0000/out_reco_206.root;/store/user/piet/ME0Segment_Time/DYToMuMu_M-20_TuneZ2star_14TeV-pythia6-tauola/DYToMuMu_M-20_TuneZ2star_14TeV-pythia6-tauola_HGCALGS_PU140_5ns_32ns_RECO/151014_152401/0000/out_reco_119.root;/store/user/piet/ME0Segment_Time/DYToMuMu_M-20_TuneZ2star_14TeV-pythia6-tauola/DYToMuMu_M-20_TuneZ2star_14TeV-pythia6-tauola_HGCALGS_PU140_5ns_32ns_RECO/151014_152401/0000/out_reco_144.root;/store/user/piet/ME0Segment_Time/DYToMuMu_M-20_TuneZ2star_14TeV-pythia6-tauola/DYToMuMu_M-20_TuneZ2star_14TeV-pythia6-tauola_HGCALGS_PU140_5ns_32ns_RECO/151014_152401/0000/out_reco_882.root;/store/user/piet/ME0Segment_Time/DYToMuMu_M-20_TuneZ2star_14TeV-pythia6-tauola/DYToMuMu_M-20_TuneZ2star_14TeV-pythia6-tauola_HGCALGS_PU140_5ns_32ns_RECO/151014_152401/0000/out_reco_764.root;/store/user/piet/ME0Segment_Time/DYToMuMu_M-20_TuneZ2star_14TeV-pythia6-tauola/DYToMuMu_M-20_TuneZ2star_14TeV-pythia6-tauola_HGCALGS_PU140_5ns_32ns_RECO/151014_152401/0000/out_reco_782.root;/store/user/piet/ME0Segment_Time/DYToMuMu_M-20_TuneZ2star_14TeV-pythia6-tauola/DYToMuMu_M-20_TuneZ2star_14TeV-pythia6-tauola_HGCALGS_PU140_5ns_32ns_RECO/151014_152401/0000/out_reco_576.root;/store/user/piet/ME0Segment_Time/DYToMuMu_M-20_TuneZ2star_14TeV-pythia6-tauola/DYToMuMu_M-20_TuneZ2star_14TeV-pythia6-tauola_HGCALGS_PU140_5ns_32ns_RECO/151014_152401/0000/out_reco_565.root;/store/user/piet/ME0Segment_Time/DYToMuMu_M-20_TuneZ2star_14TeV-pythia6-tauola/DYToMuMu_M-20_TuneZ2star_14TeV-pythia6-tauola_HGCALGS_PU140_5ns_32ns_RECO/151014_152401/0000/out_reco_552.root;/store/user/piet/ME0Segment_Time/DYToMuMu_M-20_TuneZ2star_14TeV-pythia6-tauola/DYToMuMu_M-20_TuneZ2star_14TeV-pythia6-tauola_HGCALGS_PU140_5ns_32ns_RECO/151014_152401/0000/out_reco_518.root;/store/user/piet/ME0Segment_Time/DYToMuMu_M-20_TuneZ2star_14TeV-pythia6-tauola/DYToMuMu_M-20_TuneZ2star_14TeV-pythia6-tauola_HGCALGS_PU140_5ns_32ns_RECO/151014_152401/0000/out_reco_420.root;/store/user/piet/ME0Segment_Time/DYToMuMu_M-20_TuneZ2star_14TeV-pythia6-tauola/DYToMuMu_M-20_TuneZ2star_14TeV-pythia6-tauola_HGCALGS_PU140_5ns_32ns_RECO/151014_152401/0000/out_reco_410.root;/store/user/piet/ME0Segment_Time/DYToMuMu_M-20_TuneZ2star_14TeV-pythia6-tauola/DYToMuMu_M-20_TuneZ2star_14TeV-pythia6-tauola_HGCALGS_PU140_5ns_32ns_RECO/151014_152401/0000/out_reco_386.root;/store/user/piet/ME0Segment_Time/DYToMuMu_M-20_TuneZ2star_14TeV-pythia6-tauola/DYToMuMu_M-20_TuneZ2star_14TeV-pythia6-tauola_HGCALGS_PU140_5ns_32ns_RECO/151014_152401/0000/out_reco_337.root;/store/user/piet/ME0Segment_Time/DYToMuMu_M-20_TuneZ2star_14TeV-pythia6-tauola/DYToMuMu_M-20_TuneZ2star_14TeV-pythia6-tauola_HGCALGS_PU140_5ns_32ns_RECO/151014_152401/0000/out_reco_210.root;/store/user/piet/ME0Segment_Time/DYToMuMu_M-20_TuneZ2star_14TeV-pythia6-tauola/DYToMuMu_M-20_TuneZ2star_14TeV-pythia6-tauola_HGCALGS_PU140_5ns_32ns_RECO/151014_152401/0000/out_reco_21.root;/store/user/piet/ME0Segment_Time/DYToMuMu_M-20_TuneZ2star_14TeV-pythia6-tauola/DYToMuMu_M-20_TuneZ2star_14TeV-pythia6-tauola_HGCALGS_PU140_5ns_32ns_RECO/151014_152401/0000/out_reco_309.root;/store/user/piet/ME0Segment_Time/DYToMuMu_M-20_TuneZ2star_14TeV-pythia6-tauola/DYToMuMu_M-20_TuneZ2star_14TeV-pythia6-tauola_HGCALGS_PU140_5ns_32ns_RECO/151014_152401/0000/out_reco_310.root;/store/user/piet/ME0Segment_Time/DYToMuMu_M-20_TuneZ2star_14TeV-pythia6-tauola/DYToMuMu_M-20_TuneZ2star_14TeV-pythia6-tauola_HGCALGS_PU140_5ns_32ns_RECO/151014_152401/0000/out_reco_952.root;/store/user/piet/ME0Segment_Time/DYToMuMu_M-20_TuneZ2star_14TeV-pythia6-tauola/DYToMuMu_M-20_TuneZ2star_14TeV-pythia6-tauola_HGCALGS_PU140_5ns_32ns_RECO/151014_152401/0000/out_reco_88.root;/store/user/piet/ME0Segment_Time/DYToMuMu_M-20_TuneZ2star_14TeV-pythia6-tauola/DYToMuMu_M-20_TuneZ2star_14TeV-pythia6-tauola_HGCALGS_PU140_5ns_32ns_RECO/151014_152401/0000/out_reco_181.root;/store/user/piet/ME0Segment_Time/DYToMuMu_M-20_TuneZ2star_14TeV-pythia6-tauola/DYToMuMu_M-20_TuneZ2star_14TeV-pythia6-tauola_HGCALGS_PU140_5ns_32ns_RECO/151014_152401/0000/out_reco_106.root;/store/user/piet/ME0Segment_Time/DYToMuMu_M-20_TuneZ2star_14TeV-pythia6-tauola/DYToMuMu_M-20_TuneZ2star_14TeV-pythia6-tauola_HGCALGS_PU140_5ns_32ns_RECO/151014_152401/0000/out_reco_953.root;/store/user/piet/ME0Segment_Time/DYToMuMu_M-20_TuneZ2star_14TeV-pythia6-tauola/DYToMuMu_M-20_TuneZ2star_14TeV-pythia6-tauola_HGCALGS_PU140_5ns_32ns_RECO/151014_152401/0000/out_reco_328.root;/store/user/piet/ME0Segment_Time/DYToMuMu_M-20_TuneZ2star_14TeV-pythia6-tauola/DYToMuMu_M-20_TuneZ2star_14TeV-pythia6-tauola_HGCALGS_PU140_5ns_32ns_RECO/151014_152401/0000/out_reco_183.root;/store/user/piet/ME0Segment_Time/DYToMuMu_M-20_TuneZ2star_14TeV-pythia6-tauola/DYToMuMu_M-20_TuneZ2star_14TeV-pythia6-tauola_HGCALGS_PU140_5ns_32ns_RECO/151014_152401/0000/out_reco_173.root;/store/user/piet/ME0Segment_Time/DYToMuMu_M-20_TuneZ2star_14TeV-pythia6-tauola/DYToMuMu_M-20_TuneZ2star_14TeV-pythia6-tauola_HGCALGS_PU140_5ns_32ns_RECO/151014_152401/0000/out_reco_456.root;/store/user/piet/ME0Segment_Time/DYToMuMu_M-20_TuneZ2star_14TeV-pythia6-tauola/DYToMuMu_M-20_TuneZ2star_14TeV-pythia6-tauola_HGCALGS_PU140_5ns_32ns_RECO/151014_152401/0000/out_reco_670.root;/store/user/piet/ME0Segment_Time/DYToMuMu_M-20_TuneZ2star_14TeV-pythia6-tauola/DYToMuMu_M-20_TuneZ2star_14TeV-pythia6-tauola_HGCALGS_PU140_5ns_32ns_RECO/151014_152401/0000/out_reco_672.root;/store/user/piet/ME0Segment_Time/DYToMuMu_M-20_TuneZ2star_14TeV-pythia6-tauola/DYToMuMu_M-20_TuneZ2star_14TeV-pythia6-tauola_HGCALGS_PU140_5ns_32ns_RECO/151014_152401/0000/out_reco_661.root;/store/user/piet/ME0Segment_Time/DYToMuMu_M-20_TuneZ2star_14TeV-pythia6-tauola/DYToMuMu_M-20_TuneZ2star_14TeV-pythia6-tauola_HGCALGS_PU140_5ns_32ns_RECO/151014_152401/0000/out_reco_657.root;/store/user/piet/ME0Segment_Time/DYToMuMu_M-20_TuneZ2star_14TeV-pythia6-tauola/DYToMuMu_M-20_TuneZ2star_14TeV-pythia6-tauola_HGCALGS_PU140_5ns_32ns_RECO/151014_152401/0000/out_reco_402.root;/store/user/piet/ME0Segment_Time/DYToMuMu_M-20_TuneZ2star_14TeV-pythia6-tauola/DYToMuMu_M-20_TuneZ2star_14TeV-pythia6-tauola_HGCALGS_PU140_5ns_32ns_RECO/151014_152401/0000/out_reco_331.root;/store/user/piet/ME0Segment_Time/DYToMuMu_M-20_TuneZ2star_14TeV-pythia6-tauola/DYToMuMu_M-20_TuneZ2star_14TeV-pythia6-tauola_HGCALGS_PU140_5ns_32ns_RECO/151014_152401/0000/out_reco_292.root;/store/user/piet/ME0Segment_Time/DYToMuMu_M-20_TuneZ2star_14TeV-pythia6-tauola/DYToMuMu_M-20_TuneZ2star_14TeV-pythia6-tauola_HGCALGS_PU140_5ns_32ns_RECO/151014_152401/0000/out_reco_261.root;/store/user/piet/ME0Segment_Time/DYToMuMu_M-20_TuneZ2star_14TeV-pythia6-tauola/DYToMuMu_M-20_TuneZ2star_14TeV-pythia6-tauola_HGCALGS_PU140_5ns_32ns_RECO/151014_152401/0000/out_reco_574.root;/store/user/piet/ME0Segment_Time/DYToMuMu_M-20_TuneZ2star_14TeV-pythia6-tauola/DYToMuMu_M-20_TuneZ2star_14TeV-pythia6-tauola_HGCALGS_PU140_5ns_32ns_RECO/151014_152401/0000/out_reco_490.root;/store/user/piet/ME0Segment_Time/DYToMuMu_M-20_TuneZ2star_14TeV-pythia6-tauola/DYToMuMu_M-20_TuneZ2star_14TeV-pythia6-tauola_HGCALGS_PU140_5ns_32ns_RECO/151014_152401/0000/out_reco_357.root;/store/user/piet/ME0Segment_Time/DYToMuMu_M-20_TuneZ2star_14TeV-pythia6-tauola/DYToMuMu_M-20_TuneZ2star_14TeV-pythia6-tauola_HGCALGS_PU140_5ns_32ns_RECO/151014_152401/0000/out_reco_346.root;/store/user/piet/ME0Segment_Time/DYToMuMu_M-20_TuneZ2star_14TeV-pythia6-tauola/DYToMuMu_M-20_TuneZ2star_14TeV-pythia6-tauola_HGCALGS_PU140_5ns_32ns_RECO/151014_152401/0000/out_reco_339.root;/store/user/piet/ME0Segment_Time/DYToMuMu_M-20_TuneZ2star_14TeV-pythia6-tauola/DYToMuMu_M-20_TuneZ2star_14TeV-pythia6-tauola_HGCALGS_PU140_5ns_32ns_RECO/151014_152401/0000/out_reco_299.root;/store/user/piet/ME0Segment_Time/DYToMuMu_M-20_TuneZ2star_14TeV-pythia6-tauola/DYToMuMu_M-20_TuneZ2star_14TeV-pythia6-tauola_HGCALGS_PU140_5ns_32ns_RECO/151014_152401/0000/out_reco_658.root;/store/user/piet/ME0Segment_Time/DYToMuMu_M-20_TuneZ2star_14TeV-pythia6-tauola/DYToMuMu_M-20_TuneZ2star_14TeV-pythia6-tauola_HGCALGS_PU140_5ns_32ns_RECO/151014_152401/0000/out_reco_110.root;/store/user/piet/ME0Segment_Time/DYToMuMu_M-20_TuneZ2star_14TeV-pythia6-tauola/DYToMuMu_M-20_TuneZ2star_14TeV-pythia6-tauola_HGCALGS_PU140_5ns_32ns_RECO/151014_152401/0000/out_reco_900.root;/store/user/piet/ME0Segment_Time/DYToMuMu_M-20_TuneZ2star_14TeV-pythia6-tauola/DYToMuMu_M-20_TuneZ2star_14TeV-pythia6-tauola_HGCALGS_PU140_5ns_32ns_RECO/151014_152401/0000/out_reco_937.root;/store/user/piet/ME0Segment_Time/DYToMuMu_M-20_TuneZ2star_14TeV-pythia6-tauola/DYToMuMu_M-20_TuneZ2star_14TeV-pythia6-tauola_HGCALGS_PU140_5ns_32ns_RECO/151014_152401/0000/out_reco_784.root;/store/user/piet/ME0Segment_Time/DYToMuMu_M-20_TuneZ2star_14TeV-pythia6-tauola/DYToMuMu_M-20_TuneZ2star_14TeV-pythia6-tauola_HGCALGS_PU140_5ns_32ns_RECO/151014_152401/0000/out_reco_996.root;/store/user/piet/ME0Segment_Time/DYToMuMu_M-20_TuneZ2star_14TeV-pythia6-tauola/DYToMuMu_M-20_TuneZ2star_14TeV-pythia6-tauola_HGCALGS_PU140_5ns_32ns_RECO/151014_152401/0000/out_reco_984.root;/store/user/piet/ME0Segment_Time/DYToMuMu_M-20_TuneZ2star_14TeV-pythia6-tauola/DYToMuMu_M-20_TuneZ2star_14TeV-pythia6-tauola_HGCALGS_PU140_5ns_32ns_RECO/151014_152401/0000/out_reco_812.root;/store/user/piet/ME0Segment_Time/DYToMuMu_M-20_TuneZ2star_14TeV-pythia6-tauola/DYToMuMu_M-20_TuneZ2star_14TeV-pythia6-tauola_HGCALGS_PU140_5ns_32ns_RECO/151014_152401/0000/out_reco_773.root;/store/user/piet/ME0Segment_Time/DYToMuMu_M-20_TuneZ2star_14TeV-pythia6-tauola/DYToMuMu_M-20_TuneZ2star_14TeV-pythia6-tauola_HGCALGS_PU140_5ns_32ns_RECO/151014_152401/0000/out_reco_734.root;/store/user/piet/ME0Segment_Time/DYToMuMu_M-20_TuneZ2star_14TeV-pythia6-tauola/DYToMuMu_M-20_TuneZ2star_14TeV-pythia6-tauola_HGCALGS_PU140_5ns_32ns_RECO/151014_152401/0000/out_reco_715.root;/store/user/piet/ME0Segment_Time/DYToMuMu_M-20_TuneZ2star_14TeV-pythia6-tauola/DYToMuMu_M-20_TuneZ2star_14TeV-pythia6-tauola_HGCALGS_PU140_5ns_32ns_RECO/151014_152401/0000/out_reco_675.root;/store/user/piet/ME0Segment_Time/DYToMuMu_M-20_TuneZ2star_14TeV-pythia6-tauola/DYToMuMu_M-20_TuneZ2star_14TeV-pythia6-tauola_HGCALGS_PU140_5ns_32ns_RECO/151014_152401/0000/out_reco_643.root
parentFiles=
lumisRange=
>>> Executable cmsRun
/cvmfs/cms.cern.ch/slc6_amd64_gcc472/cms/cmssw/CMSSW_6_2_0_SLHC26/bin/slc6_amd64_gcc472/cmsRun
ok executable found
>>> info for dashboard:
***** Cat /home/cms033/home_cream_487805411/CREAM487805411/glide_ZIZWU3/execute/dir_16556/jobreport.txt *****
MonitorJobID=3_https://submit-6.t2.ucsd.edu//151020//666492.2
MonitorID=amkalsi_Loose_5000ps_jhs950
ExeStart=cmsRun
***** End Cat jobreport *****
Parameters sent to Dashboard.
>>> cmsRun started at Tue Oct 20 05:37:31 UTC 2015
>>> cmsRun ended at Tue Oct 20 05:43:26 UTC 2015
>>> crab_fjr_*.xml  permission set to 0704
>>> info for dashboard:
***** Cat /home/cms033/home_cream_487805411/CREAM487805411/glide_ZIZWU3/execute/dir_16556/jobreport.txt *****
MonitorJobID=3_https://submit-6.t2.ucsd.edu//151020//666492.2
MonitorID=amkalsi_Loose_5000ps_jhs950
ExeEnd=cmsRun
***** End Cat jobreport *****
Parameters sent to Dashboard.
TIME_EXE = 355 sec
>>> cmsRun wrote 233 lines of stdout+stderr
>>> START OF printout of 233 lines from stdout+stderr
20-Oct-2015 07:37:58 CEST  Initiating request to open file file:/lustre/cms//store/user/piet/ME0Segment_Time/DYToMuMu_M-20_TuneZ2star_14TeV-pythia6-tauola/DYToMuMu_M-20_TuneZ2star_14TeV-pythia6-tauola_HGCALGS_PU140_5ns_32ns_RECO/151014_152401/0000/out_reco_809.root
20-Oct-2015 07:38:01 CEST  Successfully opened file file:/lustre/cms//store/user/piet/ME0Segment_Time/DYToMuMu_M-20_TuneZ2star_14TeV-pythia6-tauola/DYToMuMu_M-20_TuneZ2star_14TeV-pythia6-tauola_HGCALGS_PU140_5ns_32ns_RECO/151014_152401/0000/out_reco_809.root
Begin processing the 1st record. Run 1, Event 429881, LumiSection 18101 at 20-Oct-2015 07:38:05.472 CEST
in MuonNumberingInitialization::initializeMuonDDDConstants
about to make my new muonDDDConst_
in MuonNumberingInitialization::produce
-3.9738520-Oct-2015 07:38:14 CEST  Closed file file:/lustre/cms//store/user/piet/ME0Segment_Time/DYToMuMu_M-20_TuneZ2star_14TeV-pythia6-tauola/DYToMuMu_M-20_TuneZ2star_14TeV-pythia6-tauola_HGCALGS_PU140_5ns_32ns_RECO/151014_152401/0000/out_reco_809.root
20-Oct-2015 07:38:14 CEST  Initiating request to open file file:/lustre/cms//store/user/piet/ME0Segment_Time/DYToMuMu_M-20_TuneZ2star_14TeV-pythia6-tauola/DYToMuMu_M-20_TuneZ2star_14TeV-pythia6-tauola_HGCALGS_PU140_5ns_32ns_RECO/151014_152401/0000/out_reco_584.root
20-Oct-2015 07:38:14 CEST  Successfully opened file file:/lustre/cms//store/user/piet/ME0Segment_Time/DYToMuMu_M-20_TuneZ2star_14TeV-pythia6-tauola/DYToMuMu_M-20_TuneZ2star_14TeV-pythia6-tauola_HGCALGS_PU140_5ns_32ns_RECO/151014_152401/0000/out_reco_584.root
20-Oct-2015 07:38:19 CEST  Closed file file:/lustre/cms//store/user/piet/ME0Segment_Time/DYToMuMu_M-20_TuneZ2star_14TeV-pythia6-tauola/DYToMuMu_M-20_TuneZ2star_14TeV-pythia6-tauola_HGCALGS_PU140_5ns_32ns_RECO/151014_152401/0000/out_reco_584.root
20-Oct-2015 07:38:19 CEST  Initiating request to open file file:/lustre/cms//store/user/piet/ME0Segment_Time/DYToMuMu_M-20_TuneZ2star_14TeV-pythia6-tauola/DYToMuMu_M-20_TuneZ2star_14TeV-pythia6-tauola_HGCALGS_PU140_5ns_32ns_RECO/151014_152401/0000/out_reco_493.root
20-Oct-2015 07:38:19 CEST  Successfully opened file file:/lustre/cms//store/user/piet/ME0Segment_Time/DYToMuMu_M-20_TuneZ2star_14TeV-pythia6-tauola/DYToMuMu_M-20_TuneZ2star_14TeV-pythia6-tauola_HGCALGS_PU140_5ns_32ns_RECO/151014_152401/0000/out_reco_493.root
-2.8243620-Oct-2015 07:38:25 CEST  Closed file file:/lustre/cms//store/user/piet/ME0Segment_Time/DYToMuMu_M-20_TuneZ2star_14TeV-pythia6-tauola/DYToMuMu_M-20_TuneZ2star_14TeV-pythia6-tauola_HGCALGS_PU140_5ns_32ns_RECO/151014_152401/0000/out_reco_493.root
20-Oct-2015 07:38:25 CEST  Initiating request to open file file:/lustre/cms//store/user/piet/ME0Segment_Time/DYToMuMu_M-20_TuneZ2star_14TeV-pythia6-tauola/DYToMuMu_M-20_TuneZ2star_14TeV-pythia6-tauola_HGCALGS_PU140_5ns_32ns_RECO/151014_152401/0000/out_reco_382.root
20-Oct-2015 07:38:25 CEST  Successfully opened file file:/lustre/cms//store/user/piet/ME0Segment_Time/DYToMuMu_M-20_TuneZ2star_14TeV-pythia6-tauola/DYToMuMu_M-20_TuneZ2star_14TeV-pythia6-tauola_HGCALGS_PU140_5ns_32ns_RECO/151014_152401/0000/out_reco_382.root
20-Oct-2015 07:38:30 CEST  Closed file file:/lustre/cms//store/user/piet/ME0Segment_Time/DYToMuMu_M-20_TuneZ2star_14TeV-pythia6-tauola/DYToMuMu_M-20_TuneZ2star_14TeV-pythia6-tauola_HGCALGS_PU140_5ns_32ns_RECO/151014_152401/0000/out_reco_382.root
20-Oct-2015 07:38:30 CEST  Initiating request to open file file:/lustre/cms//store/user/piet/ME0Segment_Time/DYToMuMu_M-20_TuneZ2star_14TeV-pythia6-tauola/DYToMuMu_M-20_TuneZ2star_14TeV-pythia6-tauola_HGCALGS_PU140_5ns_32ns_RECO/151014_152401/0000/out_reco_305.root
20-Oct-2015 07:38:30 CEST  Successfully opened file file:/lustre/cms//store/user/piet/ME0Segment_Time/DYToMuMu_M-20_TuneZ2star_14TeV-pythia6-tauola/DYToMuMu_M-20_TuneZ2star_14TeV-pythia6-tauola_HGCALGS_PU140_5ns_32ns_RECO/151014_152401/0000/out_reco_305.root
-11.677320-Oct-2015 07:38:35 CEST  Closed file file:/lustre/cms//store/user/piet/ME0Segment_Time/DYToMuMu_M-20_TuneZ2star_14TeV-pythia6-tauola/DYToMuMu_M-20_TuneZ2star_14TeV-pythia6-tauola_HGCALGS_PU140_5ns_32ns_RECO/151014_152401/0000/out_reco_305.root
20-Oct-2015 07:38:35 CEST  Initiating request to open file file:/lustre/cms//store/user/piet/ME0Segment_Time/DYToMuMu_M-20_TuneZ2star_14TeV-pythia6-tauola/DYToMuMu_M-20_TuneZ2star_14TeV-pythia6-tauola_HGCALGS_PU140_5ns_32ns_RECO/151014_152401/0000/out_reco_171.root
20-Oct-2015 07:38:35 CEST  Successfully opened file file:/lustre/cms//store/user/piet/ME0Segment_Time/DYToMuMu_M-20_TuneZ2star_14TeV-pythia6-tauola/DYToMuMu_M-20_TuneZ2star_14TeV-pythia6-tauola_HGCALGS_PU140_5ns_32ns_RECO/151014_152401/0000/out_reco_171.root
20-Oct-2015 07:38:40 CEST  Closed file file:/lustre/cms//store/user/piet/ME0Segment_Time/DYToMuMu_M-20_TuneZ2star_14TeV-pythia6-tauola/DYToMuMu_M-20_TuneZ2star_14TeV-pythia6-tauola_HGCALGS_PU140_5ns_32ns_RECO/151014_152401/0000/out_reco_171.root
20-Oct-2015 07:38:40 CEST  Initiating request to open file file:/lustre/cms//store/user/piet/ME0Segment_Time/DYToMuMu_M-20_TuneZ2star_14TeV-pythia6-tauola/DYToMuMu_M-20_TuneZ2star_14TeV-pythia6-tauola_HGCALGS_PU140_5ns_32ns_RECO/151014_152401/0000/out_reco_962.root
20-Oct-2015 07:38:40 CEST  Successfully opened file file:/lustre/cms//store/user/piet/ME0Segment_Time/DYToMuMu_M-20_TuneZ2star_14TeV-pythia6-tauola/DYToMuMu_M-20_TuneZ2star_14TeV-pythia6-tauola_HGCALGS_PU140_5ns_32ns_RECO/151014_152401/0000/out_reco_962.root
20-Oct-2015 07:38:44 CEST  Closed file file:/lustre/cms//store/user/piet/ME0Segment_Time/DYToMuMu_M-20_TuneZ2star_14TeV-pythia6-tauola/DYToMuMu_M-20_TuneZ2star_14TeV-pythia6-tauola_HGCALGS_PU140_5ns_32ns_RECO/151014_152401/0000/out_reco_962.root
20-Oct-2015 07:38:44 CEST  Initiating request to open file file:/lustre/cms//store/user/piet/ME0Segment_Time/DYToMuMu_M-20_TuneZ2star_14TeV-pythia6-tauola/DYToMuMu_M-20_TuneZ2star_14TeV-pythia6-tauola_HGCALGS_PU140_5ns_32ns_RECO/151014_152401/0000/out_reco_916.root
20-Oct-2015 07:38:45 CEST  Successfully opened file file:/lustre/cms//store/user/piet/ME0Segment_Time/DYToMuMu_M-20_TuneZ2star_14TeV-pythia6-tauola/DYToMuMu_M-20_TuneZ2star_14TeV-pythia6-tauola_HGCALGS_PU140_5ns_32ns_RECO/151014_152401/0000/out_reco_916.root
20-Oct-2015 07:38:49 CEST  Closed file file:/lustre/cms//store/user/piet/ME0Segment_Time/DYToMuMu_M-20_TuneZ2star_14TeV-pythia6-tauola/DYToMuMu_M-20_TuneZ2star_14TeV-pythia6-tauola_HGCALGS_PU140_5ns_32ns_RECO/151014_152401/0000/out_reco_916.root
20-Oct-2015 07:38:49 CEST  Initiating request to open file file:/lustre/cms//store/user/piet/ME0Segment_Time/DYToMuMu_M-20_TuneZ2star_14TeV-pythia6-tauola/DYToMuMu_M-20_TuneZ2star_14TeV-pythia6-tauola_HGCALGS_PU140_5ns_32ns_RECO/151014_152401/0000/out_reco_928.root
20-Oct-2015 07:38:49 CEST  Successfully opened file file:/lustre/cms//store/user/piet/ME0Segment_Time/DYToMuMu_M-20_TuneZ2star_14TeV-pythia6-tauola/DYToMuMu_M-20_TuneZ2star_14TeV-pythia6-tauola_HGCALGS_PU140_5ns_32ns_RECO/151014_152401/0000/out_reco_928.root
-2.7117920-Oct-2015 07:38:54 CEST  Closed file file:/lustre/cms//store/user/piet/ME0Segment_Time/DYToMuMu_M-20_TuneZ2star_14TeV-pythia6-tauola/DYToMuMu_M-20_TuneZ2star_14TeV-pythia6-tauola_HGCALGS_PU140_5ns_32ns_RECO/151014_152401/0000/out_reco_928.root
20-Oct-2015 07:38:54 CEST  Initiating request to open file file:/lustre/cms//store/user/piet/ME0Segment_Time/DYToMuMu_M-20_TuneZ2star_14TeV-pythia6-tauola/DYToMuMu_M-20_TuneZ2star_14TeV-pythia6-tauola_HGCALGS_PU140_5ns_32ns_RECO/151014_152401/0000/out_reco_441.root
20-Oct-2015 07:38:54 CEST  Successfully opened file file:/lustre/cms//store/user/piet/ME0Segment_Time/DYToMuMu_M-20_TuneZ2star_14TeV-pythia6-tauola/DYToMuMu_M-20_TuneZ2star_14TeV-pythia6-tauola_HGCALGS_PU140_5ns_32ns_RECO/151014_152401/0000/out_reco_441.root
-2.5740120-Oct-2015 07:38:59 CEST  Closed file file:/lustre/cms//store/user/piet/ME0Segment_Time/DYToMuMu_M-20_TuneZ2star_14TeV-pythia6-tauola/DYToMuMu_M-20_TuneZ2star_14TeV-pythia6-tauola_HGCALGS_PU140_5ns_32ns_RECO/151014_152401/0000/out_reco_441.root
20-Oct-2015 07:38:59 CEST  Initiating request to open file file:/lustre/cms//store/user/piet/ME0Segment_Time/DYToMuMu_M-20_TuneZ2star_14TeV-pythia6-tauola/DYToMuMu_M-20_TuneZ2star_14TeV-pythia6-tauola_HGCALGS_PU140_5ns_32ns_RECO/151014_152401/0000/out_reco_206.root
20-Oct-2015 07:38:59 CEST  Successfully opened file file:/lustre/cms//store/user/piet/ME0Segment_Time/DYToMuMu_M-20_TuneZ2star_14TeV-pythia6-tauola/DYToMuMu_M-20_TuneZ2star_14TeV-pythia6-tauola_HGCALGS_PU140_5ns_32ns_RECO/151014_152401/0000/out_reco_206.root
Begin processing the 101st record. Run 1, Event 808821, LumiSection 34056 at 20-Oct-2015 07:39:02.106 CEST
-0.4492220-Oct-2015 07:39:04 CEST  Closed file file:/lustre/cms//store/user/piet/ME0Segment_Time/DYToMuMu_M-20_TuneZ2star_14TeV-pythia6-tauola/DYToMuMu_M-20_TuneZ2star_14TeV-pythia6-tauola_HGCALGS_PU140_5ns_32ns_RECO/151014_152401/0000/out_reco_206.root
20-Oct-2015 07:39:04 CEST  Initiating request to open file file:/lustre/cms//store/user/piet/ME0Segment_Time/DYToMuMu_M-20_TuneZ2star_14TeV-pythia6-tauola/DYToMuMu_M-20_TuneZ2star_14TeV-pythia6-tauola_HGCALGS_PU140_5ns_32ns_RECO/151014_152401/0000/out_reco_119.root
20-Oct-2015 07:39:04 CEST  Successfully opened file file:/lustre/cms//store/user/piet/ME0Segment_Time/DYToMuMu_M-20_TuneZ2star_14TeV-pythia6-tauola/DYToMuMu_M-20_TuneZ2star_14TeV-pythia6-tauola_HGCALGS_PU140_5ns_32ns_RECO/151014_152401/0000/out_reco_119.root
20-Oct-2015 07:39:09 CEST  Closed file file:/lustre/cms//store/user/piet/ME0Segment_Time/DYToMuMu_M-20_TuneZ2star_14TeV-pythia6-tauola/DYToMuMu_M-20_TuneZ2star_14TeV-pythia6-tauola_HGCALGS_PU140_5ns_32ns_RECO/151014_152401/0000/out_reco_119.root
20-Oct-2015 07:39:09 CEST  Initiating request to open file file:/lustre/cms//store/user/piet/ME0Segment_Time/DYToMuMu_M-20_TuneZ2star_14TeV-pythia6-tauola/DYToMuMu_M-20_TuneZ2star_14TeV-pythia6-tauola_HGCALGS_PU140_5ns_32ns_RECO/151014_152401/0000/out_reco_144.root
20-Oct-2015 07:39:09 CEST  Successfully opened file file:/lustre/cms//store/user/piet/ME0Segment_Time/DYToMuMu_M-20_TuneZ2star_14TeV-pythia6-tauola/DYToMuMu_M-20_TuneZ2star_14TeV-pythia6-tauola_HGCALGS_PU140_5ns_32ns_RECO/151014_152401/0000/out_reco_144.root
-6.8810520-Oct-2015 07:39:14 CEST  Closed file file:/lustre/cms//store/user/piet/ME0Segment_Time/DYToMuMu_M-20_TuneZ2star_14TeV-pythia6-tauola/DYToMuMu_M-20_TuneZ2star_14TeV-pythia6-tauola_HGCALGS_PU140_5ns_32ns_RECO/151014_152401/0000/out_reco_144.root
20-Oct-2015 07:39:14 CEST  Initiating request to open file file:/lustre/cms//store/user/piet/ME0Segment_Time/DYToMuMu_M-20_TuneZ2star_14TeV-pythia6-tauola/DYToMuMu_M-20_TuneZ2star_14TeV-pythia6-tauola_HGCALGS_PU140_5ns_32ns_RECO/151014_152401/0000/out_reco_882.root
20-Oct-2015 07:39:14 CEST  Successfully opened file file:/lustre/cms//store/user/piet/ME0Segment_Time/DYToMuMu_M-20_TuneZ2star_14TeV-pythia6-tauola/DYToMuMu_M-20_TuneZ2star_14TeV-pythia6-tauola_HGCALGS_PU140_5ns_32ns_RECO/151014_152401/0000/out_reco_882.root
20-Oct-2015 07:39:19 CEST  Closed file file:/lustre/cms//store/user/piet/ME0Segment_Time/DYToMuMu_M-20_TuneZ2star_14TeV-pythia6-tauola/DYToMuMu_M-20_TuneZ2star_14TeV-pythia6-tauola_HGCALGS_PU140_5ns_32ns_RECO/151014_152401/0000/out_reco_882.root
20-Oct-2015 07:39:19 CEST  Initiating request to open file file:/lustre/cms//store/user/piet/ME0Segment_Time/DYToMuMu_M-20_TuneZ2star_14TeV-pythia6-tauola/DYToMuMu_M-20_TuneZ2star_14TeV-pythia6-tauola_HGCALGS_PU140_5ns_32ns_RECO/151014_152401/0000/out_reco_764.root
20-Oct-2015 07:39:19 CEST  Successfully opened file file:/lustre/cms//store/user/piet/ME0Segment_Time/DYToMuMu_M-20_TuneZ2star_14TeV-pythia6-tauola/DYToMuMu_M-20_TuneZ2star_14TeV-pythia6-tauola_HGCALGS_PU140_5ns_32ns_RECO/151014_152401/0000/out_reco_764.root
20-Oct-2015 07:39:23 CEST  Closed file file:/lustre/cms//store/user/piet/ME0Segment_Time/DYToMuMu_M-20_TuneZ2star_14TeV-pythia6-tauola/DYToMuMu_M-20_TuneZ2star_14TeV-pythia6-tauola_HGCALGS_PU140_5ns_32ns_RECO/151014_152401/0000/out_reco_764.root
20-Oct-2015 07:39:23 CEST  Initiating request to open file file:/lustre/cms//store/user/piet/ME0Segment_Time/DYToMuMu_M-20_TuneZ2star_14TeV-pythia6-tauola/DYToMuMu_M-20_TuneZ2star_14TeV-pythia6-tauola_HGCALGS_PU140_5ns_32ns_RECO/151014_152401/0000/out_reco_782.root
20-Oct-2015 07:39:23 CEST  Successfully opened file file:/lustre/cms//store/user/piet/ME0Segment_Time/DYToMuMu_M-20_TuneZ2star_14TeV-pythia6-tauola/DYToMuMu_M-20_TuneZ2star_14TeV-pythia6-tauola_HGCALGS_PU140_5ns_32ns_RECO/151014_152401/0000/out_reco_782.root
20-Oct-2015 07:39:28 CEST  Closed file file:/lustre/cms//store/user/piet/ME0Segment_Time/DYToMuMu_M-20_TuneZ2star_14TeV-pythia6-tauola/DYToMuMu_M-20_TuneZ2star_14TeV-pythia6-tauola_HGCALGS_PU140_5ns_32ns_RECO/151014_152401/0000/out_reco_782.root
20-Oct-2015 07:39:28 CEST  Initiating request to open file file:/lustre/cms//store/user/piet/ME0Segment_Time/DYToMuMu_M-20_TuneZ2star_14TeV-pythia6-tauola/DYToMuMu_M-20_TuneZ2star_14TeV-pythia6-tauola_HGCALGS_PU140_5ns_32ns_RECO/151014_152401/0000/out_reco_576.root
20-Oct-2015 07:39:28 CEST  Successfully opened file file:/lustre/cms//store/user/piet/ME0Segment_Time/DYToMuMu_M-20_TuneZ2star_14TeV-pythia6-tauola/DYToMuMu_M-20_TuneZ2star_14TeV-pythia6-tauola_HGCALGS_PU140_5ns_32ns_RECO/151014_152401/0000/out_reco_576.root
20-Oct-2015 07:39:31 CEST  Closed file file:/lustre/cms//store/user/piet/ME0Segment_Time/DYToMuMu_M-20_TuneZ2star_14TeV-pythia6-tauola/DYToMuMu_M-20_TuneZ2star_14TeV-pythia6-tauola_HGCALGS_PU140_5ns_32ns_RECO/151014_152401/0000/out_reco_576.root
20-Oct-2015 07:39:31 CEST  Initiating request to open file file:/lustre/cms//store/user/piet/ME0Segment_Time/DYToMuMu_M-20_TuneZ2star_14TeV-pythia6-tauola/DYToMuMu_M-20_TuneZ2star_14TeV-pythia6-tauola_HGCALGS_PU140_5ns_32ns_RECO/151014_152401/0000/out_reco_565.root
20-Oct-2015 07:39:32 CEST  Successfully opened file file:/lustre/cms//store/user/piet/ME0Segment_Time/DYToMuMu_M-20_TuneZ2star_14TeV-pythia6-tauola/DYToMuMu_M-20_TuneZ2star_14TeV-pythia6-tauola_HGCALGS_PU140_5ns_32ns_RECO/151014_152401/0000/out_reco_565.root
-3.34022-3.5567120-Oct-2015 07:39:36 CEST  Closed file file:/lustre/cms//store/user/piet/ME0Segment_Time/DYToMuMu_M-20_TuneZ2star_14TeV-pythia6-tauola/DYToMuMu_M-20_TuneZ2star_14TeV-pythia6-tauola_HGCALGS_PU140_5ns_32ns_RECO/151014_152401/0000/out_reco_565.root
20-Oct-2015 07:39:36 CEST  Initiating request to open file file:/lustre/cms//store/user/piet/ME0Segment_Time/DYToMuMu_M-20_TuneZ2star_14TeV-pythia6-tauola/DYToMuMu_M-20_TuneZ2star_14TeV-pythia6-tauola_HGCALGS_PU140_5ns_32ns_RECO/151014_152401/0000/out_reco_552.root
20-Oct-2015 07:39:36 CEST  Successfully opened file file:/lustre/cms//store/user/piet/ME0Segment_Time/DYToMuMu_M-20_TuneZ2star_14TeV-pythia6-tauola/DYToMuMu_M-20_TuneZ2star_14TeV-pythia6-tauola_HGCALGS_PU140_5ns_32ns_RECO/151014_152401/0000/out_reco_552.root
-0.33832320-Oct-2015 07:39:41 CEST  Closed file file:/lustre/cms//store/user/piet/ME0Segment_Time/DYToMuMu_M-20_TuneZ2star_14TeV-pythia6-tauola/DYToMuMu_M-20_TuneZ2star_14TeV-pythia6-tauola_HGCALGS_PU140_5ns_32ns_RECO/151014_152401/0000/out_reco_552.root
20-Oct-2015 07:39:41 CEST  Initiating request to open file file:/lustre/cms//store/user/piet/ME0Segment_Time/DYToMuMu_M-20_TuneZ2star_14TeV-pythia6-tauola/DYToMuMu_M-20_TuneZ2star_14TeV-pythia6-tauola_HGCALGS_PU140_5ns_32ns_RECO/151014_152401/0000/out_reco_518.root
20-Oct-2015 07:39:41 CEST  Successfully opened file file:/lustre/cms//store/user/piet/ME0Segment_Time/DYToMuMu_M-20_TuneZ2star_14TeV-pythia6-tauola/DYToMuMu_M-20_TuneZ2star_14TeV-pythia6-tauola_HGCALGS_PU140_5ns_32ns_RECO/151014_152401/0000/out_reco_518.root
20-Oct-2015 07:39:45 CEST  Closed file file:/lustre/cms//store/user/piet/ME0Segment_Time/DYToMuMu_M-20_TuneZ2star_14TeV-pythia6-tauola/DYToMuMu_M-20_TuneZ2star_14TeV-pythia6-tauola_HGCALGS_PU140_5ns_32ns_RECO/151014_152401/0000/out_reco_518.root
20-Oct-2015 07:39:45 CEST  Initiating request to open file file:/lustre/cms//store/user/piet/ME0Segment_Time/DYToMuMu_M-20_TuneZ2star_14TeV-pythia6-tauola/DYToMuMu_M-20_TuneZ2star_14TeV-pythia6-tauola_HGCALGS_PU140_5ns_32ns_RECO/151014_152401/0000/out_reco_420.root
20-Oct-2015 07:39:45 CEST  Successfully opened file file:/lustre/cms//store/user/piet/ME0Segment_Time/DYToMuMu_M-20_TuneZ2star_14TeV-pythia6-tauola/DYToMuMu_M-20_TuneZ2star_14TeV-pythia6-tauola_HGCALGS_PU140_5ns_32ns_RECO/151014_152401/0000/out_reco_420.root
Begin processing the 201st record. Run 1, Event 352281, LumiSection 14833 at 20-Oct-2015 07:39:48.256 CEST
-1.3783320-Oct-2015 07:39:52 CEST  Closed file file:/lustre/cms//store/user/piet/ME0Segment_Time/DYToMuMu_M-20_TuneZ2star_14TeV-pythia6-tauola/DYToMuMu_M-20_TuneZ2star_14TeV-pythia6-tauola_HGCALGS_PU140_5ns_32ns_RECO/151014_152401/0000/out_reco_420.root
20-Oct-2015 07:39:52 CEST  Initiating request to open file file:/lustre/cms//store/user/piet/ME0Segment_Time/DYToMuMu_M-20_TuneZ2star_14TeV-pythia6-tauola/DYToMuMu_M-20_TuneZ2star_14TeV-pythia6-tauola_HGCALGS_PU140_5ns_32ns_RECO/151014_152401/0000/out_reco_410.root
20-Oct-2015 07:39:52 CEST  Successfully opened file file:/lustre/cms//store/user/piet/ME0Segment_Time/DYToMuMu_M-20_TuneZ2star_14TeV-pythia6-tauola/DYToMuMu_M-20_TuneZ2star_14TeV-pythia6-tauola_HGCALGS_PU140_5ns_32ns_RECO/151014_152401/0000/out_reco_410.root
-0.3525420-Oct-2015 07:39:56 CEST  Closed file file:/lustre/cms//store/user/piet/ME0Segment_Time/DYToMuMu_M-20_TuneZ2star_14TeV-pythia6-tauola/DYToMuMu_M-20_TuneZ2star_14TeV-pythia6-tauola_HGCALGS_PU140_5ns_32ns_RECO/151014_152401/0000/out_reco_410.root
20-Oct-2015 07:39:56 CEST  Initiating request to open file file:/lustre/cms//store/user/piet/ME0Segment_Time/DYToMuMu_M-20_TuneZ2star_14TeV-pythia6-tauola/DYToMuMu_M-20_TuneZ2star_14TeV-pythia6-tauola_HGCALGS_PU140_5ns_32ns_RECO/151014_152401/0000/out_reco_386.root
20-Oct-2015 07:39:57 CEST  Successfully opened file file:/lustre/cms//store/user/piet/ME0Segment_Time/DYToMuMu_M-20_TuneZ2star_14TeV-pythia6-tauola/DYToMuMu_M-20_TuneZ2star_14TeV-pythia6-tauola_HGCALGS_PU140_5ns_32ns_RECO/151014_152401/0000/out_reco_386.root
20-Oct-2015 07:40:01 CEST  Closed file file:/lustre/cms//store/user/piet/ME0Segment_Time/DYToMuMu_M-20_TuneZ2star_14TeV-pythia6-tauola/DYToMuMu_M-20_TuneZ2star_14TeV-pythia6-tauola_HGCALGS_PU140_5ns_32ns_RECO/151014_152401/0000/out_reco_386.root
20-Oct-2015 07:40:01 CEST  Initiating request to open file file:/lustre/cms//store/user/piet/ME0Segment_Time/DYToMuMu_M-20_TuneZ2star_14TeV-pythia6-tauola/DYToMuMu_M-20_TuneZ2star_14TeV-pythia6-tauola_HGCALGS_PU140_5ns_32ns_RECO/151014_152401/0000/out_reco_337.root
20-Oct-2015 07:40:01 CEST  Successfully opened file file:/lustre/cms//store/user/piet/ME0Segment_Time/DYToMuMu_M-20_TuneZ2star_14TeV-pythia6-tauola/DYToMuMu_M-20_TuneZ2star_14TeV-pythia6-tauola_HGCALGS_PU140_5ns_32ns_RECO/151014_152401/0000/out_reco_337.root
-0.88669220-Oct-2015 07:40:05 CEST  Closed file file:/lustre/cms//store/user/piet/ME0Segment_Time/DYToMuMu_M-20_TuneZ2star_14TeV-pythia6-tauola/DYToMuMu_M-20_TuneZ2star_14TeV-pythia6-tauola_HGCALGS_PU140_5ns_32ns_RECO/151014_152401/0000/out_reco_337.root
20-Oct-2015 07:40:05 CEST  Initiating request to open file file:/lustre/cms//store/user/piet/ME0Segment_Time/DYToMuMu_M-20_TuneZ2star_14TeV-pythia6-tauola/DYToMuMu_M-20_TuneZ2star_14TeV-pythia6-tauola_HGCALGS_PU140_5ns_32ns_RECO/151014_152401/0000/out_reco_210.root
20-Oct-2015 07:40:06 CEST  Successfully opened file file:/lustre/cms//store/user/piet/ME0Segment_Time/DYToMuMu_M-20_TuneZ2star_14TeV-pythia6-tauola/DYToMuMu_M-20_TuneZ2star_14TeV-pythia6-tauola_HGCALGS_PU140_5ns_32ns_RECO/151014_152401/0000/out_reco_210.root
-0.247938-4.4738420-Oct-2015 07:40:10 CEST  Closed file file:/lustre/cms//store/user/piet/ME0Segment_Time/DYToMuMu_M-20_TuneZ2star_14TeV-pythia6-tauola/DYToMuMu_M-20_TuneZ2star_14TeV-pythia6-tauola_HGCALGS_PU140_5ns_32ns_RECO/151014_152401/0000/out_reco_210.root
20-Oct-2015 07:40:10 CEST  Initiating request to open file file:/lustre/cms//store/user/piet/ME0Segment_Time/DYToMuMu_M-20_TuneZ2star_14TeV-pythia6-tauola/DYToMuMu_M-20_TuneZ2star_14TeV-pythia6-tauola_HGCALGS_PU140_5ns_32ns_RECO/151014_152401/0000/out_reco_21.root
20-Oct-2015 07:40:10 CEST  Successfully opened file file:/lustre/cms//store/user/piet/ME0Segment_Time/DYToMuMu_M-20_TuneZ2star_14TeV-pythia6-tauola/DYToMuMu_M-20_TuneZ2star_14TeV-pythia6-tauola_HGCALGS_PU140_5ns_32ns_RECO/151014_152401/0000/out_reco_21.root
-5.913320-Oct-2015 07:40:15 CEST  Closed file file:/lustre/cms//store/user/piet/ME0Segment_Time/DYToMuMu_M-20_TuneZ2star_14TeV-pythia6-tauola/DYToMuMu_M-20_TuneZ2star_14TeV-pythia6-tauola_HGCALGS_PU140_5ns_32ns_RECO/151014_152401/0000/out_reco_21.root
20-Oct-2015 07:40:15 CEST  Initiating request to open file file:/lustre/cms//store/user/piet/ME0Segment_Time/DYToMuMu_M-20_TuneZ2star_14TeV-pythia6-tauola/DYToMuMu_M-20_TuneZ2star_14TeV-pythia6-tauola_HGCALGS_PU140_5ns_32ns_RECO/151014_152401/0000/out_reco_309.root
20-Oct-2015 07:40:16 CEST  Successfully opened file file:/lustre/cms//store/user/piet/ME0Segment_Time/DYToMuMu_M-20_TuneZ2star_14TeV-pythia6-tauola/DYToMuMu_M-20_TuneZ2star_14TeV-pythia6-tauola_HGCALGS_PU140_5ns_32ns_RECO/151014_152401/0000/out_reco_309.root
-10.723220-Oct-2015 07:40:20 CEST  Closed file file:/lustre/cms//store/user/piet/ME0Segment_Time/DYToMuMu_M-20_TuneZ2star_14TeV-pythia6-tauola/DYToMuMu_M-20_TuneZ2star_14TeV-pythia6-tauola_HGCALGS_PU140_5ns_32ns_RECO/151014_152401/0000/out_reco_309.root
20-Oct-2015 07:40:20 CEST  Initiating request to open file file:/lustre/cms//store/user/piet/ME0Segment_Time/DYToMuMu_M-20_TuneZ2star_14TeV-pythia6-tauola/DYToMuMu_M-20_TuneZ2star_14TeV-pythia6-tauola_HGCALGS_PU140_5ns_32ns_RECO/151014_152401/0000/out_reco_310.root
20-Oct-2015 07:40:20 CEST  Successfully opened file file:/lustre/cms//store/user/piet/ME0Segment_Time/DYToMuMu_M-20_TuneZ2star_14TeV-pythia6-tauola/DYToMuMu_M-20_TuneZ2star_14TeV-pythia6-tauola_HGCALGS_PU140_5ns_32ns_RECO/151014_152401/0000/out_reco_310.root
%MSG-e RunLumiMerging:  source 20-Oct-2015 07:40:21 CEST PostProcessEvent
ProductHolderBase::mergeTheProduct
Two run/lumi products for the same run/lumi which should be equal are not
Using the first, ignoring the second
className = edm::RandomEngineStates
moduleLabel = randomEngineStateProducer
instance = beginLumi
process = DIGI2RAW

%MSG
-5.37389-7.9725320-Oct-2015 07:40:25 CEST  Closed file file:/lustre/cms//store/user/piet/ME0Segment_Time/DYToMuMu_M-20_TuneZ2star_14TeV-pythia6-tauola/DYToMuMu_M-20_TuneZ2star_14TeV-pythia6-tauola_HGCALGS_PU140_5ns_32ns_RECO/151014_152401/0000/out_reco_310.root
20-Oct-2015 07:40:25 CEST  Initiating request to open file file:/lustre/cms//store/user/piet/ME0Segment_Time/DYToMuMu_M-20_TuneZ2star_14TeV-pythia6-tauola/DYToMuMu_M-20_TuneZ2star_14TeV-pythia6-tauola_HGCALGS_PU140_5ns_32ns_RECO/151014_152401/0000/out_reco_952.root
20-Oct-2015 07:40:26 CEST  Successfully opened file file:/lustre/cms//store/user/piet/ME0Segment_Time/DYToMuMu_M-20_TuneZ2star_14TeV-pythia6-tauola/DYToMuMu_M-20_TuneZ2star_14TeV-pythia6-tauola_HGCALGS_PU140_5ns_32ns_RECO/151014_152401/0000/out_reco_952.root
20-Oct-2015 07:40:30 CEST  Closed file file:/lustre/cms//store/user/piet/ME0Segment_Time/DYToMuMu_M-20_TuneZ2star_14TeV-pythia6-tauola/DYToMuMu_M-20_TuneZ2star_14TeV-pythia6-tauola_HGCALGS_PU140_5ns_32ns_RECO/151014_152401/0000/out_reco_952.root
20-Oct-2015 07:40:30 CEST  Initiating request to open file file:/lustre/cms//store/user/piet/ME0Segment_Time/DYToMuMu_M-20_TuneZ2star_14TeV-pythia6-tauola/DYToMuMu_M-20_TuneZ2star_14TeV-pythia6-tauola_HGCALGS_PU140_5ns_32ns_RECO/151014_152401/0000/out_reco_88.root
20-Oct-2015 07:40:31 CEST  Successfully opened file file:/lustre/cms//store/user/piet/ME0Segment_Time/DYToMuMu_M-20_TuneZ2star_14TeV-pythia6-tauola/DYToMuMu_M-20_TuneZ2star_14TeV-pythia6-tauola_HGCALGS_PU140_5ns_32ns_RECO/151014_152401/0000/out_reco_88.root
-2.8429620-Oct-2015 07:40:35 CEST  Closed file file:/lustre/cms//store/user/piet/ME0Segment_Time/DYToMuMu_M-20_TuneZ2star_14TeV-pythia6-tauola/DYToMuMu_M-20_TuneZ2star_14TeV-pythia6-tauola_HGCALGS_PU140_5ns_32ns_RECO/151014_152401/0000/out_reco_88.root
20-Oct-2015 07:40:35 CEST  Initiating request to open file file:/lustre/cms//store/user/piet/ME0Segment_Time/DYToMuMu_M-20_TuneZ2star_14TeV-pythia6-tauola/DYToMuMu_M-20_TuneZ2star_14TeV-pythia6-tauola_HGCALGS_PU140_5ns_32ns_RECO/151014_152401/0000/out_reco_181.root
20-Oct-2015 07:40:35 CEST  Successfully opened file file:/lustre/cms//store/user/piet/ME0Segment_Time/DYToMuMu_M-20_TuneZ2star_14TeV-pythia6-tauola/DYToMuMu_M-20_TuneZ2star_14TeV-pythia6-tauola_HGCALGS_PU140_5ns_32ns_RECO/151014_152401/0000/out_reco_181.root
Begin processing the 301st record. Run 1, Event 720621, LumiSection 30342 at 20-Oct-2015 07:40:37.484 CEST
-0.98840320-Oct-2015 07:40:40 CEST  Closed file file:/lustre/cms//store/user/piet/ME0Segment_Time/DYToMuMu_M-20_TuneZ2star_14TeV-pythia6-tauola/DYToMuMu_M-20_TuneZ2star_14TeV-pythia6-tauola_HGCALGS_PU140_5ns_32ns_RECO/151014_152401/0000/out_reco_181.root
20-Oct-2015 07:40:40 CEST  Initiating request to open file file:/lustre/cms//store/user/piet/ME0Segment_Time/DYToMuMu_M-20_TuneZ2star_14TeV-pythia6-tauola/DYToMuMu_M-20_TuneZ2star_14TeV-pythia6-tauola_HGCALGS_PU140_5ns_32ns_RECO/151014_152401/0000/out_reco_106.root
20-Oct-2015 07:40:40 CEST  Successfully opened file file:/lustre/cms//store/user/piet/ME0Segment_Time/DYToMuMu_M-20_TuneZ2star_14TeV-pythia6-tauola/DYToMuMu_M-20_TuneZ2star_14TeV-pythia6-tauola_HGCALGS_PU140_5ns_32ns_RECO/151014_152401/0000/out_reco_106.root
20-Oct-2015 07:40:45 CEST  Closed file file:/lustre/cms//store/user/piet/ME0Segment_Time/DYToMuMu_M-20_TuneZ2star_14TeV-pythia6-tauola/DYToMuMu_M-20_TuneZ2star_14TeV-pythia6-tauola_HGCALGS_PU140_5ns_32ns_RECO/151014_152401/0000/out_reco_106.root
20-Oct-2015 07:40:45 CEST  Initiating request to open file file:/lustre/cms//store/user/piet/ME0Segment_Time/DYToMuMu_M-20_TuneZ2star_14TeV-pythia6-tauola/DYToMuMu_M-20_TuneZ2star_14TeV-pythia6-tauola_HGCALGS_PU140_5ns_32ns_RECO/151014_152401/0000/out_reco_953.root
20-Oct-2015 07:40:45 CEST  Successfully opened file file:/lustre/cms//store/user/piet/ME0Segment_Time/DYToMuMu_M-20_TuneZ2star_14TeV-pythia6-tauola/DYToMuMu_M-20_TuneZ2star_14TeV-pythia6-tauola_HGCALGS_PU140_5ns_32ns_RECO/151014_152401/0000/out_reco_953.root
-1.09499-0.329989-0.63073920-Oct-2015 07:40:51 CEST  Closed file file:/lustre/cms//store/user/piet/ME0Segment_Time/DYToMuMu_M-20_TuneZ2star_14TeV-pythia6-tauola/DYToMuMu_M-20_TuneZ2star_14TeV-pythia6-tauola_HGCALGS_PU140_5ns_32ns_RECO/151014_152401/0000/out_reco_953.root
20-Oct-2015 07:40:51 CEST  Initiating request to open file file:/lustre/cms//store/user/piet/ME0Segment_Time/DYToMuMu_M-20_TuneZ2star_14TeV-pythia6-tauola/DYToMuMu_M-20_TuneZ2star_14TeV-pythia6-tauola_HGCALGS_PU140_5ns_32ns_RECO/151014_152401/0000/out_reco_328.root
20-Oct-2015 07:40:51 CEST  Successfully opened file file:/lustre/cms//store/user/piet/ME0Segment_Time/DYToMuMu_M-20_TuneZ2star_14TeV-pythia6-tauola/DYToMuMu_M-20_TuneZ2star_14TeV-pythia6-tauola_HGCALGS_PU140_5ns_32ns_RECO/151014_152401/0000/out_reco_328.root
20-Oct-2015 07:40:55 CEST  Closed file file:/lustre/cms//store/user/piet/ME0Segment_Time/DYToMuMu_M-20_TuneZ2star_14TeV-pythia6-tauola/DYToMuMu_M-20_TuneZ2star_14TeV-pythia6-tauola_HGCALGS_PU140_5ns_32ns_RECO/151014_152401/0000/out_reco_328.root
20-Oct-2015 07:40:55 CEST  Initiating request to open file file:/lustre/cms//store/user/piet/ME0Segment_Time/DYToMuMu_M-20_TuneZ2star_14TeV-pythia6-tauola/DYToMuMu_M-20_TuneZ2star_14TeV-pythia6-tauola_HGCALGS_PU140_5ns_32ns_RECO/151014_152401/0000/out_reco_183.root
20-Oct-2015 07:40:55 CEST  Successfully opened file file:/lustre/cms//store/user/piet/ME0Segment_Time/DYToMuMu_M-20_TuneZ2star_14TeV-pythia6-tauola/DYToMuMu_M-20_TuneZ2star_14TeV-pythia6-tauola_HGCALGS_PU140_5ns_32ns_RECO/151014_152401/0000/out_reco_183.root
-8.6820-Oct-2015 07:41:00 CEST  Closed file file:/lustre/cms//store/user/piet/ME0Segment_Time/DYToMuMu_M-20_TuneZ2star_14TeV-pythia6-tauola/DYToMuMu_M-20_TuneZ2star_14TeV-pythia6-tauola_HGCALGS_PU140_5ns_32ns_RECO/151014_152401/0000/out_reco_183.root
20-Oct-2015 07:41:00 CEST  Initiating request to open file file:/lustre/cms//store/user/piet/ME0Segment_Time/DYToMuMu_M-20_TuneZ2star_14TeV-pythia6-tauola/DYToMuMu_M-20_TuneZ2star_14TeV-pythia6-tauola_HGCALGS_PU140_5ns_32ns_RECO/151014_152401/0000/out_reco_173.root
20-Oct-2015 07:41:00 CEST  Successfully opened file file:/lustre/cms//store/user/piet/ME0Segment_Time/DYToMuMu_M-20_TuneZ2star_14TeV-pythia6-tauola/DYToMuMu_M-20_TuneZ2star_14TeV-pythia6-tauola_HGCALGS_PU140_5ns_32ns_RECO/151014_152401/0000/out_reco_173.root
20-Oct-2015 07:41:05 CEST  Closed file file:/lustre/cms//store/user/piet/ME0Segment_Time/DYToMuMu_M-20_TuneZ2star_14TeV-pythia6-tauola/DYToMuMu_M-20_TuneZ2star_14TeV-pythia6-tauola_HGCALGS_PU140_5ns_32ns_RECO/151014_152401/0000/out_reco_173.root
20-Oct-2015 07:41:05 CEST  Initiating request to open file file:/lustre/cms//store/user/piet/ME0Segment_Time/DYToMuMu_M-20_TuneZ2star_14TeV-pythia6-tauola/DYToMuMu_M-20_TuneZ2star_14TeV-pythia6-tauola_HGCALGS_PU140_5ns_32ns_RECO/151014_152401/0000/out_reco_456.root
20-Oct-2015 07:41:05 CEST  Successfully opened file file:/lustre/cms//store/user/piet/ME0Segment_Time/DYToMuMu_M-20_TuneZ2star_14TeV-pythia6-tauola/DYToMuMu_M-20_TuneZ2star_14TeV-pythia6-tauola_HGCALGS_PU140_5ns_32ns_RECO/151014_152401/0000/out_reco_456.root
20-Oct-2015 07:41:10 CEST  Closed file file:/lustre/cms//store/user/piet/ME0Segment_Time/DYToMuMu_M-20_TuneZ2star_14TeV-pythia6-tauola/DYToMuMu_M-20_TuneZ2star_14TeV-pythia6-tauola_HGCALGS_PU140_5ns_32ns_RECO/151014_152401/0000/out_reco_456.root
20-Oct-2015 07:41:10 CEST  Initiating request to open file file:/lustre/cms//store/user/piet/ME0Segment_Time/DYToMuMu_M-20_TuneZ2star_14TeV-pythia6-tauola/DYToMuMu_M-20_TuneZ2star_14TeV-pythia6-tauola_HGCALGS_PU140_5ns_32ns_RECO/151014_152401/0000/out_reco_670.root
20-Oct-2015 07:41:10 CEST  Successfully opened file file:/lustre/cms//store/user/piet/ME0Segment_Time/DYToMuMu_M-20_TuneZ2star_14TeV-pythia6-tauola/DYToMuMu_M-20_TuneZ2star_14TeV-pythia6-tauola_HGCALGS_PU140_5ns_32ns_RECO/151014_152401/0000/out_reco_670.root
-0.29063820-Oct-2015 07:41:15 CEST  Closed file file:/lustre/cms//store/user/piet/ME0Segment_Time/DYToMuMu_M-20_TuneZ2star_14TeV-pythia6-tauola/DYToMuMu_M-20_TuneZ2star_14TeV-pythia6-tauola_HGCALGS_PU140_5ns_32ns_RECO/151014_152401/0000/out_reco_670.root
20-Oct-2015 07:41:15 CEST  Initiating request to open file file:/lustre/cms//store/user/piet/ME0Segment_Time/DYToMuMu_M-20_TuneZ2star_14TeV-pythia6-tauola/DYToMuMu_M-20_TuneZ2star_14TeV-pythia6-tauola_HGCALGS_PU140_5ns_32ns_RECO/151014_152401/0000/out_reco_672.root
20-Oct-2015 07:41:15 CEST  Successfully opened file file:/lustre/cms//store/user/piet/ME0Segment_Time/DYToMuMu_M-20_TuneZ2star_14TeV-pythia6-tauola/DYToMuMu_M-20_TuneZ2star_14TeV-pythia6-tauola_HGCALGS_PU140_5ns_32ns_RECO/151014_152401/0000/out_reco_672.root
-11.382320-Oct-2015 07:41:20 CEST  Closed file file:/lustre/cms//store/user/piet/ME0Segment_Time/DYToMuMu_M-20_TuneZ2star_14TeV-pythia6-tauola/DYToMuMu_M-20_TuneZ2star_14TeV-pythia6-tauola_HGCALGS_PU140_5ns_32ns_RECO/151014_152401/0000/out_reco_672.root
20-Oct-2015 07:41:20 CEST  Initiating request to open file file:/lustre/cms//store/user/piet/ME0Segment_Time/DYToMuMu_M-20_TuneZ2star_14TeV-pythia6-tauola/DYToMuMu_M-20_TuneZ2star_14TeV-pythia6-tauola_HGCALGS_PU140_5ns_32ns_RECO/151014_152401/0000/out_reco_661.root
20-Oct-2015 07:41:20 CEST  Successfully opened file file:/lustre/cms//store/user/piet/ME0Segment_Time/DYToMuMu_M-20_TuneZ2star_14TeV-pythia6-tauola/DYToMuMu_M-20_TuneZ2star_14TeV-pythia6-tauola_HGCALGS_PU140_5ns_32ns_RECO/151014_152401/0000/out_reco_661.root
20-Oct-2015 07:41:25 CEST  Closed file file:/lustre/cms//store/user/piet/ME0Segment_Time/DYToMuMu_M-20_TuneZ2star_14TeV-pythia6-tauola/DYToMuMu_M-20_TuneZ2star_14TeV-pythia6-tauola_HGCALGS_PU140_5ns_32ns_RECO/151014_152401/0000/out_reco_661.root
20-Oct-2015 07:41:25 CEST  Initiating request to open file file:/lustre/cms//store/user/piet/ME0Segment_Time/DYToMuMu_M-20_TuneZ2star_14TeV-pythia6-tauola/DYToMuMu_M-20_TuneZ2star_14TeV-pythia6-tauola_HGCALGS_PU140_5ns_32ns_RECO/151014_152401/0000/out_reco_657.root
20-Oct-2015 07:41:25 CEST  Successfully opened file file:/lustre/cms//store/user/piet/ME0Segment_Time/DYToMuMu_M-20_TuneZ2star_14TeV-pythia6-tauola/DYToMuMu_M-20_TuneZ2star_14TeV-pythia6-tauola_HGCALGS_PU140_5ns_32ns_RECO/151014_152401/0000/out_reco_657.root
Begin processing the 401st record. Run 1, Event 751511, LumiSection 31643 at 20-Oct-2015 07:41:27.607 CEST
-64.050520-Oct-2015 07:41:30 CEST  Closed file file:/lustre/cms//store/user/piet/ME0Segment_Time/DYToMuMu_M-20_TuneZ2star_14TeV-pythia6-tauola/DYToMuMu_M-20_TuneZ2star_14TeV-pythia6-tauola_HGCALGS_PU140_5ns_32ns_RECO/151014_152401/0000/out_reco_657.root
20-Oct-2015 07:41:30 CEST  Initiating request to open file file:/lustre/cms//store/user/piet/ME0Segment_Time/DYToMuMu_M-20_TuneZ2star_14TeV-pythia6-tauola/DYToMuMu_M-20_TuneZ2star_14TeV-pythia6-tauola_HGCALGS_PU140_5ns_32ns_RECO/151014_152401/0000/out_reco_402.root
20-Oct-2015 07:41:30 CEST  Successfully opened file file:/lustre/cms//store/user/piet/ME0Segment_Time/DYToMuMu_M-20_TuneZ2star_14TeV-pythia6-tauola/DYToMuMu_M-20_TuneZ2star_14TeV-pythia6-tauola_HGCALGS_PU140_5ns_32ns_RECO/151014_152401/0000/out_reco_402.root
20-Oct-2015 07:41:35 CEST  Closed file file:/lustre/cms//store/user/piet/ME0Segment_Time/DYToMuMu_M-20_TuneZ2star_14TeV-pythia6-tauola/DYToMuMu_M-20_TuneZ2star_14TeV-pythia6-tauola_HGCALGS_PU140_5ns_32ns_RECO/151014_152401/0000/out_reco_402.root
20-Oct-2015 07:41:35 CEST  Initiating request to open file file:/lustre/cms//store/user/piet/ME0Segment_Time/DYToMuMu_M-20_TuneZ2star_14TeV-pythia6-tauola/DYToMuMu_M-20_TuneZ2star_14TeV-pythia6-tauola_HGCALGS_PU140_5ns_32ns_RECO/151014_152401/0000/out_reco_331.root
20-Oct-2015 07:41:35 CEST  Successfully opened file file:/lustre/cms//store/user/piet/ME0Segment_Time/DYToMuMu_M-20_TuneZ2star_14TeV-pythia6-tauola/DYToMuMu_M-20_TuneZ2star_14TeV-pythia6-tauola_HGCALGS_PU140_5ns_32ns_RECO/151014_152401/0000/out_reco_331.root
-1.334120-Oct-2015 07:41:40 CEST  Closed file file:/lustre/cms//store/user/piet/ME0Segment_Time/DYToMuMu_M-20_TuneZ2star_14TeV-pythia6-tauola/DYToMuMu_M-20_TuneZ2star_14TeV-pythia6-tauola_HGCALGS_PU140_5ns_32ns_RECO/151014_152401/0000/out_reco_331.root
20-Oct-2015 07:41:40 CEST  Initiating request to open file file:/lustre/cms//store/user/piet/ME0Segment_Time/DYToMuMu_M-20_TuneZ2star_14TeV-pythia6-tauola/DYToMuMu_M-20_TuneZ2star_14TeV-pythia6-tauola_HGCALGS_PU140_5ns_32ns_RECO/151014_152401/0000/out_reco_292.root
20-Oct-2015 07:41:40 CEST  Successfully opened file file:/lustre/cms//store/user/piet/ME0Segment_Time/DYToMuMu_M-20_TuneZ2star_14TeV-pythia6-tauola/DYToMuMu_M-20_TuneZ2star_14TeV-pythia6-tauola_HGCALGS_PU140_5ns_32ns_RECO/151014_152401/0000/out_reco_292.root
20-Oct-2015 07:41:45 CEST  Closed file file:/lustre/cms//store/user/piet/ME0Segment_Time/DYToMuMu_M-20_TuneZ2star_14TeV-pythia6-tauola/DYToMuMu_M-20_TuneZ2star_14TeV-pythia6-tauola_HGCALGS_PU140_5ns_32ns_RECO/151014_152401/0000/out_reco_292.root
20-Oct-2015 07:41:45 CEST  Initiating request to open file file:/lustre/cms//store/user/piet/ME0Segment_Time/DYToMuMu_M-20_TuneZ2star_14TeV-pythia6-tauola/DYToMuMu_M-20_TuneZ2star_14TeV-pythia6-tauola_HGCALGS_PU140_5ns_32ns_RECO/151014_152401/0000/out_reco_261.root
20-Oct-2015 07:41:45 CEST  Successfully opened file file:/lustre/cms//store/user/piet/ME0Segment_Time/DYToMuMu_M-20_TuneZ2star_14TeV-pythia6-tauola/DYToMuMu_M-20_TuneZ2star_14TeV-pythia6-tauola_HGCALGS_PU140_5ns_32ns_RECO/151014_152401/0000/out_reco_261.root
-0.510721-12.562620-Oct-2015 07:41:51 CEST  Closed file file:/lustre/cms//store/user/piet/ME0Segment_Time/DYToMuMu_M-20_TuneZ2star_14TeV-pythia6-tauola/DYToMuMu_M-20_TuneZ2star_14TeV-pythia6-tauola_HGCALGS_PU140_5ns_32ns_RECO/151014_152401/0000/out_reco_261.root
20-Oct-2015 07:41:51 CEST  Initiating request to open file file:/lustre/cms//store/user/piet/ME0Segment_Time/DYToMuMu_M-20_TuneZ2star_14TeV-pythia6-tauola/DYToMuMu_M-20_TuneZ2star_14TeV-pythia6-tauola_HGCALGS_PU140_5ns_32ns_RECO/151014_152401/0000/out_reco_574.root
20-Oct-2015 07:41:51 CEST  Successfully opened file file:/lustre/cms//store/user/piet/ME0Segment_Time/DYToMuMu_M-20_TuneZ2star_14TeV-pythia6-tauola/DYToMuMu_M-20_TuneZ2star_14TeV-pythia6-tauola_HGCALGS_PU140_5ns_32ns_RECO/151014_152401/0000/out_reco_574.root
20-Oct-2015 07:41:57 CEST  Closed file file:/lustre/cms//store/user/piet/ME0Segment_Time/DYToMuMu_M-20_TuneZ2star_14TeV-pythia6-tauola/DYToMuMu_M-20_TuneZ2star_14TeV-pythia6-tauola_HGCALGS_PU140_5ns_32ns_RECO/151014_152401/0000/out_reco_574.root
20-Oct-2015 07:41:57 CEST  Initiating request to open file file:/lustre/cms//store/user/piet/ME0Segment_Time/DYToMuMu_M-20_TuneZ2star_14TeV-pythia6-tauola/DYToMuMu_M-20_TuneZ2star_14TeV-pythia6-tauola_HGCALGS_PU140_5ns_32ns_RECO/151014_152401/0000/out_reco_490.root
20-Oct-2015 07:41:58 CEST  Successfully opened file file:/lustre/cms//store/user/piet/ME0Segment_Time/DYToMuMu_M-20_TuneZ2star_14TeV-pythia6-tauola/DYToMuMu_M-20_TuneZ2star_14TeV-pythia6-tauola_HGCALGS_PU140_5ns_32ns_RECO/151014_152401/0000/out_reco_490.root
-1.159520-Oct-2015 07:42:03 CEST  Closed file file:/lustre/cms//store/user/piet/ME0Segment_Time/DYToMuMu_M-20_TuneZ2star_14TeV-pythia6-tauola/DYToMuMu_M-20_TuneZ2star_14TeV-pythia6-tauola_HGCALGS_PU140_5ns_32ns_RECO/151014_152401/0000/out_reco_490.root
20-Oct-2015 07:42:03 CEST  Initiating request to open file file:/lustre/cms//store/user/piet/ME0Segment_Time/DYToMuMu_M-20_TuneZ2star_14TeV-pythia6-tauola/DYToMuMu_M-20_TuneZ2star_14TeV-pythia6-tauola_HGCALGS_PU140_5ns_32ns_RECO/151014_152401/0000/out_reco_357.root
20-Oct-2015 07:42:03 CEST  Successfully opened file file:/lustre/cms//store/user/piet/ME0Segment_Time/DYToMuMu_M-20_TuneZ2star_14TeV-pythia6-tauola/DYToMuMu_M-20_TuneZ2star_14TeV-pythia6-tauola_HGCALGS_PU140_5ns_32ns_RECO/151014_152401/0000/out_reco_357.root
20-Oct-2015 07:42:07 CEST  Closed file file:/lustre/cms//store/user/piet/ME0Segment_Time/DYToMuMu_M-20_TuneZ2star_14TeV-pythia6-tauola/DYToMuMu_M-20_TuneZ2star_14TeV-pythia6-tauola_HGCALGS_PU140_5ns_32ns_RECO/151014_152401/0000/out_reco_357.root
20-Oct-2015 07:42:07 CEST  Initiating request to open file file:/lustre/cms//store/user/piet/ME0Segment_Time/DYToMuMu_M-20_TuneZ2star_14TeV-pythia6-tauola/DYToMuMu_M-20_TuneZ2star_14TeV-pythia6-tauola_HGCALGS_PU140_5ns_32ns_RECO/151014_152401/0000/out_reco_346.root
20-Oct-2015 07:42:07 CEST  Successfully opened file file:/lustre/cms//store/user/piet/ME0Segment_Time/DYToMuMu_M-20_TuneZ2star_14TeV-pythia6-tauola/DYToMuMu_M-20_TuneZ2star_14TeV-pythia6-tauola_HGCALGS_PU140_5ns_32ns_RECO/151014_152401/0000/out_reco_346.root
-4.3717720-Oct-2015 07:42:12 CEST  Closed file file:/lustre/cms//store/user/piet/ME0Segment_Time/DYToMuMu_M-20_TuneZ2star_14TeV-pythia6-tauola/DYToMuMu_M-20_TuneZ2star_14TeV-pythia6-tauola_HGCALGS_PU140_5ns_32ns_RECO/151014_152401/0000/out_reco_346.root
20-Oct-2015 07:42:12 CEST  Initiating request to open file file:/lustre/cms//store/user/piet/ME0Segment_Time/DYToMuMu_M-20_TuneZ2star_14TeV-pythia6-tauola/DYToMuMu_M-20_TuneZ2star_14TeV-pythia6-tauola_HGCALGS_PU140_5ns_32ns_RECO/151014_152401/0000/out_reco_339.root
20-Oct-2015 07:42:12 CEST  Successfully opened file file:/lustre/cms//store/user/piet/ME0Segment_Time/DYToMuMu_M-20_TuneZ2star_14TeV-pythia6-tauola/DYToMuMu_M-20_TuneZ2star_14TeV-pythia6-tauola_HGCALGS_PU140_5ns_32ns_RECO/151014_152401/0000/out_reco_339.root
-3.4997820-Oct-2015 07:42:16 CEST  Closed file file:/lustre/cms//store/user/piet/ME0Segment_Time/DYToMuMu_M-20_TuneZ2star_14TeV-pythia6-tauola/DYToMuMu_M-20_TuneZ2star_14TeV-pythia6-tauola_HGCALGS_PU140_5ns_32ns_RECO/151014_152401/0000/out_reco_339.root
20-Oct-2015 07:42:16 CEST  Initiating request to open file file:/lustre/cms//store/user/piet/ME0Segment_Time/DYToMuMu_M-20_TuneZ2star_14TeV-pythia6-tauola/DYToMuMu_M-20_TuneZ2star_14TeV-pythia6-tauola_HGCALGS_PU140_5ns_32ns_RECO/151014_152401/0000/out_reco_299.root
20-Oct-2015 07:42:17 CEST  Successfully opened file file:/lustre/cms//store/user/piet/ME0Segment_Time/DYToMuMu_M-20_TuneZ2star_14TeV-pythia6-tauola/DYToMuMu_M-20_TuneZ2star_14TeV-pythia6-tauola_HGCALGS_PU140_5ns_32ns_RECO/151014_152401/0000/out_reco_299.root
Begin processing the 501st record. Run 1, Event 922141, LumiSection 38827 at 20-Oct-2015 07:42:19.144 CEST
-1.1216-1.2922620-Oct-2015 07:42:21 CEST  Closed file file:/lustre/cms//store/user/piet/ME0Segment_Time/DYToMuMu_M-20_TuneZ2star_14TeV-pythia6-tauola/DYToMuMu_M-20_TuneZ2star_14TeV-pythia6-tauola_HGCALGS_PU140_5ns_32ns_RECO/151014_152401/0000/out_reco_299.root
20-Oct-2015 07:42:21 CEST  Initiating request to open file file:/lustre/cms//store/user/piet/ME0Segment_Time/DYToMuMu_M-20_TuneZ2star_14TeV-pythia6-tauola/DYToMuMu_M-20_TuneZ2star_14TeV-pythia6-tauola_HGCALGS_PU140_5ns_32ns_RECO/151014_152401/0000/out_reco_658.root
20-Oct-2015 07:42:21 CEST  Successfully opened file file:/lustre/cms//store/user/piet/ME0Segment_Time/DYToMuMu_M-20_TuneZ2star_14TeV-pythia6-tauola/DYToMuMu_M-20_TuneZ2star_14TeV-pythia6-tauola_HGCALGS_PU140_5ns_32ns_RECO/151014_152401/0000/out_reco_658.root
-0.846401-5.1371520-Oct-2015 07:42:26 CEST  Closed file file:/lustre/cms//store/user/piet/ME0Segment_Time/DYToMuMu_M-20_TuneZ2star_14TeV-pythia6-tauola/DYToMuMu_M-20_TuneZ2star_14TeV-pythia6-tauola_HGCALGS_PU140_5ns_32ns_RECO/151014_152401/0000/out_reco_658.root
20-Oct-2015 07:42:26 CEST  Initiating request to open file file:/lustre/cms//store/user/piet/ME0Segment_Time/DYToMuMu_M-20_TuneZ2star_14TeV-pythia6-tauola/DYToMuMu_M-20_TuneZ2star_14TeV-pythia6-tauola_HGCALGS_PU140_5ns_32ns_RECO/151014_152401/0000/out_reco_110.root
20-Oct-2015 07:42:26 CEST  Successfully opened file file:/lustre/cms//store/user/piet/ME0Segment_Time/DYToMuMu_M-20_TuneZ2star_14TeV-pythia6-tauola/DYToMuMu_M-20_TuneZ2star_14TeV-pythia6-tauola_HGCALGS_PU140_5ns_32ns_RECO/151014_152401/0000/out_reco_110.root
20-Oct-2015 07:42:32 CEST  Closed file file:/lustre/cms//store/user/piet/ME0Segment_Time/DYToMuMu_M-20_TuneZ2star_14TeV-pythia6-tauola/DYToMuMu_M-20_TuneZ2star_14TeV-pythia6-tauola_HGCALGS_PU140_5ns_32ns_RECO/151014_152401/0000/out_reco_110.root
20-Oct-2015 07:42:32 CEST  Initiating request to open file file:/lustre/cms//store/user/piet/ME0Segment_Time/DYToMuMu_M-20_TuneZ2star_14TeV-pythia6-tauola/DYToMuMu_M-20_TuneZ2star_14TeV-pythia6-tauola_HGCALGS_PU140_5ns_32ns_RECO/151014_152401/0000/out_reco_900.root
20-Oct-2015 07:42:32 CEST  Successfully opened file file:/lustre/cms//store/user/piet/ME0Segment_Time/DYToMuMu_M-20_TuneZ2star_14TeV-pythia6-tauola/DYToMuMu_M-20_TuneZ2star_14TeV-pythia6-tauola_HGCALGS_PU140_5ns_32ns_RECO/151014_152401/0000/out_reco_900.root
-2.3540520-Oct-2015 07:42:37 CEST  Closed file file:/lustre/cms//store/user/piet/ME0Segment_Time/DYToMuMu_M-20_TuneZ2star_14TeV-pythia6-tauola/DYToMuMu_M-20_TuneZ2star_14TeV-pythia6-tauola_HGCALGS_PU140_5ns_32ns_RECO/151014_152401/0000/out_reco_900.root
20-Oct-2015 07:42:37 CEST  Initiating request to open file file:/lustre/cms//store/user/piet/ME0Segment_Time/DYToMuMu_M-20_TuneZ2star_14TeV-pythia6-tauola/DYToMuMu_M-20_TuneZ2star_14TeV-pythia6-tauola_HGCALGS_PU140_5ns_32ns_RECO/151014_152401/0000/out_reco_937.root
20-Oct-2015 07:42:37 CEST  Successfully opened file file:/lustre/cms//store/user/piet/ME0Segment_Time/DYToMuMu_M-20_TuneZ2star_14TeV-pythia6-tauola/DYToMuMu_M-20_TuneZ2star_14TeV-pythia6-tauola_HGCALGS_PU140_5ns_32ns_RECO/151014_152401/0000/out_reco_937.root
-57.3862-2.46395-16.549320-Oct-2015 07:42:42 CEST  Closed file file:/lustre/cms//store/user/piet/ME0Segment_Time/DYToMuMu_M-20_TuneZ2star_14TeV-pythia6-tauola/DYToMuMu_M-20_TuneZ2star_14TeV-pythia6-tauola_HGCALGS_PU140_5ns_32ns_RECO/151014_152401/0000/out_reco_937.root
20-Oct-2015 07:42:42 CEST  Initiating request to open file file:/lustre/cms//store/user/piet/ME0Segment_Time/DYToMuMu_M-20_TuneZ2star_14TeV-pythia6-tauola/DYToMuMu_M-20_TuneZ2star_14TeV-pythia6-tauola_HGCALGS_PU140_5ns_32ns_RECO/151014_152401/0000/out_reco_784.root
20-Oct-2015 07:42:42 CEST  Successfully opened file file:/lustre/cms//store/user/piet/ME0Segment_Time/DYToMuMu_M-20_TuneZ2star_14TeV-pythia6-tauola/DYToMuMu_M-20_TuneZ2star_14TeV-pythia6-tauola_HGCALGS_PU140_5ns_32ns_RECO/151014_152401/0000/out_reco_784.root
-3.5059420-Oct-2015 07:42:47 CEST  Closed file file:/lustre/cms//store/user/piet/ME0Segment_Time/DYToMuMu_M-20_TuneZ2star_14TeV-pythia6-tauola/DYToMuMu_M-20_TuneZ2star_14TeV-pythia6-tauola_HGCALGS_PU140_5ns_32ns_RECO/151014_152401/0000/out_reco_784.root
20-Oct-2015 07:42:47 CEST  Initiating request to open file file:/lustre/cms//store/user/piet/ME0Segment_Time/DYToMuMu_M-20_TuneZ2star_14TeV-pythia6-tauola/DYToMuMu_M-20_TuneZ2star_14TeV-pythia6-tauola_HGCALGS_PU140_5ns_32ns_RECO/151014_152401/0000/out_reco_996.root
20-Oct-2015 07:42:47 CEST  Successfully opened file file:/lustre/cms//store/user/piet/ME0Segment_Time/DYToMuMu_M-20_TuneZ2star_14TeV-pythia6-tauola/DYToMuMu_M-20_TuneZ2star_14TeV-pythia6-tauola_HGCALGS_PU140_5ns_32ns_RECO/151014_152401/0000/out_reco_996.root
20-Oct-2015 07:42:51 CEST  Closed file file:/lustre/cms//store/user/piet/ME0Segment_Time/DYToMuMu_M-20_TuneZ2star_14TeV-pythia6-tauola/DYToMuMu_M-20_TuneZ2star_14TeV-pythia6-tauola_HGCALGS_PU140_5ns_32ns_RECO/151014_152401/0000/out_reco_996.root
20-Oct-2015 07:42:51 CEST  Initiating request to open file file:/lustre/cms//store/user/piet/ME0Segment_Time/DYToMuMu_M-20_TuneZ2star_14TeV-pythia6-tauola/DYToMuMu_M-20_TuneZ2star_14TeV-pythia6-tauola_HGCALGS_PU140_5ns_32ns_RECO/151014_152401/0000/out_reco_984.root
20-Oct-2015 07:42:51 CEST  Successfully opened file file:/lustre/cms//store/user/piet/ME0Segment_Time/DYToMuMu_M-20_TuneZ2star_14TeV-pythia6-tauola/DYToMuMu_M-20_TuneZ2star_14TeV-pythia6-tauola_HGCALGS_PU140_5ns_32ns_RECO/151014_152401/0000/out_reco_984.root
-8.3671620-Oct-2015 07:42:56 CEST  Closed file file:/lustre/cms//store/user/piet/ME0Segment_Time/DYToMuMu_M-20_TuneZ2star_14TeV-pythia6-tauola/DYToMuMu_M-20_TuneZ2star_14TeV-pythia6-tauola_HGCALGS_PU140_5ns_32ns_RECO/151014_152401/0000/out_reco_984.root
20-Oct-2015 07:42:56 CEST  Initiating request to open file file:/lustre/cms//store/user/piet/ME0Segment_Time/DYToMuMu_M-20_TuneZ2star_14TeV-pythia6-tauola/DYToMuMu_M-20_TuneZ2star_14TeV-pythia6-tauola_HGCALGS_PU140_5ns_32ns_RECO/151014_152401/0000/out_reco_812.root
20-Oct-2015 07:42:56 CEST  Successfully opened file file:/lustre/cms//store/user/piet/ME0Segment_Time/DYToMuMu_M-20_TuneZ2star_14TeV-pythia6-tauola/DYToMuMu_M-20_TuneZ2star_14TeV-pythia6-tauola_HGCALGS_PU140_5ns_32ns_RECO/151014_152401/0000/out_reco_812.root
-3.2789420-Oct-2015 07:43:01 CEST  Closed file file:/lustre/cms//store/user/piet/ME0Segment_Time/DYToMuMu_M-20_TuneZ2star_14TeV-pythia6-tauola/DYToMuMu_M-20_TuneZ2star_14TeV-pythia6-tauola_HGCALGS_PU140_5ns_32ns_RECO/151014_152401/0000/out_reco_812.root
20-Oct-2015 07:43:01 CEST  Initiating request to open file file:/lustre/cms//store/user/piet/ME0Segment_Time/DYToMuMu_M-20_TuneZ2star_14TeV-pythia6-tauola/DYToMuMu_M-20_TuneZ2star_14TeV-pythia6-tauola_HGCALGS_PU140_5ns_32ns_RECO/151014_152401/0000/out_reco_773.root
20-Oct-2015 07:43:01 CEST  Successfully opened file file:/lustre/cms//store/user/piet/ME0Segment_Time/DYToMuMu_M-20_TuneZ2star_14TeV-pythia6-tauola/DYToMuMu_M-20_TuneZ2star_14TeV-pythia6-tauola_HGCALGS_PU140_5ns_32ns_RECO/151014_152401/0000/out_reco_773.root
-12.7961-6.1189320-Oct-2015 07:43:06 CEST  Closed file file:/lustre/cms//store/user/piet/ME0Segment_Time/DYToMuMu_M-20_TuneZ2star_14TeV-pythia6-tauola/DYToMuMu_M-20_TuneZ2star_14TeV-pythia6-tauola_HGCALGS_PU140_5ns_32ns_RECO/151014_152401/0000/out_reco_773.root
20-Oct-2015 07:43:06 CEST  Initiating request to open file file:/lustre/cms//store/user/piet/ME0Segment_Time/DYToMuMu_M-20_TuneZ2star_14TeV-pythia6-tauola/DYToMuMu_M-20_TuneZ2star_14TeV-pythia6-tauola_HGCALGS_PU140_5ns_32ns_RECO/151014_152401/0000/out_reco_734.root
20-Oct-2015 07:43:06 CEST  Successfully opened file file:/lustre/cms//store/user/piet/ME0Segment_Time/DYToMuMu_M-20_TuneZ2star_14TeV-pythia6-tauola/DYToMuMu_M-20_TuneZ2star_14TeV-pythia6-tauola_HGCALGS_PU140_5ns_32ns_RECO/151014_152401/0000/out_reco_734.root
Begin processing the 601st record. Run 1, Event 900781, LumiSection 37928 at 20-Oct-2015 07:43:08.359 CEST
20-Oct-2015 07:43:11 CEST  Closed file file:/lustre/cms//store/user/piet/ME0Segment_Time/DYToMuMu_M-20_TuneZ2star_14TeV-pythia6-tauola/DYToMuMu_M-20_TuneZ2star_14TeV-pythia6-tauola_HGCALGS_PU140_5ns_32ns_RECO/151014_152401/0000/out_reco_734.root
20-Oct-2015 07:43:11 CEST  Initiating request to open file file:/lustre/cms//store/user/piet/ME0Segment_Time/DYToMuMu_M-20_TuneZ2star_14TeV-pythia6-tauola/DYToMuMu_M-20_TuneZ2star_14TeV-pythia6-tauola_HGCALGS_PU140_5ns_32ns_RECO/151014_152401/0000/out_reco_715.root
20-Oct-2015 07:43:11 CEST  Successfully opened file file:/lustre/cms//store/user/piet/ME0Segment_Time/DYToMuMu_M-20_TuneZ2star_14TeV-pythia6-tauola/DYToMuMu_M-20_TuneZ2star_14TeV-pythia6-tauola_HGCALGS_PU140_5ns_32ns_RECO/151014_152401/0000/out_reco_715.root
-2.1270620-Oct-2015 07:43:16 CEST  Closed file file:/lustre/cms//store/user/piet/ME0Segment_Time/DYToMuMu_M-20_TuneZ2star_14TeV-pythia6-tauola/DYToMuMu_M-20_TuneZ2star_14TeV-pythia6-tauola_HGCALGS_PU140_5ns_32ns_RECO/151014_152401/0000/out_reco_715.root
20-Oct-2015 07:43:16 CEST  Initiating request to open file file:/lustre/cms//store/user/piet/ME0Segment_Time/DYToMuMu_M-20_TuneZ2star_14TeV-pythia6-tauola/DYToMuMu_M-20_TuneZ2star_14TeV-pythia6-tauola_HGCALGS_PU140_5ns_32ns_RECO/151014_152401/0000/out_reco_675.root
20-Oct-2015 07:43:16 CEST  Successfully opened file file:/lustre/cms//store/user/piet/ME0Segment_Time/DYToMuMu_M-20_TuneZ2star_14TeV-pythia6-tauola/DYToMuMu_M-20_TuneZ2star_14TeV-pythia6-tauola_HGCALGS_PU140_5ns_32ns_RECO/151014_152401/0000/out_reco_675.root
20-Oct-2015 07:43:21 CEST  Closed file file:/lustre/cms//store/user/piet/ME0Segment_Time/DYToMuMu_M-20_TuneZ2star_14TeV-pythia6-tauola/DYToMuMu_M-20_TuneZ2star_14TeV-pythia6-tauola_HGCALGS_PU140_5ns_32ns_RECO/151014_152401/0000/out_reco_675.root
20-Oct-2015 07:43:21 CEST  Initiating request to open file file:/lustre/cms//store/user/piet/ME0Segment_Time/DYToMuMu_M-20_TuneZ2star_14TeV-pythia6-tauola/DYToMuMu_M-20_TuneZ2star_14TeV-pythia6-tauola_HGCALGS_PU140_5ns_32ns_RECO/151014_152401/0000/out_reco_643.root
20-Oct-2015 07:43:21 CEST  Successfully opened file file:/lustre/cms//store/user/piet/ME0Segment_Time/DYToMuMu_M-20_TuneZ2star_14TeV-pythia6-tauola/DYToMuMu_M-20_TuneZ2star_14TeV-pythia6-tauola_HGCALGS_PU140_5ns_32ns_RECO/151014_152401/0000/out_reco_643.root
20-Oct-2015 07:43:25 CEST  Closed file file:/lustre/cms//store/user/piet/ME0Segment_Time/DYToMuMu_M-20_TuneZ2star_14TeV-pythia6-tauola/DYToMuMu_M-20_TuneZ2star_14TeV-pythia6-tauola_HGCALGS_PU140_5ns_32ns_RECO/151014_152401/0000/out_reco_643.root

=============================================

MessageLogger Summary

 type     category        sev    module        subroutine        count    total
 ---- -------------------- -- ---------------- ----------------  -----    -----
    1 RunLumiMerging       -e source                                 1        1
    2 fileAction           -s file_close                            64       64
    3 fileAction           -s file_open                            128      128

 type    category    Examples: run/evt        run/evt          run/evt
 ---- -------------------- ---------------- ---------------- ----------------
    1 RunLumiMerging       PostProcessEvent                  
    2 fileAction           PostProcessEvent PostProcessEvent PostEndRun
    3 fileAction           pre-events       pre-events       PostProcessEvent

Severity    # Occurrences   Total Occurrences
--------    -------------   -----------------
Error                   1                   1
System                192                 192
>>> END OF printout of 233 lines from stdout+stderr
>>> Parse FrameworkJobReport crab_fjr.xml
Result of parsing the FrameworkJobReport crab_fjr.xml: Popularity start
lumisRange : 1::::1;1::::2;1::::3;1::::4;1::::5;1::38829-38830::6;1::::7;1::38827-38828::8;1::::9;1::::10;1::::11;1::::12;1::31643-31644::13;1::::14;1::::15;1::::16;1::::17;1::31647-31648::18;1::::19;1::::20;1::::21;1::38831-38832::22;1::::23;1::::24;1::18101-18102::25;1::4921-4922::26;1::::27;1::7789-7790::28;1::::29;1::::30;1::::31;1::::32;1::::33;1::::34;1::::35;1::::36;1::::37;1::::38;1::23915-23916::39;1::::40;1::15363-15364::41;1::::42;1::::43;1::::44;1::::45;1::26819-26820::46;1::::47;1::::48;1::::49;1::::50;1::25691-25692::51;1::::52;1::39503-39504::53;1::::54;1::::55;1::::56;1::14833-14834::57;1::::58;1::30339-30340::59;1::::60;1::24027-24028::61;1::::62;1::14977-14978::63;1::::64;
lumisParentRange : 
Basename : /store/user/piet/ME0Segment_Time/DYToMuMu_M-20_TuneZ2star_14TeV-pythia6-tauola/DYToMuMu_M-20_TuneZ2star_14TeV-pythia6-tauola_HGCALGS_PU140_5ns_32ns_RECO/151014_152401/0000/out_reco_
BasenameParent : 
parentFiles : 
inputBlocks : /DYToMuMu_M-20_TuneZ2star_14TeV-pythia6-tauola/piet-DYToMuMu_M-20_TuneZ2star_14TeV-pythia6-tauola_HGCALGS_PU140_5ns_32ns_RECO-9534beda007a59447d9159ddc4f0a675/USER#aa540b05-6a23-4185-88fe-d6e2630164d8
inputFiles : 672.root::1::EDM::Local::1;773.root::1::EDM::Local::2;144.root::1::EDM::Local::3;882.root::1::EDM::Local::4;328.root::1::EDM::Local::5;305.root::1::EDM::Local::6;210.root::1::EDM::Local::7;299.root::1::EDM::Local::8;962.root::1::EDM::Local::9;809.root::1::EDM::Local::10;996.root::1::EDM::Local::11;119.root::1::EDM::Local::12;658.root::1::EDM::Local::13;984.root::1::EDM::Local::14;518.root::1::EDM::Local::15;402.root::1::EDM::Local::16;456.root::1::EDM::Local::17;670.root::1::EDM::Local::18;110.root::1::EDM::Local::19;493.root::1::EDM::Local::20;261.root::1::EDM::Local::21;310.root::1::EDM::Local::22;339.root::1::EDM::Local::23;292.root::1::EDM::Local::24;812.root::1::EDM::Local::25;337.root::1::EDM::Local::26;916.root::1::EDM::Local::27;410.root::1::EDM::Local::28;206.root::1::EDM::Local::29;657.root::1::EDM::Local::30;584.root::1::EDM::Local::31;21.root::1::EDM::Local::32;764.root::1::EDM::Local::33;900.root::1::EDM::Local::34;309.root::1::EDM::Local::35;565.root::1::EDM::Local::36;952.root::1::EDM::Local::37;576.root::1::EDM::Local::38;88.root::1::EDM::Local::39;928.root::1::EDM::Local::40;490.root::1::EDM::Local::41;346.root::1::EDM::Local::42;106.root::1::EDM::Local::43;715.root::1::EDM::Local::44;183.root::1::EDM::Local::45;953.root::1::EDM::Local::46;661.root::1::EDM::Local::47;357.root::1::EDM::Local::48;784.root::1::EDM::Local::49;675.root::1::EDM::Local::50;574.root::1::EDM::Local::51;181.root::1::EDM::Local::52;331.root::1::EDM::Local::53;643.root::1::EDM::Local::54;937.root::1::EDM::Local::55;782.root::1::EDM::Local::56;420.root::1::EDM::Local::57;382.root::1::EDM::Local::58;173.root::1::EDM::Local::59;171.root::1::EDM::Local::60;552.root::1::EDM::Local::61;734.root::1::EDM::Local::62;441.root::1::EDM::Local::63;386.root::1::EDM::Local::64;
Popularity stop
Extracted ExitStatus from FrameworkJobReport parsing output: 0
>>> Executable succeded  0
ExeExitCode=0
EXECUTABLE_EXIT_STATUS = 0
>>> current directory /home/cms033/home_cream_487805411/CREAM487805411/glide_ZIZWU3/execute/dir_16556/CMSSW_6_2_0_SLHC26_patch3
>>>  (SOFTWARE_DIR): /home/cms033/home_cream_487805411/CREAM487805411/glide_ZIZWU3/execute/dir_16556/CMSSW_6_2_0_SLHC26_patch3
>>> (WORKING_DIR): 
>>> current directory content:
total 716
drwxr-xr-x 3 cms033 cms   4096 Oct 20 07:37 .SCRAM
-rw------- 1 cms033 cms 279361 Oct 20 07:37 CMSSW.py.pkl
-rw------- 1 cms033 cms  13968 Oct 20 07:43 OutTree.root
drwxr-xr-x 3 cms033 cms   4096 Oct 20 07:37 biglib
drwxr-xr-x 3 cms033 cms   4096 Oct 20 07:37 bin
drwxr-xr-x 3 cms033 cms   4096 Oct 20 07:37 cfipython
drwxr-xr-x 4 cms033 cms   4096 Jul 13 19:47 config
-rw------- 1 cms033 cms     17 Oct 20 07:43 cpu_timing.txt
drwxr-xr-x 2 cms033 cms   4096 Oct 20 07:37 doc
-rw------- 1 cms033 cms  51965 Oct 20 07:43 executable.out
drwxr-xr-x 2 cms033 cms   4096 Oct 20 07:37 include
drwx------ 3 cms033 cms   4096 Sep 29 20:50 lib
drwxr-xr-x 3 cms033 cms   4096 Oct 20 07:37 logs
drwxr-xr-x 3 cms033 cms   4096 Oct 20 07:37 objs
-rw------- 1 cms033 cms    104 Oct 20 07:37 pset.py
-rw------- 1 cms033 cms 292418 Oct 20 07:37 pset.py.pkl
-rw------- 1 cms033 cms    289 Oct 20 07:37 pset.pyc
drwxr-xr-x 2 cms033 cms   4096 Oct 20 07:37 python
-rw------- 1 cms033 cms    371 Oct 20 07:43 report.log
drwx------ 7 cms033 cms   4096 Oct 20 07:37 src
drwxr-xr-x 3 cms033 cms   4096 Oct 20 07:37 test
drwxr-xr-x 3 cms033 cms   4096 Oct 20 07:37 tmp
>>> current directory /home/cms033/home_cream_487805411/CREAM487805411/glide_ZIZWU3/execute/dir_16556/CMSSW_6_2_0_SLHC26_patch3
>>> (SOFTWARE_DIR): /home/cms033/home_cream_487805411/CREAM487805411/glide_ZIZWU3/execute/dir_16556/CMSSW_6_2_0_SLHC26_patch3
>>> (WORKING_DIR): 
>>> current directory content:
total 700
drwxr-xr-x 3 cms033 cms   4096 Oct 20 07:37 .SCRAM
-rw------- 1 cms033 cms 279361 Oct 20 07:37 CMSSW.py.pkl
drwxr-xr-x 3 cms033 cms   4096 Oct 20 07:37 biglib
drwxr-xr-x 3 cms033 cms   4096 Oct 20 07:37 bin
drwxr-xr-x 3 cms033 cms   4096 Oct 20 07:37 cfipython
drwxr-xr-x 4 cms033 cms   4096 Jul 13 19:47 config
-rw------- 1 cms033 cms     17 Oct 20 07:43 cpu_timing.txt
drwxr-xr-x 2 cms033 cms   4096 Oct 20 07:37 doc
-rw------- 1 cms033 cms  51965 Oct 20 07:43 executable.out
drwxr-xr-x 2 cms033 cms   4096 Oct 20 07:37 include
drwx------ 3 cms033 cms   4096 Sep 29 20:50 lib
drwxr-xr-x 3 cms033 cms   4096 Oct 20 07:37 logs
drwxr-xr-x 3 cms033 cms   4096 Oct 20 07:37 objs
-rw------- 1 cms033 cms    104 Oct 20 07:37 pset.py
-rw------- 1 cms033 cms 292418 Oct 20 07:37 pset.py.pkl
-rw------- 1 cms033 cms    289 Oct 20 07:37 pset.pyc
drwxr-xr-x 2 cms033 cms   4096 Oct 20 07:37 python
-rw------- 1 cms033 cms    371 Oct 20 07:43 report.log
drwx------ 7 cms033 cms   4096 Oct 20 07:37 src
drwxr-xr-x 3 cms033 cms   4096 Oct 20 07:37 test
drwxr-xr-x 3 cms033 cms   4096 Oct 20 07:37 tmp
>>> current directory (RUNTIME_AREA):  /home/cms033/home_cream_487805411/CREAM487805411/glide_ZIZWU3/execute/dir_16556
>>> current dir: /home/cms033/home_cream_487805411/CREAM487805411/glide_ZIZWU3/execute/dir_16556
>>> current dir content:
total 29136
-rwx------  1 cms033 cms       52 Oct 20 07:37 .chirp.config
-rwx------  1 cms033 cms     6737 Oct 20 07:37 .job.ad
-rwx------  1 cms033 cms     9206 Oct 20 07:37 .machine.ad
-rw-------  1 cms033 cms      105 Oct 20 07:34 CMSSW.py
-rw-------  1 cms033 cms   279361 Oct 20 07:34 CMSSW.py.pkl
-rwx------  1 cms033 cms    26314 Oct 20 07:37 CMSSW.sh
drwxr-xr-x 16 cms033 cms     4096 Oct 20 07:43 CMSSW_6_2_0_SLHC26_patch3
-rw-------  1 cms033 cms      302 Oct 20 07:37 CacheEnv.sh
-rw-------  1 cms033 cms     7291 Nov 19  2014 DashboardAPI.py
-rw-------  1 cms033 cms     6815 Oct 20 07:37 DashboardAPI.pyc
drwx------  2 cms033 cms     4096 Oct 20 07:43 IMProv
-rw-------  1 cms033 cms     2748 Nov 19  2014 Logger.py
-rw-------  1 cms033 cms     3347 Oct 20 07:37 Logger.pyc
lrwxrwxrwx  1 cms033 cms      100 Oct 20 07:43 OutTree.root -> /home/cms033/home_cream_487805411/CREAM487805411/glide_ZIZWU3/execute/dir_16556/OutTree_3_1_oOR.root
-rw-------  1 cms033 cms    13968 Oct 20 07:43 OutTree_3_1_oOR.root
-rw-------  1 cms033 cms    24524 Nov 19  2014 ProcInfo.py
-rw-------  1 cms033 cms    23197 Oct 20 07:37 ProcInfo.pyc
drwx------  7 cms033 cms     4096 Oct 20 07:37 ProdCommon
drwx------  3 cms033 cms     4096 Oct 20 07:37 WMCore
-rw-------  1 cms033 cms     2252 Oct 20 07:43 Watchdog_3.log
-rwx------  1 cms033 cms        0 Oct 20 07:37 _condor_stderr
-rwx---r--  1 cms033 cms    79349 Oct 20 07:43 _condor_stdout
-rw-------  1 cms033 cms    32895 Nov 19  2014 apmon.py
-rw-------  1 cms033 cms    28625 Oct 20 07:37 apmon.pyc
-rwx------  1 cms033 cms   199428 Oct 20 07:37 arguments.xml
-rwx------  1 cms033 cms   204102 May 29 01:26 cmsRun
-rwx------  1 cms033 cms    38581 Nov 19  2014 cmscp.py
-rwx------  1 cms033 cms    26314 Oct 20 07:37 condor_exec.exe
-rw-------  1 cms033 cms      533 Oct 20 07:33 crab.cfg
-rwx------  1 cms033 cms     8610 Nov 19  2014 crabWatchdog.sh
-rwx---r--  1 cms033 cms  3331387 Oct 20 07:43 crab_fjr_3.xml
-rwx------  1 cms033 cms 25265853 Oct 20 07:37 default.tgz
-rwx------  1 cms033 cms     4488 Nov 19  2014 fillCrabFjr.py
-rw-------  1 cms033 cms    12407 Oct 20 07:37 inputsReport.txt
-rw-------  1 cms033 cms      126 Oct 20 07:43 jobreport.txt
-rw-------  1 cms033 cms    17352 Nov 19  2014 parseCrabFjr.py
-rw-------  1 cms033 cms      340 Oct 20 07:37 report.log
-rwx--x--x  1 cms033 cms     1497 Nov 19  2014 report.py
-rwx------  1 cms033 cms     8351 Nov 19  2014 writeCfg.py
-rw-------  1 cms033 cms     8473 Oct 20 07:37 x509up_u46992
>>> crab_fjr_*.xml  permission set to 0704
CrabWrapper EXIT_FUNC entered at Tue Oct 20 07:43:40 CEST 2015   -  Tue Oct 20 05:43:40 UTC 2015
Checking output files:  
will tar file OutTree_3_1_oOR.root in  out_files_3
will tar file crab_fjr_3.xml in  out_files_3
WARNING: output file CMSSW_3.stdout not found!
WARNING: output file CMSSW_3.stderr not found!
WARNING: output file Watchdog_3.log.gz not found!
>>> padding time: Sleeping the wrapper for 205 seconds
STOPPING WATCHDOG. CrabWatchdog PID is 16764
********** LAST 50 LINES OF WATCHDOG LOG
# RESOURCE USAGE SUMMARY FOR PROCESS ID 16562
USER       PID %CPU %MEM    VSZ   RSS TTY      STAT START   TIME COMMAND
cms033   16562  0.3  0.0   9600  1600 ?        S    07:37   0:00 /bin/sh /home/cms033/home_cream_487805411/CREAM487805411/glide_ZIZWU3/execute/dir_16556/condor_exec.exe 3 1
 
# LIMITS USED BY CRAB WATCHDOG:
# RSS  (KBytes)   : 2300000
# VSZ  (KBytes)   : 100000000
# DISK (MBytes)   : 19000
# CPU TIME        : 720h:0m:0s
# WALL CLOCK TIME : 21h:50m:0s
 
# FOLLOWING PRINTOUT TRACKS MAXIMUM VALUES OF RESOURCES USE
# ONE LINE IS PRINTED EACH TIME A MAXIMUM CHANGES
# IF CHANGE WAS IN RSS OR VSZ ALSO PROCID AND COMMAND ARE PRINTED
# THERE IS NO PRINTOUT FOR CPU/WALL TIME INCREASE
 
# TIME			PID	RSS(KB)	VSZ(KB)	Dsk(MB)	tCPU(s)	tWALL(s)	COMMAND
 Oct 20 07:37:28 CEST	16556	8204	95672	0	0	0	condor_starter -f submit-6.t2.ucsd.edu        
 Oct 20 07:37:28 CEST	16776	29112	95672	0	0	0	edmConfigHash pset.py         
 Oct 20 07:37:28 CEST	20460	29112	106096	0	0	0	sh -c "./glidein_startup.sh" -v std -name gfactory_instance -entry CDF_IT_Bari_ce2 -clientname CMSG-v1_0.main
 Oct 20 07:37:28 CEST	20464	29112	106488	0	0	0	/bin/bash ./glidein_startup.sh -v std -name gfactory_instance -entry CDF_IT_Bari_ce2 -clientname CMSG-v1_0.main -schedd
 Oct 20 07:37:28 CEST	---	29112	106488	154	----	----	----
 Oct 20 07:38:28 CEST	17082	510968	733124	154	33	61	cmsRun -j /home/cms033/home_cream_487805411/CREAM487805411/glide_ZIZWU3/execute/dir_16556/crab_fjr_3.xml -p pset.py      
 Oct 20 07:38:28 CEST	---	510968	733124	155	----	----	----
 Oct 20 07:39:29 CEST	17082	510968	737988	155	67	121	cmsRun -j /home/cms033/home_cream_487805411/CREAM487805411/glide_ZIZWU3/execute/dir_16556/crab_fjr_3.xml -p pset.py      
 Oct 20 07:39:29 CEST	---	510968	737988	156	----	----	----
 Oct 20 07:40:30 CEST	17082	525540	752836	156	101	182	cmsRun -j /home/cms033/home_cream_487805411/CREAM487805411/glide_ZIZWU3/execute/dir_16556/crab_fjr_3.xml -p pset.py      
 Oct 20 07:41:30 CEST	17082	534500	779204	156	137	243	cmsRun -j /home/cms033/home_cream_487805411/CREAM487805411/glide_ZIZWU3/execute/dir_16556/crab_fjr_3.xml -p pset.py      
 Oct 20 07:41:30 CEST	---	534500	779204	157	----	----	----
 Oct 20 07:43:32 CEST	---	534500	779204	158	----	----	----
********** WATCHDOG LOG ENDED
ZIPPING WATCHDOG LOG
Disk space used:
du -sh /home/cms033/home_cream_487805411/CREAM487805411/glide_ZIZWU3/execute/dir_16556
158M	/home/cms033/home_cream_487805411/CREAM487805411/glide_ZIZWU3/execute/dir_16556
Found unusual stdout, rename for OSB
`/home/cms033/home_cream_487805411/CREAM487805411/glide_ZIZWU3/execute/dir_16556/_condor_stdout' -> `CMSSW_3.stdout'
Found unusual stderr, rename for OSB
`/home/cms033/home_cream_487805411/CREAM487805411/glide_ZIZWU3/execute/dir_16556/_condor_stdout' -> `CMSSW_3.stderr'
OutTree_3_1_oOR.root
crab_fjr_3.xml
CMSSW_3.stdout
CMSSW_3.stderr
Watchdog_3.log.gz
Total Output dimension: 390372
WARNING: output files size limit is set to: 50000000
Total Output dimension 390372 is fine.
JOB_EXIT_STATUS = 0
>>> info for dashboard:
***** Cat /home/cms033/home_cream_487805411/CREAM487805411/glide_ZIZWU3/execute/dir_16556/jobreport.txt *****
MonitorJobID=3_https://submit-6.t2.ucsd.edu//151020//666492.2
MonitorID=amkalsi_Loose_5000ps_jhs950
ExeTime=355
ExeExitCode=0
CrabUserCpuTime=190.26
CrabSysCpuTime=11.34
CrabCpuPercentage=56%
CrabWrapperTime=600
CrabStageoutTime=NULL
JobExitCode=0
***** End Cat jobreport *****
Parameters sent to Dashboard.
EXITING at Tue Oct 20 07:47:36 CEST 2015  -  Tue Oct 20 05:47:36 UTC 2015
