This script was generated by crab (version 2.11.1_patch1).
Running /home/cms033/home_cream_996791467/CREAM996791467/glide_FdnfyM/execute/dir_22029/condor_exec.exe with 2 positional parameters: 7 1
Today is Tue Oct 20 07:48:24 CEST 2015 - Tue Oct 20 05:48:24 UTC 2015
Job submitted on host pccms106.ba.infn.it
Linux pccms106.ba.infn.it 2.6.32-504.3.3.el6.x86_64 #1 SMP Wed Dec 17 09:22:39 CET 2014 x86_64 x86_64 x86_64 GNU/Linux
Distributor ID:	ScientificCERNSLC
Description:	Scientific Linux CERN SLC release 6.4 (Carbon)
>>> current directory (RUNTIME_AREA): /home/cms033/home_cream_996791467/CREAM996791467/glide_FdnfyM/execute/dir_22029
>>> current user: uid=18589(cms033) gid=1399(cms) groups=1399(cms)
>>> directory permission set to 0700
>>> umask set to:  u=rwx,g=,o=
>>> stdout stderr permission set to 0704
>>> voms proxy information:
subject   : /C=TW/O=AP/OU=GRID/CN=Amandeep Kaur Kalsi 129089/CN=541697223/CN=1733245674
issuer    : /C=TW/O=AP/OU=GRID/CN=Amandeep Kaur Kalsi 129089/CN=541697223
identity  : /C=TW/O=AP/OU=GRID/CN=Amandeep Kaur Kalsi 129089
type      : RFC3820 compliant limited proxy
strength  : 1024
path      : /home/cms033/home_cream_996791467/CREAM996791467/glide_FdnfyM/execute/dir_22029/x509up_u46992
timeleft  : 23:59:51
key usage : Digital Signature, Key Encipherment, Data Encipherment, Key Agreement
=== VO cms extension information ===
VO        : cms
subject   : /C=TW/O=AP/OU=GRID/CN=Amandeep Kaur Kalsi 129089
issuer    : /DC=ch/DC=cern/OU=computers/CN=voms2.cern.ch
attribute : /cms/Role=NULL/Capability=NULL
timeleft  : 191:45:24
uri       : voms2.cern.ch:15002

WNHostName=pccms106.ba.infn.it
$_CONDOR_JOB_AD =/home/cms033/home_cream_996791467/CREAM996791467/glide_FdnfyM/execute/dir_22029/.job.ad
OverflowFlag=0
>>> tar --no-same-permissions -xf /home/cms033/home_cream_996791467/CREAM996791467/glide_FdnfyM/execute/dir_22029/default.tgz :
Successful untar
>>> Include /home/cms033/home_cream_996791467/CREAM996791467/glide_FdnfyM/execute/dir_22029 in PYTHONPATH:
strip arguments
env var CRAB_UNIQUE_JOB_ID set to: amkalsi_Good_1000ps_47oj9s_7_1_Hsp
out_files_7
>>> list of expected files on output sandbox
output files: OutTree_7_1_Hsp.root crab_fjr_7.xml CMSSW_7.stdout CMSSW_7.stderr Watchdog_7.log.gz
>>> GridFlavour discovery: 
GridFlavour=LCG
>>> SyncSite discovery: 
SyncSite=T2_IT_Bari
>>> SyncCE discovery: 
getting SyncCE from CE_ID
SyncCE=cream-ce-2.ba.infn.it:8443/cream-pbs-cms
>>> info for dashboard:
***** Cat /home/cms033/home_cream_996791467/CREAM996791467/glide_FdnfyM/execute/dir_22029/jobreport.txt *****
WNHostName=pccms106.ba.infn.it
OverflowFlag=0
MonitorJobID=7_https://submit-6.t2.ucsd.edu//151020//666493.6
SyncGridJobId=https://submit-6.t2.ucsd.edu//151020//666493.6
MonitorID=amkalsi_Good_1000ps_47oj9s
GridFlavour=LCG
SyncSite=T2_IT_Bari
SyncCE=cream-ce-2.ba.infn.it:8443/cream-pbs-cms
***** End Cat jobreport *****
Parameters sent to Dashboard.
>>> setup environment
set SCRAM ARCH to slc6_amd64_gcc472
SCRAM_ARCH = slc6_amd64_gcc472
>>> setup CMS LCG environment:
set SCRAM ARCH and BUILD_ARCH to slc6_amd64_gcc472 ###
Sourcing environment... 
sourcing /cvmfs/cms.cern.ch/cmsset_default.sh
==> setup cms environment ok
>>> specific cmssw setup environment:
CMSSW_VERSION =  CMSSW_6_2_0_SLHC26_patch3
WARNING: In non-interactive mode release checks e.g. deprecated releases, production architectures are disabled.
>>> current directory (SOFTWARE_DIR): /home/cms033/home_cream_996791467/CREAM996791467/glide_FdnfyM/execute/dir_22029/CMSSW_6_2_0_SLHC26_patch3
PreserveSeeds: <>
IncrementSeeds:<>
>>> info for dashboard:
***** Cat /home/cms033/home_cream_996791467/CREAM996791467/glide_FdnfyM/execute/dir_22029/jobreport.txt *****
MonitorJobID=7_https://submit-6.t2.ucsd.edu//151020//666493.6
MonitorID=amkalsi_Good_1000ps_47oj9s
***** End Cat jobreport *****
Parameters sent to Dashboard.
crabWatchdog started as process 22265
>>> moving CMSSW software directories in /home/cms033/home_cream_996791467/CREAM996791467/glide_FdnfyM/execute/dir_22029/CMSSW_6_2_0_SLHC26_patch3
mv: cannot stat `/home/cms033/home_cream_996791467/CREAM996791467/glide_FdnfyM/execute/dir_22029/module/': No such file or directory
>>> Include /home/cms033/home_cream_996791467/CREAM996791467/glide_FdnfyM/execute/dir_22029 in PYTHONPATH:
PYTHONPATH=/home/cms033/home_cream_996791467/CREAM996791467/glide_FdnfyM/execute/dir_22029/:/home/cms033/home_cream_996791467/CREAM996791467/glide_FdnfyM/execute/dir_22029/CMSSW_6_2_0_SLHC26_patch3/python:/home/cms033/home_cream_996791467/CREAM996791467/glide_FdnfyM/execute/dir_22029/CMSSW_6_2_0_SLHC26_patch3/lib/slc6_amd64_gcc472:/cvmfs/cms.cern.ch/slc6_amd64_gcc472/cms/cmssw-patch/CMSSW_6_2_0_SLHC26_patch3/python:/cvmfs/cms.cern.ch/slc6_amd64_gcc472/cms/cmssw-patch/CMSSW_6_2_0_SLHC26_patch3/lib/slc6_amd64_gcc472:/cvmfs/cms.cern.ch/slc6_amd64_gcc472/cms/cmssw/CMSSW_6_2_0_SLHC26/bin/slc6_amd64_gcc472:/cvmfs/cms.cern.ch/slc6_amd64_gcc472/cms/cmssw/CMSSW_6_2_0_SLHC26/lib/slc6_amd64_gcc472:/cvmfs/cms.cern.ch/slc6_amd64_gcc472/cms/coral/CORAL_2_3_21-flmnjk2/slc6_amd64_gcc472/python:/cvmfs/cms.cern.ch/slc6_amd64_gcc472/cms/coral/CORAL_2_3_21-flmnjk2/slc6_amd64_gcc472/lib:/cvmfs/cms.cern.ch/slc6_amd64_gcc472/external/pyqt/4.8.1-cms5/lib/python2.7/site-packages:/cvmfs/cms.cern.ch/slc6_amd64_gcc472/external/py2-scipy/0.8.0-cms7/lib/python2.7/site-packages:/cvmfs/cms.cern.ch/slc6_amd64_gcc472/external/py2-matplotlib/1.0.1-cms7/lib/python2.7/site-packages:/cvmfs/cms.cern.ch/slc6_amd64_gcc472/external/python-ldap/2.4.10/lib/python2.7/site-packages:/cvmfs/cms.cern.ch/slc6_amd64_gcc472/external/sip/4.11.2-cms5/lib/python2.7/site-packages:/cvmfs/cms.cern.ch/slc6_amd64_gcc472/external/py2-pycurl/7.19.0-cms7/lib/python2.7/site-packages:/cvmfs/cms.cern.ch/slc6_amd64_gcc472/external/py2-numpy/1.6.1-cms7/lib/python2.7/site-packages:/cvmfs/cms.cern.ch/slc6_amd64_gcc472/external/py2-lint/0.25.1-cms5/lib/python2.7/site-packages:/cvmfs/cms.cern.ch/slc6_amd64_gcc472/external/py2-ipython/0.10-cms5/lib/python2.7/site-packages:/cvmfs/cms.cern.ch/slc6_amd64_gcc472/external/py2-cx-oracle/5.1-cms5/lib/python2.7/site-packages:/cvmfs/cms.cern.ch/slc6_amd64_gcc472/external/py2-cjson/1.0.5-cms5/lib/python2.7/site-packages:/cvmfs/cms.cern.ch/slc6_amd64_gcc472/cms/das-client/1.11.7/bin:/cvmfs/cms.cern.ch/slc6_amd64_gcc472/external/elementtree/1.2.6-cms5/share/lib/python2.7/site-packages:/cvmfs/cms.cern.ch/slc6_amd64_gcc472/external/rivet/1.8.2-cms9/lib/python2.7/site-packages:/cvmfs/cms.cern.ch/slc6_amd64_gcc472/external/pyminuit2/0.0.1-cms25/lib/python2.7/site-packages:/cvmfs/cms.cern.ch/slc6_amd64_gcc472/external/py2-pygithub/1.23.0-cms2/lib/python2.7/site-packages:/cvmfs/cms.cern.ch/slc6_amd64_gcc472/external/professor/1.0.0-cms25/lib/python2.7/site-packages:/cvmfs/cms.cern.ch/slc6_amd64_gcc472/lcg/root/5.34.07-cms5/lib:/cvmfs/cms.cern.ch/slc6_amd64_gcc472/cms/dbs-client/DBS_2_1_9-cms5/lib:/cvmfs/cms.cern.ch/slc6_amd64_gcc472/cms/dbs-client/DBS_2_1_9-cms5/lib/DBSAPI:/cvmfs/cms.cern.ch/slc6_amd64_gcc472/external/cvs2git/5419-cms/lib:/home/cms033/home_cream_996791467/CREAM996791467/glide_FdnfyM/execute/dir_22029/
 
# LIMITS USED BY CRAB WATCHDOG:
# RSS  (KBytes)   : 2300000
# VSZ  (KBytes)   : 100000000
# DISK (MBytes)   : 19000
# CPU TIME        : 720h:0m:0s
# WALL CLOCK TIME : 21h:50m:0s
 
89204fc7dc811f9e79a97af487a037d4
PSETHASH = 89204fc7dc811f9e79a97af487a037d4
/home/cms033/home_cream_996791467/CREAM996791467/glide_FdnfyM/execute/dir_22029/writeCfg.py pset.py pset.py
Importing .py file
Setting parameters
RandomNumberGeneratorService found, will attempt to change seeds
inputBlocks=/DYToMuMu_M-20_TuneZ2star_14TeV-pythia6-tauola/piet-DYToMuMu_M-20_TuneZ2star_14TeV-pythia6-tauola_HGCALGS_PU140_1ns_7ns_RECO-dae2ba7355add6539efc58ac0d4cc16b/USER#9df4ec16-769e-4f69-b6fb-2b87e1a98d17
inputFiles=/store/user/piet/ME0Segment_Time/DYToMuMu_M-20_TuneZ2star_14TeV-pythia6-tauola/DYToMuMu_M-20_TuneZ2star_14TeV-pythia6-tauola_HGCALGS_PU140_1ns_7ns_RECO/151014_152234/0000/out_reco_542.root
parentFiles=
lumisRange=
>>> Executable cmsRun
/cvmfs/cms.cern.ch/slc6_amd64_gcc472/cms/cmssw/CMSSW_6_2_0_SLHC26/bin/slc6_amd64_gcc472/cmsRun
ok executable found
>>> info for dashboard:
***** Cat /home/cms033/home_cream_996791467/CREAM996791467/glide_FdnfyM/execute/dir_22029/jobreport.txt *****
MonitorJobID=7_https://submit-6.t2.ucsd.edu//151020//666493.6
MonitorID=amkalsi_Good_1000ps_47oj9s
ExeStart=cmsRun
***** End Cat jobreport *****
Parameters sent to Dashboard.
>>> cmsRun started at Tue Oct 20 05:48:35 UTC 2015
>>> cmsRun ended at Tue Oct 20 05:49:07 UTC 2015
>>> crab_fjr_*.xml  permission set to 0704
>>> info for dashboard:
***** Cat /home/cms033/home_cream_996791467/CREAM996791467/glide_FdnfyM/execute/dir_22029/jobreport.txt *****
MonitorJobID=7_https://submit-6.t2.ucsd.edu//151020//666493.6
MonitorID=amkalsi_Good_1000ps_47oj9s
ExeEnd=cmsRun
***** End Cat jobreport *****
Parameters sent to Dashboard.
TIME_EXE = 32 sec
>>> cmsRun wrote 25 lines of stdout+stderr
>>> START OF printout of 25 lines from stdout+stderr
20-Oct-2015 07:48:51 CEST  Initiating request to open file file:/lustre/cms//store/user/piet/ME0Segment_Time/DYToMuMu_M-20_TuneZ2star_14TeV-pythia6-tauola/DYToMuMu_M-20_TuneZ2star_14TeV-pythia6-tauola_HGCALGS_PU140_1ns_7ns_RECO/151014_152234/0000/out_reco_542.root
20-Oct-2015 07:48:54 CEST  Successfully opened file file:/lustre/cms//store/user/piet/ME0Segment_Time/DYToMuMu_M-20_TuneZ2star_14TeV-pythia6-tauola/DYToMuMu_M-20_TuneZ2star_14TeV-pythia6-tauola_HGCALGS_PU140_1ns_7ns_RECO/151014_152234/0000/out_reco_542.root
Begin processing the 1st record. Run 1, Event 564281, LumiSection 23759 at 20-Oct-2015 07:48:58.480 CEST
in MuonNumberingInitialization::initializeMuonDDDConstants
about to make my new muonDDDConst_
in MuonNumberingInitialization::produce
-12.562-2.99745-29.033920-Oct-2015 07:49:07 CEST  Closed file file:/lustre/cms//store/user/piet/ME0Segment_Time/DYToMuMu_M-20_TuneZ2star_14TeV-pythia6-tauola/DYToMuMu_M-20_TuneZ2star_14TeV-pythia6-tauola_HGCALGS_PU140_1ns_7ns_RECO/151014_152234/0000/out_reco_542.root

=============================================

MessageLogger Summary

 type     category        sev    module        subroutine        count    total
 ---- -------------------- -- ---------------- ----------------  -----    -----
    1 fileAction           -s file_close                             1        1
    2 fileAction           -s file_open                              2        2

 type    category    Examples: run/evt        run/evt          run/evt
 ---- -------------------- ---------------- ---------------- ----------------
    1 fileAction           PostEndRun                        
    2 fileAction           pre-events       pre-events       

Severity    # Occurrences   Total Occurrences
--------    -------------   -----------------
System                  3                   3
>>> END OF printout of 25 lines from stdout+stderr
>>> Parse FrameworkJobReport crab_fjr.xml
Result of parsing the FrameworkJobReport crab_fjr.xml: Popularity start
lumisRange : 1::23759-23760::1;
lumisParentRange : 
Basename : /store/user/piet/ME0Segment_Time/DYToMuMu_M-20_TuneZ2star_14TeV-pythia6-tauola/DYToMuMu_M-20_TuneZ2star_14TeV-pythia6-tauola_HGCALGS_PU140_1ns_7ns_RECO/151014_152234/0000/
BasenameParent : 
parentFiles : 
inputBlocks : /DYToMuMu_M-20_TuneZ2star_14TeV-pythia6-tauola/piet-DYToMuMu_M-20_TuneZ2star_14TeV-pythia6-tauola_HGCALGS_PU140_1ns_7ns_RECO-dae2ba7355add6539efc58ac0d4cc16b/USER#9df4ec16-769e-4f69-b6fb-2b87e1a98d17
inputFiles : out_reco_542.root::1::EDM::Local::1;
Popularity stop
Extracted ExitStatus from FrameworkJobReport parsing output: 0
>>> Executable succeded  0
ExeExitCode=0
EXECUTABLE_EXIT_STATUS = 0
>>> current directory /home/cms033/home_cream_996791467/CREAM996791467/glide_FdnfyM/execute/dir_22029/CMSSW_6_2_0_SLHC26_patch3
>>>  (SOFTWARE_DIR): /home/cms033/home_cream_996791467/CREAM996791467/glide_FdnfyM/execute/dir_22029/CMSSW_6_2_0_SLHC26_patch3
>>> (WORKING_DIR): 
>>> current directory content:
total 648
drwxr-xr-x 3 cms033 cms   4096 Oct 20 07:48 .SCRAM
-rw------- 1 cms033 cms 279355 Oct 20 07:48 CMSSW.py.pkl
-rw------- 1 cms033 cms  10780 Oct 20 07:49 OutTree.root
drwxr-xr-x 3 cms033 cms   4096 Oct 20 07:48 biglib
drwxr-xr-x 3 cms033 cms   4096 Oct 20 07:48 bin
drwxr-xr-x 3 cms033 cms   4096 Oct 20 07:48 cfipython
drwxr-xr-x 4 cms033 cms   4096 Jul 13 19:47 config
-rw------- 1 cms033 cms     15 Oct 20 07:49 cpu_timing.txt
drwxr-xr-x 2 cms033 cms   4096 Oct 20 07:48 doc
-rw------- 1 cms033 cms   1834 Oct 20 07:49 executable.out
drwxr-xr-x 2 cms033 cms   4096 Oct 20 07:48 include
drwx------ 3 cms033 cms   4096 Sep 29 20:50 lib
drwxr-xr-x 3 cms033 cms   4096 Oct 20 07:48 logs
drwxr-xr-x 3 cms033 cms   4096 Oct 20 07:48 objs
-rw------- 1 cms033 cms    104 Oct 20 07:48 pset.py
-rw------- 1 cms033 cms 279816 Oct 20 07:48 pset.py.pkl
-rw------- 1 cms033 cms    289 Oct 20 07:48 pset.pyc
drwxr-xr-x 2 cms033 cms   4096 Oct 20 07:48 python
-rw------- 1 cms033 cms    368 Oct 20 07:49 report.log
drwx------ 7 cms033 cms   4096 Oct 20 07:48 src
drwxr-xr-x 3 cms033 cms   4096 Oct 20 07:48 test
drwxr-xr-x 3 cms033 cms   4096 Oct 20 07:48 tmp
>>> current directory /home/cms033/home_cream_996791467/CREAM996791467/glide_FdnfyM/execute/dir_22029/CMSSW_6_2_0_SLHC26_patch3
>>> (SOFTWARE_DIR): /home/cms033/home_cream_996791467/CREAM996791467/glide_FdnfyM/execute/dir_22029/CMSSW_6_2_0_SLHC26_patch3
>>> (WORKING_DIR): 
>>> current directory content:
total 636
drwxr-xr-x 3 cms033 cms   4096 Oct 20 07:48 .SCRAM
-rw------- 1 cms033 cms 279355 Oct 20 07:48 CMSSW.py.pkl
drwxr-xr-x 3 cms033 cms   4096 Oct 20 07:48 biglib
drwxr-xr-x 3 cms033 cms   4096 Oct 20 07:48 bin
drwxr-xr-x 3 cms033 cms   4096 Oct 20 07:48 cfipython
drwxr-xr-x 4 cms033 cms   4096 Jul 13 19:47 config
-rw------- 1 cms033 cms     15 Oct 20 07:49 cpu_timing.txt
drwxr-xr-x 2 cms033 cms   4096 Oct 20 07:48 doc
-rw------- 1 cms033 cms   1834 Oct 20 07:49 executable.out
drwxr-xr-x 2 cms033 cms   4096 Oct 20 07:48 include
drwx------ 3 cms033 cms   4096 Sep 29 20:50 lib
drwxr-xr-x 3 cms033 cms   4096 Oct 20 07:48 logs
drwxr-xr-x 3 cms033 cms   4096 Oct 20 07:48 objs
-rw------- 1 cms033 cms    104 Oct 20 07:48 pset.py
-rw------- 1 cms033 cms 279816 Oct 20 07:48 pset.py.pkl
-rw------- 1 cms033 cms    289 Oct 20 07:48 pset.pyc
drwxr-xr-x 2 cms033 cms   4096 Oct 20 07:48 python
-rw------- 1 cms033 cms    368 Oct 20 07:49 report.log
drwx------ 7 cms033 cms   4096 Oct 20 07:48 src
drwxr-xr-x 3 cms033 cms   4096 Oct 20 07:48 test
drwxr-xr-x 3 cms033 cms   4096 Oct 20 07:48 tmp
>>> current directory (RUNTIME_AREA):  /home/cms033/home_cream_996791467/CREAM996791467/glide_FdnfyM/execute/dir_22029
>>> current dir: /home/cms033/home_cream_996791467/CREAM996791467/glide_FdnfyM/execute/dir_22029
>>> current dir content:
total 25860
-rwx------  1 cms033 cms       52 Oct 20 07:48 .chirp.config
-rwx------  1 cms033 cms     6783 Oct 20 07:48 .job.ad
-rwx------  1 cms033 cms     9099 Oct 20 07:48 .machine.ad
-rw-------  1 cms033 cms      105 Oct 20 07:35 CMSSW.py
-rw-------  1 cms033 cms   279355 Oct 20 07:35 CMSSW.py.pkl
-rwx------  1 cms033 cms    26310 Oct 20 07:48 CMSSW.sh
drwxr-xr-x 16 cms033 cms     4096 Oct 20 07:49 CMSSW_6_2_0_SLHC26_patch3
-rw-------  1 cms033 cms      302 Oct 20 07:48 CacheEnv.sh
-rw-------  1 cms033 cms     7291 Nov 19  2014 DashboardAPI.py
-rw-------  1 cms033 cms     6815 Oct 20 07:48 DashboardAPI.pyc
drwx------  2 cms033 cms     4096 Oct 20 07:49 IMProv
-rw-------  1 cms033 cms     2748 Nov 19  2014 Logger.py
-rw-------  1 cms033 cms     3347 Oct 20 07:48 Logger.pyc
lrwxrwxrwx  1 cms033 cms      100 Oct 20 07:49 OutTree.root -> /home/cms033/home_cream_996791467/CREAM996791467/glide_FdnfyM/execute/dir_22029/OutTree_7_1_Hsp.root
-rw-------  1 cms033 cms    10780 Oct 20 07:49 OutTree_7_1_Hsp.root
-rw-------  1 cms033 cms    24524 Nov 19  2014 ProcInfo.py
-rw-------  1 cms033 cms    23197 Oct 20 07:48 ProcInfo.pyc
drwx------  7 cms033 cms     4096 Oct 20 07:48 ProdCommon
drwx------  3 cms033 cms     4096 Oct 20 07:48 WMCore
-rw-------  1 cms033 cms     1434 Oct 20 07:48 Watchdog_7.log
-rwx------  1 cms033 cms        0 Oct 20 07:48 _condor_stderr
-rwx---r--  1 cms033 cms    14817 Oct 20 07:49 _condor_stdout
-rw-------  1 cms033 cms    32895 Nov 19  2014 apmon.py
-rw-------  1 cms033 cms    28625 Oct 20 07:48 apmon.pyc
-rwx------  1 cms033 cms   198108 Oct 20 07:48 arguments.xml
-rwx------  1 cms033 cms   204102 May 29 01:26 cmsRun
-rwx------  1 cms033 cms    38581 Nov 19  2014 cmscp.py
-rwx------  1 cms033 cms    26310 Oct 20 07:48 condor_exec.exe
-rw-------  1 cms033 cms      524 Oct 20 07:34 crab.cfg
-rwx------  1 cms033 cms     8610 Nov 19  2014 crabWatchdog.sh
-rwx---r--  1 cms033 cms    63477 Oct 20 07:49 crab_fjr_7.xml
-rwx------  1 cms033 cms 25265867 Oct 20 07:48 default.tgz
-rwx------  1 cms033 cms     4488 Nov 19  2014 fillCrabFjr.py
-rw-------  1 cms033 cms      437 Oct 20 07:48 inputsReport.txt
-rw-------  1 cms033 cms      124 Oct 20 07:49 jobreport.txt
-rw-------  1 cms033 cms    17352 Nov 19  2014 parseCrabFjr.py
-rw-------  1 cms033 cms      335 Oct 20 07:48 report.log
-rwx--x--x  1 cms033 cms     1497 Nov 19  2014 report.py
-rwx------  1 cms033 cms     8351 Nov 19  2014 writeCfg.py
-rw-------  1 cms033 cms     8473 Oct 20 07:48 x509up_u46992
>>> crab_fjr_*.xml  permission set to 0704
CrabWrapper EXIT_FUNC entered at Tue Oct 20 07:49:12 CEST 2015   -  Tue Oct 20 05:49:12 UTC 2015
Checking output files:  
will tar file OutTree_7_1_Hsp.root in  out_files_7
will tar file crab_fjr_7.xml in  out_files_7
WARNING: output file CMSSW_7.stdout not found!
WARNING: output file CMSSW_7.stderr not found!
WARNING: output file Watchdog_7.log.gz not found!
>>> padding time: Sleeping the wrapper for 554 seconds
STOPPING WATCHDOG. CrabWatchdog PID is 22265
********** LAST 50 LINES OF WATCHDOG LOG
# RESOURCE USAGE SUMMARY FOR PROCESS ID 22066
USER       PID %CPU %MEM    VSZ   RSS TTY      STAT START   TIME COMMAND
cms033   22066  0.3  0.0   9600  1608 ?        S    07:48   0:00 /bin/sh /home/cms033/home_cream_996791467/CREAM996791467/glide_FdnfyM/execute/dir_22029/condor_exec.exe 7 1
 
# LIMITS USED BY CRAB WATCHDOG:
# RSS  (KBytes)   : 2300000
# VSZ  (KBytes)   : 100000000
# DISK (MBytes)   : 19000
# CPU TIME        : 720h:0m:0s
# WALL CLOCK TIME : 21h:50m:0s
 
# FOLLOWING PRINTOUT TRACKS MAXIMUM VALUES OF RESOURCES USE
# ONE LINE IS PRINTED EACH TIME A MAXIMUM CHANGES
# IF CHANGE WAS IN RSS OR VSZ ALSO PROCID AND COMMAND ARE PRINTED
# THERE IS NO PRINTOUT FOR CPU/WALL TIME INCREASE
 
# TIME			PID	RSS(KB)	VSZ(KB)	Dsk(MB)	tCPU(s)	tWALL(s)	COMMAND
 Oct 20 07:48:32 CEST	16628	1240	106096	0	0	0	sh -c "./glidein_startup.sh" -v std -name v3_2 -entry CMS_T2_IT_Bari_ce2 -clientname CMSG-v1_0.main
 Oct 20 07:48:32 CEST	16630	1800	106488	0	0	0	/bin/bash ./glidein_startup.sh -v std -name v3_2 -entry CMS_T2_IT_Bari_ce2 -clientname CMSG-v1_0.main -schedd
 Oct 20 07:48:32 CEST	21846	8636	106488	0	0	1	/home/cms033/home_cream_996791467/CREAM996791467/glide_FdnfyM/main/condor/sbin/condor_master -f -pidfile /home/cms033/home_cream_996791467/CREAM996791467/glide_FdnfyM/condor_master2.pid       
 Oct 20 07:48:32 CEST	21849	9404	106488	0	0	2	condor_startd -f         
 Oct 20 07:48:32 CEST	---	9404	106488	155	----	----	----
 Oct 20 07:50:36 CEST	21849	9452	106488	155	0	126	condor_startd -f         
********** WATCHDOG LOG ENDED
ZIPPING WATCHDOG LOG
Disk space used:
du -sh /home/cms033/home_cream_996791467/CREAM996791467/glide_FdnfyM/execute/dir_22029
155M	/home/cms033/home_cream_996791467/CREAM996791467/glide_FdnfyM/execute/dir_22029
Found unusual stdout, rename for OSB
`/home/cms033/home_cream_996791467/CREAM996791467/glide_FdnfyM/execute/dir_22029/_condor_stdout' -> `CMSSW_7.stdout'
Found unusual stderr, rename for OSB
`/home/cms033/home_cream_996791467/CREAM996791467/glide_FdnfyM/execute/dir_22029/_condor_stdout' -> `CMSSW_7.stderr'
OutTree_7_1_Hsp.root
crab_fjr_7.xml
CMSSW_7.stdout
CMSSW_7.stderr
Watchdog_7.log.gz
Total Output dimension: 20258
WARNING: output files size limit is set to: 50000000
Total Output dimension 20258 is fine.
JOB_EXIT_STATUS = 0
>>> info for dashboard:
***** Cat /home/cms033/home_cream_996791467/CREAM996791467/glide_FdnfyM/execute/dir_22029/jobreport.txt *****
MonitorJobID=7_https://submit-6.t2.ucsd.edu//151020//666493.6
MonitorID=amkalsi_Good_1000ps_47oj9s
ExeTime=32
ExeExitCode=0
CrabUserCpuTime=25.61
CrabSysCpuTime=1.35
CrabCpuPercentage=83%
CrabWrapperTime=600
CrabStageoutTime=NULL
JobExitCode=0
***** End Cat jobreport *****
Parameters sent to Dashboard.
EXITING at Tue Oct 20 07:58:29 CEST 2015  -  Tue Oct 20 05:58:29 UTC 2015
