This script was generated by crab (version 2.11.1_patch1).
Running /home/condor/dir_11491/CREAM156384755/glide_vmT1Nt/execute/dir_39270/condor_exec.exe with 2 positional parameters: 6 1
Today is Tue Oct 20 07:47:59 CEST 2015 - Tue Oct 20 05:47:59 UTC 2015
Job submitted on host wn-recas-infn-22.recas.ba.infn.it
Linux wn-recas-infn-22.recas.ba.infn.it 2.6.32-504.23.4.el6.x86_64 #1 SMP Tue Jun 9 11:55:03 CDT 2015 x86_64 x86_64 x86_64 GNU/Linux
Distributor ID:	Scientific
Description:	Scientific Linux release 6.7 (Carbon)
>>> current directory (RUNTIME_AREA): /home/condor/dir_11491/CREAM156384755/glide_vmT1Nt/execute/dir_39270
>>> current user: uid=11755(cms013) gid=1399(cms) groups=1399(cms)
>>> directory permission set to 0700
>>> umask set to:  u=rwx,g=,o=
>>> stdout stderr permission set to 0704
>>> voms proxy information:
subject   : /C=TW/O=AP/OU=GRID/CN=Amandeep Kaur Kalsi 129089/CN=541697223/CN=1134138198
issuer    : /C=TW/O=AP/OU=GRID/CN=Amandeep Kaur Kalsi 129089/CN=541697223
identity  : /C=TW/O=AP/OU=GRID/CN=Amandeep Kaur Kalsi 129089
type      : RFC3820 compliant limited proxy
strength  : 1024
path      : /home/condor/dir_11491/CREAM156384755/glide_vmT1Nt/execute/dir_39270/x509up_u46992
timeleft  : 23:59:49
key usage : Digital Signature, Key Encipherment, Data Encipherment, Key Agreement
=== VO cms extension information ===
VO        : cms
subject   : /C=TW/O=AP/OU=GRID/CN=Amandeep Kaur Kalsi 129089
issuer    : /DC=ch/DC=cern/OU=computers/CN=voms2.cern.ch
attribute : /cms/Role=NULL/Capability=NULL
timeleft  : 191:45:48
uri       : voms2.cern.ch:15002

WNHostName=wn-recas-infn-22.recas.ba.infn.it
$_CONDOR_JOB_AD =/home/condor/dir_11491/CREAM156384755/glide_vmT1Nt/execute/dir_39270/.job.ad
OverflowFlag=0
>>> tar --no-same-permissions -xf /home/condor/dir_11491/CREAM156384755/glide_vmT1Nt/execute/dir_39270/default.tgz :
Successful untar
>>> Include /home/condor/dir_11491/CREAM156384755/glide_vmT1Nt/execute/dir_39270 in PYTHONPATH:
strip arguments
env var CRAB_UNIQUE_JOB_ID set to: amkalsi_Good_1000ps_47oj9s_6_1_4xQ
out_files_6
>>> list of expected files on output sandbox
output files: OutTree_6_1_4xQ.root crab_fjr_6.xml CMSSW_6.stdout CMSSW_6.stderr Watchdog_6.log.gz
>>> GridFlavour discovery: 
GridFlavour=LCG
>>> SyncSite discovery: 
SyncSite=T2_IT_Bari
>>> SyncCE discovery: 
getting SyncCE from CE_ID
SyncCE=ce-01.recas.ba.infn.it:8443/cream-condor-cms
>>> info for dashboard:
***** Cat /home/condor/dir_11491/CREAM156384755/glide_vmT1Nt/execute/dir_39270/jobreport.txt *****
WNHostName=wn-recas-infn-22.recas.ba.infn.it
OverflowFlag=0
MonitorJobID=6_https://submit-6.t2.ucsd.edu//151020//666493.5
SyncGridJobId=https://submit-6.t2.ucsd.edu//151020//666493.5
MonitorID=amkalsi_Good_1000ps_47oj9s
GridFlavour=LCG
SyncSite=T2_IT_Bari
SyncCE=ce-01.recas.ba.infn.it:8443/cream-condor-cms
***** End Cat jobreport *****
Parameters sent to Dashboard.
>>> setup environment
set SCRAM ARCH to slc6_amd64_gcc472
SCRAM_ARCH = slc6_amd64_gcc472
>>> setup CMS LCG environment:
set SCRAM ARCH and BUILD_ARCH to slc6_amd64_gcc472 ###
Sourcing environment... 
sourcing /cvmfs/cms.cern.ch/cmsset_default.sh
==> setup cms environment ok
>>> specific cmssw setup environment:
CMSSW_VERSION =  CMSSW_6_2_0_SLHC26_patch3
WARNING: In non-interactive mode release checks e.g. deprecated releases, production architectures are disabled.
>>> current directory (SOFTWARE_DIR): /home/condor/dir_11491/CREAM156384755/glide_vmT1Nt/execute/dir_39270/CMSSW_6_2_0_SLHC26_patch3
PreserveSeeds: <>
IncrementSeeds:<>
>>> info for dashboard:
***** Cat /home/condor/dir_11491/CREAM156384755/glide_vmT1Nt/execute/dir_39270/jobreport.txt *****
MonitorJobID=6_https://submit-6.t2.ucsd.edu//151020//666493.5
MonitorID=amkalsi_Good_1000ps_47oj9s
***** End Cat jobreport *****
Parameters sent to Dashboard.
crabWatchdog started as process 39784
>>> moving CMSSW software directories in /home/condor/dir_11491/CREAM156384755/glide_vmT1Nt/execute/dir_39270/CMSSW_6_2_0_SLHC26_patch3
mv: cannot stat `/home/condor/dir_11491/CREAM156384755/glide_vmT1Nt/execute/dir_39270/module/': No such file or directory
>>> Include /home/condor/dir_11491/CREAM156384755/glide_vmT1Nt/execute/dir_39270 in PYTHONPATH:
PYTHONPATH=/home/condor/dir_11491/CREAM156384755/glide_vmT1Nt/execute/dir_39270/:/home/condor/dir_11491/CREAM156384755/glide_vmT1Nt/execute/dir_39270/CMSSW_6_2_0_SLHC26_patch3/python:/home/condor/dir_11491/CREAM156384755/glide_vmT1Nt/execute/dir_39270/CMSSW_6_2_0_SLHC26_patch3/lib/slc6_amd64_gcc472:/cvmfs/cms.cern.ch/slc6_amd64_gcc472/cms/cmssw-patch/CMSSW_6_2_0_SLHC26_patch3/python:/cvmfs/cms.cern.ch/slc6_amd64_gcc472/cms/cmssw-patch/CMSSW_6_2_0_SLHC26_patch3/lib/slc6_amd64_gcc472:/cvmfs/cms.cern.ch/slc6_amd64_gcc472/cms/cmssw/CMSSW_6_2_0_SLHC26/bin/slc6_amd64_gcc472:/cvmfs/cms.cern.ch/slc6_amd64_gcc472/cms/cmssw/CMSSW_6_2_0_SLHC26/lib/slc6_amd64_gcc472:/cvmfs/cms.cern.ch/slc6_amd64_gcc472/cms/coral/CORAL_2_3_21-flmnjk2/slc6_amd64_gcc472/python:/cvmfs/cms.cern.ch/slc6_amd64_gcc472/cms/coral/CORAL_2_3_21-flmnjk2/slc6_amd64_gcc472/lib:/cvmfs/cms.cern.ch/slc6_amd64_gcc472/external/pyqt/4.8.1-cms5/lib/python2.7/site-packages:/cvmfs/cms.cern.ch/slc6_amd64_gcc472/external/py2-scipy/0.8.0-cms7/lib/python2.7/site-packages:/cvmfs/cms.cern.ch/slc6_amd64_gcc472/external/py2-matplotlib/1.0.1-cms7/lib/python2.7/site-packages:/cvmfs/cms.cern.ch/slc6_amd64_gcc472/external/python-ldap/2.4.10/lib/python2.7/site-packages:/cvmfs/cms.cern.ch/slc6_amd64_gcc472/external/sip/4.11.2-cms5/lib/python2.7/site-packages:/cvmfs/cms.cern.ch/slc6_amd64_gcc472/external/py2-pycurl/7.19.0-cms7/lib/python2.7/site-packages:/cvmfs/cms.cern.ch/slc6_amd64_gcc472/external/py2-numpy/1.6.1-cms7/lib/python2.7/site-packages:/cvmfs/cms.cern.ch/slc6_amd64_gcc472/external/py2-lint/0.25.1-cms5/lib/python2.7/site-packages:/cvmfs/cms.cern.ch/slc6_amd64_gcc472/external/py2-ipython/0.10-cms5/lib/python2.7/site-packages:/cvmfs/cms.cern.ch/slc6_amd64_gcc472/external/py2-cx-oracle/5.1-cms5/lib/python2.7/site-packages:/cvmfs/cms.cern.ch/slc6_amd64_gcc472/external/py2-cjson/1.0.5-cms5/lib/python2.7/site-packages:/cvmfs/cms.cern.ch/slc6_amd64_gcc472/cms/das-client/1.11.7/bin:/cvmfs/cms.cern.ch/slc6_amd64_gcc472/external/elementtree/1.2.6-cms5/share/lib/python2.7/site-packages:/cvmfs/cms.cern.ch/slc6_amd64_gcc472/external/rivet/1.8.2-cms9/lib/python2.7/site-packages:/cvmfs/cms.cern.ch/slc6_amd64_gcc472/external/pyminuit2/0.0.1-cms25/lib/python2.7/site-packages:/cvmfs/cms.cern.ch/slc6_amd64_gcc472/external/py2-pygithub/1.23.0-cms2/lib/python2.7/site-packages:/cvmfs/cms.cern.ch/slc6_amd64_gcc472/external/professor/1.0.0-cms25/lib/python2.7/site-packages:/cvmfs/cms.cern.ch/slc6_amd64_gcc472/lcg/root/5.34.07-cms5/lib:/cvmfs/cms.cern.ch/slc6_amd64_gcc472/cms/dbs-client/DBS_2_1_9-cms5/lib:/cvmfs/cms.cern.ch/slc6_amd64_gcc472/cms/dbs-client/DBS_2_1_9-cms5/lib/DBSAPI:/cvmfs/cms.cern.ch/slc6_amd64_gcc472/external/cvs2git/5419-cms/lib:/home/condor/dir_11491/CREAM156384755/glide_vmT1Nt/execute/dir_39270/
 
# LIMITS USED BY CRAB WATCHDOG:
# RSS  (KBytes)   : 2300000
# VSZ  (KBytes)   : 100000000
# DISK (MBytes)   : 19000
# CPU TIME        : 720h:0m:0s
# WALL CLOCK TIME : 21h:50m:0s
 
89204fc7dc811f9e79a97af487a037d4
PSETHASH = 89204fc7dc811f9e79a97af487a037d4
/home/condor/dir_11491/CREAM156384755/glide_vmT1Nt/execute/dir_39270/writeCfg.py pset.py pset.py
Importing .py file
Setting parameters
RandomNumberGeneratorService found, will attempt to change seeds
inputBlocks=/DYToMuMu_M-20_TuneZ2star_14TeV-pythia6-tauola/piet-DYToMuMu_M-20_TuneZ2star_14TeV-pythia6-tauola_HGCALGS_PU140_1ns_7ns_RECO-dae2ba7355add6539efc58ac0d4cc16b/USER#c0463b44-58f0-4c33-8105-492a98f18390
inputFiles=/store/user/piet/ME0Segment_Time/DYToMuMu_M-20_TuneZ2star_14TeV-pythia6-tauola/DYToMuMu_M-20_TuneZ2star_14TeV-pythia6-tauola_HGCALGS_PU140_1ns_7ns_RECO/151014_105159/0000/out_reco_33.root;/store/user/piet/ME0Segment_Time/DYToMuMu_M-20_TuneZ2star_14TeV-pythia6-tauola/DYToMuMu_M-20_TuneZ2star_14TeV-pythia6-tauola_HGCALGS_PU140_1ns_7ns_RECO/151014_105159/0000/out_reco_49.root;/store/user/piet/ME0Segment_Time/DYToMuMu_M-20_TuneZ2star_14TeV-pythia6-tauola/DYToMuMu_M-20_TuneZ2star_14TeV-pythia6-tauola_HGCALGS_PU140_1ns_7ns_RECO/151014_105159/0000/out_reco_82.root;/store/user/piet/ME0Segment_Time/DYToMuMu_M-20_TuneZ2star_14TeV-pythia6-tauola/DYToMuMu_M-20_TuneZ2star_14TeV-pythia6-tauola_HGCALGS_PU140_1ns_7ns_RECO/151014_105159/0000/out_reco_76.root;/store/user/piet/ME0Segment_Time/DYToMuMu_M-20_TuneZ2star_14TeV-pythia6-tauola/DYToMuMu_M-20_TuneZ2star_14TeV-pythia6-tauola_HGCALGS_PU140_1ns_7ns_RECO/151014_105159/0000/out_reco_87.root
parentFiles=
lumisRange=
>>> Executable cmsRun
/cvmfs/cms.cern.ch/slc6_amd64_gcc472/cms/cmssw/CMSSW_6_2_0_SLHC26/bin/slc6_amd64_gcc472/cmsRun
ok executable found
>>> info for dashboard:
***** Cat /home/condor/dir_11491/CREAM156384755/glide_vmT1Nt/execute/dir_39270/jobreport.txt *****
MonitorJobID=6_https://submit-6.t2.ucsd.edu//151020//666493.5
MonitorID=amkalsi_Good_1000ps_47oj9s
ExeStart=cmsRun
***** End Cat jobreport *****
Parameters sent to Dashboard.
>>> cmsRun started at Tue Oct 20 05:48:12 UTC 2015
>>> cmsRun ended at Tue Oct 20 05:50:25 UTC 2015
>>> crab_fjr_*.xml  permission set to 0704
>>> info for dashboard:
***** Cat /home/condor/dir_11491/CREAM156384755/glide_vmT1Nt/execute/dir_39270/jobreport.txt *****
MonitorJobID=6_https://submit-6.t2.ucsd.edu//151020//666493.5
MonitorID=amkalsi_Good_1000ps_47oj9s
ExeEnd=cmsRun
***** End Cat jobreport *****
Parameters sent to Dashboard.
TIME_EXE = 133 sec
>>> cmsRun wrote 64 lines of stdout+stderr
>>> START OF printout of 64 lines from stdout+stderr
20-Oct-2015 07:48:32 CEST  Initiating request to open file file:/lustre/cms//store/user/piet/ME0Segment_Time/DYToMuMu_M-20_TuneZ2star_14TeV-pythia6-tauola/DYToMuMu_M-20_TuneZ2star_14TeV-pythia6-tauola_HGCALGS_PU140_1ns_7ns_RECO/151014_105159/0000/out_reco_33.root
20-Oct-2015 07:48:34 CEST  Successfully opened file file:/lustre/cms//store/user/piet/ME0Segment_Time/DYToMuMu_M-20_TuneZ2star_14TeV-pythia6-tauola/DYToMuMu_M-20_TuneZ2star_14TeV-pythia6-tauola_HGCALGS_PU140_1ns_7ns_RECO/151014_105159/0000/out_reco_33.root
%MSG-e RunLumiMerging:  source 20-Oct-2015 07:48:39 CEST PostBeginLumi
ProductHolderBase::mergeTheProduct
Two run/lumi products for the same run/lumi which should be equal are not
Using the first, ignoring the second
className = edm::RandomEngineStates
moduleLabel = randomEngineStateProducer
instance = beginLumi
process = DIGI2RAW

%MSG
Begin processing the 1st record. Run 1, Event 938111, LumiSection 39500 at 20-Oct-2015 07:48:41.433 CEST
in MuonNumberingInitialization::initializeMuonDDDConstants
about to make my new muonDDDConst_
in MuonNumberingInitialization::produce
-3.97659-6.12037-0.732612-0.469219-1.25518-0.391162-5.02191-0.801399-1.65835-4.18522-1.40998-0.332873-1.69588-1.07003-8.0311620-Oct-2015 07:49:05 CEST  Closed file file:/lustre/cms//store/user/piet/ME0Segment_Time/DYToMuMu_M-20_TuneZ2star_14TeV-pythia6-tauola/DYToMuMu_M-20_TuneZ2star_14TeV-pythia6-tauola_HGCALGS_PU140_1ns_7ns_RECO/151014_105159/0000/out_reco_33.root
20-Oct-2015 07:49:05 CEST  Initiating request to open file file:/lustre/cms//store/user/piet/ME0Segment_Time/DYToMuMu_M-20_TuneZ2star_14TeV-pythia6-tauola/DYToMuMu_M-20_TuneZ2star_14TeV-pythia6-tauola_HGCALGS_PU140_1ns_7ns_RECO/151014_105159/0000/out_reco_49.root
20-Oct-2015 07:49:05 CEST  Successfully opened file file:/lustre/cms//store/user/piet/ME0Segment_Time/DYToMuMu_M-20_TuneZ2star_14TeV-pythia6-tauola/DYToMuMu_M-20_TuneZ2star_14TeV-pythia6-tauola_HGCALGS_PU140_1ns_7ns_RECO/151014_105159/0000/out_reco_49.root
Begin processing the 101st record. Run 1, Event 357761, LumiSection 15064 at 20-Oct-2015 07:49:08.512 CEST
-1.84326-1.88914-11.9011-0.485053-0.523865-0.237124-3.43476-1.36429-2.70899-0.241589-0.504298-6.6236%MSG-e RunLumiMerging:  source 20-Oct-2015 07:49:20 CEST PostBeginLumi
ProductHolderBase::mergeTheProduct
Two run/lumi products for the same run/lumi which should be equal are not
Using the first, ignoring the second
className = edm::RandomEngineStates
moduleLabel = randomEngineStateProducer
instance = beginLumi
process = DIGI2RAW

%MSG
-0.546147-3.78254-2.12571-1.09619-0.392196-1.6110920-Oct-2015 07:49:27 CEST  Closed file file:/lustre/cms//store/user/piet/ME0Segment_Time/DYToMuMu_M-20_TuneZ2star_14TeV-pythia6-tauola/DYToMuMu_M-20_TuneZ2star_14TeV-pythia6-tauola_HGCALGS_PU140_1ns_7ns_RECO/151014_105159/0000/out_reco_49.root
20-Oct-2015 07:49:27 CEST  Initiating request to open file file:/lustre/cms//store/user/piet/ME0Segment_Time/DYToMuMu_M-20_TuneZ2star_14TeV-pythia6-tauola/DYToMuMu_M-20_TuneZ2star_14TeV-pythia6-tauola_HGCALGS_PU140_1ns_7ns_RECO/151014_105159/0000/out_reco_82.root
20-Oct-2015 07:49:27 CEST  Successfully opened file file:/lustre/cms//store/user/piet/ME0Segment_Time/DYToMuMu_M-20_TuneZ2star_14TeV-pythia6-tauola/DYToMuMu_M-20_TuneZ2star_14TeV-pythia6-tauola_HGCALGS_PU140_1ns_7ns_RECO/151014_105159/0000/out_reco_82.root
Begin processing the 201st record. Run 1, Event 472201, LumiSection 19883 at 20-Oct-2015 07:49:29.261 CEST
-0.619192-3.81539-2.28585-8.89028-0.707014-11.7821-60.3363-3.23846-1.07226-3.59521-1.88287-54.1073-0.942185-0.601543-1.17142-1.63438-2.34154-0.972841-0.913493-2.46656-1.64963-0.97896820-Oct-2015 07:49:45 CEST  Closed file file:/lustre/cms//store/user/piet/ME0Segment_Time/DYToMuMu_M-20_TuneZ2star_14TeV-pythia6-tauola/DYToMuMu_M-20_TuneZ2star_14TeV-pythia6-tauola_HGCALGS_PU140_1ns_7ns_RECO/151014_105159/0000/out_reco_82.root
20-Oct-2015 07:49:45 CEST  Initiating request to open file file:/lustre/cms//store/user/piet/ME0Segment_Time/DYToMuMu_M-20_TuneZ2star_14TeV-pythia6-tauola/DYToMuMu_M-20_TuneZ2star_14TeV-pythia6-tauola_HGCALGS_PU140_1ns_7ns_RECO/151014_105159/0000/out_reco_76.root
20-Oct-2015 07:49:45 CEST  Successfully opened file file:/lustre/cms//store/user/piet/ME0Segment_Time/DYToMuMu_M-20_TuneZ2star_14TeV-pythia6-tauola/DYToMuMu_M-20_TuneZ2star_14TeV-pythia6-tauola_HGCALGS_PU140_1ns_7ns_RECO/151014_105159/0000/out_reco_76.root
Begin processing the 301st record. Run 1, Event 993091, LumiSection 41815 at 20-Oct-2015 07:49:47.757 CEST
-0.386724-2.46004-0.920244-1.12717-5.3272-1.63334-0.806352-10.4896-3.50527-0.470352-3.13859-0.839362-1.39841-3.55025-1.49583-1.15833-8.26336-14.2167-1.8814720-Oct-2015 07:50:06 CEST  Closed file file:/lustre/cms//store/user/piet/ME0Segment_Time/DYToMuMu_M-20_TuneZ2star_14TeV-pythia6-tauola/DYToMuMu_M-20_TuneZ2star_14TeV-pythia6-tauola_HGCALGS_PU140_1ns_7ns_RECO/151014_105159/0000/out_reco_76.root
20-Oct-2015 07:50:06 CEST  Initiating request to open file file:/lustre/cms//store/user/piet/ME0Segment_Time/DYToMuMu_M-20_TuneZ2star_14TeV-pythia6-tauola/DYToMuMu_M-20_TuneZ2star_14TeV-pythia6-tauola_HGCALGS_PU140_1ns_7ns_RECO/151014_105159/0000/out_reco_87.root
20-Oct-2015 07:50:06 CEST  Successfully opened file file:/lustre/cms//store/user/piet/ME0Segment_Time/DYToMuMu_M-20_TuneZ2star_14TeV-pythia6-tauola/DYToMuMu_M-20_TuneZ2star_14TeV-pythia6-tauola_HGCALGS_PU140_1ns_7ns_RECO/151014_105159/0000/out_reco_87.root
Begin processing the 401st record. Run 1, Event 505401, LumiSection 21281 at 20-Oct-2015 07:50:08.423 CEST
-5.8405-3.34115-2.15274-58.9612-0.635674-3.94689-4.48539-3.27037-1.1193120-Oct-2015 07:50:24 CEST  Closed file file:/lustre/cms//store/user/piet/ME0Segment_Time/DYToMuMu_M-20_TuneZ2star_14TeV-pythia6-tauola/DYToMuMu_M-20_TuneZ2star_14TeV-pythia6-tauola_HGCALGS_PU140_1ns_7ns_RECO/151014_105159/0000/out_reco_87.root

=============================================

MessageLogger Summary

 type     category        sev    module        subroutine        count    total
 ---- -------------------- -- ---------------- ----------------  -----    -----
    1 RunLumiMerging       -e source                                 2        2
    2 fileAction           -s file_close                             5        5
    3 fileAction           -s file_open                             10       10

 type    category    Examples: run/evt        run/evt          run/evt
 ---- -------------------- ---------------- ---------------- ----------------
    1 RunLumiMerging       PostBeginLumi    PostBeginLumi    
    2 fileAction           PostProcessEvent PostProcessEvent PostEndRun
    3 fileAction           pre-events       pre-events       PostProcessEvent

Severity    # Occurrences   Total Occurrences
--------    -------------   -----------------
Error                   2                   2
System                 15                  15
>>> END OF printout of 64 lines from stdout+stderr
>>> Parse FrameworkJobReport crab_fjr.xml
Result of parsing the FrameworkJobReport crab_fjr.xml: Popularity start
lumisRange : 1::15033-15034,19881,41815-41816::1;1::15064,15361-15364,18070::2;1::18101-18104,18905,19883::3;1::19885,21281-21284::4;1::16368,39500-39503::5;
lumisParentRange : 
Basename : /store/user/piet/ME0Segment_Time/DYToMuMu_M-20_TuneZ2star_14TeV-pythia6-tauola/DYToMuMu_M-20_TuneZ2star_14TeV-pythia6-tauola_HGCALGS_PU140_1ns_7ns_RECO/151014_105159/0000/out_reco_
BasenameParent : 
parentFiles : 
inputBlocks : /DYToMuMu_M-20_TuneZ2star_14TeV-pythia6-tauola/piet-DYToMuMu_M-20_TuneZ2star_14TeV-pythia6-tauola_HGCALGS_PU140_1ns_7ns_RECO-dae2ba7355add6539efc58ac0d4cc16b/USER#c0463b44-58f0-4c33-8105-492a98f18390
inputFiles : 76.root::1::EDM::Local::1;49.root::1::EDM::Local::2;82.root::1::EDM::Local::3;87.root::1::EDM::Local::4;33.root::1::EDM::Local::5;
Popularity stop
Extracted ExitStatus from FrameworkJobReport parsing output: 0
>>> Executable succeded  0
ExeExitCode=0
EXECUTABLE_EXIT_STATUS = 0
>>> current directory /home/condor/dir_11491/CREAM156384755/glide_vmT1Nt/execute/dir_39270/CMSSW_6_2_0_SLHC26_patch3
>>>  (SOFTWARE_DIR): /home/condor/dir_11491/CREAM156384755/glide_vmT1Nt/execute/dir_39270/CMSSW_6_2_0_SLHC26_patch3
>>> (WORKING_DIR): 
>>> current directory content:
total 648
drwxr-xr-x 3 cms013 cms   4096 Oct 20 07:48 .SCRAM
-rw------- 1 cms013 cms 279355 Oct 20 07:48 CMSSW.py.pkl
-rw------- 1 cms013 cms  13244 Oct 20 07:50 OutTree.root
drwxr-xr-x 3 cms013 cms   4096 Oct 20 07:48 biglib
drwxr-xr-x 3 cms013 cms   4096 Oct 20 07:48 bin
drwxr-xr-x 3 cms013 cms   4096 Oct 20 07:48 cfipython
drwxr-xr-x 4 cms013 cms   4096 Jul 13 19:47 config
-rw------- 1 cms013 cms     15 Oct 20 07:50 cpu_timing.txt
drwxr-xr-x 2 cms013 cms   4096 Oct 20 07:48 doc
-rw------- 1 cms013 cms   6874 Oct 20 07:50 executable.out
drwxr-xr-x 2 cms013 cms   4096 Oct 20 07:48 include
drwx------ 3 cms013 cms   4096 Sep 29 20:50 lib
drwxr-xr-x 3 cms013 cms   4096 Oct 20 07:48 logs
drwxr-xr-x 3 cms013 cms   4096 Oct 20 07:48 objs
-rw------- 1 cms013 cms    104 Oct 20 07:48 pset.py
-rw------- 1 cms013 cms 280603 Oct 20 07:48 pset.py.pkl
-rw------- 1 cms013 cms    289 Oct 20 07:48 pset.pyc
drwxr-xr-x 2 cms013 cms   4096 Oct 20 07:48 python
-rw------- 1 cms013 cms    368 Oct 20 07:50 report.log
drwx------ 7 cms013 cms   4096 Oct 20 07:48 src
drwxr-xr-x 3 cms013 cms   4096 Oct 20 07:48 test
drwxr-xr-x 3 cms013 cms   4096 Oct 20 07:48 tmp
>>> current directory /home/condor/dir_11491/CREAM156384755/glide_vmT1Nt/execute/dir_39270/CMSSW_6_2_0_SLHC26_patch3
>>> (SOFTWARE_DIR): /home/condor/dir_11491/CREAM156384755/glide_vmT1Nt/execute/dir_39270/CMSSW_6_2_0_SLHC26_patch3
>>> (WORKING_DIR): 
>>> current directory content:
total 632
drwxr-xr-x 3 cms013 cms   4096 Oct 20 07:48 .SCRAM
-rw------- 1 cms013 cms 279355 Oct 20 07:48 CMSSW.py.pkl
drwxr-xr-x 3 cms013 cms   4096 Oct 20 07:48 biglib
drwxr-xr-x 3 cms013 cms   4096 Oct 20 07:48 bin
drwxr-xr-x 3 cms013 cms   4096 Oct 20 07:48 cfipython
drwxr-xr-x 4 cms013 cms   4096 Jul 13 19:47 config
-rw------- 1 cms013 cms     15 Oct 20 07:50 cpu_timing.txt
drwxr-xr-x 2 cms013 cms   4096 Oct 20 07:48 doc
-rw------- 1 cms013 cms   6874 Oct 20 07:50 executable.out
drwxr-xr-x 2 cms013 cms   4096 Oct 20 07:48 include
drwx------ 3 cms013 cms   4096 Sep 29 20:50 lib
drwxr-xr-x 3 cms013 cms   4096 Oct 20 07:48 logs
drwxr-xr-x 3 cms013 cms   4096 Oct 20 07:48 objs
-rw------- 1 cms013 cms    104 Oct 20 07:48 pset.py
-rw------- 1 cms013 cms 280603 Oct 20 07:48 pset.py.pkl
-rw------- 1 cms013 cms    289 Oct 20 07:48 pset.pyc
drwxr-xr-x 2 cms013 cms   4096 Oct 20 07:48 python
-rw------- 1 cms013 cms    368 Oct 20 07:50 report.log
drwx------ 7 cms013 cms   4096 Oct 20 07:48 src
drwxr-xr-x 3 cms013 cms   4096 Oct 20 07:48 test
drwxr-xr-x 3 cms013 cms   4096 Oct 20 07:48 tmp
>>> current directory (RUNTIME_AREA):  /home/condor/dir_11491/CREAM156384755/glide_vmT1Nt/execute/dir_39270
>>> current dir: /home/condor/dir_11491/CREAM156384755/glide_vmT1Nt/execute/dir_39270
>>> current dir content:
total 26028
-rwx------  1 cms013 cms       52 Oct 20 07:47 .chirp.config
-rwx------  1 cms013 cms     6760 Oct 20 07:47 .job.ad
-rwx------  1 cms013 cms     9439 Oct 20 07:47 .machine.ad
-rw-------  1 cms013 cms      105 Oct 20 07:35 CMSSW.py
-rw-------  1 cms013 cms   279355 Oct 20 07:35 CMSSW.py.pkl
-rwx------  1 cms013 cms    26310 Oct 20 07:47 CMSSW.sh
drwxr-xr-x 16 cms013 cms     4096 Oct 20 07:50 CMSSW_6_2_0_SLHC26_patch3
-rw-------  1 cms013 cms      258 Oct 20 07:48 CacheEnv.sh
-rw-------  1 cms013 cms     7291 Nov 19  2014 DashboardAPI.py
-rw-------  1 cms013 cms     6650 Oct 20 07:48 DashboardAPI.pyc
drwx------  2 cms013 cms     4096 Oct 20 07:50 IMProv
-rw-------  1 cms013 cms     2748 Nov 19  2014 Logger.py
-rw-------  1 cms013 cms     3292 Oct 20 07:48 Logger.pyc
lrwxrwxrwx  1 cms013 cms       89 Oct 20 07:50 OutTree.root -> /home/condor/dir_11491/CREAM156384755/glide_vmT1Nt/execute/dir_39270/OutTree_6_1_4xQ.root
-rw-------  1 cms013 cms    13244 Oct 20 07:50 OutTree_6_1_4xQ.root
-rw-------  1 cms013 cms    24524 Nov 19  2014 ProcInfo.py
-rw-------  1 cms013 cms    22933 Oct 20 07:48 ProcInfo.pyc
drwx------  7 cms013 cms     4096 Oct 20 07:48 ProdCommon
drwx------  3 cms013 cms     4096 Oct 20 07:48 WMCore
-rw-------  1 cms013 cms     2056 Oct 20 07:50 Watchdog_6.log
-rwx------  1 cms013 cms        0 Oct 20 07:47 _condor_stderr
-rwx---r--  1 cms013 cms    20611 Oct 20 07:50 _condor_stdout
-rw-------  1 cms013 cms    32895 Nov 19  2014 apmon.py
-rw-------  1 cms013 cms    28306 Oct 20 07:48 apmon.pyc
-rwx------  1 cms013 cms   198108 Oct 20 07:47 arguments.xml
-rwx------  1 cms013 cms   204102 May 29 01:26 cmsRun
-rwx------  1 cms013 cms    38581 Nov 19  2014 cmscp.py
-rwx------  1 cms013 cms    26310 Oct 20 07:47 condor_exec.exe
-rw-------  1 cms013 cms      524 Oct 20 07:34 crab.cfg
-rwx------  1 cms013 cms     8610 Nov 19  2014 crabWatchdog.sh
-rwx---r--  1 cms013 cms   271522 Oct 20 07:50 crab_fjr_6.xml
-rwx------  1 cms013 cms 25265867 Oct 20 07:47 default.tgz
-rwx------  1 cms013 cms     4488 Nov 19  2014 fillCrabFjr.py
-rw-------  1 cms013 cms     1188 Oct 20 07:48 inputsReport.txt
-rw-------  1 cms013 cms      125 Oct 20 07:50 jobreport.txt
-rw-------  1 cms013 cms    17352 Nov 19  2014 parseCrabFjr.py
-rw-------  1 cms013 cms      353 Oct 20 07:48 report.log
-rwx--x--x  1 cms013 cms     1497 Nov 19  2014 report.py
-rwx------  1 cms013 cms     8351 Nov 19  2014 writeCfg.py
-rw-------  1 cms013 cms     8477 Oct 20 07:47 x509up_u46992
>>> crab_fjr_*.xml  permission set to 0704
CrabWrapper EXIT_FUNC entered at Tue Oct 20 07:50:30 CEST 2015   -  Tue Oct 20 05:50:30 UTC 2015
Checking output files:  
will tar file OutTree_6_1_4xQ.root in  out_files_6
will tar file crab_fjr_6.xml in  out_files_6
WARNING: output file CMSSW_6.stdout not found!
WARNING: output file CMSSW_6.stderr not found!
WARNING: output file Watchdog_6.log.gz not found!
>>> padding time: Sleeping the wrapper for 451 seconds
STOPPING WATCHDOG. CrabWatchdog PID is 39784
********** LAST 50 LINES OF WATCHDOG LOG
# RESOURCE USAGE SUMMARY FOR PROCESS ID 39433
USER       PID %CPU %MEM    VSZ   RSS TTY      STAT START   TIME COMMAND
cms013   39433  0.4  0.0   9604  1600 ?        S    07:47   0:00 /bin/sh /home/condor/dir_11491/CREAM156384755/glide_vmT1Nt/execute/dir_39270/condor_exec.exe 6 1
 
# LIMITS USED BY CRAB WATCHDOG:
# RSS  (KBytes)   : 2300000
# VSZ  (KBytes)   : 100000000
# DISK (MBytes)   : 19000
# CPU TIME        : 720h:0m:0s
# WALL CLOCK TIME : 21h:50m:0s
 
# FOLLOWING PRINTOUT TRACKS MAXIMUM VALUES OF RESOURCES USE
# ONE LINE IS PRINTED EACH TIME A MAXIMUM CHANGES
# IF CHANGE WAS IN RSS OR VSZ ALSO PROCID AND COMMAND ARE PRINTED
# THERE IS NO PRINTOUT FOR CPU/WALL TIME INCREASE
 
# TIME			PID	RSS(KB)	VSZ(KB)	Dsk(MB)	tCPU(s)	tWALL(s)	COMMAND
 Oct 20 07:48:08 CEST	11563	1248	106096	0	0	0	sh -c "./glidein_startup.sh" -v std -name gfactory_instance -entry CMS_T2_IT_Bari_ce1 -clientname CMSG-v1_0.main
 Oct 20 07:48:08 CEST	11567	1792	106488	0	1	0	/bin/bash ./glidein_startup.sh -v std -name gfactory_instance -entry CMS_T2_IT_Bari_ce1 -clientname CMSG-v1_0.main -schedd
 Oct 20 07:48:08 CEST	16772	8704	106488	0	0	0	/home/condor/dir_11491/CREAM156384755/glide_vmT1Nt/main/condor/sbin/condor_master -f -pidfile /home/condor/dir_11491/CREAM156384755/glide_vmT1Nt/condor_master2.pid       
 Oct 20 07:48:08 CEST	16774	8928	106488	0	2	0	condor_procd -A /home/condor/dir_11491/CREAM156384755/glide_vmT1Nt/log/procd_address -L /home/condor/dir_11491/CREAM156384755/glide_vmT1Nt/log/ProcLog -R 1000000 -S 60 -C 11755
 Oct 20 07:48:08 CEST	16775	9484	106488	0	0	1	condor_startd -f         
 Oct 20 07:48:08 CEST	39807	24328	106488	0	0	1	edmConfigHash pset.py         
 Oct 20 07:48:08 CEST	---	24328	106488	154	----	----	----
 Oct 20 07:49:09 CEST	40424	515640	733684	154	31	62	cmsRun -j /home/condor/dir_11491/CREAM156384755/glide_vmT1Nt/execute/dir_39270/crab_fjr_6.xml -p pset.py      
 Oct 20 07:50:10 CEST	40424	525540	752148	154	68	124	cmsRun -j /home/condor/dir_11491/CREAM156384755/glide_vmT1Nt/execute/dir_39270/crab_fjr_6.xml -p pset.py      
 Oct 20 07:51:12 CEST	---	525540	752148	155	----	----	----
********** WATCHDOG LOG ENDED
ZIPPING WATCHDOG LOG
Disk space used:
du -sh /home/condor/dir_11491/CREAM156384755/glide_vmT1Nt/execute/dir_39270
155M	/home/condor/dir_11491/CREAM156384755/glide_vmT1Nt/execute/dir_39270
Found unusual stdout, rename for OSB
`/home/condor/dir_11491/CREAM156384755/glide_vmT1Nt/execute/dir_39270/_condor_stdout' -> `CMSSW_6.stdout'
Found unusual stderr, rename for OSB
`/home/condor/dir_11491/CREAM156384755/glide_vmT1Nt/execute/dir_39270/_condor_stdout' -> `CMSSW_6.stderr'
OutTree_6_1_4xQ.root
crab_fjr_6.xml
CMSSW_6.stdout
CMSSW_6.stderr
Watchdog_6.log.gz
Total Output dimension: 48616
WARNING: output files size limit is set to: 50000000
Total Output dimension 48616 is fine.
JOB_EXIT_STATUS = 0
>>> info for dashboard:
***** Cat /home/condor/dir_11491/CREAM156384755/glide_vmT1Nt/execute/dir_39270/jobreport.txt *****
MonitorJobID=6_https://submit-6.t2.ucsd.edu//151020//666493.5
MonitorID=amkalsi_Good_1000ps_47oj9s
ExeTime=133
ExeExitCode=0
CrabUserCpuTime=68.96
CrabSysCpuTime=8.14
CrabCpuPercentage=58%
CrabWrapperTime=600
CrabStageoutTime=NULL
JobExitCode=0
***** End Cat jobreport *****
Parameters sent to Dashboard.
EXITING at Tue Oct 20 07:58:04 CEST 2015  -  Tue Oct 20 05:58:04 UTC 2015
