This script was generated by crab (version 2.11.1_patch1).
Running /home/cms033/home_cream_143458810/CREAM143458810/glide_Th6Qf7/execute/dir_28902/condor_exec.exe with 2 positional parameters: 13 1
Today is Tue Oct 20 07:51:15 CEST 2015 - Tue Oct 20 05:51:15 UTC 2015
Job submitted on host alicegrid58.ba.infn.it
Linux alicegrid58.ba.infn.it 2.6.32-504.3.3.el6.x86_64 #1 SMP Wed Dec 17 09:22:39 CET 2014 x86_64 x86_64 x86_64 GNU/Linux
Distributor ID:	ScientificCERNSLC
Description:	Scientific Linux CERN SLC release 6.6 (Carbon)
>>> current directory (RUNTIME_AREA): /home/cms033/home_cream_143458810/CREAM143458810/glide_Th6Qf7/execute/dir_28902
>>> current user: uid=18589(cms033) gid=1399(cms) groups=1399(cms)
>>> directory permission set to 0700
>>> umask set to:  u=rwx,g=,o=
>>> stdout stderr permission set to 0704
>>> voms proxy information:
subject   : /C=TW/O=AP/OU=GRID/CN=Amandeep Kaur Kalsi 129089/CN=541697223/CN=38457715
issuer    : /C=TW/O=AP/OU=GRID/CN=Amandeep Kaur Kalsi 129089/CN=541697223
identity  : /C=TW/O=AP/OU=GRID/CN=Amandeep Kaur Kalsi 129089
type      : RFC3820 compliant limited proxy
strength  : 1024
path      : /home/cms033/home_cream_143458810/CREAM143458810/glide_Th6Qf7/execute/dir_28902/x509up_u46992
timeleft  : 23:58:53
key usage : Digital Signature, Key Encipherment, Data Encipherment, Key Agreement
=== VO cms extension information ===
VO        : cms
subject   : /C=TW/O=AP/OU=GRID/CN=Amandeep Kaur Kalsi 129089
issuer    : /DC=ch/DC=cern/OU=computers/CN=voms2.cern.ch
attribute : /cms/Role=NULL/Capability=NULL
timeleft  : 191:42:33
uri       : voms2.cern.ch:15002

WNHostName=alicegrid58.ba.infn.it
$_CONDOR_JOB_AD =/home/cms033/home_cream_143458810/CREAM143458810/glide_Th6Qf7/execute/dir_28902/.job.ad
OverflowFlag=0
>>> tar --no-same-permissions -xf /home/cms033/home_cream_143458810/CREAM143458810/glide_Th6Qf7/execute/dir_28902/default.tgz :
Successful untar
>>> Include /home/cms033/home_cream_143458810/CREAM143458810/glide_Th6Qf7/execute/dir_28902 in PYTHONPATH:
strip arguments
env var CRAB_UNIQUE_JOB_ID set to: amkalsi_Good_1000ps_47oj9s_13_1_tJ3
out_files_13
>>> list of expected files on output sandbox
output files: OutTree_13_1_tJ3.root crab_fjr_13.xml CMSSW_13.stdout CMSSW_13.stderr Watchdog_13.log.gz
>>> GridFlavour discovery: 
GridFlavour=LCG
>>> SyncSite discovery: 
SyncSite=T2_IT_Bari
>>> SyncCE discovery: 
getting SyncCE from CE_ID
SyncCE=cream-ce-2.ba.infn.it:8443/cream-pbs-cms
>>> info for dashboard:
***** Cat /home/cms033/home_cream_143458810/CREAM143458810/glide_Th6Qf7/execute/dir_28902/jobreport.txt *****
WNHostName=alicegrid58.ba.infn.it
OverflowFlag=0
MonitorJobID=13_https://submit-6.t2.ucsd.edu//151020//666493.12
SyncGridJobId=https://submit-6.t2.ucsd.edu//151020//666493.12
MonitorID=amkalsi_Good_1000ps_47oj9s
GridFlavour=LCG
SyncSite=T2_IT_Bari
SyncCE=cream-ce-2.ba.infn.it:8443/cream-pbs-cms
***** End Cat jobreport *****
Parameters sent to Dashboard.
>>> setup environment
set SCRAM ARCH to slc6_amd64_gcc472
SCRAM_ARCH = slc6_amd64_gcc472
>>> setup CMS LCG environment:
set SCRAM ARCH and BUILD_ARCH to slc6_amd64_gcc472 ###
Sourcing environment... 
sourcing /cvmfs/cms.cern.ch/cmsset_default.sh
==> setup cms environment ok
>>> specific cmssw setup environment:
CMSSW_VERSION =  CMSSW_6_2_0_SLHC26_patch3
WARNING: In non-interactive mode release checks e.g. deprecated releases, production architectures are disabled.
>>> current directory (SOFTWARE_DIR): /home/cms033/home_cream_143458810/CREAM143458810/glide_Th6Qf7/execute/dir_28902/CMSSW_6_2_0_SLHC26_patch3
PreserveSeeds: <>
IncrementSeeds:<>
>>> info for dashboard:
***** Cat /home/cms033/home_cream_143458810/CREAM143458810/glide_Th6Qf7/execute/dir_28902/jobreport.txt *****
MonitorJobID=13_https://submit-6.t2.ucsd.edu//151020//666493.12
MonitorID=amkalsi_Good_1000ps_47oj9s
***** End Cat jobreport *****
Parameters sent to Dashboard.
crabWatchdog started as process 29235
>>> moving CMSSW software directories in /home/cms033/home_cream_143458810/CREAM143458810/glide_Th6Qf7/execute/dir_28902/CMSSW_6_2_0_SLHC26_patch3
mv: cannot stat `/home/cms033/home_cream_143458810/CREAM143458810/glide_Th6Qf7/execute/dir_28902/module/': No such file or directory
>>> Include /home/cms033/home_cream_143458810/CREAM143458810/glide_Th6Qf7/execute/dir_28902 in PYTHONPATH:
PYTHONPATH=/home/cms033/home_cream_143458810/CREAM143458810/glide_Th6Qf7/execute/dir_28902/:/home/cms033/home_cream_143458810/CREAM143458810/glide_Th6Qf7/execute/dir_28902/CMSSW_6_2_0_SLHC26_patch3/python:/home/cms033/home_cream_143458810/CREAM143458810/glide_Th6Qf7/execute/dir_28902/CMSSW_6_2_0_SLHC26_patch3/lib/slc6_amd64_gcc472:/cvmfs/cms.cern.ch/slc6_amd64_gcc472/cms/cmssw-patch/CMSSW_6_2_0_SLHC26_patch3/python:/cvmfs/cms.cern.ch/slc6_amd64_gcc472/cms/cmssw-patch/CMSSW_6_2_0_SLHC26_patch3/lib/slc6_amd64_gcc472:/cvmfs/cms.cern.ch/slc6_amd64_gcc472/cms/cmssw/CMSSW_6_2_0_SLHC26/bin/slc6_amd64_gcc472:/cvmfs/cms.cern.ch/slc6_amd64_gcc472/cms/cmssw/CMSSW_6_2_0_SLHC26/lib/slc6_amd64_gcc472:/cvmfs/cms.cern.ch/slc6_amd64_gcc472/cms/coral/CORAL_2_3_21-flmnjk2/slc6_amd64_gcc472/python:/cvmfs/cms.cern.ch/slc6_amd64_gcc472/cms/coral/CORAL_2_3_21-flmnjk2/slc6_amd64_gcc472/lib:/cvmfs/cms.cern.ch/slc6_amd64_gcc472/external/pyqt/4.8.1-cms5/lib/python2.7/site-packages:/cvmfs/cms.cern.ch/slc6_amd64_gcc472/external/py2-scipy/0.8.0-cms7/lib/python2.7/site-packages:/cvmfs/cms.cern.ch/slc6_amd64_gcc472/external/py2-matplotlib/1.0.1-cms7/lib/python2.7/site-packages:/cvmfs/cms.cern.ch/slc6_amd64_gcc472/external/python-ldap/2.4.10/lib/python2.7/site-packages:/cvmfs/cms.cern.ch/slc6_amd64_gcc472/external/sip/4.11.2-cms5/lib/python2.7/site-packages:/cvmfs/cms.cern.ch/slc6_amd64_gcc472/external/py2-pycurl/7.19.0-cms7/lib/python2.7/site-packages:/cvmfs/cms.cern.ch/slc6_amd64_gcc472/external/py2-numpy/1.6.1-cms7/lib/python2.7/site-packages:/cvmfs/cms.cern.ch/slc6_amd64_gcc472/external/py2-lint/0.25.1-cms5/lib/python2.7/site-packages:/cvmfs/cms.cern.ch/slc6_amd64_gcc472/external/py2-ipython/0.10-cms5/lib/python2.7/site-packages:/cvmfs/cms.cern.ch/slc6_amd64_gcc472/external/py2-cx-oracle/5.1-cms5/lib/python2.7/site-packages:/cvmfs/cms.cern.ch/slc6_amd64_gcc472/external/py2-cjson/1.0.5-cms5/lib/python2.7/site-packages:/cvmfs/cms.cern.ch/slc6_amd64_gcc472/cms/das-client/1.11.7/bin:/cvmfs/cms.cern.ch/slc6_amd64_gcc472/external/elementtree/1.2.6-cms5/share/lib/python2.7/site-packages:/cvmfs/cms.cern.ch/slc6_amd64_gcc472/external/rivet/1.8.2-cms9/lib/python2.7/site-packages:/cvmfs/cms.cern.ch/slc6_amd64_gcc472/external/pyminuit2/0.0.1-cms25/lib/python2.7/site-packages:/cvmfs/cms.cern.ch/slc6_amd64_gcc472/external/py2-pygithub/1.23.0-cms2/lib/python2.7/site-packages:/cvmfs/cms.cern.ch/slc6_amd64_gcc472/external/professor/1.0.0-cms25/lib/python2.7/site-packages:/cvmfs/cms.cern.ch/slc6_amd64_gcc472/lcg/root/5.34.07-cms5/lib:/cvmfs/cms.cern.ch/slc6_amd64_gcc472/cms/dbs-client/DBS_2_1_9-cms5/lib:/cvmfs/cms.cern.ch/slc6_amd64_gcc472/cms/dbs-client/DBS_2_1_9-cms5/lib/DBSAPI:/cvmfs/cms.cern.ch/slc6_amd64_gcc472/external/cvs2git/5419-cms/lib:/home/cms033/home_cream_143458810/CREAM143458810/glide_Th6Qf7/execute/dir_28902/
 
# LIMITS USED BY CRAB WATCHDOG:
# RSS  (KBytes)   : 2300000
# VSZ  (KBytes)   : 100000000
# DISK (MBytes)   : 19000
# CPU TIME        : 720h:0m:0s
# WALL CLOCK TIME : 21h:50m:0s
 
89204fc7dc811f9e79a97af487a037d4
PSETHASH = 89204fc7dc811f9e79a97af487a037d4
/home/cms033/home_cream_143458810/CREAM143458810/glide_Th6Qf7/execute/dir_28902/writeCfg.py pset.py pset.py
Importing .py file
Setting parameters
RandomNumberGeneratorService found, will attempt to change seeds
inputBlocks=/DYToMuMu_M-20_TuneZ2star_14TeV-pythia6-tauola/piet-DYToMuMu_M-20_TuneZ2star_14TeV-pythia6-tauola_HGCALGS_PU140_1ns_7ns_RECO-dae2ba7355add6539efc58ac0d4cc16b/USER#542569ba-3e73-4312-b9ae-f8129f6ebc3f
inputFiles=/store/user/piet/ME0Segment_Time/DYToMuMu_M-20_TuneZ2star_14TeV-pythia6-tauola/DYToMuMu_M-20_TuneZ2star_14TeV-pythia6-tauola_HGCALGS_PU140_1ns_7ns_RECO/151014_105159/0000/out_reco_73.root
parentFiles=
lumisRange=
>>> Executable cmsRun
/cvmfs/cms.cern.ch/slc6_amd64_gcc472/cms/cmssw/CMSSW_6_2_0_SLHC26/bin/slc6_amd64_gcc472/cmsRun
ok executable found
>>> info for dashboard:
***** Cat /home/cms033/home_cream_143458810/CREAM143458810/glide_Th6Qf7/execute/dir_28902/jobreport.txt *****
MonitorJobID=13_https://submit-6.t2.ucsd.edu//151020//666493.12
MonitorID=amkalsi_Good_1000ps_47oj9s
ExeStart=cmsRun
***** End Cat jobreport *****
Parameters sent to Dashboard.
>>> cmsRun started at Tue Oct 20 05:51:26 UTC 2015
>>> cmsRun ended at Tue Oct 20 05:52:21 UTC 2015
>>> crab_fjr_*.xml  permission set to 0704
>>> info for dashboard:
***** Cat /home/cms033/home_cream_143458810/CREAM143458810/glide_Th6Qf7/execute/dir_28902/jobreport.txt *****
MonitorJobID=13_https://submit-6.t2.ucsd.edu//151020//666493.12
MonitorID=amkalsi_Good_1000ps_47oj9s
ExeEnd=cmsRun
***** End Cat jobreport *****
Parameters sent to Dashboard.
TIME_EXE = 55 sec
>>> cmsRun wrote 38 lines of stdout+stderr
>>> START OF printout of 38 lines from stdout+stderr
20-Oct-2015 07:51:41 CEST  Initiating request to open file file:/lustre/cms//store/user/piet/ME0Segment_Time/DYToMuMu_M-20_TuneZ2star_14TeV-pythia6-tauola/DYToMuMu_M-20_TuneZ2star_14TeV-pythia6-tauola_HGCALGS_PU140_1ns_7ns_RECO/151014_105159/0000/out_reco_73.root
20-Oct-2015 07:51:44 CEST  Successfully opened file file:/lustre/cms//store/user/piet/ME0Segment_Time/DYToMuMu_M-20_TuneZ2star_14TeV-pythia6-tauola/DYToMuMu_M-20_TuneZ2star_14TeV-pythia6-tauola_HGCALGS_PU140_1ns_7ns_RECO/151014_105159/0000/out_reco_73.root
Begin processing the 1st record. Run 1, Event 900671, LumiSection 37923 at 20-Oct-2015 07:51:50.424 CEST
in MuonNumberingInitialization::initializeMuonDDDConstants
about to make my new muonDDDConst_
in MuonNumberingInitialization::produce
-1.21153-0.479191%MSG-e RunLumiMerging:  source 20-Oct-2015 07:52:00 CEST PostBeginLumi
ProductHolderBase::mergeTheProduct
Two run/lumi products for the same run/lumi which should be equal are not
Using the first, ignoring the second
className = edm::RandomEngineStates
moduleLabel = randomEngineStateProducer
instance = beginLumi
process = DIGI2RAW

%MSG
-1.71325-4.7232-0.455611-16.4712-2.49712-0.748714-2.74517-10.9485-0.422454-4.9685620-Oct-2015 07:52:20 CEST  Closed file file:/lustre/cms//store/user/piet/ME0Segment_Time/DYToMuMu_M-20_TuneZ2star_14TeV-pythia6-tauola/DYToMuMu_M-20_TuneZ2star_14TeV-pythia6-tauola_HGCALGS_PU140_1ns_7ns_RECO/151014_105159/0000/out_reco_73.root

=============================================

MessageLogger Summary

 type     category        sev    module        subroutine        count    total
 ---- -------------------- -- ---------------- ----------------  -----    -----
    1 RunLumiMerging       -e source                                 1        1
    2 fileAction           -s file_close                             1        1
    3 fileAction           -s file_open                              2        2

 type    category    Examples: run/evt        run/evt          run/evt
 ---- -------------------- ---------------- ---------------- ----------------
    1 RunLumiMerging       PostBeginLumi                     
    2 fileAction           PostEndRun                        
    3 fileAction           pre-events       pre-events       

Severity    # Occurrences   Total Occurrences
--------    -------------   -----------------
Error                   1                   1
System                  3                   3
>>> END OF printout of 38 lines from stdout+stderr
>>> Parse FrameworkJobReport crab_fjr.xml
Result of parsing the FrameworkJobReport crab_fjr.xml: Popularity start
lumisRange : 1::18663,37923-37927::1;
lumisParentRange : 
Basename : /store/user/piet/ME0Segment_Time/DYToMuMu_M-20_TuneZ2star_14TeV-pythia6-tauola/DYToMuMu_M-20_TuneZ2star_14TeV-pythia6-tauola_HGCALGS_PU140_1ns_7ns_RECO/151014_105159/0000/
BasenameParent : 
parentFiles : 
inputBlocks : /DYToMuMu_M-20_TuneZ2star_14TeV-pythia6-tauola/piet-DYToMuMu_M-20_TuneZ2star_14TeV-pythia6-tauola_HGCALGS_PU140_1ns_7ns_RECO-dae2ba7355add6539efc58ac0d4cc16b/USER#542569ba-3e73-4312-b9ae-f8129f6ebc3f
inputFiles : out_reco_73.root::1::EDM::Local::1;
Popularity stop
Extracted ExitStatus from FrameworkJobReport parsing output: 0
>>> Executable succeded  0
ExeExitCode=0
EXECUTABLE_EXIT_STATUS = 0
>>> current directory /home/cms033/home_cream_143458810/CREAM143458810/glide_Th6Qf7/execute/dir_28902/CMSSW_6_2_0_SLHC26_patch3
>>>  (SOFTWARE_DIR): /home/cms033/home_cream_143458810/CREAM143458810/glide_Th6Qf7/execute/dir_28902/CMSSW_6_2_0_SLHC26_patch3
>>> (WORKING_DIR): 
>>> current directory content:
total 648
drwxr-xr-x 3 cms033 cms   4096 Oct 20 07:51 .SCRAM
-rw------- 1 cms033 cms 279355 Oct 20 07:51 CMSSW.py.pkl
-rw------- 1 cms033 cms  12124 Oct 20 07:52 OutTree.root
drwxr-xr-x 3 cms033 cms   4096 Oct 20 07:51 biglib
drwxr-xr-x 3 cms033 cms   4096 Oct 20 07:51 bin
drwxr-xr-x 3 cms033 cms   4096 Oct 20 07:51 cfipython
drwxr-xr-x 4 cms033 cms   4096 Jul 13 19:47 config
-rw------- 1 cms033 cms     15 Oct 20 07:52 cpu_timing.txt
drwxr-xr-x 2 cms033 cms   4096 Oct 20 07:51 doc
-rw------- 1 cms033 cms   2434 Oct 20 07:52 executable.out
drwxr-xr-x 2 cms033 cms   4096 Oct 20 07:51 include
drwx------ 3 cms033 cms   4096 Sep 29 20:50 lib
drwxr-xr-x 3 cms033 cms   4096 Oct 20 07:51 logs
drwxr-xr-x 3 cms033 cms   4096 Oct 20 07:51 objs
-rw------- 1 cms033 cms    104 Oct 20 07:51 pset.py
-rw------- 1 cms033 cms 279809 Oct 20 07:51 pset.py.pkl
-rw------- 1 cms033 cms    289 Oct 20 07:51 pset.pyc
drwxr-xr-x 2 cms033 cms   4096 Oct 20 07:51 python
-rw------- 1 cms033 cms    374 Oct 20 07:52 report.log
drwx------ 7 cms033 cms   4096 Oct 20 07:51 src
drwxr-xr-x 3 cms033 cms   4096 Oct 20 07:51 test
drwxr-xr-x 3 cms033 cms   4096 Oct 20 07:51 tmp
>>> current directory /home/cms033/home_cream_143458810/CREAM143458810/glide_Th6Qf7/execute/dir_28902/CMSSW_6_2_0_SLHC26_patch3
>>> (SOFTWARE_DIR): /home/cms033/home_cream_143458810/CREAM143458810/glide_Th6Qf7/execute/dir_28902/CMSSW_6_2_0_SLHC26_patch3
>>> (WORKING_DIR): 
>>> current directory content:
total 636
drwxr-xr-x 3 cms033 cms   4096 Oct 20 07:51 .SCRAM
-rw------- 1 cms033 cms 279355 Oct 20 07:51 CMSSW.py.pkl
drwxr-xr-x 3 cms033 cms   4096 Oct 20 07:51 biglib
drwxr-xr-x 3 cms033 cms   4096 Oct 20 07:51 bin
drwxr-xr-x 3 cms033 cms   4096 Oct 20 07:51 cfipython
drwxr-xr-x 4 cms033 cms   4096 Jul 13 19:47 config
-rw------- 1 cms033 cms     15 Oct 20 07:52 cpu_timing.txt
drwxr-xr-x 2 cms033 cms   4096 Oct 20 07:51 doc
-rw------- 1 cms033 cms   2434 Oct 20 07:52 executable.out
drwxr-xr-x 2 cms033 cms   4096 Oct 20 07:51 include
drwx------ 3 cms033 cms   4096 Sep 29 20:50 lib
drwxr-xr-x 3 cms033 cms   4096 Oct 20 07:51 logs
drwxr-xr-x 3 cms033 cms   4096 Oct 20 07:51 objs
-rw------- 1 cms033 cms    104 Oct 20 07:51 pset.py
-rw------- 1 cms033 cms 279809 Oct 20 07:51 pset.py.pkl
-rw------- 1 cms033 cms    289 Oct 20 07:51 pset.pyc
drwxr-xr-x 2 cms033 cms   4096 Oct 20 07:51 python
-rw------- 1 cms033 cms    374 Oct 20 07:52 report.log
drwx------ 7 cms033 cms   4096 Oct 20 07:51 src
drwxr-xr-x 3 cms033 cms   4096 Oct 20 07:51 test
drwxr-xr-x 3 cms033 cms   4096 Oct 20 07:51 tmp
>>> current directory (RUNTIME_AREA):  /home/cms033/home_cream_143458810/CREAM143458810/glide_Th6Qf7/execute/dir_28902
>>> current dir: /home/cms033/home_cream_143458810/CREAM143458810/glide_Th6Qf7/execute/dir_28902
>>> current dir content:
total 25860
-rwx------  1 cms033 cms       52 Oct 20 07:51 .chirp.config
-rwx------  1 cms033 cms     6751 Oct 20 07:51 .job.ad
-rwx------  1 cms033 cms     9365 Oct 20 07:51 .machine.ad
-rw-------  1 cms033 cms      105 Oct 20 07:35 CMSSW.py
-rw-------  1 cms033 cms   279355 Oct 20 07:35 CMSSW.py.pkl
-rwx------  1 cms033 cms    26310 Oct 20 07:51 CMSSW.sh
drwxr-xr-x 16 cms033 cms     4096 Oct 20 07:52 CMSSW_6_2_0_SLHC26_patch3
-rw-------  1 cms033 cms      302 Oct 20 07:51 CacheEnv.sh
-rw-------  1 cms033 cms     7291 Nov 19  2014 DashboardAPI.py
-rw-------  1 cms033 cms     6815 Oct 20 07:51 DashboardAPI.pyc
drwx------  2 cms033 cms     4096 Oct 20 07:52 IMProv
-rw-------  1 cms033 cms     2748 Nov 19  2014 Logger.py
-rw-------  1 cms033 cms     3347 Oct 20 07:51 Logger.pyc
lrwxrwxrwx  1 cms033 cms      101 Oct 20 07:52 OutTree.root -> /home/cms033/home_cream_143458810/CREAM143458810/glide_Th6Qf7/execute/dir_28902/OutTree_13_1_tJ3.root
-rw-------  1 cms033 cms    12124 Oct 20 07:52 OutTree_13_1_tJ3.root
-rw-------  1 cms033 cms    24524 Nov 19  2014 ProcInfo.py
-rw-------  1 cms033 cms    23197 Oct 20 07:51 ProcInfo.pyc
drwx------  7 cms033 cms     4096 Oct 20 07:51 ProdCommon
drwx------  3 cms033 cms     4096 Oct 20 07:51 WMCore
-rw-------  1 cms033 cms     1435 Oct 20 07:51 Watchdog_13.log
-rwx------  1 cms033 cms        0 Oct 20 07:51 _condor_stderr
-rwx---r--  1 cms033 cms    15448 Oct 20 07:52 _condor_stdout
-rw-------  1 cms033 cms    32895 Nov 19  2014 apmon.py
-rw-------  1 cms033 cms    28625 Oct 20 07:51 apmon.pyc
-rwx------  1 cms033 cms   198108 Oct 20 07:51 arguments.xml
-rwx------  1 cms033 cms   204102 May 29 01:26 cmsRun
-rwx------  1 cms033 cms    38581 Nov 19  2014 cmscp.py
-rwx------  1 cms033 cms    26310 Oct 20 07:51 condor_exec.exe
-rw-------  1 cms033 cms      524 Oct 20 07:34 crab.cfg
-rwx------  1 cms033 cms     8610 Nov 19  2014 crabWatchdog.sh
-rwx---r--  1 cms033 cms    63590 Oct 20 07:52 crab_fjr_13.xml
-rwx------  1 cms033 cms 25265867 Oct 20 07:51 default.tgz
-rwx------  1 cms033 cms     4488 Nov 19  2014 fillCrabFjr.py
-rw-------  1 cms033 cms      436 Oct 20 07:51 inputsReport.txt
-rw-------  1 cms033 cms      126 Oct 20 07:52 jobreport.txt
-rw-------  1 cms033 cms    17352 Nov 19  2014 parseCrabFjr.py
-rw-------  1 cms033 cms      341 Oct 20 07:51 report.log
-rwx--x--x  1 cms033 cms     1497 Nov 19  2014 report.py
-rwx------  1 cms033 cms     8351 Nov 19  2014 writeCfg.py
-rw-------  1 cms033 cms     8469 Oct 20 07:51 x509up_u46992
>>> crab_fjr_*.xml  permission set to 0704
CrabWrapper EXIT_FUNC entered at Tue Oct 20 07:52:25 CEST 2015   -  Tue Oct 20 05:52:25 UTC 2015
Checking output files:  
will tar file OutTree_13_1_tJ3.root in  out_files_13
will tar file crab_fjr_13.xml in  out_files_13
WARNING: output file CMSSW_13.stdout not found!
WARNING: output file CMSSW_13.stderr not found!
WARNING: output file Watchdog_13.log.gz not found!
>>> padding time: Sleeping the wrapper for 533 seconds
STOPPING WATCHDOG. CrabWatchdog PID is 29235
********** LAST 50 LINES OF WATCHDOG LOG
# RESOURCE USAGE SUMMARY FOR PROCESS ID 28916
USER       PID %CPU %MEM    VSZ   RSS TTY      STAT START   TIME COMMAND
cms033   28916  0.3  0.0   9600  1596 ?        S    07:51   0:00 /bin/sh /home/cms033/home_cream_143458810/CREAM143458810/glide_Th6Qf7/execute/dir_28902/condor_exec.exe 13 1
 
# LIMITS USED BY CRAB WATCHDOG:
# RSS  (KBytes)   : 2300000
# VSZ  (KBytes)   : 100000000
# DISK (MBytes)   : 19000
# CPU TIME        : 720h:0m:0s
# WALL CLOCK TIME : 21h:50m:0s
 
# FOLLOWING PRINTOUT TRACKS MAXIMUM VALUES OF RESOURCES USE
# ONE LINE IS PRINTED EACH TIME A MAXIMUM CHANGES
# IF CHANGE WAS IN RSS OR VSZ ALSO PROCID AND COMMAND ARE PRINTED
# THERE IS NO PRINTOUT FOR CPU/WALL TIME INCREASE
 
# TIME			PID	RSS(KB)	VSZ(KB)	Dsk(MB)	tCPU(s)	tWALL(s)	COMMAND
 Oct 20 07:51:22 CEST	15575	1252	106100	0	0	0	sh -c "./glidein_startup.sh" -v std -name v3_2 -entry CMS_T2_IT_Bari_ce2 -clientname CMSG-v1_0.main
 Oct 20 07:51:22 CEST	15579	1784	106492	0	0	0	/bin/bash ./glidein_startup.sh -v std -name v3_2 -entry CMS_T2_IT_Bari_ce2 -clientname CMSG-v1_0.main -schedd
 Oct 20 07:51:22 CEST	20765	8696	106492	0	0	1	/home/cms033/home_cream_143458810/CREAM143458810/glide_Th6Qf7/main/condor/sbin/condor_master -f -pidfile /home/cms033/home_cream_143458810/CREAM143458810/glide_Th6Qf7/condor_master2.pid       
 Oct 20 07:51:22 CEST	20768	9472	106492	0	0	1	condor_startd -f         
 Oct 20 07:51:22 CEST	---	9472	106492	154	----	----	----
 Oct 20 07:52:24 CEST	---	9472	106492	155	----	----	----
********** WATCHDOG LOG ENDED
ZIPPING WATCHDOG LOG
Disk space used:
du -sh /home/cms033/home_cream_143458810/CREAM143458810/glide_Th6Qf7/execute/dir_28902
155M	/home/cms033/home_cream_143458810/CREAM143458810/glide_Th6Qf7/execute/dir_28902
Found unusual stdout, rename for OSB
`/home/cms033/home_cream_143458810/CREAM143458810/glide_Th6Qf7/execute/dir_28902/_condor_stdout' -> `CMSSW_13.stdout'
Found unusual stderr, rename for OSB
`/home/cms033/home_cream_143458810/CREAM143458810/glide_Th6Qf7/execute/dir_28902/_condor_stdout' -> `CMSSW_13.stderr'
OutTree_13_1_tJ3.root
crab_fjr_13.xml
CMSSW_13.stdout
CMSSW_13.stderr
Watchdog_13.log.gz
Total Output dimension: 22970
WARNING: output files size limit is set to: 50000000
Total Output dimension 22970 is fine.
JOB_EXIT_STATUS = 0
>>> info for dashboard:
***** Cat /home/cms033/home_cream_143458810/CREAM143458810/glide_Th6Qf7/execute/dir_28902/jobreport.txt *****
MonitorJobID=13_https://submit-6.t2.ucsd.edu//151020//666493.12
MonitorID=amkalsi_Good_1000ps_47oj9s
ExeTime=55
ExeExitCode=0
CrabUserCpuTime=37.98
CrabSysCpuTime=1.81
CrabCpuPercentage=72%
CrabWrapperTime=600
CrabStageoutTime=NULL
JobExitCode=0
***** End Cat jobreport *****
Parameters sent to Dashboard.
EXITING at Tue Oct 20 08:01:20 CEST 2015  -  Tue Oct 20 06:01:20 UTC 2015
