This script was generated by crab (version 2.11.1_patch1).
Running /home/condor/dir_40287/CREAM846216955/glide_p4Y8y9/execute/dir_54949/condor_exec.exe with 2 positional parameters: 9 1
Today is Tue Oct 20 07:48:27 CEST 2015 - Tue Oct 20 05:48:27 UTC 2015
Job submitted on host wn-recas-infn-23.recas.ba.infn.it
Linux wn-recas-infn-23.recas.ba.infn.it 2.6.32-504.23.4.el6.x86_64 #1 SMP Tue Jun 9 11:55:03 CDT 2015 x86_64 x86_64 x86_64 GNU/Linux
Distributor ID:	Scientific
Description:	Scientific Linux release 6.7 (Carbon)
>>> current directory (RUNTIME_AREA): /home/condor/dir_40287/CREAM846216955/glide_p4Y8y9/execute/dir_54949
>>> current user: uid=11755(cms013) gid=1399(cms) groups=1399(cms)
>>> directory permission set to 0700
>>> umask set to:  u=rwx,g=,o=
>>> stdout stderr permission set to 0704
>>> voms proxy information:
subject   : /C=TW/O=AP/OU=GRID/CN=Amandeep Kaur Kalsi 129089/CN=541697223/CN=652685190
issuer    : /C=TW/O=AP/OU=GRID/CN=Amandeep Kaur Kalsi 129089/CN=541697223
identity  : /C=TW/O=AP/OU=GRID/CN=Amandeep Kaur Kalsi 129089
type      : RFC3820 compliant limited proxy
strength  : 1024
path      : /home/condor/dir_40287/CREAM846216955/glide_p4Y8y9/execute/dir_54949/x509up_u46992
timeleft  : 23:58:51
key usage : Digital Signature, Key Encipherment, Data Encipherment, Key Agreement
=== VO cms extension information ===
VO        : cms
subject   : /C=TW/O=AP/OU=GRID/CN=Amandeep Kaur Kalsi 129089
issuer    : /DC=ch/DC=cern/OU=computers/CN=voms2.cern.ch
attribute : /cms/Role=NULL/Capability=NULL
timeleft  : 191:45:21
uri       : voms2.cern.ch:15002

WNHostName=wn-recas-infn-23.recas.ba.infn.it
$_CONDOR_JOB_AD =/home/condor/dir_40287/CREAM846216955/glide_p4Y8y9/execute/dir_54949/.job.ad
OverflowFlag=0
>>> tar --no-same-permissions -xf /home/condor/dir_40287/CREAM846216955/glide_p4Y8y9/execute/dir_54949/default.tgz :
Successful untar
>>> Include /home/condor/dir_40287/CREAM846216955/glide_p4Y8y9/execute/dir_54949 in PYTHONPATH:
strip arguments
env var CRAB_UNIQUE_JOB_ID set to: amkalsi_Good_1000ps_47oj9s_9_1_bqe
out_files_9
>>> list of expected files on output sandbox
output files: OutTree_9_1_bqe.root crab_fjr_9.xml CMSSW_9.stdout CMSSW_9.stderr Watchdog_9.log.gz
>>> GridFlavour discovery: 
GridFlavour=LCG
>>> SyncSite discovery: 
SyncSite=T2_IT_Bari
>>> SyncCE discovery: 
getting SyncCE from CE_ID
SyncCE=ce-01.recas.ba.infn.it:8443/cream-condor-cms
>>> info for dashboard:
***** Cat /home/condor/dir_40287/CREAM846216955/glide_p4Y8y9/execute/dir_54949/jobreport.txt *****
WNHostName=wn-recas-infn-23.recas.ba.infn.it
OverflowFlag=0
MonitorJobID=9_https://submit-6.t2.ucsd.edu//151020//666493.8
SyncGridJobId=https://submit-6.t2.ucsd.edu//151020//666493.8
MonitorID=amkalsi_Good_1000ps_47oj9s
GridFlavour=LCG
SyncSite=T2_IT_Bari
SyncCE=ce-01.recas.ba.infn.it:8443/cream-condor-cms
***** End Cat jobreport *****
Parameters sent to Dashboard.
>>> setup environment
set SCRAM ARCH to slc6_amd64_gcc472
SCRAM_ARCH = slc6_amd64_gcc472
>>> setup CMS LCG environment:
set SCRAM ARCH and BUILD_ARCH to slc6_amd64_gcc472 ###
Sourcing environment... 
sourcing /cvmfs/cms.cern.ch/cmsset_default.sh
==> setup cms environment ok
>>> specific cmssw setup environment:
CMSSW_VERSION =  CMSSW_6_2_0_SLHC26_patch3
WARNING: In non-interactive mode release checks e.g. deprecated releases, production architectures are disabled.
>>> current directory (SOFTWARE_DIR): /home/condor/dir_40287/CREAM846216955/glide_p4Y8y9/execute/dir_54949/CMSSW_6_2_0_SLHC26_patch3
PreserveSeeds: <>
IncrementSeeds:<>
>>> info for dashboard:
***** Cat /home/condor/dir_40287/CREAM846216955/glide_p4Y8y9/execute/dir_54949/jobreport.txt *****
MonitorJobID=9_https://submit-6.t2.ucsd.edu//151020//666493.8
MonitorID=amkalsi_Good_1000ps_47oj9s
***** End Cat jobreport *****
Parameters sent to Dashboard.
crabWatchdog started as process 55516
>>> moving CMSSW software directories in /home/condor/dir_40287/CREAM846216955/glide_p4Y8y9/execute/dir_54949/CMSSW_6_2_0_SLHC26_patch3
mv: cannot stat `/home/condor/dir_40287/CREAM846216955/glide_p4Y8y9/execute/dir_54949/module/': No such file or directory
>>> Include /home/condor/dir_40287/CREAM846216955/glide_p4Y8y9/execute/dir_54949 in PYTHONPATH:
PYTHONPATH=/home/condor/dir_40287/CREAM846216955/glide_p4Y8y9/execute/dir_54949/:/home/condor/dir_40287/CREAM846216955/glide_p4Y8y9/execute/dir_54949/CMSSW_6_2_0_SLHC26_patch3/python:/home/condor/dir_40287/CREAM846216955/glide_p4Y8y9/execute/dir_54949/CMSSW_6_2_0_SLHC26_patch3/lib/slc6_amd64_gcc472:/cvmfs/cms.cern.ch/slc6_amd64_gcc472/cms/cmssw-patch/CMSSW_6_2_0_SLHC26_patch3/python:/cvmfs/cms.cern.ch/slc6_amd64_gcc472/cms/cmssw-patch/CMSSW_6_2_0_SLHC26_patch3/lib/slc6_amd64_gcc472:/cvmfs/cms.cern.ch/slc6_amd64_gcc472/cms/cmssw/CMSSW_6_2_0_SLHC26/bin/slc6_amd64_gcc472:/cvmfs/cms.cern.ch/slc6_amd64_gcc472/cms/cmssw/CMSSW_6_2_0_SLHC26/lib/slc6_amd64_gcc472:/cvmfs/cms.cern.ch/slc6_amd64_gcc472/cms/coral/CORAL_2_3_21-flmnjk2/slc6_amd64_gcc472/python:/cvmfs/cms.cern.ch/slc6_amd64_gcc472/cms/coral/CORAL_2_3_21-flmnjk2/slc6_amd64_gcc472/lib:/cvmfs/cms.cern.ch/slc6_amd64_gcc472/external/pyqt/4.8.1-cms5/lib/python2.7/site-packages:/cvmfs/cms.cern.ch/slc6_amd64_gcc472/external/py2-scipy/0.8.0-cms7/lib/python2.7/site-packages:/cvmfs/cms.cern.ch/slc6_amd64_gcc472/external/py2-matplotlib/1.0.1-cms7/lib/python2.7/site-packages:/cvmfs/cms.cern.ch/slc6_amd64_gcc472/external/python-ldap/2.4.10/lib/python2.7/site-packages:/cvmfs/cms.cern.ch/slc6_amd64_gcc472/external/sip/4.11.2-cms5/lib/python2.7/site-packages:/cvmfs/cms.cern.ch/slc6_amd64_gcc472/external/py2-pycurl/7.19.0-cms7/lib/python2.7/site-packages:/cvmfs/cms.cern.ch/slc6_amd64_gcc472/external/py2-numpy/1.6.1-cms7/lib/python2.7/site-packages:/cvmfs/cms.cern.ch/slc6_amd64_gcc472/external/py2-lint/0.25.1-cms5/lib/python2.7/site-packages:/cvmfs/cms.cern.ch/slc6_amd64_gcc472/external/py2-ipython/0.10-cms5/lib/python2.7/site-packages:/cvmfs/cms.cern.ch/slc6_amd64_gcc472/external/py2-cx-oracle/5.1-cms5/lib/python2.7/site-packages:/cvmfs/cms.cern.ch/slc6_amd64_gcc472/external/py2-cjson/1.0.5-cms5/lib/python2.7/site-packages:/cvmfs/cms.cern.ch/slc6_amd64_gcc472/cms/das-client/1.11.7/bin:/cvmfs/cms.cern.ch/slc6_amd64_gcc472/external/elementtree/1.2.6-cms5/share/lib/python2.7/site-packages:/cvmfs/cms.cern.ch/slc6_amd64_gcc472/external/rivet/1.8.2-cms9/lib/python2.7/site-packages:/cvmfs/cms.cern.ch/slc6_amd64_gcc472/external/pyminuit2/0.0.1-cms25/lib/python2.7/site-packages:/cvmfs/cms.cern.ch/slc6_amd64_gcc472/external/py2-pygithub/1.23.0-cms2/lib/python2.7/site-packages:/cvmfs/cms.cern.ch/slc6_amd64_gcc472/external/professor/1.0.0-cms25/lib/python2.7/site-packages:/cvmfs/cms.cern.ch/slc6_amd64_gcc472/lcg/root/5.34.07-cms5/lib:/cvmfs/cms.cern.ch/slc6_amd64_gcc472/cms/dbs-client/DBS_2_1_9-cms5/lib:/cvmfs/cms.cern.ch/slc6_amd64_gcc472/cms/dbs-client/DBS_2_1_9-cms5/lib/DBSAPI:/cvmfs/cms.cern.ch/slc6_amd64_gcc472/external/cvs2git/5419-cms/lib:/home/condor/dir_40287/CREAM846216955/glide_p4Y8y9/execute/dir_54949/
 
# LIMITS USED BY CRAB WATCHDOG:
# RSS  (KBytes)   : 2300000
# VSZ  (KBytes)   : 100000000
# DISK (MBytes)   : 19000
# CPU TIME        : 720h:0m:0s
# WALL CLOCK TIME : 21h:50m:0s
 
89204fc7dc811f9e79a97af487a037d4
PSETHASH = 89204fc7dc811f9e79a97af487a037d4
/home/condor/dir_40287/CREAM846216955/glide_p4Y8y9/execute/dir_54949/writeCfg.py pset.py pset.py
Importing .py file
Setting parameters
RandomNumberGeneratorService found, will attempt to change seeds
inputBlocks=/DYToMuMu_M-20_TuneZ2star_14TeV-pythia6-tauola/piet-DYToMuMu_M-20_TuneZ2star_14TeV-pythia6-tauola_HGCALGS_PU140_1ns_7ns_RECO-dae2ba7355add6539efc58ac0d4cc16b/USER#4efb22cb-eeb6-4df4-b9cd-e943234478b4
inputFiles=/store/user/piet/ME0Segment_Time/DYToMuMu_M-20_TuneZ2star_14TeV-pythia6-tauola/DYToMuMu_M-20_TuneZ2star_14TeV-pythia6-tauola_HGCALGS_PU140_1ns_7ns_RECO/151014_152234/0000/out_reco_669.root;/store/user/piet/ME0Segment_Time/DYToMuMu_M-20_TuneZ2star_14TeV-pythia6-tauola/DYToMuMu_M-20_TuneZ2star_14TeV-pythia6-tauola_HGCALGS_PU140_1ns_7ns_RECO/151014_152234/0000/out_reco_46.root;/store/user/piet/ME0Segment_Time/DYToMuMu_M-20_TuneZ2star_14TeV-pythia6-tauola/DYToMuMu_M-20_TuneZ2star_14TeV-pythia6-tauola_HGCALGS_PU140_1ns_7ns_RECO/151014_152234/0000/out_reco_563.root
parentFiles=
lumisRange=
>>> Executable cmsRun
/cvmfs/cms.cern.ch/slc6_amd64_gcc472/cms/cmssw/CMSSW_6_2_0_SLHC26/bin/slc6_amd64_gcc472/cmsRun
ok executable found
>>> info for dashboard:
***** Cat /home/condor/dir_40287/CREAM846216955/glide_p4Y8y9/execute/dir_54949/jobreport.txt *****
MonitorJobID=9_https://submit-6.t2.ucsd.edu//151020//666493.8
MonitorID=amkalsi_Good_1000ps_47oj9s
ExeStart=cmsRun
***** End Cat jobreport *****
Parameters sent to Dashboard.
>>> cmsRun started at Tue Oct 20 05:48:37 UTC 2015
>>> cmsRun ended at Tue Oct 20 05:49:15 UTC 2015
>>> crab_fjr_*.xml  permission set to 0704
>>> info for dashboard:
***** Cat /home/condor/dir_40287/CREAM846216955/glide_p4Y8y9/execute/dir_54949/jobreport.txt *****
MonitorJobID=9_https://submit-6.t2.ucsd.edu//151020//666493.8
MonitorID=amkalsi_Good_1000ps_47oj9s
ExeEnd=cmsRun
***** End Cat jobreport *****
Parameters sent to Dashboard.
TIME_EXE = 38 sec
>>> cmsRun wrote 31 lines of stdout+stderr
>>> START OF printout of 31 lines from stdout+stderr
20-Oct-2015 07:48:54 CEST  Initiating request to open file file:/lustre/cms//store/user/piet/ME0Segment_Time/DYToMuMu_M-20_TuneZ2star_14TeV-pythia6-tauola/DYToMuMu_M-20_TuneZ2star_14TeV-pythia6-tauola_HGCALGS_PU140_1ns_7ns_RECO/151014_152234/0000/out_reco_669.root
20-Oct-2015 07:48:56 CEST  Successfully opened file file:/lustre/cms//store/user/piet/ME0Segment_Time/DYToMuMu_M-20_TuneZ2star_14TeV-pythia6-tauola/DYToMuMu_M-20_TuneZ2star_14TeV-pythia6-tauola_HGCALGS_PU140_1ns_7ns_RECO/151014_152234/0000/out_reco_669.root
Begin processing the 1st record. Run 1, Event 751611, LumiSection 31647 at 20-Oct-2015 07:49:00.960 CEST
in MuonNumberingInitialization::initializeMuonDDDConstants
about to make my new muonDDDConst_
in MuonNumberingInitialization::produce
-10.555620-Oct-2015 07:49:08 CEST  Closed file file:/lustre/cms//store/user/piet/ME0Segment_Time/DYToMuMu_M-20_TuneZ2star_14TeV-pythia6-tauola/DYToMuMu_M-20_TuneZ2star_14TeV-pythia6-tauola_HGCALGS_PU140_1ns_7ns_RECO/151014_152234/0000/out_reco_669.root
20-Oct-2015 07:49:08 CEST  Initiating request to open file file:/lustre/cms//store/user/piet/ME0Segment_Time/DYToMuMu_M-20_TuneZ2star_14TeV-pythia6-tauola/DYToMuMu_M-20_TuneZ2star_14TeV-pythia6-tauola_HGCALGS_PU140_1ns_7ns_RECO/151014_152234/0000/out_reco_46.root
20-Oct-2015 07:49:08 CEST  Successfully opened file file:/lustre/cms//store/user/piet/ME0Segment_Time/DYToMuMu_M-20_TuneZ2star_14TeV-pythia6-tauola/DYToMuMu_M-20_TuneZ2star_14TeV-pythia6-tauola_HGCALGS_PU140_1ns_7ns_RECO/151014_152234/0000/out_reco_46.root
-1.26352-0.9522420-Oct-2015 07:49:11 CEST  Closed file file:/lustre/cms//store/user/piet/ME0Segment_Time/DYToMuMu_M-20_TuneZ2star_14TeV-pythia6-tauola/DYToMuMu_M-20_TuneZ2star_14TeV-pythia6-tauola_HGCALGS_PU140_1ns_7ns_RECO/151014_152234/0000/out_reco_46.root
20-Oct-2015 07:49:11 CEST  Initiating request to open file file:/lustre/cms//store/user/piet/ME0Segment_Time/DYToMuMu_M-20_TuneZ2star_14TeV-pythia6-tauola/DYToMuMu_M-20_TuneZ2star_14TeV-pythia6-tauola_HGCALGS_PU140_1ns_7ns_RECO/151014_152234/0000/out_reco_563.root
20-Oct-2015 07:49:11 CEST  Successfully opened file file:/lustre/cms//store/user/piet/ME0Segment_Time/DYToMuMu_M-20_TuneZ2star_14TeV-pythia6-tauola/DYToMuMu_M-20_TuneZ2star_14TeV-pythia6-tauola_HGCALGS_PU140_1ns_7ns_RECO/151014_152234/0000/out_reco_563.root
-1.8609220-Oct-2015 07:49:14 CEST  Closed file file:/lustre/cms//store/user/piet/ME0Segment_Time/DYToMuMu_M-20_TuneZ2star_14TeV-pythia6-tauola/DYToMuMu_M-20_TuneZ2star_14TeV-pythia6-tauola_HGCALGS_PU140_1ns_7ns_RECO/151014_152234/0000/out_reco_563.root

=============================================

MessageLogger Summary

 type     category        sev    module        subroutine        count    total
 ---- -------------------- -- ---------------- ----------------  -----    -----
    1 fileAction           -s file_close                             3        3
    2 fileAction           -s file_open                              6        6

 type    category    Examples: run/evt        run/evt          run/evt
 ---- -------------------- ---------------- ---------------- ----------------
    1 fileAction           PostProcessEvent PostProcessEvent PostEndRun
    2 fileAction           pre-events       pre-events       PostProcessEvent

Severity    # Occurrences   Total Occurrences
--------    -------------   -----------------
System                  9                   9
>>> END OF printout of 31 lines from stdout+stderr
>>> Parse FrameworkJobReport crab_fjr.xml
Result of parsing the FrameworkJobReport crab_fjr.xml: Popularity start
lumisRange : 1::::1;1::::2;1::::3;
lumisParentRange : 
Basename : /store/user/piet/ME0Segment_Time/DYToMuMu_M-20_TuneZ2star_14TeV-pythia6-tauola/DYToMuMu_M-20_TuneZ2star_14TeV-pythia6-tauola_HGCALGS_PU140_1ns_7ns_RECO/151014_152234/0000/out_reco_
BasenameParent : 
parentFiles : 
inputBlocks : /DYToMuMu_M-20_TuneZ2star_14TeV-pythia6-tauola/piet-DYToMuMu_M-20_TuneZ2star_14TeV-pythia6-tauola_HGCALGS_PU140_1ns_7ns_RECO-dae2ba7355add6539efc58ac0d4cc16b/USER#4efb22cb-eeb6-4df4-b9cd-e943234478b4
inputFiles : 563.root::1::EDM::Local::1;669.root::1::EDM::Local::2;46.root::1::EDM::Local::3;
Popularity stop
Extracted ExitStatus from FrameworkJobReport parsing output: 0
>>> Executable succeded  0
ExeExitCode=0
EXECUTABLE_EXIT_STATUS = 0
>>> current directory /home/condor/dir_40287/CREAM846216955/glide_p4Y8y9/execute/dir_54949/CMSSW_6_2_0_SLHC26_patch3
>>>  (SOFTWARE_DIR): /home/condor/dir_40287/CREAM846216955/glide_p4Y8y9/execute/dir_54949/CMSSW_6_2_0_SLHC26_patch3
>>> (WORKING_DIR): 
>>> current directory content:
total 640
drwxr-xr-x 3 cms013 cms   4096 Oct 20 07:48 .SCRAM
-rw------- 1 cms013 cms 279355 Oct 20 07:48 CMSSW.py.pkl
-rw------- 1 cms013 cms  11748 Oct 20 07:49 OutTree.root
drwxr-xr-x 3 cms013 cms   4096 Oct 20 07:48 biglib
drwxr-xr-x 3 cms013 cms   4096 Oct 20 07:48 bin
drwxr-xr-x 3 cms013 cms   4096 Oct 20 07:48 cfipython
drwxr-xr-x 4 cms013 cms   4096 Jul 13 19:47 config
-rw------- 1 cms013 cms     15 Oct 20 07:49 cpu_timing.txt
drwxr-xr-x 2 cms013 cms   4096 Oct 20 07:48 doc
-rw------- 1 cms013 cms   3402 Oct 20 07:49 executable.out
drwxr-xr-x 2 cms013 cms   4096 Oct 20 07:48 include
drwx------ 3 cms013 cms   4096 Sep 29 20:50 lib
drwxr-xr-x 3 cms013 cms   4096 Oct 20 07:48 logs
drwxr-xr-x 3 cms013 cms   4096 Oct 20 07:48 objs
-rw------- 1 cms013 cms    104 Oct 20 07:48 pset.py
-rw------- 1 cms013 cms 280212 Oct 20 07:48 pset.py.pkl
-rw------- 1 cms013 cms    289 Oct 20 07:48 pset.pyc
drwxr-xr-x 2 cms013 cms   4096 Oct 20 07:48 python
-rw------- 1 cms013 cms    368 Oct 20 07:49 report.log
drwx------ 7 cms013 cms   4096 Oct 20 07:48 src
drwxr-xr-x 3 cms013 cms   4096 Oct 20 07:48 test
drwxr-xr-x 3 cms013 cms   4096 Oct 20 07:48 tmp
>>> current directory /home/condor/dir_40287/CREAM846216955/glide_p4Y8y9/execute/dir_54949/CMSSW_6_2_0_SLHC26_patch3
>>> (SOFTWARE_DIR): /home/condor/dir_40287/CREAM846216955/glide_p4Y8y9/execute/dir_54949/CMSSW_6_2_0_SLHC26_patch3
>>> (WORKING_DIR): 
>>> current directory content:
total 628
drwxr-xr-x 3 cms013 cms   4096 Oct 20 07:48 .SCRAM
-rw------- 1 cms013 cms 279355 Oct 20 07:48 CMSSW.py.pkl
drwxr-xr-x 3 cms013 cms   4096 Oct 20 07:48 biglib
drwxr-xr-x 3 cms013 cms   4096 Oct 20 07:48 bin
drwxr-xr-x 3 cms013 cms   4096 Oct 20 07:48 cfipython
drwxr-xr-x 4 cms013 cms   4096 Jul 13 19:47 config
-rw------- 1 cms013 cms     15 Oct 20 07:49 cpu_timing.txt
drwxr-xr-x 2 cms013 cms   4096 Oct 20 07:48 doc
-rw------- 1 cms013 cms   3402 Oct 20 07:49 executable.out
drwxr-xr-x 2 cms013 cms   4096 Oct 20 07:48 include
drwx------ 3 cms013 cms   4096 Sep 29 20:50 lib
drwxr-xr-x 3 cms013 cms   4096 Oct 20 07:48 logs
drwxr-xr-x 3 cms013 cms   4096 Oct 20 07:48 objs
-rw------- 1 cms013 cms    104 Oct 20 07:48 pset.py
-rw------- 1 cms013 cms 280212 Oct 20 07:48 pset.py.pkl
-rw------- 1 cms013 cms    289 Oct 20 07:48 pset.pyc
drwxr-xr-x 2 cms013 cms   4096 Oct 20 07:48 python
-rw------- 1 cms013 cms    368 Oct 20 07:49 report.log
drwx------ 7 cms013 cms   4096 Oct 20 07:48 src
drwxr-xr-x 3 cms013 cms   4096 Oct 20 07:48 test
drwxr-xr-x 3 cms013 cms   4096 Oct 20 07:48 tmp
>>> current directory (RUNTIME_AREA):  /home/condor/dir_40287/CREAM846216955/glide_p4Y8y9/execute/dir_54949
>>> current dir: /home/condor/dir_40287/CREAM846216955/glide_p4Y8y9/execute/dir_54949
>>> current dir content:
total 25916
-rwx------  1 cms013 cms       52 Oct 20 07:48 .chirp.config
-rwx------  1 cms013 cms     6722 Oct 20 07:48 .job.ad
-rwx------  1 cms013 cms     9203 Oct 20 07:48 .machine.ad
-rw-------  1 cms013 cms      105 Oct 20 07:35 CMSSW.py
-rw-------  1 cms013 cms   279355 Oct 20 07:35 CMSSW.py.pkl
-rwx------  1 cms013 cms    26310 Oct 20 07:48 CMSSW.sh
drwxr-xr-x 16 cms013 cms     4096 Oct 20 07:49 CMSSW_6_2_0_SLHC26_patch3
-rw-------  1 cms013 cms      258 Oct 20 07:48 CacheEnv.sh
-rw-------  1 cms013 cms     7291 Nov 19  2014 DashboardAPI.py
-rw-------  1 cms013 cms     6650 Oct 20 07:48 DashboardAPI.pyc
drwx------  2 cms013 cms     4096 Oct 20 07:49 IMProv
-rw-------  1 cms013 cms     2748 Nov 19  2014 Logger.py
-rw-------  1 cms013 cms     3292 Oct 20 07:48 Logger.pyc
lrwxrwxrwx  1 cms013 cms       89 Oct 20 07:49 OutTree.root -> /home/condor/dir_40287/CREAM846216955/glide_p4Y8y9/execute/dir_54949/OutTree_9_1_bqe.root
-rw-------  1 cms013 cms    11748 Oct 20 07:49 OutTree_9_1_bqe.root
-rw-------  1 cms013 cms    24524 Nov 19  2014 ProcInfo.py
-rw-------  1 cms013 cms    22933 Oct 20 07:48 ProcInfo.pyc
drwx------  7 cms013 cms     4096 Oct 20 07:48 ProdCommon
drwx------  3 cms013 cms     4096 Oct 20 07:48 WMCore
-rw-------  1 cms013 cms     1631 Oct 20 07:48 Watchdog_9.log
-rwx------  1 cms013 cms        0 Oct 20 07:48 _condor_stderr
-rwx---r--  1 cms013 cms    16590 Oct 20 07:49 _condor_stdout
-rw-------  1 cms013 cms    32895 Nov 19  2014 apmon.py
-rw-------  1 cms013 cms    28306 Oct 20 07:48 apmon.pyc
-rwx------  1 cms013 cms   198108 Oct 20 07:48 arguments.xml
-rwx------  1 cms013 cms   204102 May 29 01:26 cmsRun
-rwx------  1 cms013 cms    38581 Nov 19  2014 cmscp.py
-rwx------  1 cms013 cms    26310 Oct 20 07:48 condor_exec.exe
-rw-------  1 cms013 cms      524 Oct 20 07:34 crab.cfg
-rwx------  1 cms013 cms     8610 Nov 19  2014 crabWatchdog.sh
-rwx---r--  1 cms013 cms   167160 Oct 20 07:49 crab_fjr_9.xml
-rwx------  1 cms013 cms 25265867 Oct 20 07:48 default.tgz
-rwx------  1 cms013 cms     4488 Nov 19  2014 fillCrabFjr.py
-rw-------  1 cms013 cms      814 Oct 20 07:48 inputsReport.txt
-rw-------  1 cms013 cms      124 Oct 20 07:49 jobreport.txt
-rw-------  1 cms013 cms    17352 Nov 19  2014 parseCrabFjr.py
-rw-------  1 cms013 cms      353 Oct 20 07:48 report.log
-rwx--x--x  1 cms013 cms     1497 Nov 19  2014 report.py
-rwx------  1 cms013 cms     8351 Nov 19  2014 writeCfg.py
-rw-------  1 cms013 cms     8473 Oct 20 07:48 x509up_u46992
>>> crab_fjr_*.xml  permission set to 0704
CrabWrapper EXIT_FUNC entered at Tue Oct 20 07:49:20 CEST 2015   -  Tue Oct 20 05:49:20 UTC 2015
Checking output files:  
will tar file OutTree_9_1_bqe.root in  out_files_9
will tar file crab_fjr_9.xml in  out_files_9
WARNING: output file CMSSW_9.stdout not found!
WARNING: output file CMSSW_9.stderr not found!
WARNING: output file Watchdog_9.log.gz not found!
>>> padding time: Sleeping the wrapper for 550 seconds
STOPPING WATCHDOG. CrabWatchdog PID is 55516
********** LAST 50 LINES OF WATCHDOG LOG
# RESOURCE USAGE SUMMARY FOR PROCESS ID 55160
USER       PID %CPU %MEM    VSZ   RSS TTY      STAT START   TIME COMMAND
cms013   55160  0.4  0.0   9604  1604 ?        S    07:48   0:00 /bin/sh /home/condor/dir_40287/CREAM846216955/glide_p4Y8y9/execute/dir_54949/condor_exec.exe 9 1
 
# LIMITS USED BY CRAB WATCHDOG:
# RSS  (KBytes)   : 2300000
# VSZ  (KBytes)   : 100000000
# DISK (MBytes)   : 19000
# CPU TIME        : 720h:0m:0s
# WALL CLOCK TIME : 21h:50m:0s
 
# FOLLOWING PRINTOUT TRACKS MAXIMUM VALUES OF RESOURCES USE
# ONE LINE IS PRINTED EACH TIME A MAXIMUM CHANGES
# IF CHANGE WAS IN RSS OR VSZ ALSO PROCID AND COMMAND ARE PRINTED
# THERE IS NO PRINTOUT FOR CPU/WALL TIME INCREASE
 
# TIME			PID	RSS(KB)	VSZ(KB)	Dsk(MB)	tCPU(s)	tWALL(s)	COMMAND
 Oct 20 07:48:34 CEST	40466	1248	106096	0	0	0	sh -c "./glidein_startup.sh" -v std -name v3_2 -entry CMS_T2_IT_Bari_ce1 -clientname CMSG-v1_0.main
 Oct 20 07:48:34 CEST	40469	1792	106492	0	1	0	/bin/bash ./glidein_startup.sh -v std -name v3_2 -entry CMS_T2_IT_Bari_ce1 -clientname CMSG-v1_0.main -schedd
 Oct 20 07:48:34 CEST	54570	8660	106492	0	0	0	/home/condor/dir_40287/CREAM846216955/glide_p4Y8y9/main/condor/sbin/condor_master -f -pidfile /home/condor/dir_40287/CREAM846216955/glide_p4Y8y9/condor_master2.pid       
 Oct 20 07:48:34 CEST	54609	9520	106492	0	0	0	condor_procd -A /home/condor/dir_40287/CREAM846216955/glide_p4Y8y9/log/procd_address -L /home/condor/dir_40287/CREAM846216955/glide_p4Y8y9/log/ProcLog -R 1000000 -S 60 -C 11755
 Oct 20 07:48:34 CEST	55542	29884	106492	0	0	1	edmConfigHash pset.py         
 Oct 20 07:48:34 CEST	---	29884	106492	154	----	----	----
********** WATCHDOG LOG ENDED
ZIPPING WATCHDOG LOG
Disk space used:
du -sh /home/condor/dir_40287/CREAM846216955/glide_p4Y8y9/execute/dir_54949
154M	/home/condor/dir_40287/CREAM846216955/glide_p4Y8y9/execute/dir_54949
Found unusual stdout, rename for OSB
`/home/condor/dir_40287/CREAM846216955/glide_p4Y8y9/execute/dir_54949/_condor_stdout' -> `CMSSW_9.stdout'
Found unusual stderr, rename for OSB
`/home/condor/dir_40287/CREAM846216955/glide_p4Y8y9/execute/dir_54949/_condor_stdout' -> `CMSSW_9.stderr'
OutTree_9_1_bqe.root
crab_fjr_9.xml
CMSSW_9.stdout
CMSSW_9.stderr
Watchdog_9.log.gz
Total Output dimension: 33093
WARNING: output files size limit is set to: 50000000
Total Output dimension 33093 is fine.
JOB_EXIT_STATUS = 0
>>> info for dashboard:
***** Cat /home/condor/dir_40287/CREAM846216955/glide_p4Y8y9/execute/dir_54949/jobreport.txt *****
MonitorJobID=9_https://submit-6.t2.ucsd.edu//151020//666493.8
MonitorID=amkalsi_Good_1000ps_47oj9s
ExeTime=38
ExeExitCode=0
CrabUserCpuTime=23.94
CrabSysCpuTime=2.29
CrabCpuPercentage=69%
CrabWrapperTime=600
CrabStageoutTime=NULL
JobExitCode=0
***** End Cat jobreport *****
Parameters sent to Dashboard.
EXITING at Tue Oct 20 07:58:32 CEST 2015  -  Tue Oct 20 05:58:32 UTC 2015
