This script was generated by crab (version 2.11.1_patch1).
Running /home/condor/dir_11347/CREAM217789289/glide_4Jtkow/execute/dir_25006/condor_exec.exe with 2 positional parameters: 4 1
Today is Tue Oct 20 07:47:56 CEST 2015 - Tue Oct 20 05:47:56 UTC 2015
Job submitted on host wn-recas-uniba-61.recas.ba.infn.it
Linux wn-recas-uniba-61.recas.ba.infn.it 2.6.32-504.23.4.el6.x86_64 #1 SMP Tue Jun 9 11:55:03 CDT 2015 x86_64 x86_64 x86_64 GNU/Linux
Distributor ID:	Scientific
Description:	Scientific Linux release 6.7 (Carbon)
>>> current directory (RUNTIME_AREA): /home/condor/dir_11347/CREAM217789289/glide_4Jtkow/execute/dir_25006
>>> current user: uid=11755(cms013) gid=1399(cms) groups=1399(cms)
>>> directory permission set to 0700
>>> umask set to:  u=rwx,g=,o=
>>> stdout stderr permission set to 0704
>>> voms proxy information:
subject   : /C=TW/O=AP/OU=GRID/CN=Amandeep Kaur Kalsi 129089/CN=541697223/CN=474349222
issuer    : /C=TW/O=AP/OU=GRID/CN=Amandeep Kaur Kalsi 129089/CN=541697223
identity  : /C=TW/O=AP/OU=GRID/CN=Amandeep Kaur Kalsi 129089
type      : RFC3820 compliant limited proxy
strength  : 1024
path      : /home/condor/dir_11347/CREAM217789289/glide_4Jtkow/execute/dir_25006/x509up_u46992
timeleft  : 23:59:50
key usage : Digital Signature, Key Encipherment, Data Encipherment, Key Agreement
=== VO cms extension information ===
VO        : cms
subject   : /C=TW/O=AP/OU=GRID/CN=Amandeep Kaur Kalsi 129089
issuer    : /DC=ch/DC=cern/OU=computers/CN=voms2.cern.ch
attribute : /cms/Role=NULL/Capability=NULL
timeleft  : 191:45:51
uri       : voms2.cern.ch:15002

WNHostName=wn-recas-uniba-61.recas.ba.infn.it
$_CONDOR_JOB_AD =/home/condor/dir_11347/CREAM217789289/glide_4Jtkow/execute/dir_25006/.job.ad
OverflowFlag=0
>>> tar --no-same-permissions -xf /home/condor/dir_11347/CREAM217789289/glide_4Jtkow/execute/dir_25006/default.tgz :
Successful untar
>>> Include /home/condor/dir_11347/CREAM217789289/glide_4Jtkow/execute/dir_25006 in PYTHONPATH:
strip arguments
env var CRAB_UNIQUE_JOB_ID set to: amkalsi_Good_1000ps_47oj9s_4_1_Joc
out_files_4
>>> list of expected files on output sandbox
output files: OutTree_4_1_Joc.root crab_fjr_4.xml CMSSW_4.stdout CMSSW_4.stderr Watchdog_4.log.gz
>>> GridFlavour discovery: 
GridFlavour=LCG
>>> SyncSite discovery: 
SyncSite=T2_IT_Bari
>>> SyncCE discovery: 
getting SyncCE from CE_ID
SyncCE=ce-01.recas.ba.infn.it:8443/cream-condor-cms
>>> info for dashboard:
***** Cat /home/condor/dir_11347/CREAM217789289/glide_4Jtkow/execute/dir_25006/jobreport.txt *****
WNHostName=wn-recas-uniba-61.recas.ba.infn.it
OverflowFlag=0
MonitorJobID=4_https://submit-6.t2.ucsd.edu//151020//666493.3
SyncGridJobId=https://submit-6.t2.ucsd.edu//151020//666493.3
MonitorID=amkalsi_Good_1000ps_47oj9s
GridFlavour=LCG
SyncSite=T2_IT_Bari
SyncCE=ce-01.recas.ba.infn.it:8443/cream-condor-cms
***** End Cat jobreport *****
Parameters sent to Dashboard.
>>> setup environment
set SCRAM ARCH to slc6_amd64_gcc472
SCRAM_ARCH = slc6_amd64_gcc472
>>> setup CMS LCG environment:
set SCRAM ARCH and BUILD_ARCH to slc6_amd64_gcc472 ###
Sourcing environment... 
sourcing /cvmfs/cms.cern.ch/cmsset_default.sh
==> setup cms environment ok
>>> specific cmssw setup environment:
CMSSW_VERSION =  CMSSW_6_2_0_SLHC26_patch3
WARNING: In non-interactive mode release checks e.g. deprecated releases, production architectures are disabled.
>>> current directory (SOFTWARE_DIR): /home/condor/dir_11347/CREAM217789289/glide_4Jtkow/execute/dir_25006/CMSSW_6_2_0_SLHC26_patch3
PreserveSeeds: <>
IncrementSeeds:<>
>>> info for dashboard:
***** Cat /home/condor/dir_11347/CREAM217789289/glide_4Jtkow/execute/dir_25006/jobreport.txt *****
MonitorJobID=4_https://submit-6.t2.ucsd.edu//151020//666493.3
MonitorID=amkalsi_Good_1000ps_47oj9s
***** End Cat jobreport *****
Parameters sent to Dashboard.
crabWatchdog started as process 25266
>>> moving CMSSW software directories in /home/condor/dir_11347/CREAM217789289/glide_4Jtkow/execute/dir_25006/CMSSW_6_2_0_SLHC26_patch3
mv: cannot stat `/home/condor/dir_11347/CREAM217789289/glide_4Jtkow/execute/dir_25006/module/': No such file or directory
>>> Include /home/condor/dir_11347/CREAM217789289/glide_4Jtkow/execute/dir_25006 in PYTHONPATH:
PYTHONPATH=/home/condor/dir_11347/CREAM217789289/glide_4Jtkow/execute/dir_25006/:/home/condor/dir_11347/CREAM217789289/glide_4Jtkow/execute/dir_25006/CMSSW_6_2_0_SLHC26_patch3/python:/home/condor/dir_11347/CREAM217789289/glide_4Jtkow/execute/dir_25006/CMSSW_6_2_0_SLHC26_patch3/lib/slc6_amd64_gcc472:/cvmfs/cms.cern.ch/slc6_amd64_gcc472/cms/cmssw-patch/CMSSW_6_2_0_SLHC26_patch3/python:/cvmfs/cms.cern.ch/slc6_amd64_gcc472/cms/cmssw-patch/CMSSW_6_2_0_SLHC26_patch3/lib/slc6_amd64_gcc472:/cvmfs/cms.cern.ch/slc6_amd64_gcc472/cms/cmssw/CMSSW_6_2_0_SLHC26/bin/slc6_amd64_gcc472:/cvmfs/cms.cern.ch/slc6_amd64_gcc472/cms/cmssw/CMSSW_6_2_0_SLHC26/lib/slc6_amd64_gcc472:/cvmfs/cms.cern.ch/slc6_amd64_gcc472/cms/coral/CORAL_2_3_21-flmnjk2/slc6_amd64_gcc472/python:/cvmfs/cms.cern.ch/slc6_amd64_gcc472/cms/coral/CORAL_2_3_21-flmnjk2/slc6_amd64_gcc472/lib:/cvmfs/cms.cern.ch/slc6_amd64_gcc472/external/pyqt/4.8.1-cms5/lib/python2.7/site-packages:/cvmfs/cms.cern.ch/slc6_amd64_gcc472/external/py2-scipy/0.8.0-cms7/lib/python2.7/site-packages:/cvmfs/cms.cern.ch/slc6_amd64_gcc472/external/py2-matplotlib/1.0.1-cms7/lib/python2.7/site-packages:/cvmfs/cms.cern.ch/slc6_amd64_gcc472/external/python-ldap/2.4.10/lib/python2.7/site-packages:/cvmfs/cms.cern.ch/slc6_amd64_gcc472/external/sip/4.11.2-cms5/lib/python2.7/site-packages:/cvmfs/cms.cern.ch/slc6_amd64_gcc472/external/py2-pycurl/7.19.0-cms7/lib/python2.7/site-packages:/cvmfs/cms.cern.ch/slc6_amd64_gcc472/external/py2-numpy/1.6.1-cms7/lib/python2.7/site-packages:/cvmfs/cms.cern.ch/slc6_amd64_gcc472/external/py2-lint/0.25.1-cms5/lib/python2.7/site-packages:/cvmfs/cms.cern.ch/slc6_amd64_gcc472/external/py2-ipython/0.10-cms5/lib/python2.7/site-packages:/cvmfs/cms.cern.ch/slc6_amd64_gcc472/external/py2-cx-oracle/5.1-cms5/lib/python2.7/site-packages:/cvmfs/cms.cern.ch/slc6_amd64_gcc472/external/py2-cjson/1.0.5-cms5/lib/python2.7/site-packages:/cvmfs/cms.cern.ch/slc6_amd64_gcc472/cms/das-client/1.11.7/bin:/cvmfs/cms.cern.ch/slc6_amd64_gcc472/external/elementtree/1.2.6-cms5/share/lib/python2.7/site-packages:/cvmfs/cms.cern.ch/slc6_amd64_gcc472/external/rivet/1.8.2-cms9/lib/python2.7/site-packages:/cvmfs/cms.cern.ch/slc6_amd64_gcc472/external/pyminuit2/0.0.1-cms25/lib/python2.7/site-packages:/cvmfs/cms.cern.ch/slc6_amd64_gcc472/external/py2-pygithub/1.23.0-cms2/lib/python2.7/site-packages:/cvmfs/cms.cern.ch/slc6_amd64_gcc472/external/professor/1.0.0-cms25/lib/python2.7/site-packages:/cvmfs/cms.cern.ch/slc6_amd64_gcc472/lcg/root/5.34.07-cms5/lib:/cvmfs/cms.cern.ch/slc6_amd64_gcc472/cms/dbs-client/DBS_2_1_9-cms5/lib:/cvmfs/cms.cern.ch/slc6_amd64_gcc472/cms/dbs-client/DBS_2_1_9-cms5/lib/DBSAPI:/cvmfs/cms.cern.ch/slc6_amd64_gcc472/external/cvs2git/5419-cms/lib:/home/condor/dir_11347/CREAM217789289/glide_4Jtkow/execute/dir_25006/
 
# LIMITS USED BY CRAB WATCHDOG:
# RSS  (KBytes)   : 2300000
# VSZ  (KBytes)   : 100000000
# DISK (MBytes)   : 19000
# CPU TIME        : 720h:0m:0s
# WALL CLOCK TIME : 21h:50m:0s
 
89204fc7dc811f9e79a97af487a037d4
PSETHASH = 89204fc7dc811f9e79a97af487a037d4
/home/condor/dir_11347/CREAM217789289/glide_4Jtkow/execute/dir_25006/writeCfg.py pset.py pset.py
Importing .py file
Setting parameters
RandomNumberGeneratorService found, will attempt to change seeds
inputBlocks=/DYToMuMu_M-20_TuneZ2star_14TeV-pythia6-tauola/piet-DYToMuMu_M-20_TuneZ2star_14TeV-pythia6-tauola_HGCALGS_PU140_1ns_7ns_RECO-dae2ba7355add6539efc58ac0d4cc16b/USER#c0463b44-58f0-4c33-8105-492a98f18390
inputFiles=/store/user/piet/ME0Segment_Time/DYToMuMu_M-20_TuneZ2star_14TeV-pythia6-tauola/DYToMuMu_M-20_TuneZ2star_14TeV-pythia6-tauola_HGCALGS_PU140_1ns_7ns_RECO/151014_105159/0000/out_reco_58.root;/store/user/piet/ME0Segment_Time/DYToMuMu_M-20_TuneZ2star_14TeV-pythia6-tauola/DYToMuMu_M-20_TuneZ2star_14TeV-pythia6-tauola_HGCALGS_PU140_1ns_7ns_RECO/151014_105159/0000/out_reco_65.root;/store/user/piet/ME0Segment_Time/DYToMuMu_M-20_TuneZ2star_14TeV-pythia6-tauola/DYToMuMu_M-20_TuneZ2star_14TeV-pythia6-tauola_HGCALGS_PU140_1ns_7ns_RECO/151014_105159/0000/out_reco_38.root;/store/user/piet/ME0Segment_Time/DYToMuMu_M-20_TuneZ2star_14TeV-pythia6-tauola/DYToMuMu_M-20_TuneZ2star_14TeV-pythia6-tauola_HGCALGS_PU140_1ns_7ns_RECO/151014_105159/0000/out_reco_68.root;/store/user/piet/ME0Segment_Time/DYToMuMu_M-20_TuneZ2star_14TeV-pythia6-tauola/DYToMuMu_M-20_TuneZ2star_14TeV-pythia6-tauola_HGCALGS_PU140_1ns_7ns_RECO/151014_105159/0000/out_reco_62.root;/store/user/piet/ME0Segment_Time/DYToMuMu_M-20_TuneZ2star_14TeV-pythia6-tauola/DYToMuMu_M-20_TuneZ2star_14TeV-pythia6-tauola_HGCALGS_PU140_1ns_7ns_RECO/151014_105159/0000/out_reco_61.root;/store/user/piet/ME0Segment_Time/DYToMuMu_M-20_TuneZ2star_14TeV-pythia6-tauola/DYToMuMu_M-20_TuneZ2star_14TeV-pythia6-tauola_HGCALGS_PU140_1ns_7ns_RECO/151014_105159/0000/out_reco_64.root;/store/user/piet/ME0Segment_Time/DYToMuMu_M-20_TuneZ2star_14TeV-pythia6-tauola/DYToMuMu_M-20_TuneZ2star_14TeV-pythia6-tauola_HGCALGS_PU140_1ns_7ns_RECO/151014_105159/0000/out_reco_70.root;/store/user/piet/ME0Segment_Time/DYToMuMu_M-20_TuneZ2star_14TeV-pythia6-tauola/DYToMuMu_M-20_TuneZ2star_14TeV-pythia6-tauola_HGCALGS_PU140_1ns_7ns_RECO/151014_105159/0000/out_reco_79.root;/store/user/piet/ME0Segment_Time/DYToMuMu_M-20_TuneZ2star_14TeV-pythia6-tauola/DYToMuMu_M-20_TuneZ2star_14TeV-pythia6-tauola_HGCALGS_PU140_1ns_7ns_RECO/151014_105159/0000/out_reco_97.root
parentFiles=
lumisRange=
>>> Executable cmsRun
/cvmfs/cms.cern.ch/slc6_amd64_gcc472/cms/cmssw/CMSSW_6_2_0_SLHC26/bin/slc6_amd64_gcc472/cmsRun
ok executable found
>>> info for dashboard:
***** Cat /home/condor/dir_11347/CREAM217789289/glide_4Jtkow/execute/dir_25006/jobreport.txt *****
MonitorJobID=4_https://submit-6.t2.ucsd.edu//151020//666493.3
MonitorID=amkalsi_Good_1000ps_47oj9s
ExeStart=cmsRun
***** End Cat jobreport *****
Parameters sent to Dashboard.
>>> cmsRun started at Tue Oct 20 05:48:08 UTC 2015
>>> cmsRun ended at Tue Oct 20 05:52:26 UTC 2015
>>> crab_fjr_*.xml  permission set to 0704
>>> info for dashboard:
***** Cat /home/condor/dir_11347/CREAM217789289/glide_4Jtkow/execute/dir_25006/jobreport.txt *****
MonitorJobID=4_https://submit-6.t2.ucsd.edu//151020//666493.3
MonitorID=amkalsi_Good_1000ps_47oj9s
ExeEnd=cmsRun
***** End Cat jobreport *****
Parameters sent to Dashboard.
TIME_EXE = 258 sec
>>> cmsRun wrote 124 lines of stdout+stderr
>>> START OF printout of 124 lines from stdout+stderr
20-Oct-2015 07:48:27 CEST  Initiating request to open file file:/lustre/cms//store/user/piet/ME0Segment_Time/DYToMuMu_M-20_TuneZ2star_14TeV-pythia6-tauola/DYToMuMu_M-20_TuneZ2star_14TeV-pythia6-tauola_HGCALGS_PU140_1ns_7ns_RECO/151014_105159/0000/out_reco_58.root
20-Oct-2015 07:48:30 CEST  Successfully opened file file:/lustre/cms//store/user/piet/ME0Segment_Time/DYToMuMu_M-20_TuneZ2star_14TeV-pythia6-tauola/DYToMuMu_M-20_TuneZ2star_14TeV-pythia6-tauola_HGCALGS_PU140_1ns_7ns_RECO/151014_105159/0000/out_reco_58.root
Begin processing the 1st record. Run 1, Event 610131, LumiSection 25690 at 20-Oct-2015 07:48:36.734 CEST
in MuonNumberingInitialization::initializeMuonDDDConstants
about to make my new muonDDDConst_
in MuonNumberingInitialization::produce
-1.12682-3.17619-0.733043-2.4899-18.5035-0.298863-5.02633-1.09061-2.39996%MSG-e RunLumiMerging:  source 20-Oct-2015 07:48:53 CEST PostBeginLumi
ProductHolderBase::mergeTheProduct
Two run/lumi products for the same run/lumi which should be equal are not
Using the first, ignoring the second
className = edm::RandomEngineStates
moduleLabel = randomEngineStateProducer
instance = beginLumi
process = DIGI2RAW

%MSG
-2.85203-16.8506-22.299-3.21708-0.72326-3.8559820-Oct-2015 07:48:59 CEST  Closed file file:/lustre/cms//store/user/piet/ME0Segment_Time/DYToMuMu_M-20_TuneZ2star_14TeV-pythia6-tauola/DYToMuMu_M-20_TuneZ2star_14TeV-pythia6-tauola_HGCALGS_PU140_1ns_7ns_RECO/151014_105159/0000/out_reco_58.root
20-Oct-2015 07:48:59 CEST  Initiating request to open file file:/lustre/cms//store/user/piet/ME0Segment_Time/DYToMuMu_M-20_TuneZ2star_14TeV-pythia6-tauola/DYToMuMu_M-20_TuneZ2star_14TeV-pythia6-tauola_HGCALGS_PU140_1ns_7ns_RECO/151014_105159/0000/out_reco_65.root
20-Oct-2015 07:49:00 CEST  Successfully opened file file:/lustre/cms//store/user/piet/ME0Segment_Time/DYToMuMu_M-20_TuneZ2star_14TeV-pythia6-tauola/DYToMuMu_M-20_TuneZ2star_14TeV-pythia6-tauola_HGCALGS_PU140_1ns_7ns_RECO/151014_105159/0000/out_reco_65.root
Begin processing the 101st record. Run 1, Event 644781, LumiSection 27149 at 20-Oct-2015 07:49:02.189 CEST
-28.5487-4.08942-0.665344%MSG-e RunLumiMerging:  source 20-Oct-2015 07:49:05 CEST PostBeginLumi
ProductHolderBase::mergeTheProduct
Two run/lumi products for the same run/lumi which should be equal are not
Using the first, ignoring the second
className = edm::RandomEngineStates
moduleLabel = randomEngineStateProducer
instance = beginLumi
process = DIGI2RAW

%MSG
-5.13022-1.513-44.1371-2.78559-8.5081-0.972633-1.51049-2.31446-8.55091-3.297520-Oct-2015 07:49:20 CEST  Closed file file:/lustre/cms//store/user/piet/ME0Segment_Time/DYToMuMu_M-20_TuneZ2star_14TeV-pythia6-tauola/DYToMuMu_M-20_TuneZ2star_14TeV-pythia6-tauola_HGCALGS_PU140_1ns_7ns_RECO/151014_105159/0000/out_reco_65.root
20-Oct-2015 07:49:20 CEST  Initiating request to open file file:/lustre/cms//store/user/piet/ME0Segment_Time/DYToMuMu_M-20_TuneZ2star_14TeV-pythia6-tauola/DYToMuMu_M-20_TuneZ2star_14TeV-pythia6-tauola_HGCALGS_PU140_1ns_7ns_RECO/151014_105159/0000/out_reco_38.root
20-Oct-2015 07:49:20 CEST  Successfully opened file file:/lustre/cms//store/user/piet/ME0Segment_Time/DYToMuMu_M-20_TuneZ2star_14TeV-pythia6-tauola/DYToMuMu_M-20_TuneZ2star_14TeV-pythia6-tauola_HGCALGS_PU140_1ns_7ns_RECO/151014_105159/0000/out_reco_38.root
Begin processing the 201st record. Run 1, Event 119461, LumiSection 5030 at 20-Oct-2015 07:49:22.993 CEST
-2.42935-0.396003-1.45027-2.85039-0.655087-0.141361%MSG-e RunLumiMerging:  source 20-Oct-2015 07:49:33 CEST PostBeginLumi
ProductHolderBase::mergeTheProduct
Two run/lumi products for the same run/lumi which should be equal are not
Using the first, ignoring the second
className = edm::RandomEngineStates
moduleLabel = randomEngineStateProducer
instance = beginLumi
process = DIGI2RAW

%MSG
-4.44504-0.408702-29.7668-1.31445-2.37953-3.64789-0.779456-1.75141-0.67618920-Oct-2015 07:49:41 CEST  Closed file file:/lustre/cms//store/user/piet/ME0Segment_Time/DYToMuMu_M-20_TuneZ2star_14TeV-pythia6-tauola/DYToMuMu_M-20_TuneZ2star_14TeV-pythia6-tauola_HGCALGS_PU140_1ns_7ns_RECO/151014_105159/0000/out_reco_38.root
20-Oct-2015 07:49:41 CEST  Initiating request to open file file:/lustre/cms//store/user/piet/ME0Segment_Time/DYToMuMu_M-20_TuneZ2star_14TeV-pythia6-tauola/DYToMuMu_M-20_TuneZ2star_14TeV-pythia6-tauola_HGCALGS_PU140_1ns_7ns_RECO/151014_105159/0000/out_reco_68.root
20-Oct-2015 07:49:41 CEST  Successfully opened file file:/lustre/cms//store/user/piet/ME0Segment_Time/DYToMuMu_M-20_TuneZ2star_14TeV-pythia6-tauola/DYToMuMu_M-20_TuneZ2star_14TeV-pythia6-tauola_HGCALGS_PU140_1ns_7ns_RECO/151014_105159/0000/out_reco_68.root
Begin processing the 301st record. Run 1, Event 751631, LumiSection 31648 at 20-Oct-2015 07:49:43.511 CEST
-1.22236-0.972527-16.5141-8.84042-2.67035-45.8027-0.896447-6.23656-1.87063-1.74295%MSG-e RunLumiMerging:  source 20-Oct-2015 07:49:53 CEST PostBeginLumi
ProductHolderBase::mergeTheProduct
Two run/lumi products for the same run/lumi which should be equal are not
Using the first, ignoring the second
className = edm::RandomEngineStates
moduleLabel = randomEngineStateProducer
instance = beginLumi
process = DIGI2RAW

%MSG
-0.674644-2.25-0.684929-3.23968-4.27101-4.91856-6.53585-1.34187-0.675917-1.95725-0.63302720-Oct-2015 07:49:59 CEST  Closed file file:/lustre/cms//store/user/piet/ME0Segment_Time/DYToMuMu_M-20_TuneZ2star_14TeV-pythia6-tauola/DYToMuMu_M-20_TuneZ2star_14TeV-pythia6-tauola_HGCALGS_PU140_1ns_7ns_RECO/151014_105159/0000/out_reco_68.root
20-Oct-2015 07:49:59 CEST  Initiating request to open file file:/lustre/cms//store/user/piet/ME0Segment_Time/DYToMuMu_M-20_TuneZ2star_14TeV-pythia6-tauola/DYToMuMu_M-20_TuneZ2star_14TeV-pythia6-tauola_HGCALGS_PU140_1ns_7ns_RECO/151014_105159/0000/out_reco_62.root
20-Oct-2015 07:49:59 CEST  Successfully opened file file:/lustre/cms//store/user/piet/ME0Segment_Time/DYToMuMu_M-20_TuneZ2star_14TeV-pythia6-tauola/DYToMuMu_M-20_TuneZ2star_14TeV-pythia6-tauola_HGCALGS_PU140_1ns_7ns_RECO/151014_105159/0000/out_reco_62.root
Begin processing the 401st record. Run 1, Event 443141, LumiSection 18659 at 20-Oct-2015 07:50:01.694 CEST
-0.672131-2.05574-7.82723-6.14512-1.64366-13.7655-5.39224-0.623563-13.9606-1.96682-18.1937-0.487206-2.24925-4.02954-2.41054-1.13847-17.633720-Oct-2015 07:50:21 CEST  Closed file file:/lustre/cms//store/user/piet/ME0Segment_Time/DYToMuMu_M-20_TuneZ2star_14TeV-pythia6-tauola/DYToMuMu_M-20_TuneZ2star_14TeV-pythia6-tauola_HGCALGS_PU140_1ns_7ns_RECO/151014_105159/0000/out_reco_62.root
20-Oct-2015 07:50:21 CEST  Initiating request to open file file:/lustre/cms//store/user/piet/ME0Segment_Time/DYToMuMu_M-20_TuneZ2star_14TeV-pythia6-tauola/DYToMuMu_M-20_TuneZ2star_14TeV-pythia6-tauola_HGCALGS_PU140_1ns_7ns_RECO/151014_105159/0000/out_reco_61.root
20-Oct-2015 07:50:21 CEST  Successfully opened file file:/lustre/cms//store/user/piet/ME0Segment_Time/DYToMuMu_M-20_TuneZ2star_14TeV-pythia6-tauola/DYToMuMu_M-20_TuneZ2star_14TeV-pythia6-tauola_HGCALGS_PU140_1ns_7ns_RECO/151014_105159/0000/out_reco_61.root
Begin processing the 501st record. Run 1, Event 615911, LumiSection 25933 at 20-Oct-2015 07:50:25.628 CEST
-0.994507-2.51529-0.888397-12.7952-6.08492-6.66119-12.6199-0.69161-2.95809-2.6519720-Oct-2015 07:50:49 CEST  Closed file file:/lustre/cms//store/user/piet/ME0Segment_Time/DYToMuMu_M-20_TuneZ2star_14TeV-pythia6-tauola/DYToMuMu_M-20_TuneZ2star_14TeV-pythia6-tauola_HGCALGS_PU140_1ns_7ns_RECO/151014_105159/0000/out_reco_61.root
20-Oct-2015 07:50:49 CEST  Initiating request to open file file:/lustre/cms//store/user/piet/ME0Segment_Time/DYToMuMu_M-20_TuneZ2star_14TeV-pythia6-tauola/DYToMuMu_M-20_TuneZ2star_14TeV-pythia6-tauola_HGCALGS_PU140_1ns_7ns_RECO/151014_105159/0000/out_reco_64.root
20-Oct-2015 07:50:49 CEST  Successfully opened file file:/lustre/cms//store/user/piet/ME0Segment_Time/DYToMuMu_M-20_TuneZ2star_14TeV-pythia6-tauola/DYToMuMu_M-20_TuneZ2star_14TeV-pythia6-tauola_HGCALGS_PU140_1ns_7ns_RECO/151014_105159/0000/out_reco_64.root
Begin processing the 601st record. Run 1, Event 644691, LumiSection 27145 at 20-Oct-2015 07:50:52.851 CEST
%MSG-e RunLumiMerging:  source 20-Oct-2015 07:50:56 CEST PostBeginLumi
ProductHolderBase::mergeTheProduct
Two run/lumi products for the same run/lumi which should be equal are not
Using the first, ignoring the second
className = edm::RandomEngineStates
moduleLabel = randomEngineStateProducer
instance = beginLumi
process = DIGI2RAW

%MSG
-4.11772-7.93165-11.5582-3.37414-1.42352-0.745396-12.8608-27.7958-1.09581-1.57031-1.02302-5.06948-3.91978-0.279027-1.02635-0.249442-5.7468720-Oct-2015 07:51:16 CEST  Closed file file:/lustre/cms//store/user/piet/ME0Segment_Time/DYToMuMu_M-20_TuneZ2star_14TeV-pythia6-tauola/DYToMuMu_M-20_TuneZ2star_14TeV-pythia6-tauola_HGCALGS_PU140_1ns_7ns_RECO/151014_105159/0000/out_reco_64.root
20-Oct-2015 07:51:16 CEST  Initiating request to open file file:/lustre/cms//store/user/piet/ME0Segment_Time/DYToMuMu_M-20_TuneZ2star_14TeV-pythia6-tauola/DYToMuMu_M-20_TuneZ2star_14TeV-pythia6-tauola_HGCALGS_PU140_1ns_7ns_RECO/151014_105159/0000/out_reco_70.root
20-Oct-2015 07:51:16 CEST  Successfully opened file file:/lustre/cms//store/user/piet/ME0Segment_Time/DYToMuMu_M-20_TuneZ2star_14TeV-pythia6-tauola/DYToMuMu_M-20_TuneZ2star_14TeV-pythia6-tauola_HGCALGS_PU140_1ns_7ns_RECO/151014_105159/0000/out_reco_70.root
Begin processing the 701st record. Run 1, Event 860301, LumiSection 36223 at 20-Oct-2015 07:51:19.871 CEST
-1.00496-0.701591-2.3056-0.800767-0.454986-1.48763-58.6943-2.28676-9.94386-6.68462-5.6792-1.7834320-Oct-2015 07:51:40 CEST  Closed file file:/lustre/cms//store/user/piet/ME0Segment_Time/DYToMuMu_M-20_TuneZ2star_14TeV-pythia6-tauola/DYToMuMu_M-20_TuneZ2star_14TeV-pythia6-tauola_HGCALGS_PU140_1ns_7ns_RECO/151014_105159/0000/out_reco_70.root
20-Oct-2015 07:51:40 CEST  Initiating request to open file file:/lustre/cms//store/user/piet/ME0Segment_Time/DYToMuMu_M-20_TuneZ2star_14TeV-pythia6-tauola/DYToMuMu_M-20_TuneZ2star_14TeV-pythia6-tauola_HGCALGS_PU140_1ns_7ns_RECO/151014_105159/0000/out_reco_79.root
20-Oct-2015 07:51:40 CEST  Successfully opened file file:/lustre/cms//store/user/piet/ME0Segment_Time/DYToMuMu_M-20_TuneZ2star_14TeV-pythia6-tauola/DYToMuMu_M-20_TuneZ2star_14TeV-pythia6-tauola_HGCALGS_PU140_1ns_7ns_RECO/151014_105159/0000/out_reco_79.root
Begin processing the 801st record. Run 1, Event 358561, LumiSection 15098 at 20-Oct-2015 07:51:42.709 CEST
-1.21771-3.89839-1.77801-3.07174-2.88327-5.70474-3.46536-1.70147%MSG-e RunLumiMerging:  source 20-Oct-2015 07:51:56 CEST PostBeginLumi
ProductHolderBase::mergeTheProduct
Two run/lumi products for the same run/lumi which should be equal are not
Using the first, ignoring the second
className = edm::RandomEngineStates
moduleLabel = randomEngineStateProducer
instance = beginLumi
process = DIGI2RAW

%MSG
-0.927204-1.28056-0.751043-1.30669-5.97274-1.38698-2.30884-11.830320-Oct-2015 07:52:02 CEST  Closed file file:/lustre/cms//store/user/piet/ME0Segment_Time/DYToMuMu_M-20_TuneZ2star_14TeV-pythia6-tauola/DYToMuMu_M-20_TuneZ2star_14TeV-pythia6-tauola_HGCALGS_PU140_1ns_7ns_RECO/151014_105159/0000/out_reco_79.root
20-Oct-2015 07:52:02 CEST  Initiating request to open file file:/lustre/cms//store/user/piet/ME0Segment_Time/DYToMuMu_M-20_TuneZ2star_14TeV-pythia6-tauola/DYToMuMu_M-20_TuneZ2star_14TeV-pythia6-tauola_HGCALGS_PU140_1ns_7ns_RECO/151014_105159/0000/out_reco_97.root
20-Oct-2015 07:52:02 CEST  Successfully opened file file:/lustre/cms//store/user/piet/ME0Segment_Time/DYToMuMu_M-20_TuneZ2star_14TeV-pythia6-tauola/DYToMuMu_M-20_TuneZ2star_14TeV-pythia6-tauola_HGCALGS_PU140_1ns_7ns_RECO/151014_105159/0000/out_reco_97.root
Begin processing the 901st record. Run 1, Event 637021, LumiSection 26822 at 20-Oct-2015 07:52:03.612 CEST
-23.976-0.228565-6.82977-8.04715-0.956586-2.24396-1.70222-10.6232-4.13059-1.8901-0.361074-1.47261-0.22687-1.1153420-Oct-2015 07:52:25 CEST  Closed file file:/lustre/cms//store/user/piet/ME0Segment_Time/DYToMuMu_M-20_TuneZ2star_14TeV-pythia6-tauola/DYToMuMu_M-20_TuneZ2star_14TeV-pythia6-tauola_HGCALGS_PU140_1ns_7ns_RECO/151014_105159/0000/out_reco_97.root

=============================================

MessageLogger Summary

 type     category        sev    module        subroutine        count    total
 ---- -------------------- -- ---------------- ----------------  -----    -----
    1 RunLumiMerging       -e source                                 6        6
    2 fileAction           -s file_close                            10       10
    3 fileAction           -s file_open                             20       20

 type    category    Examples: run/evt        run/evt          run/evt
 ---- -------------------- ---------------- ---------------- ----------------
    1 RunLumiMerging       PostBeginLumi    PostBeginLumi    PostBeginLumi
    2 fileAction           PostProcessEvent PostProcessEvent PostEndRun
    3 fileAction           pre-events       pre-events       PostProcessEvent

Severity    # Occurrences   Total Occurrences
--------    -------------   -----------------
Error                   6                   6
System                 30                  30
>>> END OF printout of 124 lines from stdout+stderr
>>> Parse FrameworkJobReport crab_fjr.xml
Result of parsing the FrameworkJobReport crab_fjr.xml: Popularity start
lumisRange : 1::25933-25936,27097-27098::1;1::18658,25690-25694::2;1::15098-15101,19882::3;1::18660,27145-27149::4;1::18659,27098-27101::5;1::5030-5032,6049-6050,18066::6;1::18662,36223-36224,36273-36275::7;1::18660,27149-27152,31641::8;1::22777,26822-26824,27833-27834::9;1::18661-18662,31648,36217-36220::10;
lumisParentRange : 
Basename : /store/user/piet/ME0Segment_Time/DYToMuMu_M-20_TuneZ2star_14TeV-pythia6-tauola/DYToMuMu_M-20_TuneZ2star_14TeV-pythia6-tauola_HGCALGS_PU140_1ns_7ns_RECO/151014_105159/0000/out_reco_
BasenameParent : 
parentFiles : 
inputBlocks : /DYToMuMu_M-20_TuneZ2star_14TeV-pythia6-tauola/piet-DYToMuMu_M-20_TuneZ2star_14TeV-pythia6-tauola_HGCALGS_PU140_1ns_7ns_RECO-dae2ba7355add6539efc58ac0d4cc16b/USER#c0463b44-58f0-4c33-8105-492a98f18390
inputFiles : 61.root::1::EDM::Local::1;58.root::1::EDM::Local::2;79.root::1::EDM::Local::3;64.root::1::EDM::Local::4;62.root::1::EDM::Local::5;38.root::1::EDM::Local::6;70.root::1::EDM::Local::7;65.root::1::EDM::Local::8;97.root::1::EDM::Local::9;68.root::1::EDM::Local::10;
Popularity stop
Extracted ExitStatus from FrameworkJobReport parsing output: 0
>>> Executable succeded  0
ExeExitCode=0
EXECUTABLE_EXIT_STATUS = 0
>>> current directory /home/condor/dir_11347/CREAM217789289/glide_4Jtkow/execute/dir_25006/CMSSW_6_2_0_SLHC26_patch3
>>>  (SOFTWARE_DIR): /home/condor/dir_11347/CREAM217789289/glide_4Jtkow/execute/dir_25006/CMSSW_6_2_0_SLHC26_patch3
>>> (WORKING_DIR): 
>>> current directory content:
total 656
drwxr-xr-x 3 cms013 cms   4096 Oct 20 07:48 .SCRAM
-rw------- 1 cms013 cms 279355 Oct 20 07:48 CMSSW.py.pkl
-rw------- 1 cms013 cms  13593 Oct 20 07:52 OutTree.root
drwxr-xr-x 3 cms013 cms   4096 Oct 20 07:48 biglib
drwxr-xr-x 3 cms013 cms   4096 Oct 20 07:48 bin
drwxr-xr-x 3 cms013 cms   4096 Oct 20 07:48 cfipython
drwxr-xr-x 4 cms013 cms   4096 Jul 13 19:47 config
-rw------- 1 cms013 cms     17 Oct 20 07:52 cpu_timing.txt
drwxr-xr-x 2 cms013 cms   4096 Oct 20 07:48 doc
-rw------- 1 cms013 cms  13135 Oct 20 07:52 executable.out
drwxr-xr-x 2 cms013 cms   4096 Oct 20 07:48 include
drwx------ 3 cms013 cms   4096 Sep 29 20:50 lib
drwxr-xr-x 3 cms013 cms   4096 Oct 20 07:48 logs
drwxr-xr-x 3 cms013 cms   4096 Oct 20 07:48 objs
-rw------- 1 cms013 cms    104 Oct 20 07:48 pset.py
-rw------- 1 cms013 cms 281596 Oct 20 07:48 pset.py.pkl
-rw------- 1 cms013 cms    289 Oct 20 07:48 pset.pyc
drwxr-xr-x 2 cms013 cms   4096 Oct 20 07:48 python
-rw------- 1 cms013 cms    368 Oct 20 07:52 report.log
drwx------ 7 cms013 cms   4096 Oct 20 07:47 src
drwxr-xr-x 3 cms013 cms   4096 Oct 20 07:48 test
drwxr-xr-x 3 cms013 cms   4096 Oct 20 07:48 tmp
>>> current directory /home/condor/dir_11347/CREAM217789289/glide_4Jtkow/execute/dir_25006/CMSSW_6_2_0_SLHC26_patch3
>>> (SOFTWARE_DIR): /home/condor/dir_11347/CREAM217789289/glide_4Jtkow/execute/dir_25006/CMSSW_6_2_0_SLHC26_patch3
>>> (WORKING_DIR): 
>>> current directory content:
total 640
drwxr-xr-x 3 cms013 cms   4096 Oct 20 07:48 .SCRAM
-rw------- 1 cms013 cms 279355 Oct 20 07:48 CMSSW.py.pkl
drwxr-xr-x 3 cms013 cms   4096 Oct 20 07:48 biglib
drwxr-xr-x 3 cms013 cms   4096 Oct 20 07:48 bin
drwxr-xr-x 3 cms013 cms   4096 Oct 20 07:48 cfipython
drwxr-xr-x 4 cms013 cms   4096 Jul 13 19:47 config
-rw------- 1 cms013 cms     17 Oct 20 07:52 cpu_timing.txt
drwxr-xr-x 2 cms013 cms   4096 Oct 20 07:48 doc
-rw------- 1 cms013 cms  13135 Oct 20 07:52 executable.out
drwxr-xr-x 2 cms013 cms   4096 Oct 20 07:48 include
drwx------ 3 cms013 cms   4096 Sep 29 20:50 lib
drwxr-xr-x 3 cms013 cms   4096 Oct 20 07:48 logs
drwxr-xr-x 3 cms013 cms   4096 Oct 20 07:48 objs
-rw------- 1 cms013 cms    104 Oct 20 07:48 pset.py
-rw------- 1 cms013 cms 281596 Oct 20 07:48 pset.py.pkl
-rw------- 1 cms013 cms    289 Oct 20 07:48 pset.pyc
drwxr-xr-x 2 cms013 cms   4096 Oct 20 07:48 python
-rw------- 1 cms013 cms    368 Oct 20 07:52 report.log
drwx------ 7 cms013 cms   4096 Oct 20 07:47 src
drwxr-xr-x 3 cms013 cms   4096 Oct 20 07:48 test
drwxr-xr-x 3 cms013 cms   4096 Oct 20 07:48 tmp
>>> current directory (RUNTIME_AREA):  /home/condor/dir_11347/CREAM217789289/glide_4Jtkow/execute/dir_25006
>>> current dir: /home/condor/dir_11347/CREAM217789289/glide_4Jtkow/execute/dir_25006
>>> current dir content:
total 26284
-rwx------  1 cms013 cms       53 Oct 20 07:47 .chirp.config
-rwx------  1 cms013 cms     6750 Oct 20 07:47 .job.ad
-rwx------  1 cms013 cms     9434 Oct 20 07:47 .machine.ad
-rw-------  1 cms013 cms      105 Oct 20 07:35 CMSSW.py
-rw-------  1 cms013 cms   279355 Oct 20 07:35 CMSSW.py.pkl
-rwx------  1 cms013 cms    26310 Oct 20 07:47 CMSSW.sh
drwxr-xr-x 16 cms013 cms     4096 Oct 20 07:52 CMSSW_6_2_0_SLHC26_patch3
-rw-------  1 cms013 cms      258 Oct 20 07:48 CacheEnv.sh
-rw-------  1 cms013 cms     7291 Nov 19  2014 DashboardAPI.py
-rw-------  1 cms013 cms     6650 Oct 20 07:48 DashboardAPI.pyc
drwx------  2 cms013 cms     4096 Oct 20 07:52 IMProv
-rw-------  1 cms013 cms     2748 Nov 19  2014 Logger.py
-rw-------  1 cms013 cms     3292 Oct 20 07:48 Logger.pyc
lrwxrwxrwx  1 cms013 cms       89 Oct 20 07:52 OutTree.root -> /home/condor/dir_11347/CREAM217789289/glide_4Jtkow/execute/dir_25006/OutTree_4_1_Joc.root
-rw-------  1 cms013 cms    13593 Oct 20 07:52 OutTree_4_1_Joc.root
-rw-------  1 cms013 cms    24524 Nov 19  2014 ProcInfo.py
-rw-------  1 cms013 cms    22933 Oct 20 07:48 ProcInfo.pyc
drwx------  7 cms013 cms     4096 Oct 20 07:48 ProdCommon
drwx------  3 cms013 cms     4096 Oct 20 07:47 WMCore
-rw-------  1 cms013 cms     2419 Oct 20 07:52 Watchdog_4.log
-rwx------  1 cms013 cms        0 Oct 20 07:47 _condor_stderr
-rwx---r--  1 cms013 cms    28102 Oct 20 07:52 _condor_stdout
-rw-------  1 cms013 cms    32895 Nov 19  2014 apmon.py
-rw-------  1 cms013 cms    28306 Oct 20 07:48 apmon.pyc
-rwx------  1 cms013 cms   198108 Oct 20 07:47 arguments.xml
-rwx------  1 cms013 cms   204102 May 29 01:26 cmsRun
-rwx------  1 cms013 cms    38581 Nov 19  2014 cmscp.py
-rwx------  1 cms013 cms    26310 Oct 20 07:47 condor_exec.exe
-rw-------  1 cms013 cms      524 Oct 20 07:34 crab.cfg
-rwx------  1 cms013 cms     8610 Nov 19  2014 crabWatchdog.sh
-rwx---r--  1 cms013 cms   531633 Oct 20 07:52 crab_fjr_4.xml
-rwx------  1 cms013 cms 25265867 Oct 20 07:47 default.tgz
-rwx------  1 cms013 cms     4488 Nov 19  2014 fillCrabFjr.py
-rw-------  1 cms013 cms     2128 Oct 20 07:48 inputsReport.txt
-rw-------  1 cms013 cms      125 Oct 20 07:52 jobreport.txt
-rw-------  1 cms013 cms    17352 Nov 19  2014 parseCrabFjr.py
-rw-------  1 cms013 cms      354 Oct 20 07:47 report.log
-rwx--x--x  1 cms013 cms     1497 Nov 19  2014 report.py
-rwx------  1 cms013 cms     8351 Nov 19  2014 writeCfg.py
-rw-------  1 cms013 cms     8477 Oct 20 07:47 x509up_u46992
>>> crab_fjr_*.xml  permission set to 0704
CrabWrapper EXIT_FUNC entered at Tue Oct 20 07:52:32 CEST 2015   -  Tue Oct 20 05:52:32 UTC 2015
Checking output files:  
will tar file OutTree_4_1_Joc.root in  out_files_4
will tar file crab_fjr_4.xml in  out_files_4
WARNING: output file CMSSW_4.stdout not found!
WARNING: output file CMSSW_4.stderr not found!
WARNING: output file Watchdog_4.log.gz not found!
>>> padding time: Sleeping the wrapper for 325 seconds
STOPPING WATCHDOG. CrabWatchdog PID is 25266
********** LAST 50 LINES OF WATCHDOG LOG
# RESOURCE USAGE SUMMARY FOR PROCESS ID 25014
USER       PID %CPU %MEM    VSZ   RSS TTY      STAT START   TIME COMMAND
cms013   25014  0.7  0.0   9604  1604 ?        S    07:47   0:00 /bin/sh /home/condor/dir_11347/CREAM217789289/glide_4Jtkow/execute/dir_25006/condor_exec.exe 4 1
 
# LIMITS USED BY CRAB WATCHDOG:
# RSS  (KBytes)   : 2300000
# VSZ  (KBytes)   : 100000000
# DISK (MBytes)   : 19000
# CPU TIME        : 720h:0m:0s
# WALL CLOCK TIME : 21h:50m:0s
 
# FOLLOWING PRINTOUT TRACKS MAXIMUM VALUES OF RESOURCES USE
# ONE LINE IS PRINTED EACH TIME A MAXIMUM CHANGES
# IF CHANGE WAS IN RSS OR VSZ ALSO PROCID AND COMMAND ARE PRINTED
# THERE IS NO PRINTOUT FOR CPU/WALL TIME INCREASE
 
# TIME			PID	RSS(KB)	VSZ(KB)	Dsk(MB)	tCPU(s)	tWALL(s)	COMMAND
 Oct 20 07:48:04 CEST	11446	1244	106092	0	0	0	sh -c "./glidein_startup.sh" -v std -name v3_2 -entry CMS_T2_IT_Bari_ce1 -clientname CMSG-v1_0.main
 Oct 20 07:48:04 CEST	11450	1788	106488	0	1	0	/bin/bash ./glidein_startup.sh -v std -name v3_2 -entry CMS_T2_IT_Bari_ce1 -clientname CMSG-v1_0.main -schedd
 Oct 20 07:48:04 CEST	16663	8704	106488	0	0	0	/home/condor/dir_11347/CREAM217789289/glide_4Jtkow/main/condor/sbin/condor_master -f -pidfile /home/condor/dir_11347/CREAM217789289/glide_4Jtkow/condor_master2.pid       
 Oct 20 07:48:04 CEST	16671	8876	106488	0	2	0	condor_procd -A /home/condor/dir_11347/CREAM217789289/glide_4Jtkow/log/procd_address -L /home/condor/dir_11347/CREAM217789289/glide_4Jtkow/log/ProcLog -R 1000000 -S 60 -C 11755
 Oct 20 07:48:04 CEST	16672	9480	106488	0	0	0	condor_startd -f         
 Oct 20 07:48:04 CEST	25278	24408	106488	0	0	1	edmConfigHash pset.py         
 Oct 20 07:48:04 CEST	---	24408	106488	154	----	----	----
 Oct 20 07:49:05 CEST	25583	517124	729584	154	36	62	cmsRun -j /home/condor/dir_11347/CREAM217789289/glide_4Jtkow/execute/dir_25006/crab_fjr_4.xml -p pset.py      
 Oct 20 07:50:06 CEST	25583	529028	751120	154	75	124	cmsRun -j /home/condor/dir_11347/CREAM217789289/glide_4Jtkow/execute/dir_25006/crab_fjr_4.xml -p pset.py      
 Oct 20 07:51:08 CEST	25583	534456	758032	154	104	185	cmsRun -j /home/condor/dir_11347/CREAM217789289/glide_4Jtkow/execute/dir_25006/crab_fjr_4.xml -p pset.py      
 Oct 20 07:52:09 CEST	25583	539504	763408	154	137	246	cmsRun -j /home/condor/dir_11347/CREAM217789289/glide_4Jtkow/execute/dir_25006/crab_fjr_4.xml -p pset.py      
 Oct 20 07:52:09 CEST	---	539504	763408	155	----	----	----
********** WATCHDOG LOG ENDED
ZIPPING WATCHDOG LOG
Disk space used:
du -sh /home/condor/dir_11347/CREAM217789289/glide_4Jtkow/execute/dir_25006
155M	/home/condor/dir_11347/CREAM217789289/glide_4Jtkow/execute/dir_25006
Found unusual stdout, rename for OSB
`/home/condor/dir_11347/CREAM217789289/glide_4Jtkow/execute/dir_25006/_condor_stdout' -> `CMSSW_4.stdout'
Found unusual stderr, rename for OSB
`/home/condor/dir_11347/CREAM217789289/glide_4Jtkow/execute/dir_25006/_condor_stdout' -> `CMSSW_4.stderr'
OutTree_4_1_Joc.root
crab_fjr_4.xml
CMSSW_4.stdout
CMSSW_4.stderr
Watchdog_4.log.gz
Total Output dimension: 83093
WARNING: output files size limit is set to: 50000000
Total Output dimension 83093 is fine.
JOB_EXIT_STATUS = 0
>>> info for dashboard:
***** Cat /home/condor/dir_11347/CREAM217789289/glide_4Jtkow/execute/dir_25006/jobreport.txt *****
MonitorJobID=4_https://submit-6.t2.ucsd.edu//151020//666493.3
MonitorID=amkalsi_Good_1000ps_47oj9s
ExeTime=258
ExeExitCode=0
CrabUserCpuTime=130.80
CrabSysCpuTime=13.96
CrabCpuPercentage=56%
CrabWrapperTime=600
CrabStageoutTime=NULL
JobExitCode=0
***** End Cat jobreport *****
Parameters sent to Dashboard.
EXITING at Tue Oct 20 07:58:03 CEST 2015  -  Tue Oct 20 05:58:03 UTC 2015
