This script was generated by crab (version 2.11.1_patch1).
Running /home/condor/dir_6174/CREAM550590794/glide_PIorFm/execute/dir_39269/condor_exec.exe with 2 positional parameters: 5 1
Today is Tue Oct 20 07:47:58 CEST 2015 - Tue Oct 20 05:47:58 UTC 2015
Job submitted on host wn-recas-infn-22.recas.ba.infn.it
Linux wn-recas-infn-22.recas.ba.infn.it 2.6.32-504.23.4.el6.x86_64 #1 SMP Tue Jun 9 11:55:03 CDT 2015 x86_64 x86_64 x86_64 GNU/Linux
Distributor ID:	Scientific
Description:	Scientific Linux release 6.7 (Carbon)
>>> current directory (RUNTIME_AREA): /home/condor/dir_6174/CREAM550590794/glide_PIorFm/execute/dir_39269
>>> current user: uid=11755(cms013) gid=1399(cms) groups=1399(cms)
>>> directory permission set to 0700
>>> umask set to:  u=rwx,g=,o=
>>> stdout stderr permission set to 0704
>>> voms proxy information:
subject   : /C=TW/O=AP/OU=GRID/CN=Amandeep Kaur Kalsi 129089/CN=541697223/CN=2075923794
issuer    : /C=TW/O=AP/OU=GRID/CN=Amandeep Kaur Kalsi 129089/CN=541697223
identity  : /C=TW/O=AP/OU=GRID/CN=Amandeep Kaur Kalsi 129089
type      : RFC3820 compliant limited proxy
strength  : 1024
path      : /home/condor/dir_6174/CREAM550590794/glide_PIorFm/execute/dir_39269/x509up_u46992
timeleft  : 23:58:50
key usage : Digital Signature, Key Encipherment, Data Encipherment, Key Agreement
=== VO cms extension information ===
VO        : cms
subject   : /C=TW/O=AP/OU=GRID/CN=Amandeep Kaur Kalsi 129089
issuer    : /DC=ch/DC=cern/OU=computers/CN=voms2.cern.ch
attribute : /cms/Role=NULL/Capability=NULL
timeleft  : 191:45:49
uri       : voms2.cern.ch:15002

WNHostName=wn-recas-infn-22.recas.ba.infn.it
$_CONDOR_JOB_AD =/home/condor/dir_6174/CREAM550590794/glide_PIorFm/execute/dir_39269/.job.ad
OverflowFlag=0
>>> tar --no-same-permissions -xf /home/condor/dir_6174/CREAM550590794/glide_PIorFm/execute/dir_39269/default.tgz :
Successful untar
>>> Include /home/condor/dir_6174/CREAM550590794/glide_PIorFm/execute/dir_39269 in PYTHONPATH:
strip arguments
env var CRAB_UNIQUE_JOB_ID set to: amkalsi_Good_1000ps_47oj9s_5_1_m9Y
out_files_5
>>> list of expected files on output sandbox
output files: OutTree_5_1_m9Y.root crab_fjr_5.xml CMSSW_5.stdout CMSSW_5.stderr Watchdog_5.log.gz
>>> GridFlavour discovery: 
GridFlavour=LCG
>>> SyncSite discovery: 
SyncSite=T2_IT_Bari
>>> SyncCE discovery: 
getting SyncCE from CE_ID
SyncCE=ce-01.recas.ba.infn.it:8443/cream-condor-cms
>>> info for dashboard:
***** Cat /home/condor/dir_6174/CREAM550590794/glide_PIorFm/execute/dir_39269/jobreport.txt *****
WNHostName=wn-recas-infn-22.recas.ba.infn.it
OverflowFlag=0
MonitorJobID=5_https://submit-6.t2.ucsd.edu//151020//666493.4
SyncGridJobId=https://submit-6.t2.ucsd.edu//151020//666493.4
MonitorID=amkalsi_Good_1000ps_47oj9s
GridFlavour=LCG
SyncSite=T2_IT_Bari
SyncCE=ce-01.recas.ba.infn.it:8443/cream-condor-cms
***** End Cat jobreport *****
Parameters sent to Dashboard.
>>> setup environment
set SCRAM ARCH to slc6_amd64_gcc472
SCRAM_ARCH = slc6_amd64_gcc472
>>> setup CMS LCG environment:
set SCRAM ARCH and BUILD_ARCH to slc6_amd64_gcc472 ###
Sourcing environment... 
sourcing /cvmfs/cms.cern.ch/cmsset_default.sh
==> setup cms environment ok
>>> specific cmssw setup environment:
CMSSW_VERSION =  CMSSW_6_2_0_SLHC26_patch3
WARNING: In non-interactive mode release checks e.g. deprecated releases, production architectures are disabled.
>>> current directory (SOFTWARE_DIR): /home/condor/dir_6174/CREAM550590794/glide_PIorFm/execute/dir_39269/CMSSW_6_2_0_SLHC26_patch3
PreserveSeeds: <>
IncrementSeeds:<>
>>> info for dashboard:
***** Cat /home/condor/dir_6174/CREAM550590794/glide_PIorFm/execute/dir_39269/jobreport.txt *****
MonitorJobID=5_https://submit-6.t2.ucsd.edu//151020//666493.4
MonitorID=amkalsi_Good_1000ps_47oj9s
***** End Cat jobreport *****
Parameters sent to Dashboard.
crabWatchdog started as process 39783
>>> moving CMSSW software directories in /home/condor/dir_6174/CREAM550590794/glide_PIorFm/execute/dir_39269/CMSSW_6_2_0_SLHC26_patch3
mv: cannot stat `/home/condor/dir_6174/CREAM550590794/glide_PIorFm/execute/dir_39269/module/': No such file or directory
>>> Include /home/condor/dir_6174/CREAM550590794/glide_PIorFm/execute/dir_39269 in PYTHONPATH:
PYTHONPATH=/home/condor/dir_6174/CREAM550590794/glide_PIorFm/execute/dir_39269/:/home/condor/dir_6174/CREAM550590794/glide_PIorFm/execute/dir_39269/CMSSW_6_2_0_SLHC26_patch3/python:/home/condor/dir_6174/CREAM550590794/glide_PIorFm/execute/dir_39269/CMSSW_6_2_0_SLHC26_patch3/lib/slc6_amd64_gcc472:/cvmfs/cms.cern.ch/slc6_amd64_gcc472/cms/cmssw-patch/CMSSW_6_2_0_SLHC26_patch3/python:/cvmfs/cms.cern.ch/slc6_amd64_gcc472/cms/cmssw-patch/CMSSW_6_2_0_SLHC26_patch3/lib/slc6_amd64_gcc472:/cvmfs/cms.cern.ch/slc6_amd64_gcc472/cms/cmssw/CMSSW_6_2_0_SLHC26/bin/slc6_amd64_gcc472:/cvmfs/cms.cern.ch/slc6_amd64_gcc472/cms/cmssw/CMSSW_6_2_0_SLHC26/lib/slc6_amd64_gcc472:/cvmfs/cms.cern.ch/slc6_amd64_gcc472/cms/coral/CORAL_2_3_21-flmnjk2/slc6_amd64_gcc472/python:/cvmfs/cms.cern.ch/slc6_amd64_gcc472/cms/coral/CORAL_2_3_21-flmnjk2/slc6_amd64_gcc472/lib:/cvmfs/cms.cern.ch/slc6_amd64_gcc472/external/pyqt/4.8.1-cms5/lib/python2.7/site-packages:/cvmfs/cms.cern.ch/slc6_amd64_gcc472/external/py2-scipy/0.8.0-cms7/lib/python2.7/site-packages:/cvmfs/cms.cern.ch/slc6_amd64_gcc472/external/py2-matplotlib/1.0.1-cms7/lib/python2.7/site-packages:/cvmfs/cms.cern.ch/slc6_amd64_gcc472/external/python-ldap/2.4.10/lib/python2.7/site-packages:/cvmfs/cms.cern.ch/slc6_amd64_gcc472/external/sip/4.11.2-cms5/lib/python2.7/site-packages:/cvmfs/cms.cern.ch/slc6_amd64_gcc472/external/py2-pycurl/7.19.0-cms7/lib/python2.7/site-packages:/cvmfs/cms.cern.ch/slc6_amd64_gcc472/external/py2-numpy/1.6.1-cms7/lib/python2.7/site-packages:/cvmfs/cms.cern.ch/slc6_amd64_gcc472/external/py2-lint/0.25.1-cms5/lib/python2.7/site-packages:/cvmfs/cms.cern.ch/slc6_amd64_gcc472/external/py2-ipython/0.10-cms5/lib/python2.7/site-packages:/cvmfs/cms.cern.ch/slc6_amd64_gcc472/external/py2-cx-oracle/5.1-cms5/lib/python2.7/site-packages:/cvmfs/cms.cern.ch/slc6_amd64_gcc472/external/py2-cjson/1.0.5-cms5/lib/python2.7/site-packages:/cvmfs/cms.cern.ch/slc6_amd64_gcc472/cms/das-client/1.11.7/bin:/cvmfs/cms.cern.ch/slc6_amd64_gcc472/external/elementtree/1.2.6-cms5/share/lib/python2.7/site-packages:/cvmfs/cms.cern.ch/slc6_amd64_gcc472/external/rivet/1.8.2-cms9/lib/python2.7/site-packages:/cvmfs/cms.cern.ch/slc6_amd64_gcc472/external/pyminuit2/0.0.1-cms25/lib/python2.7/site-packages:/cvmfs/cms.cern.ch/slc6_amd64_gcc472/external/py2-pygithub/1.23.0-cms2/lib/python2.7/site-packages:/cvmfs/cms.cern.ch/slc6_amd64_gcc472/external/professor/1.0.0-cms25/lib/python2.7/site-packages:/cvmfs/cms.cern.ch/slc6_amd64_gcc472/lcg/root/5.34.07-cms5/lib:/cvmfs/cms.cern.ch/slc6_amd64_gcc472/cms/dbs-client/DBS_2_1_9-cms5/lib:/cvmfs/cms.cern.ch/slc6_amd64_gcc472/cms/dbs-client/DBS_2_1_9-cms5/lib/DBSAPI:/cvmfs/cms.cern.ch/slc6_amd64_gcc472/external/cvs2git/5419-cms/lib:/home/condor/dir_6174/CREAM550590794/glide_PIorFm/execute/dir_39269/
 
# LIMITS USED BY CRAB WATCHDOG:
# RSS  (KBytes)   : 2300000
# VSZ  (KBytes)   : 100000000
# DISK (MBytes)   : 19000
# CPU TIME        : 720h:0m:0s
# WALL CLOCK TIME : 21h:50m:0s
 
89204fc7dc811f9e79a97af487a037d4
PSETHASH = 89204fc7dc811f9e79a97af487a037d4
/home/condor/dir_6174/CREAM550590794/glide_PIorFm/execute/dir_39269/writeCfg.py pset.py pset.py
Importing .py file
Setting parameters
RandomNumberGeneratorService found, will attempt to change seeds
inputBlocks=/DYToMuMu_M-20_TuneZ2star_14TeV-pythia6-tauola/piet-DYToMuMu_M-20_TuneZ2star_14TeV-pythia6-tauola_HGCALGS_PU140_1ns_7ns_RECO-dae2ba7355add6539efc58ac0d4cc16b/USER#c0463b44-58f0-4c33-8105-492a98f18390
inputFiles=/store/user/piet/ME0Segment_Time/DYToMuMu_M-20_TuneZ2star_14TeV-pythia6-tauola/DYToMuMu_M-20_TuneZ2star_14TeV-pythia6-tauola_HGCALGS_PU140_1ns_7ns_RECO/151014_105159/0000/out_reco_69.root;/store/user/piet/ME0Segment_Time/DYToMuMu_M-20_TuneZ2star_14TeV-pythia6-tauola/DYToMuMu_M-20_TuneZ2star_14TeV-pythia6-tauola_HGCALGS_PU140_1ns_7ns_RECO/151014_105159/0000/out_reco_91.root;/store/user/piet/ME0Segment_Time/DYToMuMu_M-20_TuneZ2star_14TeV-pythia6-tauola/DYToMuMu_M-20_TuneZ2star_14TeV-pythia6-tauola_HGCALGS_PU140_1ns_7ns_RECO/151014_105159/0000/out_reco_53.root;/store/user/piet/ME0Segment_Time/DYToMuMu_M-20_TuneZ2star_14TeV-pythia6-tauola/DYToMuMu_M-20_TuneZ2star_14TeV-pythia6-tauola_HGCALGS_PU140_1ns_7ns_RECO/151014_105159/0000/out_reco_11.root;/store/user/piet/ME0Segment_Time/DYToMuMu_M-20_TuneZ2star_14TeV-pythia6-tauola/DYToMuMu_M-20_TuneZ2star_14TeV-pythia6-tauola_HGCALGS_PU140_1ns_7ns_RECO/151014_105159/0000/out_reco_74.root;/store/user/piet/ME0Segment_Time/DYToMuMu_M-20_TuneZ2star_14TeV-pythia6-tauola/DYToMuMu_M-20_TuneZ2star_14TeV-pythia6-tauola_HGCALGS_PU140_1ns_7ns_RECO/151014_105159/0000/out_reco_75.root;/store/user/piet/ME0Segment_Time/DYToMuMu_M-20_TuneZ2star_14TeV-pythia6-tauola/DYToMuMu_M-20_TuneZ2star_14TeV-pythia6-tauola_HGCALGS_PU140_1ns_7ns_RECO/151014_105159/0000/out_reco_42.root;/store/user/piet/ME0Segment_Time/DYToMuMu_M-20_TuneZ2star_14TeV-pythia6-tauola/DYToMuMu_M-20_TuneZ2star_14TeV-pythia6-tauola_HGCALGS_PU140_1ns_7ns_RECO/151014_105159/0000/out_reco_56.root;/store/user/piet/ME0Segment_Time/DYToMuMu_M-20_TuneZ2star_14TeV-pythia6-tauola/DYToMuMu_M-20_TuneZ2star_14TeV-pythia6-tauola_HGCALGS_PU140_1ns_7ns_RECO/151014_105159/0000/out_reco_10.root;/store/user/piet/ME0Segment_Time/DYToMuMu_M-20_TuneZ2star_14TeV-pythia6-tauola/DYToMuMu_M-20_TuneZ2star_14TeV-pythia6-tauola_HGCALGS_PU140_1ns_7ns_RECO/151014_105159/0000/out_reco_43.root
parentFiles=
lumisRange=
>>> Executable cmsRun
/cvmfs/cms.cern.ch/slc6_amd64_gcc472/cms/cmssw/CMSSW_6_2_0_SLHC26/bin/slc6_amd64_gcc472/cmsRun
ok executable found
>>> info for dashboard:
***** Cat /home/condor/dir_6174/CREAM550590794/glide_PIorFm/execute/dir_39269/jobreport.txt *****
MonitorJobID=5_https://submit-6.t2.ucsd.edu//151020//666493.4
MonitorID=amkalsi_Good_1000ps_47oj9s
ExeStart=cmsRun
***** End Cat jobreport *****
Parameters sent to Dashboard.
>>> cmsRun started at Tue Oct 20 05:48:12 UTC 2015
>>> cmsRun ended at Tue Oct 20 05:52:30 UTC 2015
>>> crab_fjr_*.xml  permission set to 0704
>>> info for dashboard:
***** Cat /home/condor/dir_6174/CREAM550590794/glide_PIorFm/execute/dir_39269/jobreport.txt *****
MonitorJobID=5_https://submit-6.t2.ucsd.edu//151020//666493.4
MonitorID=amkalsi_Good_1000ps_47oj9s
ExeEnd=cmsRun
***** End Cat jobreport *****
Parameters sent to Dashboard.
TIME_EXE = 258 sec
>>> cmsRun wrote 124 lines of stdout+stderr
>>> START OF printout of 124 lines from stdout+stderr
20-Oct-2015 07:48:32 CEST  Initiating request to open file file:/lustre/cms//store/user/piet/ME0Segment_Time/DYToMuMu_M-20_TuneZ2star_14TeV-pythia6-tauola/DYToMuMu_M-20_TuneZ2star_14TeV-pythia6-tauola_HGCALGS_PU140_1ns_7ns_RECO/151014_105159/0000/out_reco_69.root
20-Oct-2015 07:48:34 CEST  Successfully opened file file:/lustre/cms//store/user/piet/ME0Segment_Time/DYToMuMu_M-20_TuneZ2star_14TeV-pythia6-tauola/DYToMuMu_M-20_TuneZ2star_14TeV-pythia6-tauola_HGCALGS_PU140_1ns_7ns_RECO/151014_105159/0000/out_reco_69.root
Begin processing the 1st record. Run 1, Event 860211, LumiSection 36220 at 20-Oct-2015 07:48:41.515 CEST
in MuonNumberingInitialization::initializeMuonDDDConstants
about to make my new muonDDDConst_
in MuonNumberingInitialization::produce
-5.38319-57.0318-2.12313-5.75945-13.9045-17.2868-19.028-0.429455-1.36107-1.79802-4.40616-4.82164-1.17858-4.06881-2.13364-4.22322-11.3078%MSG-e RunLumiMerging:  source 20-Oct-2015 07:49:01 CEST PostBeginLumi
ProductHolderBase::mergeTheProduct
Two run/lumi products for the same run/lumi which should be equal are not
Using the first, ignoring the second
className = edm::RandomEngineStates
moduleLabel = randomEngineStateProducer
instance = beginLumi
process = DIGI2RAW

%MSG
-1.39089-8.23935-3.73138-0.725946-1.01336-5.2597620-Oct-2015 07:49:05 CEST  Closed file file:/lustre/cms//store/user/piet/ME0Segment_Time/DYToMuMu_M-20_TuneZ2star_14TeV-pythia6-tauola/DYToMuMu_M-20_TuneZ2star_14TeV-pythia6-tauola_HGCALGS_PU140_1ns_7ns_RECO/151014_105159/0000/out_reco_69.root
20-Oct-2015 07:49:05 CEST  Initiating request to open file file:/lustre/cms//store/user/piet/ME0Segment_Time/DYToMuMu_M-20_TuneZ2star_14TeV-pythia6-tauola/DYToMuMu_M-20_TuneZ2star_14TeV-pythia6-tauola_HGCALGS_PU140_1ns_7ns_RECO/151014_105159/0000/out_reco_91.root
20-Oct-2015 07:49:05 CEST  Successfully opened file file:/lustre/cms//store/user/piet/ME0Segment_Time/DYToMuMu_M-20_TuneZ2star_14TeV-pythia6-tauola/DYToMuMu_M-20_TuneZ2star_14TeV-pythia6-tauola_HGCALGS_PU140_1ns_7ns_RECO/151014_105159/0000/out_reco_91.root
Begin processing the 101st record. Run 1, Event 543941, LumiSection 22903 at 20-Oct-2015 07:49:07.689 CEST
-0.82914-0.635132-6.97987-17.5702-2.16071-0.632364-1.81938-0.311585-4.28483-0.704108-1.1313-1.8187-0.67351-1.01683-36.0444-2.07273-0.643499-3.93781-1.66377-9.80908-6.8525720-Oct-2015 07:49:24 CEST  Closed file file:/lustre/cms//store/user/piet/ME0Segment_Time/DYToMuMu_M-20_TuneZ2star_14TeV-pythia6-tauola/DYToMuMu_M-20_TuneZ2star_14TeV-pythia6-tauola_HGCALGS_PU140_1ns_7ns_RECO/151014_105159/0000/out_reco_91.root
20-Oct-2015 07:49:24 CEST  Initiating request to open file file:/lustre/cms//store/user/piet/ME0Segment_Time/DYToMuMu_M-20_TuneZ2star_14TeV-pythia6-tauola/DYToMuMu_M-20_TuneZ2star_14TeV-pythia6-tauola_HGCALGS_PU140_1ns_7ns_RECO/151014_105159/0000/out_reco_53.root
20-Oct-2015 07:49:24 CEST  Successfully opened file file:/lustre/cms//store/user/piet/ME0Segment_Time/DYToMuMu_M-20_TuneZ2star_14TeV-pythia6-tauola/DYToMuMu_M-20_TuneZ2star_14TeV-pythia6-tauola_HGCALGS_PU140_1ns_7ns_RECO/151014_105159/0000/out_reco_53.root
Begin processing the 201st record. Run 1, Event 502911, LumiSection 21175 at 20-Oct-2015 07:49:26.609 CEST
%MSG-e RunLumiMerging:  source 20-Oct-2015 07:49:28 CEST PostBeginLumi
ProductHolderBase::mergeTheProduct
Two run/lumi products for the same run/lumi which should be equal are not
Using the first, ignoring the second
className = edm::RandomEngineStates
moduleLabel = randomEngineStateProducer
instance = beginLumi
process = DIGI2RAW

%MSG
-3.21185-7.92078-2.44274-0.21956-6.84408-5.89014-0.522333-0.190074-4.40169-4.60098-9.52606-6.68444-4.50017-2.68843-0.53538820-Oct-2015 07:49:42 CEST  Closed file file:/lustre/cms//store/user/piet/ME0Segment_Time/DYToMuMu_M-20_TuneZ2star_14TeV-pythia6-tauola/DYToMuMu_M-20_TuneZ2star_14TeV-pythia6-tauola_HGCALGS_PU140_1ns_7ns_RECO/151014_105159/0000/out_reco_53.root
20-Oct-2015 07:49:42 CEST  Initiating request to open file file:/lustre/cms//store/user/piet/ME0Segment_Time/DYToMuMu_M-20_TuneZ2star_14TeV-pythia6-tauola/DYToMuMu_M-20_TuneZ2star_14TeV-pythia6-tauola_HGCALGS_PU140_1ns_7ns_RECO/151014_105159/0000/out_reco_11.root
20-Oct-2015 07:49:42 CEST  Successfully opened file file:/lustre/cms//store/user/piet/ME0Segment_Time/DYToMuMu_M-20_TuneZ2star_14TeV-pythia6-tauola/DYToMuMu_M-20_TuneZ2star_14TeV-pythia6-tauola_HGCALGS_PU140_1ns_7ns_RECO/151014_105159/0000/out_reco_11.root
Begin processing the 301st record. Run 1, Event 568091, LumiSection 23920 at 20-Oct-2015 07:49:45.167 CEST
-6.387-7.07476-3.82984-0.107296-13.0929-7.8645-0.375579-1.44308-1.3277-0.289929-5.82824-2.90725-6.06087-0.89654620-Oct-2015 07:50:04 CEST  Closed file file:/lustre/cms//store/user/piet/ME0Segment_Time/DYToMuMu_M-20_TuneZ2star_14TeV-pythia6-tauola/DYToMuMu_M-20_TuneZ2star_14TeV-pythia6-tauola_HGCALGS_PU140_1ns_7ns_RECO/151014_105159/0000/out_reco_11.root
20-Oct-2015 07:50:04 CEST  Initiating request to open file file:/lustre/cms//store/user/piet/ME0Segment_Time/DYToMuMu_M-20_TuneZ2star_14TeV-pythia6-tauola/DYToMuMu_M-20_TuneZ2star_14TeV-pythia6-tauola_HGCALGS_PU140_1ns_7ns_RECO/151014_105159/0000/out_reco_74.root
20-Oct-2015 07:50:04 CEST  Successfully opened file file:/lustre/cms//store/user/piet/ME0Segment_Time/DYToMuMu_M-20_TuneZ2star_14TeV-pythia6-tauola/DYToMuMu_M-20_TuneZ2star_14TeV-pythia6-tauola_HGCALGS_PU140_1ns_7ns_RECO/151014_105159/0000/out_reco_74.root
Begin processing the 401st record. Run 1, Event 900761, LumiSection 37927 at 20-Oct-2015 07:50:06.449 CEST
-0.30315-15.1189-96.9543-1.38698-2.91156%MSG-e RunLumiMerging:  source 20-Oct-2015 07:50:09 CEST PostBeginLumi
ProductHolderBase::mergeTheProduct
Two run/lumi products for the same run/lumi which should be equal are not
Using the first, ignoring the second
className = edm::RandomEngineStates
moduleLabel = randomEngineStateProducer
instance = beginLumi
process = DIGI2RAW

%MSG
-0.434962-0.839764-42.2604-0.193058-0.776058-0.444808-3.08074-2.51029-36.5389-0.823123-2.00787-1.3871120-Oct-2015 07:50:23 CEST  Closed file file:/lustre/cms//store/user/piet/ME0Segment_Time/DYToMuMu_M-20_TuneZ2star_14TeV-pythia6-tauola/DYToMuMu_M-20_TuneZ2star_14TeV-pythia6-tauola_HGCALGS_PU140_1ns_7ns_RECO/151014_105159/0000/out_reco_74.root
20-Oct-2015 07:50:23 CEST  Initiating request to open file file:/lustre/cms//store/user/piet/ME0Segment_Time/DYToMuMu_M-20_TuneZ2star_14TeV-pythia6-tauola/DYToMuMu_M-20_TuneZ2star_14TeV-pythia6-tauola_HGCALGS_PU140_1ns_7ns_RECO/151014_105159/0000/out_reco_75.root
20-Oct-2015 07:50:23 CEST  Successfully opened file file:/lustre/cms//store/user/piet/ME0Segment_Time/DYToMuMu_M-20_TuneZ2star_14TeV-pythia6-tauola/DYToMuMu_M-20_TuneZ2star_14TeV-pythia6-tauola_HGCALGS_PU140_1ns_7ns_RECO/151014_105159/0000/out_reco_75.root
%MSG-e RunLumiMerging:  source 20-Oct-2015 07:50:24 CEST PostProcessEvent
ProductHolderBase::mergeTheProduct
Two run/lumi products for the same run/lumi which should be equal are not
Using the first, ignoring the second
className = edm::RandomEngineStates
moduleLabel = randomEngineStateProducer
instance = beginLumi
process = DIGI2RAW

%MSG
Begin processing the 501st record. Run 1, Event 993001, LumiSection 41811 at 20-Oct-2015 07:50:26.222 CEST
-3.39829%MSG-e RunLumiMerging:  source 20-Oct-2015 07:50:29 CEST PostBeginLumi
ProductHolderBase::mergeTheProduct
Two run/lumi products for the same run/lumi which should be equal are not
Using the first, ignoring the second
className = edm::RandomEngineStates
moduleLabel = randomEngineStateProducer
instance = beginLumi
process = DIGI2RAW

%MSG
-2.59796-14.943-1.16687-1.55638-98.3326-2.77845-1.03623-13.1794-2.37441-3.32237-0.818841-3.59203-0.696253-1.8065120-Oct-2015 07:50:44 CEST  Closed file file:/lustre/cms//store/user/piet/ME0Segment_Time/DYToMuMu_M-20_TuneZ2star_14TeV-pythia6-tauola/DYToMuMu_M-20_TuneZ2star_14TeV-pythia6-tauola_HGCALGS_PU140_1ns_7ns_RECO/151014_105159/0000/out_reco_75.root
20-Oct-2015 07:50:44 CEST  Initiating request to open file file:/lustre/cms//store/user/piet/ME0Segment_Time/DYToMuMu_M-20_TuneZ2star_14TeV-pythia6-tauola/DYToMuMu_M-20_TuneZ2star_14TeV-pythia6-tauola_HGCALGS_PU140_1ns_7ns_RECO/151014_105159/0000/out_reco_42.root
20-Oct-2015 07:50:44 CEST  Successfully opened file file:/lustre/cms//store/user/piet/ME0Segment_Time/DYToMuMu_M-20_TuneZ2star_14TeV-pythia6-tauola/DYToMuMu_M-20_TuneZ2star_14TeV-pythia6-tauola_HGCALGS_PU140_1ns_7ns_RECO/151014_105159/0000/out_reco_42.root
Begin processing the 601st record. Run 1, Event 429091, LumiSection 18067 at 20-Oct-2015 07:50:47.094 CEST
-0.203886-1.53393-4.41118-9.8459-1.65712-0.89158-0.57384-3.71457-2.89497-1.64172-2.4159-0.71511-2.18436-3.38205-0.968127-2.02251-1.03237-48.6392-0.504873-4.96168-3.89085-1.21988-0.795542-0.664053-0.60231720-Oct-2015 07:51:10 CEST  Closed file file:/lustre/cms//store/user/piet/ME0Segment_Time/DYToMuMu_M-20_TuneZ2star_14TeV-pythia6-tauola/DYToMuMu_M-20_TuneZ2star_14TeV-pythia6-tauola_HGCALGS_PU140_1ns_7ns_RECO/151014_105159/0000/out_reco_42.root
20-Oct-2015 07:51:10 CEST  Initiating request to open file file:/lustre/cms//store/user/piet/ME0Segment_Time/DYToMuMu_M-20_TuneZ2star_14TeV-pythia6-tauola/DYToMuMu_M-20_TuneZ2star_14TeV-pythia6-tauola_HGCALGS_PU140_1ns_7ns_RECO/151014_105159/0000/out_reco_56.root
20-Oct-2015 07:51:10 CEST  Successfully opened file file:/lustre/cms//store/user/piet/ME0Segment_Time/DYToMuMu_M-20_TuneZ2star_14TeV-pythia6-tauola/DYToMuMu_M-20_TuneZ2star_14TeV-pythia6-tauola_HGCALGS_PU140_1ns_7ns_RECO/151014_105159/0000/out_reco_56.root
Begin processing the 701st record. Run 1, Event 570631, LumiSection 24027 at 20-Oct-2015 07:51:14.394 CEST
-0.250473-2.39148-4.47535-1.59201-0.64917-0.379901-0.230598-0.803876-49.6939-0.522127-0.230621-1.02754-1.0337720-Oct-2015 07:51:39 CEST  Closed file file:/lustre/cms//store/user/piet/ME0Segment_Time/DYToMuMu_M-20_TuneZ2star_14TeV-pythia6-tauola/DYToMuMu_M-20_TuneZ2star_14TeV-pythia6-tauola_HGCALGS_PU140_1ns_7ns_RECO/151014_105159/0000/out_reco_56.root
20-Oct-2015 07:51:39 CEST  Initiating request to open file file:/lustre/cms//store/user/piet/ME0Segment_Time/DYToMuMu_M-20_TuneZ2star_14TeV-pythia6-tauola/DYToMuMu_M-20_TuneZ2star_14TeV-pythia6-tauola_HGCALGS_PU140_1ns_7ns_RECO/151014_105159/0000/out_reco_10.root
20-Oct-2015 07:51:39 CEST  Successfully opened file file:/lustre/cms//store/user/piet/ME0Segment_Time/DYToMuMu_M-20_TuneZ2star_14TeV-pythia6-tauola/DYToMuMu_M-20_TuneZ2star_14TeV-pythia6-tauola_HGCALGS_PU140_1ns_7ns_RECO/151014_105159/0000/out_reco_10.root
Begin processing the 801st record. Run 1, Event 568001, LumiSection 23916 at 20-Oct-2015 07:51:42.202 CEST
-1.47934-2.15432-7.72712-49.51-3.74134-2.9598-42.9234-2.11657-1.23113-47.822820-Oct-2015 07:52:01 CEST  Closed file file:/lustre/cms//store/user/piet/ME0Segment_Time/DYToMuMu_M-20_TuneZ2star_14TeV-pythia6-tauola/DYToMuMu_M-20_TuneZ2star_14TeV-pythia6-tauola_HGCALGS_PU140_1ns_7ns_RECO/151014_105159/0000/out_reco_10.root
20-Oct-2015 07:52:01 CEST  Initiating request to open file file:/lustre/cms//store/user/piet/ME0Segment_Time/DYToMuMu_M-20_TuneZ2star_14TeV-pythia6-tauola/DYToMuMu_M-20_TuneZ2star_14TeV-pythia6-tauola_HGCALGS_PU140_1ns_7ns_RECO/151014_105159/0000/out_reco_43.root
20-Oct-2015 07:52:02 CEST  Successfully opened file file:/lustre/cms//store/user/piet/ME0Segment_Time/DYToMuMu_M-20_TuneZ2star_14TeV-pythia6-tauola/DYToMuMu_M-20_TuneZ2star_14TeV-pythia6-tauola_HGCALGS_PU140_1ns_7ns_RECO/151014_105159/0000/out_reco_43.root
%MSG-e RunLumiMerging:  source 20-Oct-2015 07:52:03 CEST PostBeginLumi
ProductHolderBase::mergeTheProduct
Two run/lumi products for the same run/lumi which should be equal are not
Using the first, ignoring the second
className = edm::RandomEngineStates
moduleLabel = randomEngineStateProducer
instance = beginLumi
process = DIGI2RAW

%MSG
Begin processing the 901st record. Run 1, Event 352291, LumiSection 14834 at 20-Oct-2015 07:52:06.053 CEST
-0.847511-3.08897-5.99705-8.52301-1.57046-1.02643-0.058717-0.404948-0.76704-1.38287-0.664104-0.857385-3.7266120-Oct-2015 07:52:30 CEST  Closed file file:/lustre/cms//store/user/piet/ME0Segment_Time/DYToMuMu_M-20_TuneZ2star_14TeV-pythia6-tauola/DYToMuMu_M-20_TuneZ2star_14TeV-pythia6-tauola_HGCALGS_PU140_1ns_7ns_RECO/151014_105159/0000/out_reco_43.root

=============================================

MessageLogger Summary

 type     category        sev    module        subroutine        count    total
 ---- -------------------- -- ---------------- ----------------  -----    -----
    1 RunLumiMerging       -e source                                 6        6
    2 fileAction           -s file_close                            10       10
    3 fileAction           -s file_open                             20       20

 type    category    Examples: run/evt        run/evt          run/evt
 ---- -------------------- ---------------- ---------------- ----------------
    1 RunLumiMerging       PostBeginLumi    PostBeginLumi    PostBeginLumi
    2 fileAction           PostProcessEvent PostProcessEvent PostEndRun
    3 fileAction           pre-events       pre-events       PostProcessEvent

Severity    # Occurrences   Total Occurrences
--------    -------------   -----------------
Error                   6                   6
System                 30                  30
>>> END OF printout of 124 lines from stdout+stderr
>>> Parse FrameworkJobReport crab_fjr.xml
Result of parsing the FrameworkJobReport crab_fjr.xml: Popularity start
lumisRange : 1::7790-7792,14833-14834,18067-18068::1;1::23920,26041-26044::2;1::18662,36220-36223::3;1::14834-14837,18068::4;1::18664,41811-41814::5;1::15023-15024,23916-23920::6;1::15018,18657,24027-24030::7;1::18071-18072,21175-21176,23753-23755::8;1::18663-18664,37927-37928,41809-41811::9;1::22903-22904,26033-26035::10;
lumisParentRange : 
Basename : /store/user/piet/ME0Segment_Time/DYToMuMu_M-20_TuneZ2star_14TeV-pythia6-tauola/DYToMuMu_M-20_TuneZ2star_14TeV-pythia6-tauola_HGCALGS_PU140_1ns_7ns_RECO/151014_105159/0000/out_reco_
BasenameParent : 
parentFiles : 
inputBlocks : /DYToMuMu_M-20_TuneZ2star_14TeV-pythia6-tauola/piet-DYToMuMu_M-20_TuneZ2star_14TeV-pythia6-tauola_HGCALGS_PU140_1ns_7ns_RECO-dae2ba7355add6539efc58ac0d4cc16b/USER#c0463b44-58f0-4c33-8105-492a98f18390
inputFiles : 42.root::1::EDM::Local::1;11.root::1::EDM::Local::2;69.root::1::EDM::Local::3;43.root::1::EDM::Local::4;75.root::1::EDM::Local::5;10.root::1::EDM::Local::6;56.root::1::EDM::Local::7;53.root::1::EDM::Local::8;74.root::1::EDM::Local::9;91.root::1::EDM::Local::10;
Popularity stop
Extracted ExitStatus from FrameworkJobReport parsing output: 0
>>> Executable succeded  0
ExeExitCode=0
EXECUTABLE_EXIT_STATUS = 0
>>> current directory /home/condor/dir_6174/CREAM550590794/glide_PIorFm/execute/dir_39269/CMSSW_6_2_0_SLHC26_patch3
>>>  (SOFTWARE_DIR): /home/condor/dir_6174/CREAM550590794/glide_PIorFm/execute/dir_39269/CMSSW_6_2_0_SLHC26_patch3
>>> (WORKING_DIR): 
>>> current directory content:
total 656
drwxr-xr-x 3 cms013 cms   4096 Oct 20 07:48 .SCRAM
-rw------- 1 cms013 cms 279355 Oct 20 07:48 CMSSW.py.pkl
-rw------- 1 cms013 cms  13591 Oct 20 07:52 OutTree.root
drwxr-xr-x 3 cms013 cms   4096 Oct 20 07:48 biglib
drwxr-xr-x 3 cms013 cms   4096 Oct 20 07:48 bin
drwxr-xr-x 3 cms013 cms   4096 Oct 20 07:48 cfipython
drwxr-xr-x 4 cms013 cms   4096 Jul 13 19:47 config
-rw------- 1 cms013 cms     17 Oct 20 07:52 cpu_timing.txt
drwxr-xr-x 2 cms013 cms   4096 Oct 20 07:48 doc
-rw------- 1 cms013 cms  13274 Oct 20 07:52 executable.out
drwxr-xr-x 2 cms013 cms   4096 Oct 20 07:48 include
drwx------ 3 cms013 cms   4096 Sep 29 20:50 lib
drwxr-xr-x 3 cms013 cms   4096 Oct 20 07:48 logs
drwxr-xr-x 3 cms013 cms   4096 Oct 20 07:48 objs
-rw------- 1 cms013 cms    104 Oct 20 07:48 pset.py
-rw------- 1 cms013 cms 281598 Oct 20 07:48 pset.py.pkl
-rw------- 1 cms013 cms    289 Oct 20 07:48 pset.pyc
drwxr-xr-x 2 cms013 cms   4096 Oct 20 07:48 python
-rw------- 1 cms013 cms    368 Oct 20 07:52 report.log
drwx------ 7 cms013 cms   4096 Oct 20 07:48 src
drwxr-xr-x 3 cms013 cms   4096 Oct 20 07:48 test
drwxr-xr-x 3 cms013 cms   4096 Oct 20 07:48 tmp
>>> current directory /home/condor/dir_6174/CREAM550590794/glide_PIorFm/execute/dir_39269/CMSSW_6_2_0_SLHC26_patch3
>>> (SOFTWARE_DIR): /home/condor/dir_6174/CREAM550590794/glide_PIorFm/execute/dir_39269/CMSSW_6_2_0_SLHC26_patch3
>>> (WORKING_DIR): 
>>> current directory content:
total 640
drwxr-xr-x 3 cms013 cms   4096 Oct 20 07:48 .SCRAM
-rw------- 1 cms013 cms 279355 Oct 20 07:48 CMSSW.py.pkl
drwxr-xr-x 3 cms013 cms   4096 Oct 20 07:48 biglib
drwxr-xr-x 3 cms013 cms   4096 Oct 20 07:48 bin
drwxr-xr-x 3 cms013 cms   4096 Oct 20 07:48 cfipython
drwxr-xr-x 4 cms013 cms   4096 Jul 13 19:47 config
-rw------- 1 cms013 cms     17 Oct 20 07:52 cpu_timing.txt
drwxr-xr-x 2 cms013 cms   4096 Oct 20 07:48 doc
-rw------- 1 cms013 cms  13274 Oct 20 07:52 executable.out
drwxr-xr-x 2 cms013 cms   4096 Oct 20 07:48 include
drwx------ 3 cms013 cms   4096 Sep 29 20:50 lib
drwxr-xr-x 3 cms013 cms   4096 Oct 20 07:48 logs
drwxr-xr-x 3 cms013 cms   4096 Oct 20 07:48 objs
-rw------- 1 cms013 cms    104 Oct 20 07:48 pset.py
-rw------- 1 cms013 cms 281598 Oct 20 07:48 pset.py.pkl
-rw------- 1 cms013 cms    289 Oct 20 07:48 pset.pyc
drwxr-xr-x 2 cms013 cms   4096 Oct 20 07:48 python
-rw------- 1 cms013 cms    368 Oct 20 07:52 report.log
drwx------ 7 cms013 cms   4096 Oct 20 07:48 src
drwxr-xr-x 3 cms013 cms   4096 Oct 20 07:48 test
drwxr-xr-x 3 cms013 cms   4096 Oct 20 07:48 tmp
>>> current directory (RUNTIME_AREA):  /home/condor/dir_6174/CREAM550590794/glide_PIorFm/execute/dir_39269
>>> current dir: /home/condor/dir_6174/CREAM550590794/glide_PIorFm/execute/dir_39269
>>> current dir content:
total 26284
-rwx------  1 cms013 cms       52 Oct 20 07:47 .chirp.config
-rwx------  1 cms013 cms     6759 Oct 20 07:47 .job.ad
-rwx------  1 cms013 cms     9442 Oct 20 07:47 .machine.ad
-rw-------  1 cms013 cms      105 Oct 20 07:35 CMSSW.py
-rw-------  1 cms013 cms   279355 Oct 20 07:35 CMSSW.py.pkl
-rwx------  1 cms013 cms    26310 Oct 20 07:47 CMSSW.sh
drwxr-xr-x 16 cms013 cms     4096 Oct 20 07:52 CMSSW_6_2_0_SLHC26_patch3
-rw-------  1 cms013 cms      256 Oct 20 07:48 CacheEnv.sh
-rw-------  1 cms013 cms     7291 Nov 19  2014 DashboardAPI.py
-rw-------  1 cms013 cms     6635 Oct 20 07:48 DashboardAPI.pyc
drwx------  2 cms013 cms     4096 Oct 20 07:52 IMProv
-rw-------  1 cms013 cms     2748 Nov 19  2014 Logger.py
-rw-------  1 cms013 cms     3287 Oct 20 07:48 Logger.pyc
lrwxrwxrwx  1 cms013 cms       88 Oct 20 07:52 OutTree.root -> /home/condor/dir_6174/CREAM550590794/glide_PIorFm/execute/dir_39269/OutTree_5_1_m9Y.root
-rw-------  1 cms013 cms    13591 Oct 20 07:52 OutTree_5_1_m9Y.root
-rw-------  1 cms013 cms    24524 Nov 19  2014 ProcInfo.py
-rw-------  1 cms013 cms    22909 Oct 20 07:48 ProcInfo.pyc
drwx------  7 cms013 cms     4096 Oct 20 07:48 ProdCommon
drwx------  3 cms013 cms     4096 Oct 20 07:48 WMCore
-rw-------  1 cms013 cms     2434 Oct 20 07:52 Watchdog_5.log
-rwx------  1 cms013 cms        0 Oct 20 07:47 _condor_stderr
-rwx---r--  1 cms013 cms    28227 Oct 20 07:52 _condor_stdout
-rw-------  1 cms013 cms    32895 Nov 19  2014 apmon.py
-rw-------  1 cms013 cms    28277 Oct 20 07:48 apmon.pyc
-rwx------  1 cms013 cms   198108 Oct 20 07:47 arguments.xml
-rwx------  1 cms013 cms   204102 May 29 01:26 cmsRun
-rwx------  1 cms013 cms    38581 Nov 19  2014 cmscp.py
-rwx------  1 cms013 cms    26310 Oct 20 07:47 condor_exec.exe
-rw-------  1 cms013 cms      524 Oct 20 07:34 crab.cfg
-rwx------  1 cms013 cms     8610 Nov 19  2014 crabWatchdog.sh
-rwx---r--  1 cms013 cms   531632 Oct 20 07:52 crab_fjr_5.xml
-rwx------  1 cms013 cms 25265867 Oct 20 07:47 default.tgz
-rwx------  1 cms013 cms     4488 Nov 19  2014 fillCrabFjr.py
-rw-------  1 cms013 cms     2128 Oct 20 07:48 inputsReport.txt
-rw-------  1 cms013 cms      125 Oct 20 07:52 jobreport.txt
-rw-------  1 cms013 cms    17352 Nov 19  2014 parseCrabFjr.py
-rw-------  1 cms013 cms      353 Oct 20 07:48 report.log
-rwx--x--x  1 cms013 cms     1497 Nov 19  2014 report.py
-rwx------  1 cms013 cms     8351 Nov 19  2014 writeCfg.py
-rw-------  1 cms013 cms     8473 Oct 20 07:47 x509up_u46992
>>> crab_fjr_*.xml  permission set to 0704
CrabWrapper EXIT_FUNC entered at Tue Oct 20 07:52:36 CEST 2015   -  Tue Oct 20 05:52:36 UTC 2015
Checking output files:  
will tar file OutTree_5_1_m9Y.root in  out_files_5
will tar file crab_fjr_5.xml in  out_files_5
WARNING: output file CMSSW_5.stdout not found!
WARNING: output file CMSSW_5.stderr not found!
WARNING: output file Watchdog_5.log.gz not found!
>>> padding time: Sleeping the wrapper for 323 seconds
STOPPING WATCHDOG. CrabWatchdog PID is 39783
********** LAST 50 LINES OF WATCHDOG LOG
# RESOURCE USAGE SUMMARY FOR PROCESS ID 39281
USER       PID %CPU %MEM    VSZ   RSS TTY      STAT START   TIME COMMAND
cms013   39281  0.4  0.0   9596  1596 ?        S    07:47   0:00 /bin/sh /home/condor/dir_6174/CREAM550590794/glide_PIorFm/execute/dir_39269/condor_exec.exe 5 1
 
# LIMITS USED BY CRAB WATCHDOG:
# RSS  (KBytes)   : 2300000
# VSZ  (KBytes)   : 100000000
# DISK (MBytes)   : 19000
# CPU TIME        : 720h:0m:0s
# WALL CLOCK TIME : 21h:50m:0s
 
# FOLLOWING PRINTOUT TRACKS MAXIMUM VALUES OF RESOURCES USE
# ONE LINE IS PRINTED EACH TIME A MAXIMUM CHANGES
# IF CHANGE WAS IN RSS OR VSZ ALSO PROCID AND COMMAND ARE PRINTED
# THERE IS NO PRINTOUT FOR CPU/WALL TIME INCREASE
 
# TIME			PID	RSS(KB)	VSZ(KB)	Dsk(MB)	tCPU(s)	tWALL(s)	COMMAND
 Oct 20 07:48:08 CEST	6241	1248	106096	0	0	0	sh -c "./glidein_startup.sh" -v std -name gfactory_instance -entry CMS_T2_IT_Bari_ce1 -clientname CMSG-v1_0.main
 Oct 20 07:48:08 CEST	6245	1788	106488	0	1	0	/bin/bash ./glidein_startup.sh -v std -name gfactory_instance -entry CMS_T2_IT_Bari_ce1 -clientname CMSG-v1_0.main -schedd
 Oct 20 07:48:08 CEST	11462	8708	106488	0	0	0	/home/condor/dir_6174/CREAM550590794/glide_PIorFm/main/condor/sbin/condor_master -f -pidfile /home/condor/dir_6174/CREAM550590794/glide_PIorFm/condor_master2.pid       
 Oct 20 07:48:08 CEST	11464	8928	106488	0	2	0	condor_procd -A /home/condor/dir_6174/CREAM550590794/glide_PIorFm/log/procd_address -L /home/condor/dir_6174/CREAM550590794/glide_PIorFm/log/ProcLog -R 1000000 -S 60 -C 11755
 Oct 20 07:48:08 CEST	11465	9476	106488	0	0	1	condor_startd -f         
 Oct 20 07:48:08 CEST	39808	24488	106488	0	0	1	edmConfigHash pset.py         
 Oct 20 07:48:08 CEST	---	24488	106488	154	----	----	----
 Oct 20 07:49:09 CEST	40426	519256	734964	154	34	62	cmsRun -j /home/condor/dir_6174/CREAM550590794/glide_PIorFm/execute/dir_39269/crab_fjr_5.xml -p pset.py      
 Oct 20 07:50:10 CEST	40426	526356	747028	154	70	124	cmsRun -j /home/condor/dir_6174/CREAM550590794/glide_PIorFm/execute/dir_39269/crab_fjr_5.xml -p pset.py      
 Oct 20 07:51:12 CEST	40426	538060	780564	154	101	185	cmsRun -j /home/condor/dir_6174/CREAM550590794/glide_PIorFm/execute/dir_39269/crab_fjr_5.xml -p pset.py      
 Oct 20 07:51:12 CEST	---	538060	780564	155	----	----	----
 Oct 20 07:52:13 CEST	40426	539476	780564	155	129	247	cmsRun -j /home/condor/dir_6174/CREAM550590794/glide_PIorFm/execute/dir_39269/crab_fjr_5.xml -p pset.py      
********** WATCHDOG LOG ENDED
ZIPPING WATCHDOG LOG
Disk space used:
du -sh /home/condor/dir_6174/CREAM550590794/glide_PIorFm/execute/dir_39269
155M	/home/condor/dir_6174/CREAM550590794/glide_PIorFm/execute/dir_39269
Found unusual stdout, rename for OSB
`/home/condor/dir_6174/CREAM550590794/glide_PIorFm/execute/dir_39269/_condor_stdout' -> `CMSSW_5.stdout'
Found unusual stderr, rename for OSB
`/home/condor/dir_6174/CREAM550590794/glide_PIorFm/execute/dir_39269/_condor_stdout' -> `CMSSW_5.stderr'
OutTree_5_1_m9Y.root
crab_fjr_5.xml
CMSSW_5.stdout
CMSSW_5.stderr
Watchdog_5.log.gz
Total Output dimension: 83364
WARNING: output files size limit is set to: 50000000
Total Output dimension 83364 is fine.
JOB_EXIT_STATUS = 0
>>> info for dashboard:
***** Cat /home/condor/dir_6174/CREAM550590794/glide_PIorFm/execute/dir_39269/jobreport.txt *****
MonitorJobID=5_https://submit-6.t2.ucsd.edu//151020//666493.4
MonitorID=amkalsi_Good_1000ps_47oj9s
ExeTime=258
ExeExitCode=0
CrabUserCpuTime=121.12
CrabSysCpuTime=15.79
CrabCpuPercentage=53%
CrabWrapperTime=600
CrabStageoutTime=NULL
JobExitCode=0
***** End Cat jobreport *****
Parameters sent to Dashboard.
EXITING at Tue Oct 20 07:58:04 CEST 2015  -  Tue Oct 20 05:58:04 UTC 2015
