This script was generated by crab (version 2.11.1_patch1).
Running /home/cms033/home_cream_100765543/CREAM100765543/glide_nY3mls/execute/dir_14015/condor_exec.exe with 2 positional parameters: 5 1
Today is Tue Oct 20 07:44:38 CEST 2015 - Tue Oct 20 05:44:38 UTC 2015
Job submitted on host fermi46.ba.infn.it
Linux fermi46.ba.infn.it 2.6.32-504.3.3.el6.x86_64 #1 SMP Wed Dec 17 09:22:39 CET 2014 x86_64 x86_64 x86_64 GNU/Linux
Distributor ID:	ScientificCERNSLC
Description:	Scientific Linux CERN SLC release 6.4 (Carbon)
>>> current directory (RUNTIME_AREA): /home/cms033/home_cream_100765543/CREAM100765543/glide_nY3mls/execute/dir_14015
>>> current user: uid=18589(cms033) gid=1399(cms) groups=1399(cms)
>>> directory permission set to 0700
>>> umask set to:  u=rwx,g=,o=
>>> stdout stderr permission set to 0704
>>> voms proxy information:
subject   : /C=TW/O=AP/OU=GRID/CN=Amandeep Kaur Kalsi 129089/CN=541697223/CN=278453920
issuer    : /C=TW/O=AP/OU=GRID/CN=Amandeep Kaur Kalsi 129089/CN=541697223
identity  : /C=TW/O=AP/OU=GRID/CN=Amandeep Kaur Kalsi 129089
type      : RFC3820 compliant limited proxy
strength  : 1024
path      : /home/cms033/home_cream_100765543/CREAM100765543/glide_nY3mls/execute/dir_14015/x509up_u46992
timeleft  : 191:49:09
key usage : Digital Signature, Key Encipherment, Data Encipherment, Key Agreement
=== VO cms extension information ===
VO        : cms
subject   : /C=TW/O=AP/OU=GRID/CN=Amandeep Kaur Kalsi 129089
issuer    : /DC=ch/DC=cern/OU=computers/CN=voms2.cern.ch
attribute : /cms/Role=NULL/Capability=NULL
timeleft  : 191:49:09
uri       : voms2.cern.ch:15002

WNHostName=fermi46.ba.infn.it
$_CONDOR_JOB_AD =/home/cms033/home_cream_100765543/CREAM100765543/glide_nY3mls/execute/dir_14015/.job.ad
OverflowFlag=0
>>> tar --no-same-permissions -xf /home/cms033/home_cream_100765543/CREAM100765543/glide_nY3mls/execute/dir_14015/default.tgz :
Successful untar
>>> Include /home/cms033/home_cream_100765543/CREAM100765543/glide_nY3mls/execute/dir_14015 in PYTHONPATH:
strip arguments
env var CRAB_UNIQUE_JOB_ID set to: amkalsi_Loose_1000ps_k84eh5_5_1_5Kg
out_files_5
>>> list of expected files on output sandbox
output files: OutTree_5_1_5Kg.root crab_fjr_5.xml CMSSW_5.stdout CMSSW_5.stderr Watchdog_5.log.gz
>>> GridFlavour discovery: 
GridFlavour=LCG
>>> SyncSite discovery: 
SyncSite=T2_IT_Bari
>>> SyncCE discovery: 
getting SyncCE from CE_ID
SyncCE=cream-ce-4.ba.infn.it:8443/cream-pbs-cms
>>> info for dashboard:
***** Cat /home/cms033/home_cream_100765543/CREAM100765543/glide_nY3mls/execute/dir_14015/jobreport.txt *****
WNHostName=fermi46.ba.infn.it
OverflowFlag=0
MonitorJobID=5_https://vocms0117.cern.ch//151020//47160.4
SyncGridJobId=https://vocms0117.cern.ch//151020//47160.4
MonitorID=amkalsi_Loose_1000ps_k84eh5
GridFlavour=LCG
SyncSite=T2_IT_Bari
SyncCE=cream-ce-4.ba.infn.it:8443/cream-pbs-cms
***** End Cat jobreport *****
Parameters sent to Dashboard.
>>> setup environment
set SCRAM ARCH to slc6_amd64_gcc472
SCRAM_ARCH = slc6_amd64_gcc472
>>> setup CMS LCG environment:
set SCRAM ARCH and BUILD_ARCH to slc6_amd64_gcc472 ###
Sourcing environment... 
sourcing /cvmfs/cms.cern.ch/cmsset_default.sh
==> setup cms environment ok
>>> specific cmssw setup environment:
CMSSW_VERSION =  CMSSW_6_2_0_SLHC26_patch3
WARNING: In non-interactive mode release checks e.g. deprecated releases, production architectures are disabled.
>>> current directory (SOFTWARE_DIR): /home/cms033/home_cream_100765543/CREAM100765543/glide_nY3mls/execute/dir_14015/CMSSW_6_2_0_SLHC26_patch3
PreserveSeeds: <>
IncrementSeeds:<>
>>> info for dashboard:
***** Cat /home/cms033/home_cream_100765543/CREAM100765543/glide_nY3mls/execute/dir_14015/jobreport.txt *****
MonitorJobID=5_https://vocms0117.cern.ch//151020//47160.4
MonitorID=amkalsi_Loose_1000ps_k84eh5
***** End Cat jobreport *****
Parameters sent to Dashboard.
crabWatchdog started as process 14222
>>> moving CMSSW software directories in /home/cms033/home_cream_100765543/CREAM100765543/glide_nY3mls/execute/dir_14015/CMSSW_6_2_0_SLHC26_patch3
mv: cannot stat `/home/cms033/home_cream_100765543/CREAM100765543/glide_nY3mls/execute/dir_14015/module/': No such file or directory
>>> Include /home/cms033/home_cream_100765543/CREAM100765543/glide_nY3mls/execute/dir_14015 in PYTHONPATH:
PYTHONPATH=/home/cms033/home_cream_100765543/CREAM100765543/glide_nY3mls/execute/dir_14015/:/home/cms033/home_cream_100765543/CREAM100765543/glide_nY3mls/execute/dir_14015/CMSSW_6_2_0_SLHC26_patch3/python:/home/cms033/home_cream_100765543/CREAM100765543/glide_nY3mls/execute/dir_14015/CMSSW_6_2_0_SLHC26_patch3/lib/slc6_amd64_gcc472:/cvmfs/cms.cern.ch/slc6_amd64_gcc472/cms/cmssw-patch/CMSSW_6_2_0_SLHC26_patch3/python:/cvmfs/cms.cern.ch/slc6_amd64_gcc472/cms/cmssw-patch/CMSSW_6_2_0_SLHC26_patch3/lib/slc6_amd64_gcc472:/cvmfs/cms.cern.ch/slc6_amd64_gcc472/cms/cmssw/CMSSW_6_2_0_SLHC26/bin/slc6_amd64_gcc472:/cvmfs/cms.cern.ch/slc6_amd64_gcc472/cms/cmssw/CMSSW_6_2_0_SLHC26/lib/slc6_amd64_gcc472:/cvmfs/cms.cern.ch/slc6_amd64_gcc472/cms/coral/CORAL_2_3_21-flmnjk2/slc6_amd64_gcc472/python:/cvmfs/cms.cern.ch/slc6_amd64_gcc472/cms/coral/CORAL_2_3_21-flmnjk2/slc6_amd64_gcc472/lib:/cvmfs/cms.cern.ch/slc6_amd64_gcc472/external/pyqt/4.8.1-cms5/lib/python2.7/site-packages:/cvmfs/cms.cern.ch/slc6_amd64_gcc472/external/py2-scipy/0.8.0-cms7/lib/python2.7/site-packages:/cvmfs/cms.cern.ch/slc6_amd64_gcc472/external/py2-matplotlib/1.0.1-cms7/lib/python2.7/site-packages:/cvmfs/cms.cern.ch/slc6_amd64_gcc472/external/python-ldap/2.4.10/lib/python2.7/site-packages:/cvmfs/cms.cern.ch/slc6_amd64_gcc472/external/sip/4.11.2-cms5/lib/python2.7/site-packages:/cvmfs/cms.cern.ch/slc6_amd64_gcc472/external/py2-pycurl/7.19.0-cms7/lib/python2.7/site-packages:/cvmfs/cms.cern.ch/slc6_amd64_gcc472/external/py2-numpy/1.6.1-cms7/lib/python2.7/site-packages:/cvmfs/cms.cern.ch/slc6_amd64_gcc472/external/py2-lint/0.25.1-cms5/lib/python2.7/site-packages:/cvmfs/cms.cern.ch/slc6_amd64_gcc472/external/py2-ipython/0.10-cms5/lib/python2.7/site-packages:/cvmfs/cms.cern.ch/slc6_amd64_gcc472/external/py2-cx-oracle/5.1-cms5/lib/python2.7/site-packages:/cvmfs/cms.cern.ch/slc6_amd64_gcc472/external/py2-cjson/1.0.5-cms5/lib/python2.7/site-packages:/cvmfs/cms.cern.ch/slc6_amd64_gcc472/cms/das-client/1.11.7/bin:/cvmfs/cms.cern.ch/slc6_amd64_gcc472/external/elementtree/1.2.6-cms5/share/lib/python2.7/site-packages:/cvmfs/cms.cern.ch/slc6_amd64_gcc472/external/rivet/1.8.2-cms9/lib/python2.7/site-packages:/cvmfs/cms.cern.ch/slc6_amd64_gcc472/external/pyminuit2/0.0.1-cms25/lib/python2.7/site-packages:/cvmfs/cms.cern.ch/slc6_amd64_gcc472/external/py2-pygithub/1.23.0-cms2/lib/python2.7/site-packages:/cvmfs/cms.cern.ch/slc6_amd64_gcc472/external/professor/1.0.0-cms25/lib/python2.7/site-packages:/cvmfs/cms.cern.ch/slc6_amd64_gcc472/lcg/root/5.34.07-cms5/lib:/cvmfs/cms.cern.ch/slc6_amd64_gcc472/cms/dbs-client/DBS_2_1_9-cms5/lib:/cvmfs/cms.cern.ch/slc6_amd64_gcc472/cms/dbs-client/DBS_2_1_9-cms5/lib/DBSAPI:/cvmfs/cms.cern.ch/slc6_amd64_gcc472/external/cvs2git/5419-cms/lib:/home/cms033/home_cream_100765543/CREAM100765543/glide_nY3mls/execute/dir_14015/
 
# LIMITS USED BY CRAB WATCHDOG:
# RSS  (KBytes)   : 2300000
# VSZ  (KBytes)   : 100000000
# DISK (MBytes)   : 19000
# CPU TIME        : 720h:0m:0s
# WALL CLOCK TIME : 21h:50m:0s
 
89204fc7dc811f9e79a97af487a037d4
PSETHASH = 89204fc7dc811f9e79a97af487a037d4
/home/cms033/home_cream_100765543/CREAM100765543/glide_nY3mls/execute/dir_14015/writeCfg.py pset.py pset.py
Importing .py file
Setting parameters
RandomNumberGeneratorService found, will attempt to change seeds
inputBlocks=/DYToMuMu_M-20_TuneZ2star_14TeV-pythia6-tauola/piet-DYToMuMu_M-20_TuneZ2star_14TeV-pythia6-tauola_HGCALGS_PU140_1ns_7ns_RECO-dae2ba7355add6539efc58ac0d4cc16b/USER#c0463b44-58f0-4c33-8105-492a98f18390
inputFiles=/store/user/piet/ME0Segment_Time/DYToMuMu_M-20_TuneZ2star_14TeV-pythia6-tauola/DYToMuMu_M-20_TuneZ2star_14TeV-pythia6-tauola_HGCALGS_PU140_1ns_7ns_RECO/151014_105159/0000/out_reco_69.root;/store/user/piet/ME0Segment_Time/DYToMuMu_M-20_TuneZ2star_14TeV-pythia6-tauola/DYToMuMu_M-20_TuneZ2star_14TeV-pythia6-tauola_HGCALGS_PU140_1ns_7ns_RECO/151014_105159/0000/out_reco_91.root;/store/user/piet/ME0Segment_Time/DYToMuMu_M-20_TuneZ2star_14TeV-pythia6-tauola/DYToMuMu_M-20_TuneZ2star_14TeV-pythia6-tauola_HGCALGS_PU140_1ns_7ns_RECO/151014_105159/0000/out_reco_53.root;/store/user/piet/ME0Segment_Time/DYToMuMu_M-20_TuneZ2star_14TeV-pythia6-tauola/DYToMuMu_M-20_TuneZ2star_14TeV-pythia6-tauola_HGCALGS_PU140_1ns_7ns_RECO/151014_105159/0000/out_reco_11.root;/store/user/piet/ME0Segment_Time/DYToMuMu_M-20_TuneZ2star_14TeV-pythia6-tauola/DYToMuMu_M-20_TuneZ2star_14TeV-pythia6-tauola_HGCALGS_PU140_1ns_7ns_RECO/151014_105159/0000/out_reco_74.root;/store/user/piet/ME0Segment_Time/DYToMuMu_M-20_TuneZ2star_14TeV-pythia6-tauola/DYToMuMu_M-20_TuneZ2star_14TeV-pythia6-tauola_HGCALGS_PU140_1ns_7ns_RECO/151014_105159/0000/out_reco_75.root;/store/user/piet/ME0Segment_Time/DYToMuMu_M-20_TuneZ2star_14TeV-pythia6-tauola/DYToMuMu_M-20_TuneZ2star_14TeV-pythia6-tauola_HGCALGS_PU140_1ns_7ns_RECO/151014_105159/0000/out_reco_42.root;/store/user/piet/ME0Segment_Time/DYToMuMu_M-20_TuneZ2star_14TeV-pythia6-tauola/DYToMuMu_M-20_TuneZ2star_14TeV-pythia6-tauola_HGCALGS_PU140_1ns_7ns_RECO/151014_105159/0000/out_reco_56.root;/store/user/piet/ME0Segment_Time/DYToMuMu_M-20_TuneZ2star_14TeV-pythia6-tauola/DYToMuMu_M-20_TuneZ2star_14TeV-pythia6-tauola_HGCALGS_PU140_1ns_7ns_RECO/151014_105159/0000/out_reco_10.root;/store/user/piet/ME0Segment_Time/DYToMuMu_M-20_TuneZ2star_14TeV-pythia6-tauola/DYToMuMu_M-20_TuneZ2star_14TeV-pythia6-tauola_HGCALGS_PU140_1ns_7ns_RECO/151014_105159/0000/out_reco_43.root
parentFiles=
lumisRange=
>>> Executable cmsRun
/cvmfs/cms.cern.ch/slc6_amd64_gcc472/cms/cmssw/CMSSW_6_2_0_SLHC26/bin/slc6_amd64_gcc472/cmsRun
ok executable found
>>> info for dashboard:
***** Cat /home/cms033/home_cream_100765543/CREAM100765543/glide_nY3mls/execute/dir_14015/jobreport.txt *****
MonitorJobID=5_https://vocms0117.cern.ch//151020//47160.4
MonitorID=amkalsi_Loose_1000ps_k84eh5
ExeStart=cmsRun
***** End Cat jobreport *****
Parameters sent to Dashboard.
>>> cmsRun started at Tue Oct 20 05:44:55 UTC 2015
>>> cmsRun ended at Tue Oct 20 05:54:14 UTC 2015
>>> crab_fjr_*.xml  permission set to 0704
>>> info for dashboard:
***** Cat /home/cms033/home_cream_100765543/CREAM100765543/glide_nY3mls/execute/dir_14015/jobreport.txt *****
MonitorJobID=5_https://vocms0117.cern.ch//151020//47160.4
MonitorID=amkalsi_Loose_1000ps_k84eh5
ExeEnd=cmsRun
***** End Cat jobreport *****
Parameters sent to Dashboard.
TIME_EXE = 559 sec
>>> cmsRun wrote 124 lines of stdout+stderr
>>> START OF printout of 124 lines from stdout+stderr
20-Oct-2015 07:45:12 CEST  Initiating request to open file file:/lustre/cms//store/user/piet/ME0Segment_Time/DYToMuMu_M-20_TuneZ2star_14TeV-pythia6-tauola/DYToMuMu_M-20_TuneZ2star_14TeV-pythia6-tauola_HGCALGS_PU140_1ns_7ns_RECO/151014_105159/0000/out_reco_69.root
20-Oct-2015 07:45:15 CEST  Successfully opened file file:/lustre/cms//store/user/piet/ME0Segment_Time/DYToMuMu_M-20_TuneZ2star_14TeV-pythia6-tauola/DYToMuMu_M-20_TuneZ2star_14TeV-pythia6-tauola_HGCALGS_PU140_1ns_7ns_RECO/151014_105159/0000/out_reco_69.root
Begin processing the 1st record. Run 1, Event 860211, LumiSection 36220 at 20-Oct-2015 07:45:20.990 CEST
in MuonNumberingInitialization::initializeMuonDDDConstants
about to make my new muonDDDConst_
in MuonNumberingInitialization::produce
-5.38319-57.0318-2.12313-5.75945-13.9045-17.2868-19.028-0.429455-1.36107-1.79802-4.40616-4.82164-1.17858-4.06881-2.13364-4.22322-11.3078%MSG-e RunLumiMerging:  source 20-Oct-2015 07:46:05 CEST PostBeginLumi
ProductHolderBase::mergeTheProduct
Two run/lumi products for the same run/lumi which should be equal are not
Using the first, ignoring the second
className = edm::RandomEngineStates
moduleLabel = randomEngineStateProducer
instance = beginLumi
process = DIGI2RAW

%MSG
-1.39089-8.23935-3.73138-0.725946-1.01336-5.2597620-Oct-2015 07:46:17 CEST  Closed file file:/lustre/cms//store/user/piet/ME0Segment_Time/DYToMuMu_M-20_TuneZ2star_14TeV-pythia6-tauola/DYToMuMu_M-20_TuneZ2star_14TeV-pythia6-tauola_HGCALGS_PU140_1ns_7ns_RECO/151014_105159/0000/out_reco_69.root
20-Oct-2015 07:46:17 CEST  Initiating request to open file file:/lustre/cms//store/user/piet/ME0Segment_Time/DYToMuMu_M-20_TuneZ2star_14TeV-pythia6-tauola/DYToMuMu_M-20_TuneZ2star_14TeV-pythia6-tauola_HGCALGS_PU140_1ns_7ns_RECO/151014_105159/0000/out_reco_91.root
20-Oct-2015 07:46:17 CEST  Successfully opened file file:/lustre/cms//store/user/piet/ME0Segment_Time/DYToMuMu_M-20_TuneZ2star_14TeV-pythia6-tauola/DYToMuMu_M-20_TuneZ2star_14TeV-pythia6-tauola_HGCALGS_PU140_1ns_7ns_RECO/151014_105159/0000/out_reco_91.root
Begin processing the 101st record. Run 1, Event 543941, LumiSection 22903 at 20-Oct-2015 07:46:21.163 CEST
-0.82914-0.635132-6.97987-17.5702-2.16071-0.632364-1.81938-0.311585-4.28483-0.704108-1.1313-9.75901-1.8187-0.67351-1.01683-36.0444-2.07273-0.643499-3.93781-1.66377-9.80908-6.8525720-Oct-2015 07:47:15 CEST  Closed file file:/lustre/cms//store/user/piet/ME0Segment_Time/DYToMuMu_M-20_TuneZ2star_14TeV-pythia6-tauola/DYToMuMu_M-20_TuneZ2star_14TeV-pythia6-tauola_HGCALGS_PU140_1ns_7ns_RECO/151014_105159/0000/out_reco_91.root
20-Oct-2015 07:47:15 CEST  Initiating request to open file file:/lustre/cms//store/user/piet/ME0Segment_Time/DYToMuMu_M-20_TuneZ2star_14TeV-pythia6-tauola/DYToMuMu_M-20_TuneZ2star_14TeV-pythia6-tauola_HGCALGS_PU140_1ns_7ns_RECO/151014_105159/0000/out_reco_53.root
20-Oct-2015 07:47:15 CEST  Successfully opened file file:/lustre/cms//store/user/piet/ME0Segment_Time/DYToMuMu_M-20_TuneZ2star_14TeV-pythia6-tauola/DYToMuMu_M-20_TuneZ2star_14TeV-pythia6-tauola_HGCALGS_PU140_1ns_7ns_RECO/151014_105159/0000/out_reco_53.root
Begin processing the 201st record. Run 1, Event 502911, LumiSection 21175 at 20-Oct-2015 07:47:18.921 CEST
%MSG-e RunLumiMerging:  source 20-Oct-2015 07:47:26 CEST PostBeginLumi
ProductHolderBase::mergeTheProduct
Two run/lumi products for the same run/lumi which should be equal are not
Using the first, ignoring the second
className = edm::RandomEngineStates
moduleLabel = randomEngineStateProducer
instance = beginLumi
process = DIGI2RAW

%MSG
-3.21185-0.280881-7.92078-2.44274-0.21956-6.84408-5.89014-0.522333-0.190074-4.40169-4.60098-9.52606-6.68444-4.50017-2.28147-2.68843-0.53538820-Oct-2015 07:48:07 CEST  Closed file file:/lustre/cms//store/user/piet/ME0Segment_Time/DYToMuMu_M-20_TuneZ2star_14TeV-pythia6-tauola/DYToMuMu_M-20_TuneZ2star_14TeV-pythia6-tauola_HGCALGS_PU140_1ns_7ns_RECO/151014_105159/0000/out_reco_53.root
20-Oct-2015 07:48:07 CEST  Initiating request to open file file:/lustre/cms//store/user/piet/ME0Segment_Time/DYToMuMu_M-20_TuneZ2star_14TeV-pythia6-tauola/DYToMuMu_M-20_TuneZ2star_14TeV-pythia6-tauola_HGCALGS_PU140_1ns_7ns_RECO/151014_105159/0000/out_reco_11.root
20-Oct-2015 07:48:07 CEST  Successfully opened file file:/lustre/cms//store/user/piet/ME0Segment_Time/DYToMuMu_M-20_TuneZ2star_14TeV-pythia6-tauola/DYToMuMu_M-20_TuneZ2star_14TeV-pythia6-tauola_HGCALGS_PU140_1ns_7ns_RECO/151014_105159/0000/out_reco_11.root
Begin processing the 301st record. Run 1, Event 568091, LumiSection 23920 at 20-Oct-2015 07:48:10.935 CEST
-6.387-7.07476-3.82984-0.107296-13.0929-7.8645-0.375579-1.44308-1.3277-2.66783-0.289929-5.82824-2.90725-6.06087-0.89654620-Oct-2015 07:49:00 CEST  Closed file file:/lustre/cms//store/user/piet/ME0Segment_Time/DYToMuMu_M-20_TuneZ2star_14TeV-pythia6-tauola/DYToMuMu_M-20_TuneZ2star_14TeV-pythia6-tauola_HGCALGS_PU140_1ns_7ns_RECO/151014_105159/0000/out_reco_11.root
20-Oct-2015 07:49:00 CEST  Initiating request to open file file:/lustre/cms//store/user/piet/ME0Segment_Time/DYToMuMu_M-20_TuneZ2star_14TeV-pythia6-tauola/DYToMuMu_M-20_TuneZ2star_14TeV-pythia6-tauola_HGCALGS_PU140_1ns_7ns_RECO/151014_105159/0000/out_reco_74.root
20-Oct-2015 07:49:00 CEST  Successfully opened file file:/lustre/cms//store/user/piet/ME0Segment_Time/DYToMuMu_M-20_TuneZ2star_14TeV-pythia6-tauola/DYToMuMu_M-20_TuneZ2star_14TeV-pythia6-tauola_HGCALGS_PU140_1ns_7ns_RECO/151014_105159/0000/out_reco_74.root
Begin processing the 401st record. Run 1, Event 900761, LumiSection 37927 at 20-Oct-2015 07:49:06.354 CEST
-0.30315-15.1189-96.9543-1.38698-2.91156%MSG-e RunLumiMerging:  source 20-Oct-2015 07:49:14 CEST PostBeginLumi
ProductHolderBase::mergeTheProduct
Two run/lumi products for the same run/lumi which should be equal are not
Using the first, ignoring the second
className = edm::RandomEngineStates
moduleLabel = randomEngineStateProducer
instance = beginLumi
process = DIGI2RAW

%MSG
-0.434962-0.839764-42.2604-0.193058-0.776058-0.444808-3.08074-2.51029-36.5389-0.823123-2.00787-1.3871120-Oct-2015 07:49:53 CEST  Closed file file:/lustre/cms//store/user/piet/ME0Segment_Time/DYToMuMu_M-20_TuneZ2star_14TeV-pythia6-tauola/DYToMuMu_M-20_TuneZ2star_14TeV-pythia6-tauola_HGCALGS_PU140_1ns_7ns_RECO/151014_105159/0000/out_reco_74.root
20-Oct-2015 07:49:53 CEST  Initiating request to open file file:/lustre/cms//store/user/piet/ME0Segment_Time/DYToMuMu_M-20_TuneZ2star_14TeV-pythia6-tauola/DYToMuMu_M-20_TuneZ2star_14TeV-pythia6-tauola_HGCALGS_PU140_1ns_7ns_RECO/151014_105159/0000/out_reco_75.root
20-Oct-2015 07:49:53 CEST  Successfully opened file file:/lustre/cms//store/user/piet/ME0Segment_Time/DYToMuMu_M-20_TuneZ2star_14TeV-pythia6-tauola/DYToMuMu_M-20_TuneZ2star_14TeV-pythia6-tauola_HGCALGS_PU140_1ns_7ns_RECO/151014_105159/0000/out_reco_75.root
%MSG-e RunLumiMerging:  source 20-Oct-2015 07:49:54 CEST PostProcessEvent
ProductHolderBase::mergeTheProduct
Two run/lumi products for the same run/lumi which should be equal are not
Using the first, ignoring the second
className = edm::RandomEngineStates
moduleLabel = randomEngineStateProducer
instance = beginLumi
process = DIGI2RAW

%MSG
Begin processing the 501st record. Run 1, Event 993001, LumiSection 41811 at 20-Oct-2015 07:49:55.804 CEST
-3.39829%MSG-e RunLumiMerging:  source 20-Oct-2015 07:50:03 CEST PostBeginLumi
ProductHolderBase::mergeTheProduct
Two run/lumi products for the same run/lumi which should be equal are not
Using the first, ignoring the second
className = edm::RandomEngineStates
moduleLabel = randomEngineStateProducer
instance = beginLumi
process = DIGI2RAW

%MSG
-2.59796-14.943-1.16687-1.55638-98.3326-2.77845-1.03623-13.1794-2.37441-3.32237-0.818841-3.59203-0.696253-1.8065120-Oct-2015 07:50:46 CEST  Closed file file:/lustre/cms//store/user/piet/ME0Segment_Time/DYToMuMu_M-20_TuneZ2star_14TeV-pythia6-tauola/DYToMuMu_M-20_TuneZ2star_14TeV-pythia6-tauola_HGCALGS_PU140_1ns_7ns_RECO/151014_105159/0000/out_reco_75.root
20-Oct-2015 07:50:46 CEST  Initiating request to open file file:/lustre/cms//store/user/piet/ME0Segment_Time/DYToMuMu_M-20_TuneZ2star_14TeV-pythia6-tauola/DYToMuMu_M-20_TuneZ2star_14TeV-pythia6-tauola_HGCALGS_PU140_1ns_7ns_RECO/151014_105159/0000/out_reco_42.root
20-Oct-2015 07:50:46 CEST  Successfully opened file file:/lustre/cms//store/user/piet/ME0Segment_Time/DYToMuMu_M-20_TuneZ2star_14TeV-pythia6-tauola/DYToMuMu_M-20_TuneZ2star_14TeV-pythia6-tauola_HGCALGS_PU140_1ns_7ns_RECO/151014_105159/0000/out_reco_42.root
Begin processing the 601st record. Run 1, Event 429091, LumiSection 18067 at 20-Oct-2015 07:50:55.736 CEST
-0.203886-1.53393-4.41118-9.8459-1.65712-0.89158-0.57384-3.71457-2.89497-1.64172-2.4159-0.71511-2.18436-3.38205-0.968127-2.02251-1.03237-48.6392-0.504873-4.96168-3.89085-1.21988-0.795542-0.664053-0.60231720-Oct-2015 07:51:44 CEST  Closed file file:/lustre/cms//store/user/piet/ME0Segment_Time/DYToMuMu_M-20_TuneZ2star_14TeV-pythia6-tauola/DYToMuMu_M-20_TuneZ2star_14TeV-pythia6-tauola_HGCALGS_PU140_1ns_7ns_RECO/151014_105159/0000/out_reco_42.root
20-Oct-2015 07:51:44 CEST  Initiating request to open file file:/lustre/cms//store/user/piet/ME0Segment_Time/DYToMuMu_M-20_TuneZ2star_14TeV-pythia6-tauola/DYToMuMu_M-20_TuneZ2star_14TeV-pythia6-tauola_HGCALGS_PU140_1ns_7ns_RECO/151014_105159/0000/out_reco_56.root
20-Oct-2015 07:51:44 CEST  Successfully opened file file:/lustre/cms//store/user/piet/ME0Segment_Time/DYToMuMu_M-20_TuneZ2star_14TeV-pythia6-tauola/DYToMuMu_M-20_TuneZ2star_14TeV-pythia6-tauola_HGCALGS_PU140_1ns_7ns_RECO/151014_105159/0000/out_reco_56.root
Begin processing the 701st record. Run 1, Event 570631, LumiSection 24027 at 20-Oct-2015 07:51:50.084 CEST
-0.250473-2.39148-4.47535-1.59201-0.64917-0.379901-0.230598-0.803876-49.6939-0.522127-0.230621-1.02754-1.0337720-Oct-2015 07:52:31 CEST  Closed file file:/lustre/cms//store/user/piet/ME0Segment_Time/DYToMuMu_M-20_TuneZ2star_14TeV-pythia6-tauola/DYToMuMu_M-20_TuneZ2star_14TeV-pythia6-tauola_HGCALGS_PU140_1ns_7ns_RECO/151014_105159/0000/out_reco_56.root
20-Oct-2015 07:52:31 CEST  Initiating request to open file file:/lustre/cms//store/user/piet/ME0Segment_Time/DYToMuMu_M-20_TuneZ2star_14TeV-pythia6-tauola/DYToMuMu_M-20_TuneZ2star_14TeV-pythia6-tauola_HGCALGS_PU140_1ns_7ns_RECO/151014_105159/0000/out_reco_10.root
20-Oct-2015 07:52:31 CEST  Successfully opened file file:/lustre/cms//store/user/piet/ME0Segment_Time/DYToMuMu_M-20_TuneZ2star_14TeV-pythia6-tauola/DYToMuMu_M-20_TuneZ2star_14TeV-pythia6-tauola_HGCALGS_PU140_1ns_7ns_RECO/151014_105159/0000/out_reco_10.root
Begin processing the 801st record. Run 1, Event 568001, LumiSection 23916 at 20-Oct-2015 07:52:37.809 CEST
-1.47934-2.15432-7.72712-49.51-3.74134-2.9598-42.9234-2.11657-1.23113-47.822820-Oct-2015 07:53:22 CEST  Closed file file:/lustre/cms//store/user/piet/ME0Segment_Time/DYToMuMu_M-20_TuneZ2star_14TeV-pythia6-tauola/DYToMuMu_M-20_TuneZ2star_14TeV-pythia6-tauola_HGCALGS_PU140_1ns_7ns_RECO/151014_105159/0000/out_reco_10.root
20-Oct-2015 07:53:22 CEST  Initiating request to open file file:/lustre/cms//store/user/piet/ME0Segment_Time/DYToMuMu_M-20_TuneZ2star_14TeV-pythia6-tauola/DYToMuMu_M-20_TuneZ2star_14TeV-pythia6-tauola_HGCALGS_PU140_1ns_7ns_RECO/151014_105159/0000/out_reco_43.root
20-Oct-2015 07:53:22 CEST  Successfully opened file file:/lustre/cms//store/user/piet/ME0Segment_Time/DYToMuMu_M-20_TuneZ2star_14TeV-pythia6-tauola/DYToMuMu_M-20_TuneZ2star_14TeV-pythia6-tauola_HGCALGS_PU140_1ns_7ns_RECO/151014_105159/0000/out_reco_43.root
%MSG-e RunLumiMerging:  source 20-Oct-2015 07:53:23 CEST PostBeginLumi
ProductHolderBase::mergeTheProduct
Two run/lumi products for the same run/lumi which should be equal are not
Using the first, ignoring the second
className = edm::RandomEngineStates
moduleLabel = randomEngineStateProducer
instance = beginLumi
process = DIGI2RAW

%MSG
Begin processing the 901st record. Run 1, Event 352291, LumiSection 14834 at 20-Oct-2015 07:53:25.588 CEST
-0.847511-3.08897-5.99705-8.52301-1.57046-1.02643-0.058717-0.404948-0.76704-1.38287-0.664104-0.857385-3.7266120-Oct-2015 07:54:13 CEST  Closed file file:/lustre/cms//store/user/piet/ME0Segment_Time/DYToMuMu_M-20_TuneZ2star_14TeV-pythia6-tauola/DYToMuMu_M-20_TuneZ2star_14TeV-pythia6-tauola_HGCALGS_PU140_1ns_7ns_RECO/151014_105159/0000/out_reco_43.root

=============================================

MessageLogger Summary

 type     category        sev    module        subroutine        count    total
 ---- -------------------- -- ---------------- ----------------  -----    -----
    1 RunLumiMerging       -e source                                 6        6
    2 fileAction           -s file_close                            10       10
    3 fileAction           -s file_open                             20       20

 type    category    Examples: run/evt        run/evt          run/evt
 ---- -------------------- ---------------- ---------------- ----------------
    1 RunLumiMerging       PostBeginLumi    PostBeginLumi    PostBeginLumi
    2 fileAction           PostProcessEvent PostProcessEvent PostEndRun
    3 fileAction           pre-events       pre-events       PostProcessEvent

Severity    # Occurrences   Total Occurrences
--------    -------------   -----------------
Error                   6                   6
System                 30                  30
>>> END OF printout of 124 lines from stdout+stderr
>>> Parse FrameworkJobReport crab_fjr.xml
Result of parsing the FrameworkJobReport crab_fjr.xml: Popularity start
lumisRange : 1::7790-7792,14833-14834,18067-18068::1;1::23920,26041-26044::2;1::18662,36220-36223::3;1::14834-14837,18068::4;1::18664,41811-41814::5;1::15023-15024,23916-23920::6;1::15018,18657,24027-24030::7;1::18071-18072,21175-21176,23753-23755::8;1::18663-18664,37927-37928,41809-41811::9;1::22903-22904,26033-26035::10;
lumisParentRange : 
Basename : /store/user/piet/ME0Segment_Time/DYToMuMu_M-20_TuneZ2star_14TeV-pythia6-tauola/DYToMuMu_M-20_TuneZ2star_14TeV-pythia6-tauola_HGCALGS_PU140_1ns_7ns_RECO/151014_105159/0000/out_reco_
BasenameParent : 
parentFiles : 
inputBlocks : /DYToMuMu_M-20_TuneZ2star_14TeV-pythia6-tauola/piet-DYToMuMu_M-20_TuneZ2star_14TeV-pythia6-tauola_HGCALGS_PU140_1ns_7ns_RECO-dae2ba7355add6539efc58ac0d4cc16b/USER#c0463b44-58f0-4c33-8105-492a98f18390
inputFiles : 42.root::1::EDM::Local::1;11.root::1::EDM::Local::2;69.root::1::EDM::Local::3;43.root::1::EDM::Local::4;75.root::1::EDM::Local::5;10.root::1::EDM::Local::6;56.root::1::EDM::Local::7;53.root::1::EDM::Local::8;74.root::1::EDM::Local::9;91.root::1::EDM::Local::10;
Popularity stop
Extracted ExitStatus from FrameworkJobReport parsing output: 0
>>> Executable succeded  0
ExeExitCode=0
EXECUTABLE_EXIT_STATUS = 0
>>> current directory /home/cms033/home_cream_100765543/CREAM100765543/glide_nY3mls/execute/dir_14015/CMSSW_6_2_0_SLHC26_patch3
>>>  (SOFTWARE_DIR): /home/cms033/home_cream_100765543/CREAM100765543/glide_nY3mls/execute/dir_14015/CMSSW_6_2_0_SLHC26_patch3
>>> (WORKING_DIR): 
>>> current directory content:
total 664
drwxr-xr-x 3 cms033 cms   4096 Oct 20 07:44 .SCRAM
-rw------- 1 cms033 cms 279361 Oct 20 07:44 CMSSW.py.pkl
-rw------- 1 cms033 cms  13704 Oct 20 07:54 OutTree.root
drwxr-xr-x 3 cms033 cms   4096 Oct 20 07:44 biglib
drwxr-xr-x 3 cms033 cms   4096 Oct 20 07:44 bin
drwxr-xr-x 3 cms033 cms   4096 Oct 20 07:44 cfipython
drwxr-xr-x 4 cms033 cms   4096 Jul 13 19:47 config
-rw------- 1 cms033 cms     17 Oct 20 07:54 cpu_timing.txt
drwxr-xr-x 2 cms033 cms   4096 Oct 20 07:44 doc
-rw------- 1 cms033 cms  13307 Oct 20 07:54 executable.out
drwxr-xr-x 2 cms033 cms   4096 Oct 20 07:44 include
drwx------ 3 cms033 cms   4096 Sep 29 20:50 lib
drwxr-xr-x 3 cms033 cms   4096 Oct 20 07:44 logs
drwxr-xr-x 3 cms033 cms   4096 Oct 20 07:44 objs
-rw------- 1 cms033 cms    104 Oct 20 07:44 pset.py
-rw------- 1 cms033 cms 281596 Oct 20 07:44 pset.py.pkl
-rw------- 1 cms033 cms    289 Oct 20 07:44 pset.pyc
drwxr-xr-x 2 cms033 cms   4096 Oct 20 07:44 python
-rw------- 1 cms033 cms    359 Oct 20 07:54 report.log
drwx------ 7 cms033 cms   4096 Oct 20 07:44 src
drwxr-xr-x 3 cms033 cms   4096 Oct 20 07:44 test
drwxr-xr-x 3 cms033 cms   4096 Oct 20 07:44 tmp
>>> current directory /home/cms033/home_cream_100765543/CREAM100765543/glide_nY3mls/execute/dir_14015/CMSSW_6_2_0_SLHC26_patch3
>>> (SOFTWARE_DIR): /home/cms033/home_cream_100765543/CREAM100765543/glide_nY3mls/execute/dir_14015/CMSSW_6_2_0_SLHC26_patch3
>>> (WORKING_DIR): 
>>> current directory content:
total 648
drwxr-xr-x 3 cms033 cms   4096 Oct 20 07:44 .SCRAM
-rw------- 1 cms033 cms 279361 Oct 20 07:44 CMSSW.py.pkl
drwxr-xr-x 3 cms033 cms   4096 Oct 20 07:44 biglib
drwxr-xr-x 3 cms033 cms   4096 Oct 20 07:44 bin
drwxr-xr-x 3 cms033 cms   4096 Oct 20 07:44 cfipython
drwxr-xr-x 4 cms033 cms   4096 Jul 13 19:47 config
-rw------- 1 cms033 cms     17 Oct 20 07:54 cpu_timing.txt
drwxr-xr-x 2 cms033 cms   4096 Oct 20 07:44 doc
-rw------- 1 cms033 cms  13307 Oct 20 07:54 executable.out
drwxr-xr-x 2 cms033 cms   4096 Oct 20 07:44 include
drwx------ 3 cms033 cms   4096 Sep 29 20:50 lib
drwxr-xr-x 3 cms033 cms   4096 Oct 20 07:44 logs
drwxr-xr-x 3 cms033 cms   4096 Oct 20 07:44 objs
-rw------- 1 cms033 cms    104 Oct 20 07:44 pset.py
-rw------- 1 cms033 cms 281596 Oct 20 07:44 pset.py.pkl
-rw------- 1 cms033 cms    289 Oct 20 07:44 pset.pyc
drwxr-xr-x 2 cms033 cms   4096 Oct 20 07:44 python
-rw------- 1 cms033 cms    359 Oct 20 07:54 report.log
drwx------ 7 cms033 cms   4096 Oct 20 07:44 src
drwxr-xr-x 3 cms033 cms   4096 Oct 20 07:44 test
drwxr-xr-x 3 cms033 cms   4096 Oct 20 07:44 tmp
>>> current directory (RUNTIME_AREA):  /home/cms033/home_cream_100765543/CREAM100765543/glide_nY3mls/execute/dir_14015
>>> current dir: /home/cms033/home_cream_100765543/CREAM100765543/glide_nY3mls/execute/dir_14015
>>> current dir content:
total 26332
-rwx------  1 cms033 cms       53 Oct 20 07:44 .chirp.config
-rwx------  1 cms033 cms     6582 Oct 20 07:44 .job.ad
-rwx------  1 cms033 cms     9230 Oct 20 07:44 .machine.ad
-rw-------  1 cms033 cms      105 Oct 20 07:37 CMSSW.py
-rw-------  1 cms033 cms   279361 Oct 20 07:37 CMSSW.py.pkl
-rwx------  1 cms033 cms    26312 Oct 20 07:44 CMSSW.sh
drwxr-xr-x 16 cms033 cms     4096 Oct 20 07:54 CMSSW_6_2_0_SLHC26_patch3
-rw-------  1 cms033 cms      302 Oct 20 07:44 CacheEnv.sh
-rw-------  1 cms033 cms     7291 Nov 19  2014 DashboardAPI.py
-rw-------  1 cms033 cms     6815 Oct 20 07:44 DashboardAPI.pyc
drwx------  2 cms033 cms     4096 Oct 20 07:54 IMProv
-rw-------  1 cms033 cms     2748 Nov 19  2014 Logger.py
-rw-------  1 cms033 cms     3347 Oct 20 07:44 Logger.pyc
lrwxrwxrwx  1 cms033 cms      100 Oct 20 07:54 OutTree.root -> /home/cms033/home_cream_100765543/CREAM100765543/glide_nY3mls/execute/dir_14015/OutTree_5_1_5Kg.root
-rw-------  1 cms033 cms    13704 Oct 20 07:54 OutTree_5_1_5Kg.root
-rw-------  1 cms033 cms    24524 Nov 19  2014 ProcInfo.py
-rw-------  1 cms033 cms    23197 Oct 20 07:44 ProcInfo.pyc
drwx------  7 cms033 cms     4096 Oct 20 07:44 ProdCommon
drwx------  3 cms033 cms     4096 Oct 20 07:44 WMCore
-rw-------  1 cms033 cms     2780 Oct 20 07:53 Watchdog_5.log
-rwx------  1 cms033 cms        0 Oct 20 07:44 _condor_stderr
-rwx---r--  1 cms033 cms    28493 Oct 20 07:54 _condor_stdout
-rw-------  1 cms033 cms    32895 Nov 19  2014 apmon.py
-rw-------  1 cms033 cms    28625 Oct 20 07:44 apmon.pyc
-rwx------  1 cms033 cms   198108 Oct 20 07:44 arguments.xml
-rwx------  1 cms033 cms   204102 May 29 01:26 cmsRun
-rwx------  1 cms033 cms    38581 Nov 19  2014 cmscp.py
-rwx------  1 cms033 cms    26312 Oct 20 07:44 condor_exec.exe
-rw-------  1 cms033 cms      532 Oct 20 07:37 crab.cfg
-rwx------  1 cms033 cms     8610 Nov 19  2014 crabWatchdog.sh
-rwx---r--  1 cms033 cms   531638 Oct 20 07:54 crab_fjr_5.xml
-rwx------  1 cms033 cms 25265817 Oct 20 07:44 default.tgz
-rwx------  1 cms033 cms     4488 Nov 19  2014 fillCrabFjr.py
-rw-------  1 cms033 cms     2128 Oct 20 07:44 inputsReport.txt
-rw-------  1 cms033 cms      122 Oct 20 07:54 jobreport.txt
-rw-------  1 cms033 cms    17352 Nov 19  2014 parseCrabFjr.py
-rw-------  1 cms033 cms      327 Oct 20 07:44 report.log
-rwx--x--x  1 cms033 cms     1497 Nov 19  2014 report.py
-rwx------  1 cms033 cms     8351 Nov 19  2014 writeCfg.py
-rw-------  1 cms033 cms     8473 Oct 20 07:44 x509up_u46992
>>> crab_fjr_*.xml  permission set to 0704
CrabWrapper EXIT_FUNC entered at Tue Oct 20 07:54:20 CEST 2015   -  Tue Oct 20 05:54:20 UTC 2015
Checking output files:  
will tar file OutTree_5_1_5Kg.root in  out_files_5
will tar file crab_fjr_5.xml in  out_files_5
WARNING: output file CMSSW_5.stdout not found!
WARNING: output file CMSSW_5.stderr not found!
WARNING: output file Watchdog_5.log.gz not found!
>>> padding time: Sleeping the wrapper for 19 seconds
STOPPING WATCHDOG. CrabWatchdog PID is 14222
********** LAST 50 LINES OF WATCHDOG LOG
# RESOURCE USAGE SUMMARY FOR PROCESS ID 14023
USER       PID %CPU %MEM    VSZ   RSS TTY      STAT START   TIME COMMAND
cms033   14023  0.3  0.0   9600  1608 ?        S    07:44   0:00 /bin/sh /home/cms033/home_cream_100765543/CREAM100765543/glide_nY3mls/execute/dir_14015/condor_exec.exe 5 1
 
# LIMITS USED BY CRAB WATCHDOG:
# RSS  (KBytes)   : 2300000
# VSZ  (KBytes)   : 100000000
# DISK (MBytes)   : 19000
# CPU TIME        : 720h:0m:0s
# WALL CLOCK TIME : 21h:50m:0s
 
# FOLLOWING PRINTOUT TRACKS MAXIMUM VALUES OF RESOURCES USE
# ONE LINE IS PRINTED EACH TIME A MAXIMUM CHANGES
# IF CHANGE WAS IN RSS OR VSZ ALSO PROCID AND COMMAND ARE PRINTED
# THERE IS NO PRINTOUT FOR CPU/WALL TIME INCREASE
 
# TIME			PID	RSS(KB)	VSZ(KB)	Dsk(MB)	tCPU(s)	tWALL(s)	COMMAND
 Oct 20 07:44:47 CEST	6164	1244	106100	0	0	1	sh -c "./glidein_startup.sh" -v std -name gfactory_instance -entry CMS_T2_IT_Bari_ce4 -clientname CMSG-v1_0.overflow_conservative
 Oct 20 07:44:47 CEST	6167	1800	106492	0	0	1	/bin/bash ./glidein_startup.sh -v std -name gfactory_instance -entry CMS_T2_IT_Bari_ce4 -clientname CMSG-v1_0.overflow_conservative -schedd
 Oct 20 07:44:47 CEST	11408	8684	106492	0	0	1	/home/cms033/home_cream_100765543/CREAM100765543/glide_nY3mls/main/condor/sbin/condor_master -f -pidfile /home/cms033/home_cream_100765543/CREAM100765543/glide_nY3mls/condor_master2.pid       
 Oct 20 07:44:47 CEST	11411	9456	106492	0	0	2	condor_startd -f         
 Oct 20 07:44:47 CEST	---	9456	106492	154	----	----	----
 Oct 20 07:45:49 CEST	14520	521380	736384	154	41	64	cmsRun -j /home/cms033/home_cream_100765543/CREAM100765543/glide_nY3mls/execute/dir_14015/crab_fjr_5.xml -p pset.py      
 Oct 20 07:45:49 CEST	---	521380	736384	155	----	----	----
 Oct 20 07:46:51 CEST	14520	532180	747136	155	84	126	cmsRun -j /home/cms033/home_cream_100765543/CREAM100765543/glide_nY3mls/execute/dir_14015/crab_fjr_5.xml -p pset.py      
 Oct 20 07:47:53 CEST	14520	539700	759424	155	130	190	cmsRun -j /home/cms033/home_cream_100765543/CREAM100765543/glide_nY3mls/execute/dir_14015/crab_fjr_5.xml -p pset.py      
 Oct 20 07:50:01 CEST	14520	560092	786592	155	222	318	cmsRun -j /home/cms033/home_cream_100765543/CREAM100765543/glide_nY3mls/execute/dir_14015/crab_fjr_5.xml -p pset.py      
 Oct 20 07:51:05 CEST	14520	567712	794016	155	268	379	cmsRun -j /home/cms033/home_cream_100765543/CREAM100765543/glide_nY3mls/execute/dir_14015/crab_fjr_5.xml -p pset.py      
 Oct 20 07:52:07 CEST	14520	577136	806304	155	318	442	cmsRun -j /home/cms033/home_cream_100765543/CREAM100765543/glide_nY3mls/execute/dir_14015/crab_fjr_5.xml -p pset.py      
 Oct 20 07:53:09 CEST	14520	588688	819616	155	368	504	cmsRun -j /home/cms033/home_cream_100765543/CREAM100765543/glide_nY3mls/execute/dir_14015/crab_fjr_5.xml -p pset.py      
********** WATCHDOG LOG ENDED
ZIPPING WATCHDOG LOG
Disk space used:
du -sh /home/cms033/home_cream_100765543/CREAM100765543/glide_nY3mls/execute/dir_14015
155M	/home/cms033/home_cream_100765543/CREAM100765543/glide_nY3mls/execute/dir_14015
Found unusual stdout, rename for OSB
`/home/cms033/home_cream_100765543/CREAM100765543/glide_nY3mls/execute/dir_14015/_condor_stdout' -> `CMSSW_5.stdout'
Found unusual stderr, rename for OSB
`/home/cms033/home_cream_100765543/CREAM100765543/glide_nY3mls/execute/dir_14015/_condor_stdout' -> `CMSSW_5.stderr'
OutTree_5_1_5Kg.root
crab_fjr_5.xml
CMSSW_5.stdout
CMSSW_5.stderr
Watchdog_5.log.gz
Total Output dimension: 83532
WARNING: output files size limit is set to: 50000000
Total Output dimension 83532 is fine.
JOB_EXIT_STATUS = 0
>>> info for dashboard:
***** Cat /home/cms033/home_cream_100765543/CREAM100765543/glide_nY3mls/execute/dir_14015/jobreport.txt *****
MonitorJobID=5_https://vocms0117.cern.ch//151020//47160.4
MonitorID=amkalsi_Loose_1000ps_k84eh5
ExeTime=559
ExeExitCode=0
CrabUserCpuTime=372.01
CrabSysCpuTime=44.79
CrabCpuPercentage=74%
CrabWrapperTime=600
CrabStageoutTime=NULL
JobExitCode=0
***** End Cat jobreport *****
Parameters sent to Dashboard.
EXITING at Tue Oct 20 07:54:45 CEST 2015  -  Tue Oct 20 05:54:45 UTC 2015
