This script was generated by crab (version 2.11.1_patch1).
Running /home/cms033/home_cream_231173034/CREAM231173034/glide_fBqgQS/execute/dir_10900/condor_exec.exe with 2 positional parameters: 3 1
Today is Tue Oct 20 07:44:37 CEST 2015 - Tue Oct 20 05:44:37 UTC 2015
Job submitted on host pccms151.ba.infn.it
Linux pccms151.ba.infn.it 2.6.32-504.3.3.el6.x86_64 #1 SMP Wed Dec 17 09:22:39 CET 2014 x86_64 x86_64 x86_64 GNU/Linux
Distributor ID:	ScientificCERNSLC
Description:	Scientific Linux CERN SLC release 6.4 (Carbon)
>>> current directory (RUNTIME_AREA): /home/cms033/home_cream_231173034/CREAM231173034/glide_fBqgQS/execute/dir_10900
>>> current user: uid=18589(cms033) gid=1399(cms) groups=1399(cms)
>>> directory permission set to 0700
>>> umask set to:  u=rwx,g=,o=
>>> stdout stderr permission set to 0704
>>> voms proxy information:
subject   : /C=TW/O=AP/OU=GRID/CN=Amandeep Kaur Kalsi 129089/CN=541697223/CN=126334274
issuer    : /C=TW/O=AP/OU=GRID/CN=Amandeep Kaur Kalsi 129089/CN=541697223
identity  : /C=TW/O=AP/OU=GRID/CN=Amandeep Kaur Kalsi 129089
type      : RFC3820 compliant limited proxy
strength  : 1024
path      : /home/cms033/home_cream_231173034/CREAM231173034/glide_fBqgQS/execute/dir_10900/x509up_u46992
timeleft  : 191:49:08
key usage : Digital Signature, Key Encipherment, Data Encipherment, Key Agreement
=== VO cms extension information ===
VO        : cms
subject   : /C=TW/O=AP/OU=GRID/CN=Amandeep Kaur Kalsi 129089
issuer    : /DC=ch/DC=cern/OU=computers/CN=voms2.cern.ch
attribute : /cms/Role=NULL/Capability=NULL
timeleft  : 191:49:08
uri       : voms2.cern.ch:15002

WNHostName=pccms151.ba.infn.it
$_CONDOR_JOB_AD =/home/cms033/home_cream_231173034/CREAM231173034/glide_fBqgQS/execute/dir_10900/.job.ad
OverflowFlag=0
>>> tar --no-same-permissions -xf /home/cms033/home_cream_231173034/CREAM231173034/glide_fBqgQS/execute/dir_10900/default.tgz :
Successful untar
>>> Include /home/cms033/home_cream_231173034/CREAM231173034/glide_fBqgQS/execute/dir_10900 in PYTHONPATH:
strip arguments
env var CRAB_UNIQUE_JOB_ID set to: amkalsi_Loose_1000ps_k84eh5_3_1_oRf
out_files_3
>>> list of expected files on output sandbox
output files: OutTree_3_1_oRf.root crab_fjr_3.xml CMSSW_3.stdout CMSSW_3.stderr Watchdog_3.log.gz
>>> GridFlavour discovery: 
GridFlavour=LCG
>>> SyncSite discovery: 
SyncSite=T2_IT_Bari
>>> SyncCE discovery: 
getting SyncCE from CE_ID
SyncCE=cream-ce-2.ba.infn.it:8443/cream-pbs-cms
>>> info for dashboard:
***** Cat /home/cms033/home_cream_231173034/CREAM231173034/glide_fBqgQS/execute/dir_10900/jobreport.txt *****
WNHostName=pccms151.ba.infn.it
OverflowFlag=0
MonitorJobID=3_https://vocms0117.cern.ch//151020//47160.2
SyncGridJobId=https://vocms0117.cern.ch//151020//47160.2
MonitorID=amkalsi_Loose_1000ps_k84eh5
GridFlavour=LCG
SyncSite=T2_IT_Bari
SyncCE=cream-ce-2.ba.infn.it:8443/cream-pbs-cms
***** End Cat jobreport *****
Parameters sent to Dashboard.
>>> setup environment
set SCRAM ARCH to slc6_amd64_gcc472
SCRAM_ARCH = slc6_amd64_gcc472
>>> setup CMS LCG environment:
set SCRAM ARCH and BUILD_ARCH to slc6_amd64_gcc472 ###
Sourcing environment... 
sourcing /cvmfs/cms.cern.ch/cmsset_default.sh
==> setup cms environment ok
>>> specific cmssw setup environment:
CMSSW_VERSION =  CMSSW_6_2_0_SLHC26_patch3
WARNING: In non-interactive mode release checks e.g. deprecated releases, production architectures are disabled.
>>> current directory (SOFTWARE_DIR): /home/cms033/home_cream_231173034/CREAM231173034/glide_fBqgQS/execute/dir_10900/CMSSW_6_2_0_SLHC26_patch3
PreserveSeeds: <>
IncrementSeeds:<>
>>> info for dashboard:
***** Cat /home/cms033/home_cream_231173034/CREAM231173034/glide_fBqgQS/execute/dir_10900/jobreport.txt *****
MonitorJobID=3_https://vocms0117.cern.ch//151020//47160.2
MonitorID=amkalsi_Loose_1000ps_k84eh5
***** End Cat jobreport *****
Parameters sent to Dashboard.
crabWatchdog started as process 11286
>>> moving CMSSW software directories in /home/cms033/home_cream_231173034/CREAM231173034/glide_fBqgQS/execute/dir_10900/CMSSW_6_2_0_SLHC26_patch3
mv: cannot stat `/home/cms033/home_cream_231173034/CREAM231173034/glide_fBqgQS/execute/dir_10900/module/': No such file or directory
>>> Include /home/cms033/home_cream_231173034/CREAM231173034/glide_fBqgQS/execute/dir_10900 in PYTHONPATH:
PYTHONPATH=/home/cms033/home_cream_231173034/CREAM231173034/glide_fBqgQS/execute/dir_10900/:/home/cms033/home_cream_231173034/CREAM231173034/glide_fBqgQS/execute/dir_10900/CMSSW_6_2_0_SLHC26_patch3/python:/home/cms033/home_cream_231173034/CREAM231173034/glide_fBqgQS/execute/dir_10900/CMSSW_6_2_0_SLHC26_patch3/lib/slc6_amd64_gcc472:/cvmfs/cms.cern.ch/slc6_amd64_gcc472/cms/cmssw-patch/CMSSW_6_2_0_SLHC26_patch3/python:/cvmfs/cms.cern.ch/slc6_amd64_gcc472/cms/cmssw-patch/CMSSW_6_2_0_SLHC26_patch3/lib/slc6_amd64_gcc472:/cvmfs/cms.cern.ch/slc6_amd64_gcc472/cms/cmssw/CMSSW_6_2_0_SLHC26/bin/slc6_amd64_gcc472:/cvmfs/cms.cern.ch/slc6_amd64_gcc472/cms/cmssw/CMSSW_6_2_0_SLHC26/lib/slc6_amd64_gcc472:/cvmfs/cms.cern.ch/slc6_amd64_gcc472/cms/coral/CORAL_2_3_21-flmnjk2/slc6_amd64_gcc472/python:/cvmfs/cms.cern.ch/slc6_amd64_gcc472/cms/coral/CORAL_2_3_21-flmnjk2/slc6_amd64_gcc472/lib:/cvmfs/cms.cern.ch/slc6_amd64_gcc472/external/pyqt/4.8.1-cms5/lib/python2.7/site-packages:/cvmfs/cms.cern.ch/slc6_amd64_gcc472/external/py2-scipy/0.8.0-cms7/lib/python2.7/site-packages:/cvmfs/cms.cern.ch/slc6_amd64_gcc472/external/py2-matplotlib/1.0.1-cms7/lib/python2.7/site-packages:/cvmfs/cms.cern.ch/slc6_amd64_gcc472/external/python-ldap/2.4.10/lib/python2.7/site-packages:/cvmfs/cms.cern.ch/slc6_amd64_gcc472/external/sip/4.11.2-cms5/lib/python2.7/site-packages:/cvmfs/cms.cern.ch/slc6_amd64_gcc472/external/py2-pycurl/7.19.0-cms7/lib/python2.7/site-packages:/cvmfs/cms.cern.ch/slc6_amd64_gcc472/external/py2-numpy/1.6.1-cms7/lib/python2.7/site-packages:/cvmfs/cms.cern.ch/slc6_amd64_gcc472/external/py2-lint/0.25.1-cms5/lib/python2.7/site-packages:/cvmfs/cms.cern.ch/slc6_amd64_gcc472/external/py2-ipython/0.10-cms5/lib/python2.7/site-packages:/cvmfs/cms.cern.ch/slc6_amd64_gcc472/external/py2-cx-oracle/5.1-cms5/lib/python2.7/site-packages:/cvmfs/cms.cern.ch/slc6_amd64_gcc472/external/py2-cjson/1.0.5-cms5/lib/python2.7/site-packages:/cvmfs/cms.cern.ch/slc6_amd64_gcc472/cms/das-client/1.11.7/bin:/cvmfs/cms.cern.ch/slc6_amd64_gcc472/external/elementtree/1.2.6-cms5/share/lib/python2.7/site-packages:/cvmfs/cms.cern.ch/slc6_amd64_gcc472/external/rivet/1.8.2-cms9/lib/python2.7/site-packages:/cvmfs/cms.cern.ch/slc6_amd64_gcc472/external/pyminuit2/0.0.1-cms25/lib/python2.7/site-packages:/cvmfs/cms.cern.ch/slc6_amd64_gcc472/external/py2-pygithub/1.23.0-cms2/lib/python2.7/site-packages:/cvmfs/cms.cern.ch/slc6_amd64_gcc472/external/professor/1.0.0-cms25/lib/python2.7/site-packages:/cvmfs/cms.cern.ch/slc6_amd64_gcc472/lcg/root/5.34.07-cms5/lib:/cvmfs/cms.cern.ch/slc6_amd64_gcc472/cms/dbs-client/DBS_2_1_9-cms5/lib:/cvmfs/cms.cern.ch/slc6_amd64_gcc472/cms/dbs-client/DBS_2_1_9-cms5/lib/DBSAPI:/cvmfs/cms.cern.ch/slc6_amd64_gcc472/external/cvs2git/5419-cms/lib:/home/cms033/home_cream_231173034/CREAM231173034/glide_fBqgQS/execute/dir_10900/
 
# LIMITS USED BY CRAB WATCHDOG:
# RSS  (KBytes)   : 2300000
# VSZ  (KBytes)   : 100000000
# DISK (MBytes)   : 19000
# CPU TIME        : 720h:0m:0s
# WALL CLOCK TIME : 21h:50m:0s
 
89204fc7dc811f9e79a97af487a037d4
PSETHASH = 89204fc7dc811f9e79a97af487a037d4
/home/cms033/home_cream_231173034/CREAM231173034/glide_fBqgQS/execute/dir_10900/writeCfg.py pset.py pset.py
Importing .py file
Setting parameters
RandomNumberGeneratorService found, will attempt to change seeds
inputBlocks=/DYToMuMu_M-20_TuneZ2star_14TeV-pythia6-tauola/piet-DYToMuMu_M-20_TuneZ2star_14TeV-pythia6-tauola_HGCALGS_PU140_1ns_7ns_RECO-dae2ba7355add6539efc58ac0d4cc16b/USER#3ca68a94-2763-43bf-be3e-775710bced40
inputFiles=/store/user/piet/ME0Segment_Time/DYToMuMu_M-20_TuneZ2star_14TeV-pythia6-tauola/DYToMuMu_M-20_TuneZ2star_14TeV-pythia6-tauola_HGCALGS_PU140_1ns_7ns_RECO/151014_105159/0000/out_reco_45.root
parentFiles=
lumisRange=
>>> Executable cmsRun
/cvmfs/cms.cern.ch/slc6_amd64_gcc472/cms/cmssw/CMSSW_6_2_0_SLHC26/bin/slc6_amd64_gcc472/cmsRun
ok executable found
>>> info for dashboard:
***** Cat /home/cms033/home_cream_231173034/CREAM231173034/glide_fBqgQS/execute/dir_10900/jobreport.txt *****
MonitorJobID=3_https://vocms0117.cern.ch//151020//47160.2
MonitorID=amkalsi_Loose_1000ps_k84eh5
ExeStart=cmsRun
***** End Cat jobreport *****
Parameters sent to Dashboard.
>>> cmsRun started at Tue Oct 20 05:44:53 UTC 2015
>>> cmsRun ended at Tue Oct 20 05:46:24 UTC 2015
>>> crab_fjr_*.xml  permission set to 0704
>>> info for dashboard:
***** Cat /home/cms033/home_cream_231173034/CREAM231173034/glide_fBqgQS/execute/dir_10900/jobreport.txt *****
MonitorJobID=3_https://vocms0117.cern.ch//151020//47160.2
MonitorID=amkalsi_Loose_1000ps_k84eh5
ExeEnd=cmsRun
***** End Cat jobreport *****
Parameters sent to Dashboard.
TIME_EXE = 91 sec
>>> cmsRun wrote 25 lines of stdout+stderr
>>> START OF printout of 25 lines from stdout+stderr
20-Oct-2015 07:45:13 CEST  Initiating request to open file file:/lustre/cms//store/user/piet/ME0Segment_Time/DYToMuMu_M-20_TuneZ2star_14TeV-pythia6-tauola/DYToMuMu_M-20_TuneZ2star_14TeV-pythia6-tauola_HGCALGS_PU140_1ns_7ns_RECO/151014_105159/0000/out_reco_45.root
20-Oct-2015 07:45:16 CEST  Successfully opened file file:/lustre/cms//store/user/piet/ME0Segment_Time/DYToMuMu_M-20_TuneZ2star_14TeV-pythia6-tauola/DYToMuMu_M-20_TuneZ2star_14TeV-pythia6-tauola_HGCALGS_PU140_1ns_7ns_RECO/151014_105159/0000/out_reco_45.root
Begin processing the 1st record. Run 1, Event 355701, LumiSection 14977 at 20-Oct-2015 07:45:25.199 CEST
in MuonNumberingInitialization::initializeMuonDDDConstants
about to make my new muonDDDConst_
in MuonNumberingInitialization::produce
-1.4046-6.40888-1.93076-1.77711-0.688465-0.447471-4.4324-3.67809-1.70178-1.51719-1.04412-1.0688120-Oct-2015 07:46:23 CEST  Closed file file:/lustre/cms//store/user/piet/ME0Segment_Time/DYToMuMu_M-20_TuneZ2star_14TeV-pythia6-tauola/DYToMuMu_M-20_TuneZ2star_14TeV-pythia6-tauola_HGCALGS_PU140_1ns_7ns_RECO/151014_105159/0000/out_reco_45.root

=============================================

MessageLogger Summary

 type     category        sev    module        subroutine        count    total
 ---- -------------------- -- ---------------- ----------------  -----    -----
    1 fileAction           -s file_close                             1        1
    2 fileAction           -s file_open                              2        2

 type    category    Examples: run/evt        run/evt          run/evt
 ---- -------------------- ---------------- ---------------- ----------------
    1 fileAction           PostEndRun                        
    2 fileAction           pre-events       pre-events       

Severity    # Occurrences   Total Occurrences
--------    -------------   -----------------
System                  3                   3
>>> END OF printout of 25 lines from stdout+stderr
>>> Parse FrameworkJobReport crab_fjr.xml
Result of parsing the FrameworkJobReport crab_fjr.xml: Popularity start
lumisRange : 1::14977-14980,15018,18069::1;
lumisParentRange : 
Basename : /store/user/piet/ME0Segment_Time/DYToMuMu_M-20_TuneZ2star_14TeV-pythia6-tauola/DYToMuMu_M-20_TuneZ2star_14TeV-pythia6-tauola_HGCALGS_PU140_1ns_7ns_RECO/151014_105159/0000/
BasenameParent : 
parentFiles : 
inputBlocks : /DYToMuMu_M-20_TuneZ2star_14TeV-pythia6-tauola/piet-DYToMuMu_M-20_TuneZ2star_14TeV-pythia6-tauola_HGCALGS_PU140_1ns_7ns_RECO-dae2ba7355add6539efc58ac0d4cc16b/USER#3ca68a94-2763-43bf-be3e-775710bced40
inputFiles : out_reco_45.root::1::EDM::Local::1;
Popularity stop
Extracted ExitStatus from FrameworkJobReport parsing output: 0
>>> Executable succeded  0
ExeExitCode=0
EXECUTABLE_EXIT_STATUS = 0
>>> current directory /home/cms033/home_cream_231173034/CREAM231173034/glide_fBqgQS/execute/dir_10900/CMSSW_6_2_0_SLHC26_patch3
>>>  (SOFTWARE_DIR): /home/cms033/home_cream_231173034/CREAM231173034/glide_fBqgQS/execute/dir_10900/CMSSW_6_2_0_SLHC26_patch3
>>> (WORKING_DIR): 
>>> current directory content:
total 652
drwxr-xr-x 3 cms033 cms   4096 Oct 20 07:44 .SCRAM
-rw------- 1 cms033 cms 279361 Oct 20 07:44 CMSSW.py.pkl
-rw------- 1 cms033 cms  12307 Oct 20 07:46 OutTree.root
drwxr-xr-x 3 cms033 cms   4096 Oct 20 07:44 biglib
drwxr-xr-x 3 cms033 cms   4096 Oct 20 07:44 bin
drwxr-xr-x 3 cms033 cms   4096 Oct 20 07:44 cfipython
drwxr-xr-x 4 cms033 cms   4096 Jul 13 19:47 config
-rw------- 1 cms033 cms     15 Oct 20 07:46 cpu_timing.txt
drwxr-xr-x 2 cms033 cms   4096 Oct 20 07:44 doc
-rw------- 1 cms033 cms   1904 Oct 20 07:46 executable.out
drwxr-xr-x 2 cms033 cms   4096 Oct 20 07:44 include
drwx------ 3 cms033 cms   4096 Sep 29 20:50 lib
drwxr-xr-x 3 cms033 cms   4096 Oct 20 07:44 logs
drwxr-xr-x 3 cms033 cms   4096 Oct 20 07:44 objs
-rw------- 1 cms033 cms    104 Oct 20 07:44 pset.py
-rw------- 1 cms033 cms 279820 Oct 20 07:44 pset.py.pkl
-rw------- 1 cms033 cms    289 Oct 20 07:44 pset.pyc
drwxr-xr-x 2 cms033 cms   4096 Oct 20 07:44 python
-rw------- 1 cms033 cms    359 Oct 20 07:46 report.log
drwx------ 7 cms033 cms   4096 Oct 20 07:44 src
drwxr-xr-x 3 cms033 cms   4096 Oct 20 07:44 test
drwxr-xr-x 3 cms033 cms   4096 Oct 20 07:44 tmp
>>> current directory /home/cms033/home_cream_231173034/CREAM231173034/glide_fBqgQS/execute/dir_10900/CMSSW_6_2_0_SLHC26_patch3
>>> (SOFTWARE_DIR): /home/cms033/home_cream_231173034/CREAM231173034/glide_fBqgQS/execute/dir_10900/CMSSW_6_2_0_SLHC26_patch3
>>> (WORKING_DIR): 
>>> current directory content:
total 636
drwxr-xr-x 3 cms033 cms   4096 Oct 20 07:44 .SCRAM
-rw------- 1 cms033 cms 279361 Oct 20 07:44 CMSSW.py.pkl
drwxr-xr-x 3 cms033 cms   4096 Oct 20 07:44 biglib
drwxr-xr-x 3 cms033 cms   4096 Oct 20 07:44 bin
drwxr-xr-x 3 cms033 cms   4096 Oct 20 07:44 cfipython
drwxr-xr-x 4 cms033 cms   4096 Jul 13 19:47 config
-rw------- 1 cms033 cms     15 Oct 20 07:46 cpu_timing.txt
drwxr-xr-x 2 cms033 cms   4096 Oct 20 07:44 doc
-rw------- 1 cms033 cms   1904 Oct 20 07:46 executable.out
drwxr-xr-x 2 cms033 cms   4096 Oct 20 07:44 include
drwx------ 3 cms033 cms   4096 Sep 29 20:50 lib
drwxr-xr-x 3 cms033 cms   4096 Oct 20 07:44 logs
drwxr-xr-x 3 cms033 cms   4096 Oct 20 07:44 objs
-rw------- 1 cms033 cms    104 Oct 20 07:44 pset.py
-rw------- 1 cms033 cms 279820 Oct 20 07:44 pset.py.pkl
-rw------- 1 cms033 cms    289 Oct 20 07:44 pset.pyc
drwxr-xr-x 2 cms033 cms   4096 Oct 20 07:44 python
-rw------- 1 cms033 cms    359 Oct 20 07:46 report.log
drwx------ 7 cms033 cms   4096 Oct 20 07:44 src
drwxr-xr-x 3 cms033 cms   4096 Oct 20 07:44 test
drwxr-xr-x 3 cms033 cms   4096 Oct 20 07:44 tmp
>>> current directory (RUNTIME_AREA):  /home/cms033/home_cream_231173034/CREAM231173034/glide_fBqgQS/execute/dir_10900
>>> current dir: /home/cms033/home_cream_231173034/CREAM231173034/glide_fBqgQS/execute/dir_10900
>>> current dir content:
total 25864
-rwx------  1 cms033 cms       52 Oct 20 07:44 .chirp.config
-rwx------  1 cms033 cms     6549 Oct 20 07:44 .job.ad
-rwx------  1 cms033 cms     9091 Oct 20 07:44 .machine.ad
-rw-------  1 cms033 cms      105 Oct 20 07:37 CMSSW.py
-rw-------  1 cms033 cms   279361 Oct 20 07:37 CMSSW.py.pkl
-rwx------  1 cms033 cms    26312 Oct 20 07:44 CMSSW.sh
drwxr-xr-x 16 cms033 cms     4096 Oct 20 07:46 CMSSW_6_2_0_SLHC26_patch3
-rw-------  1 cms033 cms      302 Oct 20 07:44 CacheEnv.sh
-rw-------  1 cms033 cms     7291 Nov 19  2014 DashboardAPI.py
-rw-------  1 cms033 cms     6815 Oct 20 07:44 DashboardAPI.pyc
drwx------  2 cms033 cms     4096 Oct 20 07:46 IMProv
-rw-------  1 cms033 cms     2748 Nov 19  2014 Logger.py
-rw-------  1 cms033 cms     3347 Oct 20 07:44 Logger.pyc
lrwxrwxrwx  1 cms033 cms      100 Oct 20 07:46 OutTree.root -> /home/cms033/home_cream_231173034/CREAM231173034/glide_fBqgQS/execute/dir_10900/OutTree_3_1_oRf.root
-rw-------  1 cms033 cms    12307 Oct 20 07:46 OutTree_3_1_oRf.root
-rw-------  1 cms033 cms    24524 Nov 19  2014 ProcInfo.py
-rw-------  1 cms033 cms    23197 Oct 20 07:44 ProcInfo.pyc
drwx------  7 cms033 cms     4096 Oct 20 07:44 ProdCommon
drwx------  3 cms033 cms     4096 Oct 20 07:44 WMCore
-rw-------  1 cms033 cms     1606 Oct 20 07:45 Watchdog_3.log
-rwx------  1 cms033 cms        0 Oct 20 07:44 _condor_stderr
-rwx---r--  1 cms033 cms    14882 Oct 20 07:46 _condor_stdout
-rw-------  1 cms033 cms    32895 Nov 19  2014 apmon.py
-rw-------  1 cms033 cms    28625 Oct 20 07:44 apmon.pyc
-rwx------  1 cms033 cms   198108 Oct 20 07:44 arguments.xml
-rwx------  1 cms033 cms   204102 May 29 01:26 cmsRun
-rwx------  1 cms033 cms    38581 Nov 19  2014 cmscp.py
-rwx------  1 cms033 cms    26312 Oct 20 07:44 condor_exec.exe
-rw-------  1 cms033 cms      532 Oct 20 07:37 crab.cfg
-rwx------  1 cms033 cms     8610 Nov 19  2014 crabWatchdog.sh
-rwx---r--  1 cms033 cms    63601 Oct 20 07:46 crab_fjr_3.xml
-rwx------  1 cms033 cms 25265817 Oct 20 07:44 default.tgz
-rwx------  1 cms033 cms     4488 Nov 19  2014 fillCrabFjr.py
-rw-------  1 cms033 cms      436 Oct 20 07:44 inputsReport.txt
-rw-------  1 cms033 cms      121 Oct 20 07:46 jobreport.txt
-rw-------  1 cms033 cms    17352 Nov 19  2014 parseCrabFjr.py
-rw-------  1 cms033 cms      328 Oct 20 07:44 report.log
-rwx--x--x  1 cms033 cms     1497 Nov 19  2014 report.py
-rwx------  1 cms033 cms     8351 Nov 19  2014 writeCfg.py
-rw-------  1 cms033 cms     8473 Oct 20 07:44 x509up_u46992
>>> crab_fjr_*.xml  permission set to 0704
CrabWrapper EXIT_FUNC entered at Tue Oct 20 07:46:36 CEST 2015   -  Tue Oct 20 05:46:36 UTC 2015
Checking output files:  
will tar file OutTree_3_1_oRf.root in  out_files_3
will tar file crab_fjr_3.xml in  out_files_3
WARNING: output file CMSSW_3.stdout not found!
WARNING: output file CMSSW_3.stderr not found!
WARNING: output file Watchdog_3.log.gz not found!
>>> padding time: Sleeping the wrapper for 485 seconds
STOPPING WATCHDOG. CrabWatchdog PID is 11286
********** LAST 50 LINES OF WATCHDOG LOG
# RESOURCE USAGE SUMMARY FOR PROCESS ID 10908
USER       PID %CPU %MEM    VSZ   RSS TTY      STAT START   TIME COMMAND
cms033   10908  0.2  0.0   9600  1612 ?        S    07:44   0:00 /bin/sh /home/cms033/home_cream_231173034/CREAM231173034/glide_fBqgQS/execute/dir_10900/condor_exec.exe 3 1
 
# LIMITS USED BY CRAB WATCHDOG:
# RSS  (KBytes)   : 2300000
# VSZ  (KBytes)   : 100000000
# DISK (MBytes)   : 19000
# CPU TIME        : 720h:0m:0s
# WALL CLOCK TIME : 21h:50m:0s
 
# FOLLOWING PRINTOUT TRACKS MAXIMUM VALUES OF RESOURCES USE
# ONE LINE IS PRINTED EACH TIME A MAXIMUM CHANGES
# IF CHANGE WAS IN RSS OR VSZ ALSO PROCID AND COMMAND ARE PRINTED
# THERE IS NO PRINTOUT FOR CPU/WALL TIME INCREASE
 
# TIME			PID	RSS(KB)	VSZ(KB)	Dsk(MB)	tCPU(s)	tWALL(s)	COMMAND
 Oct 20 07:44:49 CEST	4109	1244	106096	0	0	1	sh -c "./glidein_startup.sh" -v std -name v3_2 -entry CMS_T2_IT_Bari_ce2 -clientname CMSG-v1_0.main
 Oct 20 07:44:49 CEST	4116	1796	106488	0	0	1	/bin/bash ./glidein_startup.sh -v std -name v3_2 -entry CMS_T2_IT_Bari_ce2 -clientname CMSG-v1_0.main -schedd
 Oct 20 07:44:49 CEST	10546	8628	106488	0	0	2	/home/cms033/home_cream_231173034/CREAM231173034/glide_fBqgQS/main/condor/sbin/condor_master -f -pidfile /home/cms033/home_cream_231173034/CREAM231173034/glide_fBqgQS/condor_master2.pid       
 Oct 20 07:44:49 CEST	10549	9404	106488	0	0	2	condor_startd -f         
 Oct 20 07:44:49 CEST	---	9404	106488	155	----	----	----
 Oct 20 07:45:53 CEST	11895	520112	736384	155	31	69	cmsRun -j /home/cms033/home_cream_231173034/CREAM231173034/glide_fBqgQS/execute/dir_10900/crab_fjr_3.xml -p pset.py      
********** WATCHDOG LOG ENDED
ZIPPING WATCHDOG LOG
Disk space used:
du -sh /home/cms033/home_cream_231173034/CREAM231173034/glide_fBqgQS/execute/dir_10900
155M	/home/cms033/home_cream_231173034/CREAM231173034/glide_fBqgQS/execute/dir_10900
Found unusual stdout, rename for OSB
`/home/cms033/home_cream_231173034/CREAM231173034/glide_fBqgQS/execute/dir_10900/_condor_stdout' -> `CMSSW_3.stdout'
Found unusual stderr, rename for OSB
`/home/cms033/home_cream_231173034/CREAM231173034/glide_fBqgQS/execute/dir_10900/_condor_stdout' -> `CMSSW_3.stderr'
OutTree_3_1_oRf.root
crab_fjr_3.xml
CMSSW_3.stdout
CMSSW_3.stderr
Watchdog_3.log.gz
Total Output dimension: 22855
WARNING: output files size limit is set to: 50000000
Total Output dimension 22855 is fine.
JOB_EXIT_STATUS = 0
>>> info for dashboard:
***** Cat /home/cms033/home_cream_231173034/CREAM231173034/glide_fBqgQS/execute/dir_10900/jobreport.txt *****
MonitorJobID=3_https://vocms0117.cern.ch//151020//47160.2
MonitorID=amkalsi_Loose_1000ps_k84eh5
ExeTime=91
ExeExitCode=0
CrabUserCpuTime=43.14
CrabSysCpuTime=1.73
CrabCpuPercentage=49%
CrabWrapperTime=600
CrabStageoutTime=NULL
JobExitCode=0
***** End Cat jobreport *****
Parameters sent to Dashboard.
EXITING at Tue Oct 20 07:54:46 CEST 2015  -  Tue Oct 20 05:54:46 UTC 2015
