This script was generated by crab (version 2.11.1_patch1).
Running /home/pilcms07/home_cream_509176042/CREAM509176042/glide_C47ccC/execute/dir_13703/condor_exec.exe with 2 positional parameters: 9 1
Today is Tue Oct 20 07:44:37 CEST 2015 - Tue Oct 20 05:44:37 UTC 2015
Job submitted on host cmsrm-wn127.roma1.infn.it
Linux cmsrm-wn127.roma1.infn.it 2.6.32-504.3.3.el6.x86_64 #1 SMP Tue Dec 16 14:29:22 CST 2014 x86_64 x86_64 x86_64 GNU/Linux
Distributor ID:	Scientific
Description:	Scientific Linux release 6.5 (Carbon)
>>> current directory (RUNTIME_AREA): /home/pilcms07/home_cream_509176042/CREAM509176042/glide_C47ccC/execute/dir_13703
>>> current user: uid=11476(cms116) gid=1399(cms) groups=1399(cms)
>>> directory permission set to 0700
>>> umask set to:  u=rwx,g=,o=
>>> stdout stderr permission set to 0704
>>> voms proxy information:
subject   : /C=TW/O=AP/OU=GRID/CN=Amandeep Kaur Kalsi 129089/CN=541697223/CN=70449006
issuer    : /C=TW/O=AP/OU=GRID/CN=Amandeep Kaur Kalsi 129089/CN=541697223
identity  : /C=TW/O=AP/OU=GRID/CN=Amandeep Kaur Kalsi 129089
type      : RFC3820 compliant limited proxy
strength  : 1024
path      : /home/pilcms07/home_cream_509176042/CREAM509176042/glide_C47ccC/execute/dir_13703/x509up_u46992
timeleft  : 191:49:09
key usage : Digital Signature, Key Encipherment, Data Encipherment, Key Agreement
=== VO cms extension information ===
VO        : cms
subject   : /C=TW/O=AP/OU=GRID/CN=Amandeep Kaur Kalsi 129089
issuer    : /DC=ch/DC=cern/OU=computers/CN=voms2.cern.ch
attribute : /cms/Role=NULL/Capability=NULL
timeleft  : 191:49:09
uri       : voms2.cern.ch:15002

WNHostName=cmsrm-wn127.roma1.infn.it
$_CONDOR_JOB_AD =/home/pilcms07/home_cream_509176042/CREAM509176042/glide_C47ccC/execute/dir_13703/.job.ad
OverflowFlag=1
>>> tar --no-same-permissions -xf /home/pilcms07/home_cream_509176042/CREAM509176042/glide_C47ccC/execute/dir_13703/default.tgz :
Successful untar
>>> Include /home/pilcms07/home_cream_509176042/CREAM509176042/glide_C47ccC/execute/dir_13703 in PYTHONPATH:
strip arguments
env var CRAB_UNIQUE_JOB_ID set to: amkalsi_Loose_1000ps_k84eh5_9_1_mdL
out_files_9
>>> list of expected files on output sandbox
output files: OutTree_9_1_mdL.root crab_fjr_9.xml CMSSW_9.stdout CMSSW_9.stderr Watchdog_9.log.gz
>>> GridFlavour discovery: 
GridFlavour=LCG
>>> SyncSite discovery: 
SyncSite=T2_IT_Rome
>>> SyncCE discovery: 
getting SyncCE from CE_ID
SyncCE=cmsrm-cream03.roma1.infn.it:8443/cream-lsf-cmsglong
>>> info for dashboard:
***** Cat /home/pilcms07/home_cream_509176042/CREAM509176042/glide_C47ccC/execute/dir_13703/jobreport.txt *****
WNHostName=cmsrm-wn127.roma1.infn.it
OverflowFlag=1
MonitorJobID=9_https://vocms0117.cern.ch//151020//47160.8
SyncGridJobId=https://vocms0117.cern.ch//151020//47160.8
MonitorID=amkalsi_Loose_1000ps_k84eh5
GridFlavour=LCG
SyncSite=T2_IT_Rome
SyncCE=cmsrm-cream03.roma1.infn.it:8443/cream-lsf-cmsglong
***** End Cat jobreport *****
Parameters sent to Dashboard.
>>> setup environment
set SCRAM ARCH to slc6_amd64_gcc472
SCRAM_ARCH = slc6_amd64_gcc472
>>> setup CMS LCG environment:
set SCRAM ARCH and BUILD_ARCH to slc6_amd64_gcc472 ###
Sourcing environment... 
sourcing /cvmfs/cms.cern.ch/cmsset_default.sh
==> setup cms environment ok
>>> specific cmssw setup environment:
CMSSW_VERSION =  CMSSW_6_2_0_SLHC26_patch3
WARNING: In non-interactive mode release checks e.g. deprecated releases, production architectures are disabled.
>>> current directory (SOFTWARE_DIR): /home/pilcms07/home_cream_509176042/CREAM509176042/glide_C47ccC/execute/dir_13703/CMSSW_6_2_0_SLHC26_patch3
PreserveSeeds: <>
IncrementSeeds:<>
>>> info for dashboard:
***** Cat /home/pilcms07/home_cream_509176042/CREAM509176042/glide_C47ccC/execute/dir_13703/jobreport.txt *****
MonitorJobID=9_https://vocms0117.cern.ch//151020//47160.8
MonitorID=amkalsi_Loose_1000ps_k84eh5
***** End Cat jobreport *****
Parameters sent to Dashboard.
crabWatchdog started as process 13977
>>> moving CMSSW software directories in /home/pilcms07/home_cream_509176042/CREAM509176042/glide_C47ccC/execute/dir_13703/CMSSW_6_2_0_SLHC26_patch3
mv: cannot stat `/home/pilcms07/home_cream_509176042/CREAM509176042/glide_C47ccC/execute/dir_13703/module/': No such file or directory
>>> Include /home/pilcms07/home_cream_509176042/CREAM509176042/glide_C47ccC/execute/dir_13703 in PYTHONPATH:
PYTHONPATH=/home/pilcms07/home_cream_509176042/CREAM509176042/glide_C47ccC/execute/dir_13703/:/home/pilcms07/home_cream_509176042/CREAM509176042/glide_C47ccC/execute/dir_13703/CMSSW_6_2_0_SLHC26_patch3/python:/home/pilcms07/home_cream_509176042/CREAM509176042/glide_C47ccC/execute/dir_13703/CMSSW_6_2_0_SLHC26_patch3/lib/slc6_amd64_gcc472:/cvmfs/cms.cern.ch/slc6_amd64_gcc472/cms/cmssw-patch/CMSSW_6_2_0_SLHC26_patch3/python:/cvmfs/cms.cern.ch/slc6_amd64_gcc472/cms/cmssw-patch/CMSSW_6_2_0_SLHC26_patch3/lib/slc6_amd64_gcc472:/cvmfs/cms.cern.ch/slc6_amd64_gcc472/cms/cmssw/CMSSW_6_2_0_SLHC26/bin/slc6_amd64_gcc472:/cvmfs/cms.cern.ch/slc6_amd64_gcc472/cms/cmssw/CMSSW_6_2_0_SLHC26/lib/slc6_amd64_gcc472:/cvmfs/cms.cern.ch/slc6_amd64_gcc472/cms/coral/CORAL_2_3_21-flmnjk2/slc6_amd64_gcc472/python:/cvmfs/cms.cern.ch/slc6_amd64_gcc472/cms/coral/CORAL_2_3_21-flmnjk2/slc6_amd64_gcc472/lib:/cvmfs/cms.cern.ch/slc6_amd64_gcc472/external/pyqt/4.8.1-cms5/lib/python2.7/site-packages:/cvmfs/cms.cern.ch/slc6_amd64_gcc472/external/py2-scipy/0.8.0-cms7/lib/python2.7/site-packages:/cvmfs/cms.cern.ch/slc6_amd64_gcc472/external/py2-matplotlib/1.0.1-cms7/lib/python2.7/site-packages:/cvmfs/cms.cern.ch/slc6_amd64_gcc472/external/python-ldap/2.4.10/lib/python2.7/site-packages:/cvmfs/cms.cern.ch/slc6_amd64_gcc472/external/sip/4.11.2-cms5/lib/python2.7/site-packages:/cvmfs/cms.cern.ch/slc6_amd64_gcc472/external/py2-pycurl/7.19.0-cms7/lib/python2.7/site-packages:/cvmfs/cms.cern.ch/slc6_amd64_gcc472/external/py2-numpy/1.6.1-cms7/lib/python2.7/site-packages:/cvmfs/cms.cern.ch/slc6_amd64_gcc472/external/py2-lint/0.25.1-cms5/lib/python2.7/site-packages:/cvmfs/cms.cern.ch/slc6_amd64_gcc472/external/py2-ipython/0.10-cms5/lib/python2.7/site-packages:/cvmfs/cms.cern.ch/slc6_amd64_gcc472/external/py2-cx-oracle/5.1-cms5/lib/python2.7/site-packages:/cvmfs/cms.cern.ch/slc6_amd64_gcc472/external/py2-cjson/1.0.5-cms5/lib/python2.7/site-packages:/cvmfs/cms.cern.ch/slc6_amd64_gcc472/cms/das-client/1.11.7/bin:/cvmfs/cms.cern.ch/slc6_amd64_gcc472/external/elementtree/1.2.6-cms5/share/lib/python2.7/site-packages:/cvmfs/cms.cern.ch/slc6_amd64_gcc472/external/rivet/1.8.2-cms9/lib/python2.7/site-packages:/cvmfs/cms.cern.ch/slc6_amd64_gcc472/external/pyminuit2/0.0.1-cms25/lib/python2.7/site-packages:/cvmfs/cms.cern.ch/slc6_amd64_gcc472/external/py2-pygithub/1.23.0-cms2/lib/python2.7/site-packages:/cvmfs/cms.cern.ch/slc6_amd64_gcc472/external/professor/1.0.0-cms25/lib/python2.7/site-packages:/cvmfs/cms.cern.ch/slc6_amd64_gcc472/lcg/root/5.34.07-cms5/lib:/cvmfs/cms.cern.ch/slc6_amd64_gcc472/cms/dbs-client/DBS_2_1_9-cms5/lib:/cvmfs/cms.cern.ch/slc6_amd64_gcc472/cms/dbs-client/DBS_2_1_9-cms5/lib/DBSAPI:/cvmfs/cms.cern.ch/slc6_amd64_gcc472/external/cvs2git/5419-cms/lib:/home/pilcms07/home_cream_509176042/CREAM509176042/glide_C47ccC/execute/dir_13703/
 
# LIMITS USED BY CRAB WATCHDOG:
# RSS  (KBytes)   : 2300000
# VSZ  (KBytes)   : 100000000
# DISK (MBytes)   : 19000
# CPU TIME        : 720h:0m:0s
# WALL CLOCK TIME : 21h:50m:0s
 
89204fc7dc811f9e79a97af487a037d4
PSETHASH = 89204fc7dc811f9e79a97af487a037d4
/home/pilcms07/home_cream_509176042/CREAM509176042/glide_C47ccC/execute/dir_13703/writeCfg.py pset.py pset.py
Importing .py file
Setting parameters
RandomNumberGeneratorService found, will attempt to change seeds
inputBlocks=/DYToMuMu_M-20_TuneZ2star_14TeV-pythia6-tauola/piet-DYToMuMu_M-20_TuneZ2star_14TeV-pythia6-tauola_HGCALGS_PU140_1ns_7ns_RECO-dae2ba7355add6539efc58ac0d4cc16b/USER#4efb22cb-eeb6-4df4-b9cd-e943234478b4
inputFiles=/store/user/piet/ME0Segment_Time/DYToMuMu_M-20_TuneZ2star_14TeV-pythia6-tauola/DYToMuMu_M-20_TuneZ2star_14TeV-pythia6-tauola_HGCALGS_PU140_1ns_7ns_RECO/151014_152234/0000/out_reco_669.root;/store/user/piet/ME0Segment_Time/DYToMuMu_M-20_TuneZ2star_14TeV-pythia6-tauola/DYToMuMu_M-20_TuneZ2star_14TeV-pythia6-tauola_HGCALGS_PU140_1ns_7ns_RECO/151014_152234/0000/out_reco_46.root;/store/user/piet/ME0Segment_Time/DYToMuMu_M-20_TuneZ2star_14TeV-pythia6-tauola/DYToMuMu_M-20_TuneZ2star_14TeV-pythia6-tauola_HGCALGS_PU140_1ns_7ns_RECO/151014_152234/0000/out_reco_563.root
parentFiles=
lumisRange=
>>> Executable cmsRun
/cvmfs/cms.cern.ch/slc6_amd64_gcc472/cms/cmssw/CMSSW_6_2_0_SLHC26/bin/slc6_amd64_gcc472/cmsRun
ok executable found
>>> info for dashboard:
***** Cat /home/pilcms07/home_cream_509176042/CREAM509176042/glide_C47ccC/execute/dir_13703/jobreport.txt *****
MonitorJobID=9_https://vocms0117.cern.ch//151020//47160.8
MonitorID=amkalsi_Loose_1000ps_k84eh5
ExeStart=cmsRun
***** End Cat jobreport *****
Parameters sent to Dashboard.
>>> cmsRun started at Tue Oct 20 05:44:53 UTC 2015
>>> cmsRun ended at Tue Oct 20 05:46:45 UTC 2015
>>> crab_fjr_*.xml  permission set to 0704
>>> info for dashboard:
***** Cat /home/pilcms07/home_cream_509176042/CREAM509176042/glide_C47ccC/execute/dir_13703/jobreport.txt *****
MonitorJobID=9_https://vocms0117.cern.ch//151020//47160.8
MonitorID=amkalsi_Loose_1000ps_k84eh5
ExeEnd=cmsRun
***** End Cat jobreport *****
Parameters sent to Dashboard.
TIME_EXE = 112 sec
>>> cmsRun wrote 67 lines of stdout+stderr
>>> START OF printout of 67 lines from stdout+stderr
Failed open file in the dCache.
%MSG-w StorageFactory::stagein():  PoolSource:source@sourceConstruction  20-Oct-2015 07:45:52 CEST pre-events
Failed to stage in file 'dcap://cmsrm-se01.roma1.infn.it/pnfs/roma1.infn.it/data/cms/store/user/piet/ME0Segment_Time/DYToMuMu_M-20_TuneZ2star_14TeV-pythia6-tauola/DYToMuMu_M-20_TuneZ2star_14TeV-pythia6-tauola_HGCALGS_PU140_1ns_7ns_RECO/151014_152234/0000/out_reco_669.root' because:
An exception of category 'FileStageInError' occurred while
   [0] Calling DCacheStorageMaker::stagein()
Exception Message:
Cannot stage in file 'dcap://cmsrm-se01.roma1.infn.it/pnfs/roma1.infn.it/data/cms/store/user/piet/ME0Segment_Time/DYToMuMu_M-20_TuneZ2star_14TeV-pythia6-tauola/DYToMuMu_M-20_TuneZ2star_14TeV-pythia6-tauola_HGCALGS_PU140_1ns_7ns_RECO/151014_152234/0000/out_reco_669.root', error was: "No such file or directory" (dc_errno=30)

%MSG
Failed open file in the dCache.
%MSG-w StorageFactory::stagein():  PoolSource:source@sourceConstruction  20-Oct-2015 07:45:52 CEST pre-events
Failed to stage in file 'dcap://cmsrm-se01.roma1.infn.it/pnfs/roma1.infn.it/data/cms/store/user/piet/ME0Segment_Time/DYToMuMu_M-20_TuneZ2star_14TeV-pythia6-tauola/DYToMuMu_M-20_TuneZ2star_14TeV-pythia6-tauola_HGCALGS_PU140_1ns_7ns_RECO/151014_152234/0000/out_reco_46.root' because:
An exception of category 'FileStageInError' occurred while
   [0] Calling DCacheStorageMaker::stagein()
Exception Message:
Cannot stage in file 'dcap://cmsrm-se01.roma1.infn.it/pnfs/roma1.infn.it/data/cms/store/user/piet/ME0Segment_Time/DYToMuMu_M-20_TuneZ2star_14TeV-pythia6-tauola/DYToMuMu_M-20_TuneZ2star_14TeV-pythia6-tauola_HGCALGS_PU140_1ns_7ns_RECO/151014_152234/0000/out_reco_46.root', error was: "No such file or directory" (dc_errno=30)

%MSG
Failed open file in the dCache.
%MSG-w StorageFactory::stagein():  PoolSource:source@sourceConstruction  20-Oct-2015 07:45:52 CEST pre-events
Failed to stage in file 'dcap://cmsrm-se01.roma1.infn.it/pnfs/roma1.infn.it/data/cms/store/user/piet/ME0Segment_Time/DYToMuMu_M-20_TuneZ2star_14TeV-pythia6-tauola/DYToMuMu_M-20_TuneZ2star_14TeV-pythia6-tauola_HGCALGS_PU140_1ns_7ns_RECO/151014_152234/0000/out_reco_563.root' because:
An exception of category 'FileStageInError' occurred while
   [0] Calling DCacheStorageMaker::stagein()
Exception Message:
Cannot stage in file 'dcap://cmsrm-se01.roma1.infn.it/pnfs/roma1.infn.it/data/cms/store/user/piet/ME0Segment_Time/DYToMuMu_M-20_TuneZ2star_14TeV-pythia6-tauola/DYToMuMu_M-20_TuneZ2star_14TeV-pythia6-tauola_HGCALGS_PU140_1ns_7ns_RECO/151014_152234/0000/out_reco_563.root', error was: "No such file or directory" (dc_errno=30)

%MSG
20-Oct-2015 07:45:52 CEST  Initiating request to open file dcap://cmsrm-se01.roma1.infn.it/pnfs/roma1.infn.it/data/cms/store/user/piet/ME0Segment_Time/DYToMuMu_M-20_TuneZ2star_14TeV-pythia6-tauola/DYToMuMu_M-20_TuneZ2star_14TeV-pythia6-tauola_HGCALGS_PU140_1ns_7ns_RECO/151014_152234/0000/out_reco_669.root
Failed open file in the dCache.
20-Oct-2015 07:45:53 CEST  Fallback request to file root://xrootd-cms.infn.it:1194//store/user/piet/ME0Segment_Time/DYToMuMu_M-20_TuneZ2star_14TeV-pythia6-tauola/DYToMuMu_M-20_TuneZ2star_14TeV-pythia6-tauola_HGCALGS_PU140_1ns_7ns_RECO/151014_152234/0000/out_reco_669.root
20-Oct-2015 07:46:00 CEST  Successfully opened file root://xrootd-cms.infn.it:1194//store/user/piet/ME0Segment_Time/DYToMuMu_M-20_TuneZ2star_14TeV-pythia6-tauola/DYToMuMu_M-20_TuneZ2star_14TeV-pythia6-tauola_HGCALGS_PU140_1ns_7ns_RECO/151014_152234/0000/out_reco_669.root
Begin processing the 1st record. Run 1, Event 751611, LumiSection 31647 at 20-Oct-2015 07:46:13.896 CEST
in MuonNumberingInitialization::initializeMuonDDDConstants
about to make my new muonDDDConst_
in MuonNumberingInitialization::produce
-10.555620-Oct-2015 07:46:26 CEST  Closed file root://xrootd-cms.infn.it:1194//store/user/piet/ME0Segment_Time/DYToMuMu_M-20_TuneZ2star_14TeV-pythia6-tauola/DYToMuMu_M-20_TuneZ2star_14TeV-pythia6-tauola_HGCALGS_PU140_1ns_7ns_RECO/151014_152234/0000/out_reco_669.root
20-Oct-2015 07:46:26 CEST  Initiating request to open file dcap://cmsrm-se01.roma1.infn.it/pnfs/roma1.infn.it/data/cms/store/user/piet/ME0Segment_Time/DYToMuMu_M-20_TuneZ2star_14TeV-pythia6-tauola/DYToMuMu_M-20_TuneZ2star_14TeV-pythia6-tauola_HGCALGS_PU140_1ns_7ns_RECO/151014_152234/0000/out_reco_46.root
Failed open file in the dCache.
20-Oct-2015 07:46:26 CEST  Fallback request to file root://xrootd-cms.infn.it:1194//store/user/piet/ME0Segment_Time/DYToMuMu_M-20_TuneZ2star_14TeV-pythia6-tauola/DYToMuMu_M-20_TuneZ2star_14TeV-pythia6-tauola_HGCALGS_PU140_1ns_7ns_RECO/151014_152234/0000/out_reco_46.root
20-Oct-2015 07:46:27 CEST  Successfully opened file root://xrootd-cms.infn.it:1194//store/user/piet/ME0Segment_Time/DYToMuMu_M-20_TuneZ2star_14TeV-pythia6-tauola/DYToMuMu_M-20_TuneZ2star_14TeV-pythia6-tauola_HGCALGS_PU140_1ns_7ns_RECO/151014_152234/0000/out_reco_46.root
-1.26352-0.9522420-Oct-2015 07:46:34 CEST  Closed file root://xrootd-cms.infn.it:1194//store/user/piet/ME0Segment_Time/DYToMuMu_M-20_TuneZ2star_14TeV-pythia6-tauola/DYToMuMu_M-20_TuneZ2star_14TeV-pythia6-tauola_HGCALGS_PU140_1ns_7ns_RECO/151014_152234/0000/out_reco_46.root
20-Oct-2015 07:46:34 CEST  Initiating request to open file dcap://cmsrm-se01.roma1.infn.it/pnfs/roma1.infn.it/data/cms/store/user/piet/ME0Segment_Time/DYToMuMu_M-20_TuneZ2star_14TeV-pythia6-tauola/DYToMuMu_M-20_TuneZ2star_14TeV-pythia6-tauola_HGCALGS_PU140_1ns_7ns_RECO/151014_152234/0000/out_reco_563.root
Failed open file in the dCache.
20-Oct-2015 07:46:34 CEST  Fallback request to file root://xrootd-cms.infn.it:1194//store/user/piet/ME0Segment_Time/DYToMuMu_M-20_TuneZ2star_14TeV-pythia6-tauola/DYToMuMu_M-20_TuneZ2star_14TeV-pythia6-tauola_HGCALGS_PU140_1ns_7ns_RECO/151014_152234/0000/out_reco_563.root
20-Oct-2015 07:46:35 CEST  Successfully opened file root://xrootd-cms.infn.it:1194//store/user/piet/ME0Segment_Time/DYToMuMu_M-20_TuneZ2star_14TeV-pythia6-tauola/DYToMuMu_M-20_TuneZ2star_14TeV-pythia6-tauola_HGCALGS_PU140_1ns_7ns_RECO/151014_152234/0000/out_reco_563.root
-1.8609220-Oct-2015 07:46:44 CEST  Closed file root://xrootd-cms.infn.it:1194//store/user/piet/ME0Segment_Time/DYToMuMu_M-20_TuneZ2star_14TeV-pythia6-tauola/DYToMuMu_M-20_TuneZ2star_14TeV-pythia6-tauola_HGCALGS_PU140_1ns_7ns_RECO/151014_152234/0000/out_reco_563.root

=============================================

MessageLogger Summary

 type     category        sev    module        subroutine        count    total
 ---- -------------------- -- ---------------- ----------------  -----    -----
    1 StorageFactory::stag -w PoolSource:sourc                       3        3
    2 fileAction           -s file_close                             3        3
    3 fileAction           -s file_open                              9        9

 type    category    Examples: run/evt        run/evt          run/evt
 ---- -------------------- ---------------- ---------------- ----------------
    1 StorageFactory::stagein() pre-events       pre-events       pre-events
    2 fileAction           PostProcessEvent PostProcessEvent PostEndRun
    3 fileAction           pre-events       pre-events       PostProcessEvent

Severity    # Occurrences   Total Occurrences
--------    -------------   -----------------
Warning                 3                   3
System                 12                  12
>>> END OF printout of 67 lines from stdout+stderr
>>> Parse FrameworkJobReport crab_fjr.xml
Result of parsing the FrameworkJobReport crab_fjr.xml: Popularity start
lumisRange : 1::::1;1::::2;1::::3;
lumisParentRange : 
Basename : /store/user/piet/ME0Segment_Time/DYToMuMu_M-20_TuneZ2star_14TeV-pythia6-tauola/DYToMuMu_M-20_TuneZ2star_14TeV-pythia6-tauola_HGCALGS_PU140_1ns_7ns_RECO/151014_152234/0000/out_reco_
BasenameParent : 
parentFiles : 
inputBlocks : /DYToMuMu_M-20_TuneZ2star_14TeV-pythia6-tauola/piet-DYToMuMu_M-20_TuneZ2star_14TeV-pythia6-tauola_HGCALGS_PU140_1ns_7ns_RECO-dae2ba7355add6539efc58ac0d4cc16b/USER#4efb22cb-eeb6-4df4-b9cd-e943234478b4
inputFiles : 563.root::1::EDM::Remote::1;669.root::1::EDM::Remote::2;46.root::1::EDM::Remote::3;
Popularity stop
Extracted ExitStatus from FrameworkJobReport parsing output: 0
>>> Executable succeded  0
ExeExitCode=0
EXECUTABLE_EXIT_STATUS = 0
>>> current directory /home/pilcms07/home_cream_509176042/CREAM509176042/glide_C47ccC/execute/dir_13703/CMSSW_6_2_0_SLHC26_patch3
>>>  (SOFTWARE_DIR): /home/pilcms07/home_cream_509176042/CREAM509176042/glide_C47ccC/execute/dir_13703/CMSSW_6_2_0_SLHC26_patch3
>>> (WORKING_DIR): 
>>> current directory content:
total 652
drwxr-xr-x 3 cms116 cms   4096 Oct 20 07:44 .SCRAM
-rw------- 1 cms116 cms 279361 Oct 20 07:44 CMSSW.py.pkl
-rw------- 1 cms116 cms  11771 Oct 20 07:46 OutTree.root
drwxr-xr-x 3 cms116 cms   4096 Oct 20 07:44 biglib
drwxr-xr-x 3 cms116 cms   4096 Oct 20 07:44 bin
drwxr-xr-x 3 cms116 cms   4096 Oct 20 07:44 cfipython
drwxr-xr-x 4 cms116 cms   4096 Jul 13 19:47 config
-rw------- 1 cms116 cms     15 Oct 20 07:46 cpu_timing.txt
drwxr-xr-x 2 cms116 cms   4096 Oct 20 07:44 doc
-rw------- 1 cms116 cms   7361 Oct 20 07:46 executable.out
drwxr-xr-x 2 cms116 cms   4096 Oct 20 07:44 include
drwx------ 3 cms116 cms   4096 Sep 29 20:50 lib
drwxr-xr-x 3 cms116 cms   4096 Oct 20 07:44 logs
drwxr-xr-x 3 cms116 cms   4096 Oct 20 07:44 objs
-rw------- 1 cms116 cms    104 Oct 20 07:44 pset.py
-rw------- 1 cms116 cms 280213 Oct 20 07:44 pset.py.pkl
-rw------- 1 cms116 cms    289 Oct 20 07:44 pset.pyc
drwxr-xr-x 2 cms116 cms   4096 Oct 20 07:44 python
-rw------- 1 cms116 cms    359 Oct 20 07:46 report.log
drwx------ 7 cms116 cms   4096 Oct 20 07:44 src
drwxr-xr-x 3 cms116 cms   4096 Oct 20 07:44 test
drwxr-xr-x 3 cms116 cms   4096 Oct 20 07:44 tmp
>>> current directory /home/pilcms07/home_cream_509176042/CREAM509176042/glide_C47ccC/execute/dir_13703/CMSSW_6_2_0_SLHC26_patch3
>>> (SOFTWARE_DIR): /home/pilcms07/home_cream_509176042/CREAM509176042/glide_C47ccC/execute/dir_13703/CMSSW_6_2_0_SLHC26_patch3
>>> (WORKING_DIR): 
>>> current directory content:
total 640
drwxr-xr-x 3 cms116 cms   4096 Oct 20 07:44 .SCRAM
-rw------- 1 cms116 cms 279361 Oct 20 07:44 CMSSW.py.pkl
drwxr-xr-x 3 cms116 cms   4096 Oct 20 07:44 biglib
drwxr-xr-x 3 cms116 cms   4096 Oct 20 07:44 bin
drwxr-xr-x 3 cms116 cms   4096 Oct 20 07:44 cfipython
drwxr-xr-x 4 cms116 cms   4096 Jul 13 19:47 config
-rw------- 1 cms116 cms     15 Oct 20 07:46 cpu_timing.txt
drwxr-xr-x 2 cms116 cms   4096 Oct 20 07:44 doc
-rw------- 1 cms116 cms   7361 Oct 20 07:46 executable.out
drwxr-xr-x 2 cms116 cms   4096 Oct 20 07:44 include
drwx------ 3 cms116 cms   4096 Sep 29 20:50 lib
drwxr-xr-x 3 cms116 cms   4096 Oct 20 07:44 logs
drwxr-xr-x 3 cms116 cms   4096 Oct 20 07:44 objs
-rw------- 1 cms116 cms    104 Oct 20 07:44 pset.py
-rw------- 1 cms116 cms 280213 Oct 20 07:44 pset.py.pkl
-rw------- 1 cms116 cms    289 Oct 20 07:44 pset.pyc
drwxr-xr-x 2 cms116 cms   4096 Oct 20 07:44 python
-rw------- 1 cms116 cms    359 Oct 20 07:46 report.log
drwx------ 7 cms116 cms   4096 Oct 20 07:44 src
drwxr-xr-x 3 cms116 cms   4096 Oct 20 07:44 test
drwxr-xr-x 3 cms116 cms   4096 Oct 20 07:44 tmp
>>> current directory (RUNTIME_AREA):  /home/pilcms07/home_cream_509176042/CREAM509176042/glide_C47ccC/execute/dir_13703
>>> current dir: /home/pilcms07/home_cream_509176042/CREAM509176042/glide_C47ccC/execute/dir_13703
>>> current dir content:
total 25980
-rwx------  1 cms116 cms       53 Oct 20 07:44 .chirp.config
-rwx------  1 cms116 cms     6595 Oct 20 07:44 .job.ad
-rwx------  1 cms116 cms     9408 Oct 20 07:44 .machine.ad
-rw-------  1 cms116 cms      105 Oct 20 07:37 CMSSW.py
-rw-------  1 cms116 cms   279361 Oct 20 07:37 CMSSW.py.pkl
-rwx------  1 cms116 cms    26312 Oct 20 07:44 CMSSW.sh
drwxr-xr-x 16 cms116 cms     4096 Oct 20 07:46 CMSSW_6_2_0_SLHC26_patch3
-rw-------  1 cms116 cms      488 Oct 20 07:44 CacheEnv.sh
-rw-------  1 cms116 cms     7291 Nov 19  2014 DashboardAPI.py
-rw-------  1 cms116 cms     6845 Oct 20 07:44 DashboardAPI.pyc
drwx------  2 cms116 cms     4096 Oct 20 07:46 IMProv
-rw-------  1 cms116 cms     2748 Nov 19  2014 Logger.py
-rw-------  1 cms116 cms     3357 Oct 20 07:44 Logger.pyc
lrwxrwxrwx  1 cms116 cms      102 Oct 20 07:46 OutTree.root -> /home/pilcms07/home_cream_509176042/CREAM509176042/glide_C47ccC/execute/dir_13703/OutTree_9_1_mdL.root
-rw-------  1 cms116 cms    11771 Oct 20 07:46 OutTree_9_1_mdL.root
-rw-------  1 cms116 cms    24524 Nov 19  2014 ProcInfo.py
-rw-------  1 cms116 cms    23245 Oct 20 07:44 ProcInfo.pyc
drwx------  7 cms116 cms     4096 Oct 20 07:44 ProdCommon
drwx------  3 cms116 cms     4096 Oct 20 07:44 WMCore
-rw-------  1 cms116 cms     1544 Oct 20 07:45 Watchdog_9.log
-rwx------  1 cms116 cms        0 Oct 20 07:44 _condor_stderr
-rwx---r--  1 cms116 cms    20845 Oct 20 07:46 _condor_stdout
-rw-------  1 cms116 cms    32895 Nov 19  2014 apmon.py
-rw-------  1 cms116 cms    28683 Oct 20 07:44 apmon.pyc
-rwx------  1 cms116 cms   198108 Oct 20 07:44 arguments.xml
-rwx------  1 cms116 cms   204102 May 29 01:26 cmsRun
-rwx------  1 cms116 cms    38581 Nov 19  2014 cmscp.py
-rwx------  1 cms116 cms    26312 Oct 20 07:44 condor_exec.exe
-rw-------  1 cms116 cms      532 Oct 20 07:37 crab.cfg
-rwx------  1 cms116 cms     8610 Nov 19  2014 crabWatchdog.sh
-rwx---r--  1 cms116 cms   174420 Oct 20 07:46 crab_fjr_9.xml
-rwx------  1 cms116 cms 25265817 Oct 20 07:44 default.tgz
-rwx------  1 cms116 cms     4488 Nov 19  2014 fillCrabFjr.py
-rw-------  1 cms116 cms      814 Oct 20 07:44 inputsReport.txt
-rw-------  1 cms116 cms      122 Oct 20 07:46 jobreport.txt
-rw-------  1 cms116 cms    17352 Nov 19  2014 parseCrabFjr.py
-rw-------  1 cms116 cms      345 Oct 20 07:44 report.log
-rwx--x--x  1 cms116 cms     1497 Nov 19  2014 report.py
-rwx------  1 cms116 cms     8351 Nov 19  2014 writeCfg.py
-rw-------  1 cms116 cms     8469 Oct 20 07:44 x509up_u46992
>>> crab_fjr_*.xml  permission set to 0704
CrabWrapper EXIT_FUNC entered at Tue Oct 20 07:46:50 CEST 2015   -  Tue Oct 20 05:46:50 UTC 2015
Checking output files:  
will tar file OutTree_9_1_mdL.root in  out_files_9
will tar file crab_fjr_9.xml in  out_files_9
WARNING: output file CMSSW_9.stdout not found!
WARNING: output file CMSSW_9.stderr not found!
WARNING: output file Watchdog_9.log.gz not found!
>>> padding time: Sleeping the wrapper for 470 seconds
STOPPING WATCHDOG. CrabWatchdog PID is 13977
********** LAST 50 LINES OF WATCHDOG LOG
# RESOURCE USAGE SUMMARY FOR PROCESS ID 13724
USER       PID %CPU %MEM    VSZ   RSS TTY      STAT START   TIME COMMAND
cms116   13724  0.4  0.0   9592  1600 ?        S    07:44   0:00 /bin/sh /home/pilcms07/home_cream_509176042/CREAM509176042/glide_C47ccC/execute/dir_13703/condor_exec.exe 9 1
 
# LIMITS USED BY CRAB WATCHDOG:
# RSS  (KBytes)   : 2300000
# VSZ  (KBytes)   : 100000000
# DISK (MBytes)   : 19000
# CPU TIME        : 720h:0m:0s
# WALL CLOCK TIME : 21h:50m:0s
 
# FOLLOWING PRINTOUT TRACKS MAXIMUM VALUES OF RESOURCES USE
# ONE LINE IS PRINTED EACH TIME A MAXIMUM CHANGES
# IF CHANGE WAS IN RSS OR VSZ ALSO PROCID AND COMMAND ARE PRINTED
# THERE IS NO PRINTOUT FOR CPU/WALL TIME INCREASE
 
# TIME			PID	RSS(KB)	VSZ(KB)	Dsk(MB)	tCPU(s)	tWALL(s)	COMMAND
 Oct 20 07:44:48 CEST	13724	1600	9592	0	0	0	/bin/sh /home/pilcms07/home_cream_509176042/CREAM509176042/glide_C47ccC/execute/dir_13703/condor_exec.exe 9 1       
 Oct 20 07:44:48 CEST	13977	1668	13824	0	0	0	/bin/bash /home/pilcms07/home_cream_509176042/CREAM509176042/glide_C47ccC/execute/dir_13703/crabWatchdog.sh         
 Oct 20 07:44:48 CEST	---	1668	13824	154	----	----	----
 Oct 20 07:45:49 CEST	13977	1672	13824	154	0	61	/bin/bash /home/pilcms07/home_cream_509176042/CREAM509176042/glide_C47ccC/execute/dir_13703/crabWatchdog.sh         
 Oct 20 07:45:49 CEST	14120	240936	391664	154	9	61	cmsRun -j /home/pilcms07/home_cream_509176042/CREAM509176042/glide_C47ccC/execute/dir_13703/crab_fjr_9.xml -p pset.py      
 Oct 20 07:45:49 CEST	---	240936	391664	155	----	----	----
********** WATCHDOG LOG ENDED
ZIPPING WATCHDOG LOG
Disk space used:
du -sh /home/pilcms07/home_cream_509176042/CREAM509176042/glide_C47ccC/execute/dir_13703
155M	/home/pilcms07/home_cream_509176042/CREAM509176042/glide_C47ccC/execute/dir_13703
Found unusual stdout, rename for OSB
`/home/pilcms07/home_cream_509176042/CREAM509176042/glide_C47ccC/execute/dir_13703/_condor_stdout' -> `CMSSW_9.stdout'
Found unusual stderr, rename for OSB
`/home/pilcms07/home_cream_509176042/CREAM509176042/glide_C47ccC/execute/dir_13703/_condor_stdout' -> `CMSSW_9.stderr'
OutTree_9_1_mdL.root
crab_fjr_9.xml
CMSSW_9.stdout
CMSSW_9.stderr
Watchdog_9.log.gz
Total Output dimension: 33748
WARNING: output files size limit is set to: 50000000
Total Output dimension 33748 is fine.
JOB_EXIT_STATUS = 0
>>> info for dashboard:
***** Cat /home/pilcms07/home_cream_509176042/CREAM509176042/glide_C47ccC/execute/dir_13703/jobreport.txt *****
MonitorJobID=9_https://vocms0117.cern.ch//151020//47160.8
MonitorID=amkalsi_Loose_1000ps_k84eh5
ExeTime=112
ExeExitCode=0
CrabUserCpuTime=28.27
CrabSysCpuTime=1.66
CrabCpuPercentage=26%
CrabWrapperTime=600
CrabStageoutTime=NULL
JobExitCode=0
***** End Cat jobreport *****
Parameters sent to Dashboard.
EXITING at Tue Oct 20 07:54:43 CEST 2015  -  Tue Oct 20 05:54:43 UTC 2015
