This script was generated by crab (version 2.11.1_patch1).
Running /home/grid/cmsplt17/home_cream_023317437/CREAM023317437/glide_WKVzES/execute/dir_121163/condor_exec.exe with 2 positional parameters: 4 1
Today is Tue Oct 20 07:44:39 CEST 2015 - Tue Oct 20 05:44:39 UTC 2015
Job submitted on host s1wn70
Linux s1wn70 3.0.13-0.27-default #1 SMP Wed Feb 15 13:33:49 UTC 2012 (d73692b) x86_64 x86_64 x86_64 GNU/Linux
Distributor ID:	Scientific
Description:	Scientific Linux release 6.6 (Carbon)
>>> current directory (RUNTIME_AREA): /home/grid/cmsplt17/home_cream_023317437/CREAM023317437/glide_WKVzES/execute/dir_121163
>>> current user: uid=14009(cms059) gid=1023(cms) groups=1023(cms)
>>> directory permission set to 0700
>>> umask set to:  u=rwx,g=,o=
>>> stdout stderr permission set to 0704
>>> voms proxy information:
subject   : /C=TW/O=AP/OU=GRID/CN=Amandeep Kaur Kalsi 129089/CN=541697223/CN=221188302
issuer    : /C=TW/O=AP/OU=GRID/CN=Amandeep Kaur Kalsi 129089/CN=541697223
identity  : /C=TW/O=AP/OU=GRID/CN=Amandeep Kaur Kalsi 129089
type      : RFC3820 compliant limited proxy
strength  : 1024
path      : /home/grid/cmsplt17/home_cream_023317437/CREAM023317437/glide_WKVzES/execute/dir_121163/x509up_u46992
timeleft  : 191:49:02
key usage : Digital Signature, Key Encipherment, Data Encipherment, Key Agreement
=== VO cms extension information ===
VO        : cms
subject   : /C=TW/O=AP/OU=GRID/CN=Amandeep Kaur Kalsi 129089
issuer    : /DC=ch/DC=cern/OU=computers/CN=voms2.cern.ch
attribute : /cms/Role=NULL/Capability=NULL
timeleft  : 191:49:02
uri       : voms2.cern.ch:15002

WNHostName=s1wn70
$_CONDOR_JOB_AD =/home/grid/cmsplt17/home_cream_023317437/CREAM023317437/glide_WKVzES/execute/dir_121163/.job.ad
OverflowFlag=1
>>> tar --no-same-permissions -xf /home/grid/cmsplt17/home_cream_023317437/CREAM023317437/glide_WKVzES/execute/dir_121163/default.tgz :
Successful untar
>>> Include /home/grid/cmsplt17/home_cream_023317437/CREAM023317437/glide_WKVzES/execute/dir_121163 in PYTHONPATH:
strip arguments
env var CRAB_UNIQUE_JOB_ID set to: amkalsi_Loose_1000ps_k84eh5_4_1_z5K
out_files_4
>>> list of expected files on output sandbox
output files: OutTree_4_1_z5K.root crab_fjr_4.xml CMSSW_4.stdout CMSSW_4.stderr Watchdog_4.log.gz
>>> GridFlavour discovery: 
GridFlavour=LCG
>>> SyncSite discovery: 
SyncSite=T2_IT_Pisa
>>> SyncCE discovery: 
getting SyncCE from CE_ID
SyncCE=gridce0.pi.infn.it:8443/cream-lsf-cms
>>> info for dashboard:
***** Cat /home/grid/cmsplt17/home_cream_023317437/CREAM023317437/glide_WKVzES/execute/dir_121163/jobreport.txt *****
WNHostName=s1wn70
OverflowFlag=1
MonitorJobID=4_https://vocms0117.cern.ch//151020//47160.3
SyncGridJobId=https://vocms0117.cern.ch//151020//47160.3
MonitorID=amkalsi_Loose_1000ps_k84eh5
GridFlavour=LCG
SyncSite=T2_IT_Pisa
SyncCE=gridce0.pi.infn.it:8443/cream-lsf-cms
***** End Cat jobreport *****
Parameters sent to Dashboard.
>>> setup environment
set SCRAM ARCH to slc6_amd64_gcc472
SCRAM_ARCH = slc6_amd64_gcc472
>>> setup CMS LCG environment:
set SCRAM ARCH and BUILD_ARCH to slc6_amd64_gcc472 ###
Sourcing environment... 
sourcing /cvmfs/cms.cern.ch/cmsset_default.sh
==> setup cms environment ok
>>> specific cmssw setup environment:
CMSSW_VERSION =  CMSSW_6_2_0_SLHC26_patch3
WARNING: In non-interactive mode release checks e.g. deprecated releases, production architectures are disabled.
>>> current directory (SOFTWARE_DIR): /home/grid/cmsplt17/home_cream_023317437/CREAM023317437/glide_WKVzES/execute/dir_121163/CMSSW_6_2_0_SLHC26_patch3
PreserveSeeds: <>
IncrementSeeds:<>
>>> info for dashboard:
***** Cat /home/grid/cmsplt17/home_cream_023317437/CREAM023317437/glide_WKVzES/execute/dir_121163/jobreport.txt *****
MonitorJobID=4_https://vocms0117.cern.ch//151020//47160.3
MonitorID=amkalsi_Loose_1000ps_k84eh5
***** End Cat jobreport *****
Parameters sent to Dashboard.
crabWatchdog started as process 121448
>>> moving CMSSW software directories in /home/grid/cmsplt17/home_cream_023317437/CREAM023317437/glide_WKVzES/execute/dir_121163/CMSSW_6_2_0_SLHC26_patch3
mv: cannot stat `/home/grid/cmsplt17/home_cream_023317437/CREAM023317437/glide_WKVzES/execute/dir_121163/module/': No such file or directory
>>> Include /home/grid/cmsplt17/home_cream_023317437/CREAM023317437/glide_WKVzES/execute/dir_121163 in PYTHONPATH:
PYTHONPATH=/home/grid/cmsplt17/home_cream_023317437/CREAM023317437/glide_WKVzES/execute/dir_121163/:/home/grid/cmsplt17/home_cream_023317437/CREAM023317437/glide_WKVzES/execute/dir_121163/CMSSW_6_2_0_SLHC26_patch3/python:/home/grid/cmsplt17/home_cream_023317437/CREAM023317437/glide_WKVzES/execute/dir_121163/CMSSW_6_2_0_SLHC26_patch3/lib/slc6_amd64_gcc472:/cvmfs/cms.cern.ch/slc6_amd64_gcc472/cms/cmssw-patch/CMSSW_6_2_0_SLHC26_patch3/python:/cvmfs/cms.cern.ch/slc6_amd64_gcc472/cms/cmssw-patch/CMSSW_6_2_0_SLHC26_patch3/lib/slc6_amd64_gcc472:/cvmfs/cms.cern.ch/slc6_amd64_gcc472/cms/cmssw/CMSSW_6_2_0_SLHC26/bin/slc6_amd64_gcc472:/cvmfs/cms.cern.ch/slc6_amd64_gcc472/cms/cmssw/CMSSW_6_2_0_SLHC26/lib/slc6_amd64_gcc472:/cvmfs/cms.cern.ch/slc6_amd64_gcc472/cms/coral/CORAL_2_3_21-flmnjk2/slc6_amd64_gcc472/python:/cvmfs/cms.cern.ch/slc6_amd64_gcc472/cms/coral/CORAL_2_3_21-flmnjk2/slc6_amd64_gcc472/lib:/cvmfs/cms.cern.ch/slc6_amd64_gcc472/external/pyqt/4.8.1-cms5/lib/python2.7/site-packages:/cvmfs/cms.cern.ch/slc6_amd64_gcc472/external/py2-scipy/0.8.0-cms7/lib/python2.7/site-packages:/cvmfs/cms.cern.ch/slc6_amd64_gcc472/external/py2-matplotlib/1.0.1-cms7/lib/python2.7/site-packages:/cvmfs/cms.cern.ch/slc6_amd64_gcc472/external/python-ldap/2.4.10/lib/python2.7/site-packages:/cvmfs/cms.cern.ch/slc6_amd64_gcc472/external/sip/4.11.2-cms5/lib/python2.7/site-packages:/cvmfs/cms.cern.ch/slc6_amd64_gcc472/external/py2-pycurl/7.19.0-cms7/lib/python2.7/site-packages:/cvmfs/cms.cern.ch/slc6_amd64_gcc472/external/py2-numpy/1.6.1-cms7/lib/python2.7/site-packages:/cvmfs/cms.cern.ch/slc6_amd64_gcc472/external/py2-lint/0.25.1-cms5/lib/python2.7/site-packages:/cvmfs/cms.cern.ch/slc6_amd64_gcc472/external/py2-ipython/0.10-cms5/lib/python2.7/site-packages:/cvmfs/cms.cern.ch/slc6_amd64_gcc472/external/py2-cx-oracle/5.1-cms5/lib/python2.7/site-packages:/cvmfs/cms.cern.ch/slc6_amd64_gcc472/external/py2-cjson/1.0.5-cms5/lib/python2.7/site-packages:/cvmfs/cms.cern.ch/slc6_amd64_gcc472/cms/das-client/1.11.7/bin:/cvmfs/cms.cern.ch/slc6_amd64_gcc472/external/elementtree/1.2.6-cms5/share/lib/python2.7/site-packages:/cvmfs/cms.cern.ch/slc6_amd64_gcc472/external/rivet/1.8.2-cms9/lib/python2.7/site-packages:/cvmfs/cms.cern.ch/slc6_amd64_gcc472/external/pyminuit2/0.0.1-cms25/lib/python2.7/site-packages:/cvmfs/cms.cern.ch/slc6_amd64_gcc472/external/py2-pygithub/1.23.0-cms2/lib/python2.7/site-packages:/cvmfs/cms.cern.ch/slc6_amd64_gcc472/external/professor/1.0.0-cms25/lib/python2.7/site-packages:/cvmfs/cms.cern.ch/slc6_amd64_gcc472/lcg/root/5.34.07-cms5/lib:/cvmfs/cms.cern.ch/slc6_amd64_gcc472/cms/dbs-client/DBS_2_1_9-cms5/lib:/cvmfs/cms.cern.ch/slc6_amd64_gcc472/cms/dbs-client/DBS_2_1_9-cms5/lib/DBSAPI:/cvmfs/cms.cern.ch/slc6_amd64_gcc472/external/cvs2git/5419-cms/lib:/home/grid/cmsplt17/home_cream_023317437/CREAM023317437/glide_WKVzES/execute/dir_121163/
 
# LIMITS USED BY CRAB WATCHDOG:
# RSS  (KBytes)   : 2300000
# VSZ  (KBytes)   : 100000000
# DISK (MBytes)   : 19000
# CPU TIME        : 720h:0m:0s
# WALL CLOCK TIME : 21h:50m:0s
 
89204fc7dc811f9e79a97af487a037d4
PSETHASH = 89204fc7dc811f9e79a97af487a037d4
/home/grid/cmsplt17/home_cream_023317437/CREAM023317437/glide_WKVzES/execute/dir_121163/writeCfg.py pset.py pset.py
Importing .py file
Setting parameters
RandomNumberGeneratorService found, will attempt to change seeds
inputBlocks=/DYToMuMu_M-20_TuneZ2star_14TeV-pythia6-tauola/piet-DYToMuMu_M-20_TuneZ2star_14TeV-pythia6-tauola_HGCALGS_PU140_1ns_7ns_RECO-dae2ba7355add6539efc58ac0d4cc16b/USER#c0463b44-58f0-4c33-8105-492a98f18390
inputFiles=/store/user/piet/ME0Segment_Time/DYToMuMu_M-20_TuneZ2star_14TeV-pythia6-tauola/DYToMuMu_M-20_TuneZ2star_14TeV-pythia6-tauola_HGCALGS_PU140_1ns_7ns_RECO/151014_105159/0000/out_reco_58.root;/store/user/piet/ME0Segment_Time/DYToMuMu_M-20_TuneZ2star_14TeV-pythia6-tauola/DYToMuMu_M-20_TuneZ2star_14TeV-pythia6-tauola_HGCALGS_PU140_1ns_7ns_RECO/151014_105159/0000/out_reco_65.root;/store/user/piet/ME0Segment_Time/DYToMuMu_M-20_TuneZ2star_14TeV-pythia6-tauola/DYToMuMu_M-20_TuneZ2star_14TeV-pythia6-tauola_HGCALGS_PU140_1ns_7ns_RECO/151014_105159/0000/out_reco_38.root;/store/user/piet/ME0Segment_Time/DYToMuMu_M-20_TuneZ2star_14TeV-pythia6-tauola/DYToMuMu_M-20_TuneZ2star_14TeV-pythia6-tauola_HGCALGS_PU140_1ns_7ns_RECO/151014_105159/0000/out_reco_68.root;/store/user/piet/ME0Segment_Time/DYToMuMu_M-20_TuneZ2star_14TeV-pythia6-tauola/DYToMuMu_M-20_TuneZ2star_14TeV-pythia6-tauola_HGCALGS_PU140_1ns_7ns_RECO/151014_105159/0000/out_reco_62.root;/store/user/piet/ME0Segment_Time/DYToMuMu_M-20_TuneZ2star_14TeV-pythia6-tauola/DYToMuMu_M-20_TuneZ2star_14TeV-pythia6-tauola_HGCALGS_PU140_1ns_7ns_RECO/151014_105159/0000/out_reco_61.root;/store/user/piet/ME0Segment_Time/DYToMuMu_M-20_TuneZ2star_14TeV-pythia6-tauola/DYToMuMu_M-20_TuneZ2star_14TeV-pythia6-tauola_HGCALGS_PU140_1ns_7ns_RECO/151014_105159/0000/out_reco_64.root;/store/user/piet/ME0Segment_Time/DYToMuMu_M-20_TuneZ2star_14TeV-pythia6-tauola/DYToMuMu_M-20_TuneZ2star_14TeV-pythia6-tauola_HGCALGS_PU140_1ns_7ns_RECO/151014_105159/0000/out_reco_70.root;/store/user/piet/ME0Segment_Time/DYToMuMu_M-20_TuneZ2star_14TeV-pythia6-tauola/DYToMuMu_M-20_TuneZ2star_14TeV-pythia6-tauola_HGCALGS_PU140_1ns_7ns_RECO/151014_105159/0000/out_reco_79.root;/store/user/piet/ME0Segment_Time/DYToMuMu_M-20_TuneZ2star_14TeV-pythia6-tauola/DYToMuMu_M-20_TuneZ2star_14TeV-pythia6-tauola_HGCALGS_PU140_1ns_7ns_RECO/151014_105159/0000/out_reco_97.root
parentFiles=
lumisRange=
>>> Executable cmsRun
/cvmfs/cms.cern.ch/slc6_amd64_gcc472/cms/cmssw/CMSSW_6_2_0_SLHC26/bin/slc6_amd64_gcc472/cmsRun
ok executable found
>>> info for dashboard:
***** Cat /home/grid/cmsplt17/home_cream_023317437/CREAM023317437/glide_WKVzES/execute/dir_121163/jobreport.txt *****
MonitorJobID=4_https://vocms0117.cern.ch//151020//47160.3
MonitorID=amkalsi_Loose_1000ps_k84eh5
ExeStart=cmsRun
***** End Cat jobreport *****
Parameters sent to Dashboard.
>>> cmsRun started at Tue Oct 20 05:45:07 UTC 2015
>>> cmsRun ended at Tue Oct 20 05:55:20 UTC 2015
>>> crab_fjr_*.xml  permission set to 0704
>>> info for dashboard:
***** Cat /home/grid/cmsplt17/home_cream_023317437/CREAM023317437/glide_WKVzES/execute/dir_121163/jobreport.txt *****
MonitorJobID=4_https://vocms0117.cern.ch//151020//47160.3
MonitorID=amkalsi_Loose_1000ps_k84eh5
ExeEnd=cmsRun
***** End Cat jobreport *****
Parameters sent to Dashboard.
TIME_EXE = 613 sec
>>> cmsRun wrote 134 lines of stdout+stderr
>>> START OF printout of 134 lines from stdout+stderr
20-Oct-2015 07:45:29 CEST  Initiating request to open file file:/gpfs/ddn/srm/cms/store/user/piet/ME0Segment_Time/DYToMuMu_M-20_TuneZ2star_14TeV-pythia6-tauola/DYToMuMu_M-20_TuneZ2star_14TeV-pythia6-tauola_HGCALGS_PU140_1ns_7ns_RECO/151014_105159/0000/out_reco_58.root
20-Oct-2015 07:45:29 CEST  Fallback request to file root://xrootd-cms.infn.it:1194//store/user/piet/ME0Segment_Time/DYToMuMu_M-20_TuneZ2star_14TeV-pythia6-tauola/DYToMuMu_M-20_TuneZ2star_14TeV-pythia6-tauola_HGCALGS_PU140_1ns_7ns_RECO/151014_105159/0000/out_reco_58.root
20-Oct-2015 07:45:31 CEST  Successfully opened file root://xrootd-cms.infn.it:1194//store/user/piet/ME0Segment_Time/DYToMuMu_M-20_TuneZ2star_14TeV-pythia6-tauola/DYToMuMu_M-20_TuneZ2star_14TeV-pythia6-tauola_HGCALGS_PU140_1ns_7ns_RECO/151014_105159/0000/out_reco_58.root
Begin processing the 1st record. Run 1, Event 610131, LumiSection 25690 at 20-Oct-2015 07:45:45.533 CEST
in MuonNumberingInitialization::initializeMuonDDDConstants
about to make my new muonDDDConst_
in MuonNumberingInitialization::produce
-1.12682-3.17619-0.733043-2.4899-18.5035-0.298863-5.02633-1.09061-2.39996%MSG-e RunLumiMerging:  source 20-Oct-2015 07:46:17 CEST PostBeginLumi
ProductHolderBase::mergeTheProduct
Two run/lumi products for the same run/lumi which should be equal are not
Using the first, ignoring the second
className = edm::RandomEngineStates
moduleLabel = randomEngineStateProducer
instance = beginLumi
process = DIGI2RAW

%MSG
-2.85203-16.8506-22.299-3.21708-0.72326-3.8559820-Oct-2015 07:46:34 CEST  Closed file root://xrootd-cms.infn.it:1194//store/user/piet/ME0Segment_Time/DYToMuMu_M-20_TuneZ2star_14TeV-pythia6-tauola/DYToMuMu_M-20_TuneZ2star_14TeV-pythia6-tauola_HGCALGS_PU140_1ns_7ns_RECO/151014_105159/0000/out_reco_58.root
20-Oct-2015 07:46:34 CEST  Initiating request to open file file:/gpfs/ddn/srm/cms/store/user/piet/ME0Segment_Time/DYToMuMu_M-20_TuneZ2star_14TeV-pythia6-tauola/DYToMuMu_M-20_TuneZ2star_14TeV-pythia6-tauola_HGCALGS_PU140_1ns_7ns_RECO/151014_105159/0000/out_reco_65.root
20-Oct-2015 07:46:34 CEST  Fallback request to file root://xrootd-cms.infn.it:1194//store/user/piet/ME0Segment_Time/DYToMuMu_M-20_TuneZ2star_14TeV-pythia6-tauola/DYToMuMu_M-20_TuneZ2star_14TeV-pythia6-tauola_HGCALGS_PU140_1ns_7ns_RECO/151014_105159/0000/out_reco_65.root
20-Oct-2015 07:46:35 CEST  Successfully opened file root://xrootd-cms.infn.it:1194//store/user/piet/ME0Segment_Time/DYToMuMu_M-20_TuneZ2star_14TeV-pythia6-tauola/DYToMuMu_M-20_TuneZ2star_14TeV-pythia6-tauola_HGCALGS_PU140_1ns_7ns_RECO/151014_105159/0000/out_reco_65.root
Begin processing the 101st record. Run 1, Event 644781, LumiSection 27149 at 20-Oct-2015 07:46:46.231 CEST
-28.5487-4.08942-0.665344%MSG-e RunLumiMerging:  source 20-Oct-2015 07:46:54 CEST PostBeginLumi
ProductHolderBase::mergeTheProduct
Two run/lumi products for the same run/lumi which should be equal are not
Using the first, ignoring the second
className = edm::RandomEngineStates
moduleLabel = randomEngineStateProducer
instance = beginLumi
process = DIGI2RAW

%MSG
-5.13022-1.513-44.1371-2.78559-8.5081-0.972633-1.51049-2.31446-8.55091-3.297520-Oct-2015 07:47:34 CEST  Closed file root://xrootd-cms.infn.it:1194//store/user/piet/ME0Segment_Time/DYToMuMu_M-20_TuneZ2star_14TeV-pythia6-tauola/DYToMuMu_M-20_TuneZ2star_14TeV-pythia6-tauola_HGCALGS_PU140_1ns_7ns_RECO/151014_105159/0000/out_reco_65.root
20-Oct-2015 07:47:34 CEST  Initiating request to open file file:/gpfs/ddn/srm/cms/store/user/piet/ME0Segment_Time/DYToMuMu_M-20_TuneZ2star_14TeV-pythia6-tauola/DYToMuMu_M-20_TuneZ2star_14TeV-pythia6-tauola_HGCALGS_PU140_1ns_7ns_RECO/151014_105159/0000/out_reco_38.root
20-Oct-2015 07:47:34 CEST  Fallback request to file root://xrootd-cms.infn.it:1194//store/user/piet/ME0Segment_Time/DYToMuMu_M-20_TuneZ2star_14TeV-pythia6-tauola/DYToMuMu_M-20_TuneZ2star_14TeV-pythia6-tauola_HGCALGS_PU140_1ns_7ns_RECO/151014_105159/0000/out_reco_38.root
20-Oct-2015 07:47:34 CEST  Successfully opened file root://xrootd-cms.infn.it:1194//store/user/piet/ME0Segment_Time/DYToMuMu_M-20_TuneZ2star_14TeV-pythia6-tauola/DYToMuMu_M-20_TuneZ2star_14TeV-pythia6-tauola_HGCALGS_PU140_1ns_7ns_RECO/151014_105159/0000/out_reco_38.root
Begin processing the 201st record. Run 1, Event 119461, LumiSection 5030 at 20-Oct-2015 07:47:44.474 CEST
-2.42935-0.396003-1.45027-2.85039-0.655087-0.141361%MSG-e RunLumiMerging:  source 20-Oct-2015 07:48:08 CEST PostBeginLumi
ProductHolderBase::mergeTheProduct
Two run/lumi products for the same run/lumi which should be equal are not
Using the first, ignoring the second
className = edm::RandomEngineStates
moduleLabel = randomEngineStateProducer
instance = beginLumi
process = DIGI2RAW

%MSG
-4.44504-0.408702-29.7668-1.31445-2.37953-3.64789-0.779456-1.75141-0.67618920-Oct-2015 07:48:27 CEST  Closed file root://xrootd-cms.infn.it:1194//store/user/piet/ME0Segment_Time/DYToMuMu_M-20_TuneZ2star_14TeV-pythia6-tauola/DYToMuMu_M-20_TuneZ2star_14TeV-pythia6-tauola_HGCALGS_PU140_1ns_7ns_RECO/151014_105159/0000/out_reco_38.root
20-Oct-2015 07:48:27 CEST  Initiating request to open file file:/gpfs/ddn/srm/cms/store/user/piet/ME0Segment_Time/DYToMuMu_M-20_TuneZ2star_14TeV-pythia6-tauola/DYToMuMu_M-20_TuneZ2star_14TeV-pythia6-tauola_HGCALGS_PU140_1ns_7ns_RECO/151014_105159/0000/out_reco_68.root
20-Oct-2015 07:48:27 CEST  Fallback request to file root://xrootd-cms.infn.it:1194//store/user/piet/ME0Segment_Time/DYToMuMu_M-20_TuneZ2star_14TeV-pythia6-tauola/DYToMuMu_M-20_TuneZ2star_14TeV-pythia6-tauola_HGCALGS_PU140_1ns_7ns_RECO/151014_105159/0000/out_reco_68.root
20-Oct-2015 07:48:28 CEST  Successfully opened file root://xrootd-cms.infn.it:1194//store/user/piet/ME0Segment_Time/DYToMuMu_M-20_TuneZ2star_14TeV-pythia6-tauola/DYToMuMu_M-20_TuneZ2star_14TeV-pythia6-tauola_HGCALGS_PU140_1ns_7ns_RECO/151014_105159/0000/out_reco_68.root
Begin processing the 301st record. Run 1, Event 751631, LumiSection 31648 at 20-Oct-2015 07:48:37.273 CEST
-1.22236-0.972527-16.5141-12.6683-8.84042-2.67035-45.8027-0.896447-6.23656-1.87063-1.74295%MSG-e RunLumiMerging:  source 20-Oct-2015 07:49:05 CEST PostBeginLumi
ProductHolderBase::mergeTheProduct
Two run/lumi products for the same run/lumi which should be equal are not
Using the first, ignoring the second
className = edm::RandomEngineStates
moduleLabel = randomEngineStateProducer
instance = beginLumi
process = DIGI2RAW

%MSG
-0.674644-2.25-0.684929-3.23968-4.27101-4.91856-6.53585-1.34187-0.675917-1.95725-0.63302720-Oct-2015 07:49:25 CEST  Closed file root://xrootd-cms.infn.it:1194//store/user/piet/ME0Segment_Time/DYToMuMu_M-20_TuneZ2star_14TeV-pythia6-tauola/DYToMuMu_M-20_TuneZ2star_14TeV-pythia6-tauola_HGCALGS_PU140_1ns_7ns_RECO/151014_105159/0000/out_reco_68.root
20-Oct-2015 07:49:25 CEST  Initiating request to open file file:/gpfs/ddn/srm/cms/store/user/piet/ME0Segment_Time/DYToMuMu_M-20_TuneZ2star_14TeV-pythia6-tauola/DYToMuMu_M-20_TuneZ2star_14TeV-pythia6-tauola_HGCALGS_PU140_1ns_7ns_RECO/151014_105159/0000/out_reco_62.root
20-Oct-2015 07:49:25 CEST  Fallback request to file root://xrootd-cms.infn.it:1194//store/user/piet/ME0Segment_Time/DYToMuMu_M-20_TuneZ2star_14TeV-pythia6-tauola/DYToMuMu_M-20_TuneZ2star_14TeV-pythia6-tauola_HGCALGS_PU140_1ns_7ns_RECO/151014_105159/0000/out_reco_62.root
20-Oct-2015 07:49:25 CEST  Successfully opened file root://xrootd-cms.infn.it:1194//store/user/piet/ME0Segment_Time/DYToMuMu_M-20_TuneZ2star_14TeV-pythia6-tauola/DYToMuMu_M-20_TuneZ2star_14TeV-pythia6-tauola_HGCALGS_PU140_1ns_7ns_RECO/151014_105159/0000/out_reco_62.root
Begin processing the 401st record. Run 1, Event 443141, LumiSection 18659 at 20-Oct-2015 07:49:39.776 CEST
-0.672131-2.05574-7.82723-6.14512-1.64366-13.7655-5.39224-0.623563-13.9606-1.96682-18.1937-0.487206-2.24925-4.02954-2.41054-1.13847-17.633720-Oct-2015 07:50:28 CEST  Closed file root://xrootd-cms.infn.it:1194//store/user/piet/ME0Segment_Time/DYToMuMu_M-20_TuneZ2star_14TeV-pythia6-tauola/DYToMuMu_M-20_TuneZ2star_14TeV-pythia6-tauola_HGCALGS_PU140_1ns_7ns_RECO/151014_105159/0000/out_reco_62.root
20-Oct-2015 07:50:28 CEST  Initiating request to open file file:/gpfs/ddn/srm/cms/store/user/piet/ME0Segment_Time/DYToMuMu_M-20_TuneZ2star_14TeV-pythia6-tauola/DYToMuMu_M-20_TuneZ2star_14TeV-pythia6-tauola_HGCALGS_PU140_1ns_7ns_RECO/151014_105159/0000/out_reco_61.root
20-Oct-2015 07:50:28 CEST  Fallback request to file root://xrootd-cms.infn.it:1194//store/user/piet/ME0Segment_Time/DYToMuMu_M-20_TuneZ2star_14TeV-pythia6-tauola/DYToMuMu_M-20_TuneZ2star_14TeV-pythia6-tauola_HGCALGS_PU140_1ns_7ns_RECO/151014_105159/0000/out_reco_61.root
20-Oct-2015 07:50:28 CEST  Successfully opened file root://xrootd-cms.infn.it:1194//store/user/piet/ME0Segment_Time/DYToMuMu_M-20_TuneZ2star_14TeV-pythia6-tauola/DYToMuMu_M-20_TuneZ2star_14TeV-pythia6-tauola_HGCALGS_PU140_1ns_7ns_RECO/151014_105159/0000/out_reco_61.root
Begin processing the 501st record. Run 1, Event 615911, LumiSection 25933 at 20-Oct-2015 07:50:40.887 CEST
-0.994507-2.51529-0.888397-12.7952-6.08492-6.66119-12.6199-0.69161-2.95809-2.6519720-Oct-2015 07:51:32 CEST  Closed file root://xrootd-cms.infn.it:1194//store/user/piet/ME0Segment_Time/DYToMuMu_M-20_TuneZ2star_14TeV-pythia6-tauola/DYToMuMu_M-20_TuneZ2star_14TeV-pythia6-tauola_HGCALGS_PU140_1ns_7ns_RECO/151014_105159/0000/out_reco_61.root
20-Oct-2015 07:51:32 CEST  Initiating request to open file file:/gpfs/ddn/srm/cms/store/user/piet/ME0Segment_Time/DYToMuMu_M-20_TuneZ2star_14TeV-pythia6-tauola/DYToMuMu_M-20_TuneZ2star_14TeV-pythia6-tauola_HGCALGS_PU140_1ns_7ns_RECO/151014_105159/0000/out_reco_64.root
20-Oct-2015 07:51:32 CEST  Fallback request to file root://xrootd-cms.infn.it:1194//store/user/piet/ME0Segment_Time/DYToMuMu_M-20_TuneZ2star_14TeV-pythia6-tauola/DYToMuMu_M-20_TuneZ2star_14TeV-pythia6-tauola_HGCALGS_PU140_1ns_7ns_RECO/151014_105159/0000/out_reco_64.root
20-Oct-2015 07:51:32 CEST  Successfully opened file root://xrootd-cms.infn.it:1194//store/user/piet/ME0Segment_Time/DYToMuMu_M-20_TuneZ2star_14TeV-pythia6-tauola/DYToMuMu_M-20_TuneZ2star_14TeV-pythia6-tauola_HGCALGS_PU140_1ns_7ns_RECO/151014_105159/0000/out_reco_64.root
Begin processing the 601st record. Run 1, Event 644691, LumiSection 27145 at 20-Oct-2015 07:51:41.315 CEST
%MSG-e RunLumiMerging:  source 20-Oct-2015 07:51:47 CEST PostBeginLumi
ProductHolderBase::mergeTheProduct
Two run/lumi products for the same run/lumi which should be equal are not
Using the first, ignoring the second
className = edm::RandomEngineStates
moduleLabel = randomEngineStateProducer
instance = beginLumi
process = DIGI2RAW

%MSG
-4.11772-7.93165-11.5582-3.37414-1.42352-0.745396-12.8608-27.7958-1.09581-0.432538-1.57031-1.02302-5.06948-3.91978-0.279027-1.02635-0.249442-5.7468720-Oct-2015 07:52:23 CEST  Closed file root://xrootd-cms.infn.it:1194//store/user/piet/ME0Segment_Time/DYToMuMu_M-20_TuneZ2star_14TeV-pythia6-tauola/DYToMuMu_M-20_TuneZ2star_14TeV-pythia6-tauola_HGCALGS_PU140_1ns_7ns_RECO/151014_105159/0000/out_reco_64.root
20-Oct-2015 07:52:23 CEST  Initiating request to open file file:/gpfs/ddn/srm/cms/store/user/piet/ME0Segment_Time/DYToMuMu_M-20_TuneZ2star_14TeV-pythia6-tauola/DYToMuMu_M-20_TuneZ2star_14TeV-pythia6-tauola_HGCALGS_PU140_1ns_7ns_RECO/151014_105159/0000/out_reco_70.root
20-Oct-2015 07:52:23 CEST  Fallback request to file root://xrootd-cms.infn.it:1194//store/user/piet/ME0Segment_Time/DYToMuMu_M-20_TuneZ2star_14TeV-pythia6-tauola/DYToMuMu_M-20_TuneZ2star_14TeV-pythia6-tauola_HGCALGS_PU140_1ns_7ns_RECO/151014_105159/0000/out_reco_70.root
20-Oct-2015 07:52:23 CEST  Successfully opened file root://xrootd-cms.infn.it:1194//store/user/piet/ME0Segment_Time/DYToMuMu_M-20_TuneZ2star_14TeV-pythia6-tauola/DYToMuMu_M-20_TuneZ2star_14TeV-pythia6-tauola_HGCALGS_PU140_1ns_7ns_RECO/151014_105159/0000/out_reco_70.root
Begin processing the 701st record. Run 1, Event 860301, LumiSection 36223 at 20-Oct-2015 07:52:33.487 CEST
-1.00496-0.701591-2.3056-0.800767-0.454986-1.48763-58.6943-2.28676-9.94386-6.68462-5.6792-18.0392-1.78343-14.255420-Oct-2015 07:53:11 CEST  Closed file root://xrootd-cms.infn.it:1194//store/user/piet/ME0Segment_Time/DYToMuMu_M-20_TuneZ2star_14TeV-pythia6-tauola/DYToMuMu_M-20_TuneZ2star_14TeV-pythia6-tauola_HGCALGS_PU140_1ns_7ns_RECO/151014_105159/0000/out_reco_70.root
20-Oct-2015 07:53:11 CEST  Initiating request to open file file:/gpfs/ddn/srm/cms/store/user/piet/ME0Segment_Time/DYToMuMu_M-20_TuneZ2star_14TeV-pythia6-tauola/DYToMuMu_M-20_TuneZ2star_14TeV-pythia6-tauola_HGCALGS_PU140_1ns_7ns_RECO/151014_105159/0000/out_reco_79.root
20-Oct-2015 07:53:11 CEST  Fallback request to file root://xrootd-cms.infn.it:1194//store/user/piet/ME0Segment_Time/DYToMuMu_M-20_TuneZ2star_14TeV-pythia6-tauola/DYToMuMu_M-20_TuneZ2star_14TeV-pythia6-tauola_HGCALGS_PU140_1ns_7ns_RECO/151014_105159/0000/out_reco_79.root
20-Oct-2015 07:53:12 CEST  Successfully opened file root://xrootd-cms.infn.it:1194//store/user/piet/ME0Segment_Time/DYToMuMu_M-20_TuneZ2star_14TeV-pythia6-tauola/DYToMuMu_M-20_TuneZ2star_14TeV-pythia6-tauola_HGCALGS_PU140_1ns_7ns_RECO/151014_105159/0000/out_reco_79.root
Begin processing the 801st record. Run 1, Event 358561, LumiSection 15098 at 20-Oct-2015 07:53:30.991 CEST
-1.21771-3.89839-1.77801-3.07174-2.88327-5.70474-3.46536-1.70147%MSG-e RunLumiMerging:  source 20-Oct-2015 07:54:06 CEST PostBeginLumi
ProductHolderBase::mergeTheProduct
Two run/lumi products for the same run/lumi which should be equal are not
Using the first, ignoring the second
className = edm::RandomEngineStates
moduleLabel = randomEngineStateProducer
instance = beginLumi
process = DIGI2RAW

%MSG
-0.927204-1.28056-0.57588-0.751043-1.30669-5.97274-1.38698-2.30884-11.830320-Oct-2015 07:54:27 CEST  Closed file root://xrootd-cms.infn.it:1194//store/user/piet/ME0Segment_Time/DYToMuMu_M-20_TuneZ2star_14TeV-pythia6-tauola/DYToMuMu_M-20_TuneZ2star_14TeV-pythia6-tauola_HGCALGS_PU140_1ns_7ns_RECO/151014_105159/0000/out_reco_79.root
20-Oct-2015 07:54:27 CEST  Initiating request to open file file:/gpfs/ddn/srm/cms/store/user/piet/ME0Segment_Time/DYToMuMu_M-20_TuneZ2star_14TeV-pythia6-tauola/DYToMuMu_M-20_TuneZ2star_14TeV-pythia6-tauola_HGCALGS_PU140_1ns_7ns_RECO/151014_105159/0000/out_reco_97.root
20-Oct-2015 07:54:27 CEST  Fallback request to file root://xrootd-cms.infn.it:1194//store/user/piet/ME0Segment_Time/DYToMuMu_M-20_TuneZ2star_14TeV-pythia6-tauola/DYToMuMu_M-20_TuneZ2star_14TeV-pythia6-tauola_HGCALGS_PU140_1ns_7ns_RECO/151014_105159/0000/out_reco_97.root
20-Oct-2015 07:54:27 CEST  Successfully opened file root://xrootd-cms.infn.it:1194//store/user/piet/ME0Segment_Time/DYToMuMu_M-20_TuneZ2star_14TeV-pythia6-tauola/DYToMuMu_M-20_TuneZ2star_14TeV-pythia6-tauola_HGCALGS_PU140_1ns_7ns_RECO/151014_105159/0000/out_reco_97.root
Begin processing the 901st record. Run 1, Event 637021, LumiSection 26822 at 20-Oct-2015 07:54:37.703 CEST
-2.75679-23.976-0.228565-6.82977-8.04715-0.956586-2.24396-1.70222-10.6232-4.13059-1.8901-0.361074-1.47261-7.90172-0.22687-1.1153420-Oct-2015 07:55:19 CEST  Closed file root://xrootd-cms.infn.it:1194//store/user/piet/ME0Segment_Time/DYToMuMu_M-20_TuneZ2star_14TeV-pythia6-tauola/DYToMuMu_M-20_TuneZ2star_14TeV-pythia6-tauola_HGCALGS_PU140_1ns_7ns_RECO/151014_105159/0000/out_reco_97.root

=============================================

MessageLogger Summary

 type     category        sev    module        subroutine        count    total
 ---- -------------------- -- ---------------- ----------------  -----    -----
    1 RunLumiMerging       -e source                                 6        6
    2 fileAction           -s file_close                            10       10
    3 fileAction           -s file_open                             30       30

 type    category    Examples: run/evt        run/evt          run/evt
 ---- -------------------- ---------------- ---------------- ----------------
    1 RunLumiMerging       PostBeginLumi    PostBeginLumi    PostBeginLumi
    2 fileAction           PostProcessEvent PostProcessEvent PostEndRun
    3 fileAction           pre-events       pre-events       PostProcessEvent

Severity    # Occurrences   Total Occurrences
--------    -------------   -----------------
Error                   6                   6
System                 40                  40
>>> END OF printout of 134 lines from stdout+stderr
>>> Parse FrameworkJobReport crab_fjr.xml
Result of parsing the FrameworkJobReport crab_fjr.xml: Popularity start
lumisRange : 1::25933-25936,27097-27098::1;1::18658,25690-25694::2;1::15098-15101,19882::3;1::18660,27145-27149::4;1::18659,27098-27101::5;1::5030-5032,6049-6050,18066::6;1::18662,36223-36224,36273-36275::7;1::18660,27149-27152,31641::8;1::22777,26822-26824,27833-27834::9;1::18661-18662,31648,36217-36220::10;
lumisParentRange : 
Basename : /store/user/piet/ME0Segment_Time/DYToMuMu_M-20_TuneZ2star_14TeV-pythia6-tauola/DYToMuMu_M-20_TuneZ2star_14TeV-pythia6-tauola_HGCALGS_PU140_1ns_7ns_RECO/151014_105159/0000/out_reco_
BasenameParent : 
parentFiles : 
inputBlocks : /DYToMuMu_M-20_TuneZ2star_14TeV-pythia6-tauola/piet-DYToMuMu_M-20_TuneZ2star_14TeV-pythia6-tauola_HGCALGS_PU140_1ns_7ns_RECO-dae2ba7355add6539efc58ac0d4cc16b/USER#c0463b44-58f0-4c33-8105-492a98f18390
inputFiles : 61.root::1::EDM::Remote::1;58.root::1::EDM::Remote::2;79.root::1::EDM::Remote::3;64.root::1::EDM::Remote::4;62.root::1::EDM::Remote::5;38.root::1::EDM::Remote::6;70.root::1::EDM::Remote::7;65.root::1::EDM::Remote::8;97.root::1::EDM::Remote::9;68.root::1::EDM::Remote::10;
Popularity stop
Extracted ExitStatus from FrameworkJobReport parsing output: 0
>>> Executable succeded  0
ExeExitCode=0
EXECUTABLE_EXIT_STATUS = 0
>>> current directory /home/grid/cmsplt17/home_cream_023317437/CREAM023317437/glide_WKVzES/execute/dir_121163/CMSSW_6_2_0_SLHC26_patch3
>>>  (SOFTWARE_DIR): /home/grid/cmsplt17/home_cream_023317437/CREAM023317437/glide_WKVzES/execute/dir_121163/CMSSW_6_2_0_SLHC26_patch3
>>> (WORKING_DIR): 
>>> current directory content:
total 604
drwxr-xr-x 3 cms059 cms     48 Oct 20 07:44 .SCRAM
-rw------- 1 cms059 cms 279361 Oct 20 07:44 CMSSW.py.pkl
-rw------- 1 cms059 cms  13694 Oct 20 07:55 OutTree.root
drwxr-xr-x 3 cms059 cms     30 Oct 20 07:44 biglib
drwxr-xr-x 3 cms059 cms     30 Oct 20 07:44 bin
drwxr-xr-x 3 cms059 cms     30 Oct 20 07:44 cfipython
drwxr-xr-x 4 cms059 cms   4096 Jul 13 19:47 config
-rw------- 1 cms059 cms     18 Oct 20 07:55 cpu_timing.txt
drwxr-xr-x 2 cms059 cms      6 Oct 20 07:44 doc
-rw------- 1 cms059 cms  16232 Oct 20 07:55 executable.out
drwxr-xr-x 2 cms059 cms      6 Oct 20 07:44 include
drwx------ 3 cms059 cms     30 Sep 29 20:50 lib
drwxr-xr-x 3 cms059 cms     30 Oct 20 07:44 logs
drwxr-xr-x 3 cms059 cms     30 Oct 20 07:44 objs
-rw------- 1 cms059 cms    104 Oct 20 07:45 pset.py
-rw------- 1 cms059 cms 281551 Oct 20 07:45 pset.py.pkl
-rw------- 1 cms059 cms    289 Oct 20 07:45 pset.pyc
drwxr-xr-x 2 cms059 cms      6 Oct 20 07:44 python
-rw------- 1 cms059 cms    359 Oct 20 07:55 report.log
drwx------ 7 cms059 cms    108 Oct 20 07:44 src
drwxr-xr-x 3 cms059 cms     30 Oct 20 07:44 test
drwxr-xr-x 3 cms059 cms     30 Oct 20 07:44 tmp
>>> current directory /home/grid/cmsplt17/home_cream_023317437/CREAM023317437/glide_WKVzES/execute/dir_121163/CMSSW_6_2_0_SLHC26_patch3
>>> (SOFTWARE_DIR): /home/grid/cmsplt17/home_cream_023317437/CREAM023317437/glide_WKVzES/execute/dir_121163/CMSSW_6_2_0_SLHC26_patch3
>>> (WORKING_DIR): 
>>> current directory content:
total 588
drwxr-xr-x 3 cms059 cms     48 Oct 20 07:44 .SCRAM
-rw------- 1 cms059 cms 279361 Oct 20 07:44 CMSSW.py.pkl
drwxr-xr-x 3 cms059 cms     30 Oct 20 07:44 biglib
drwxr-xr-x 3 cms059 cms     30 Oct 20 07:44 bin
drwxr-xr-x 3 cms059 cms     30 Oct 20 07:44 cfipython
drwxr-xr-x 4 cms059 cms   4096 Jul 13 19:47 config
-rw------- 1 cms059 cms     18 Oct 20 07:55 cpu_timing.txt
drwxr-xr-x 2 cms059 cms      6 Oct 20 07:44 doc
-rw------- 1 cms059 cms  16232 Oct 20 07:55 executable.out
drwxr-xr-x 2 cms059 cms      6 Oct 20 07:44 include
drwx------ 3 cms059 cms     30 Sep 29 20:50 lib
drwxr-xr-x 3 cms059 cms     30 Oct 20 07:44 logs
drwxr-xr-x 3 cms059 cms     30 Oct 20 07:44 objs
-rw------- 1 cms059 cms    104 Oct 20 07:45 pset.py
-rw------- 1 cms059 cms 281551 Oct 20 07:45 pset.py.pkl
-rw------- 1 cms059 cms    289 Oct 20 07:45 pset.pyc
drwxr-xr-x 2 cms059 cms      6 Oct 20 07:44 python
-rw------- 1 cms059 cms    359 Oct 20 07:55 report.log
drwx------ 7 cms059 cms    108 Oct 20 07:44 src
drwxr-xr-x 3 cms059 cms     30 Oct 20 07:44 test
drwxr-xr-x 3 cms059 cms     30 Oct 20 07:44 tmp
>>> current directory (RUNTIME_AREA):  /home/grid/cmsplt17/home_cream_023317437/CREAM023317437/glide_WKVzES/execute/dir_121163
>>> current dir: /home/grid/cmsplt17/home_cream_023317437/CREAM023317437/glide_WKVzES/execute/dir_121163
>>> current dir content:
total 26324
-rwx------  1 cms059 cms       49 Oct 20 07:44 .chirp.config
-rwx------  1 cms059 cms     6560 Oct 20 07:44 .job.ad
-rwx------  1 cms059 cms     9373 Oct 20 07:44 .machine.ad
-rw-------  1 cms059 cms      105 Oct 20 07:37 CMSSW.py
-rw-------  1 cms059 cms   279361 Oct 20 07:37 CMSSW.py.pkl
-rwx------  1 cms059 cms    26312 Oct 20 07:44 CMSSW.sh
drwxr-xr-x 16 cms059 cms     4096 Oct 20 07:55 CMSSW_6_2_0_SLHC26_patch3
-rw-------  1 cms059 cms      422 Oct 20 07:44 CacheEnv.sh
-rw-------  1 cms059 cms     7291 Nov 19  2014 DashboardAPI.py
-rw-------  1 cms059 cms     6935 Oct 20 07:44 DashboardAPI.pyc
drwx------  2 cms059 cms     4096 Oct 20 07:55 IMProv
-rw-------  1 cms059 cms     2748 Nov 19  2014 Logger.py
-rw-------  1 cms059 cms     3387 Oct 20 07:44 Logger.pyc
lrwxrwxrwx  1 cms059 cms      108 Oct 20 07:55 OutTree.root -> /home/grid/cmsplt17/home_cream_023317437/CREAM023317437/glide_WKVzES/execute/dir_121163/OutTree_4_1_z5K.root
-rw-------  1 cms059 cms    13694 Oct 20 07:55 OutTree_4_1_z5K.root
-rw-------  1 cms059 cms    24524 Nov 19  2014 ProcInfo.py
-rw-------  1 cms059 cms    23389 Oct 20 07:44 ProcInfo.pyc
drwx------  7 cms059 cms      122 Oct 20 07:45 ProdCommon
drwx------  3 cms059 cms       41 Oct 20 07:44 WMCore
-rw-------  1 cms059 cms     2613 Oct 20 07:54 Watchdog_4.log
-rwx------  1 cms059 cms        0 Oct 20 07:44 _condor_stderr
-rwx---r--  1 cms059 cms    31549 Oct 20 07:55 _condor_stdout
-rw-------  1 cms059 cms    32895 Nov 19  2014 apmon.py
-rw-------  1 cms059 cms    28857 Oct 20 07:44 apmon.pyc
-rwx------  1 cms059 cms   198108 Oct 20 07:44 arguments.xml
-rwx------  1 cms059 cms   204102 May 29 01:26 cmsRun
-rwx------  1 cms059 cms    38581 Nov 19  2014 cmscp.py
-rwx------  1 cms059 cms    26312 Oct 20 07:44 condor_exec.exe
-rw-------  1 cms059 cms      532 Oct 20 07:37 crab.cfg
-rwx------  1 cms059 cms     8610 Nov 19  2014 crabWatchdog.sh
-rwx---r--  1 cms059 cms   544248 Oct 20 07:55 crab_fjr_4.xml
-rwx------  1 cms059 cms 25265817 Oct 20 07:44 default.tgz
-rwx------  1 cms059 cms     4488 Nov 19  2014 fillCrabFjr.py
-rw-------  1 cms059 cms     2128 Oct 20 07:45 inputsReport.txt
-rw-------  1 cms059 cms      122 Oct 20 07:55 jobreport.txt
-rw-------  1 cms059 cms    17352 Nov 19  2014 parseCrabFjr.py
-rw-------  1 cms059 cms      312 Oct 20 07:44 report.log
-rwx--x--x  1 cms059 cms     1497 Nov 19  2014 report.py
-rwx------  1 cms059 cms     8351 Nov 19  2014 writeCfg.py
-rw-------  1 cms059 cms     8473 Oct 20 07:44 x509up_u46992
>>> crab_fjr_*.xml  permission set to 0704
CrabWrapper EXIT_FUNC entered at Tue Oct 20 07:55:26 CEST 2015   -  Tue Oct 20 05:55:26 UTC 2015
Checking output files:  
will tar file OutTree_4_1_z5K.root in  out_files_4
will tar file crab_fjr_4.xml in  out_files_4
WARNING: output file CMSSW_4.stdout not found!
WARNING: output file CMSSW_4.stderr not found!
WARNING: output file Watchdog_4.log.gz not found!
>>> padding time: Wrapper lasting more than 600 seconds. No sleep required.
STOPPING WATCHDOG. CrabWatchdog PID is 121448
********** LAST 50 LINES OF WATCHDOG LOG
# RESOURCE USAGE SUMMARY FOR PROCESS ID 121184
USER        PID %CPU %MEM    VSZ   RSS TTY      STAT START   TIME COMMAND
cms059   121184  0.2  0.0   9620  1744 ?        SN   07:44   0:00 /bin/sh /home/grid/cmsplt17/home_cream_023317437/CREAM023317437/glide_WKVzES/execute/dir_121163/condor_exec.exe 4 1
 
# LIMITS USED BY CRAB WATCHDOG:
# RSS  (KBytes)   : 2300000
# VSZ  (KBytes)   : 100000000
# DISK (MBytes)   : 19000
# CPU TIME        : 720h:0m:0s
# WALL CLOCK TIME : 21h:50m:0s
 
# FOLLOWING PRINTOUT TRACKS MAXIMUM VALUES OF RESOURCES USE
# ONE LINE IS PRINTED EACH TIME A MAXIMUM CHANGES
# IF CHANGE WAS IN RSS OR VSZ ALSO PROCID AND COMMAND ARE PRINTED
# THERE IS NO PRINTOUT FOR CPU/WALL TIME INCREASE
 
# TIME			PID	RSS(KB)	VSZ(KB)	Dsk(MB)	tCPU(s)	tWALL(s)	COMMAND
 Oct 20 07:44:55 CEST	121184	1744	9620	0	0	1	/bin/sh /home/grid/cmsplt17/home_cream_023317437/CREAM023317437/glide_WKVzES/execute/dir_121163/condor_exec.exe 4 1       
 Oct 20 07:44:55 CEST	121461	21584	93348	0	0	1	edmConfigHash pset.py         
 Oct 20 07:44:55 CEST	---	21584	93348	154	----	----	----
 Oct 20 07:45:57 CEST	121695	529696	755236	154	28	62	cmsRun -j /home/grid/cmsplt17/home_cream_023317437/CREAM023317437/glide_WKVzES/execute/dir_121163/crab_fjr_4.xml -p pset.py      
 Oct 20 07:46:57 CEST	121695	536656	784168	154	63	123	cmsRun -j /home/grid/cmsplt17/home_cream_023317437/CREAM023317437/glide_WKVzES/execute/dir_121163/crab_fjr_4.xml -p pset.py      
 Oct 20 07:47:58 CEST	121695	559448	800844	154	95	183	cmsRun -j /home/grid/cmsplt17/home_cream_023317437/CREAM023317437/glide_WKVzES/execute/dir_121163/crab_fjr_4.xml -p pset.py      
 Oct 20 07:48:58 CEST	121695	559448	814156	154	132	243	cmsRun -j /home/grid/cmsplt17/home_cream_023317437/CREAM023317437/glide_WKVzES/execute/dir_121163/crab_fjr_4.xml -p pset.py      
 Oct 20 07:49:59 CEST	121695	577308	828496	154	159	304	cmsRun -j /home/grid/cmsplt17/home_cream_023317437/CREAM023317437/glide_WKVzES/execute/dir_121163/crab_fjr_4.xml -p pset.py      
 Oct 20 07:50:59 CEST	---	577308	828496	155	----	----	----
 Oct 20 07:51:59 CEST	121695	579584	832848	155	221	425	cmsRun -j /home/grid/cmsplt17/home_cream_023317437/CREAM023317437/glide_WKVzES/execute/dir_121163/crab_fjr_4.xml -p pset.py      
 Oct 20 07:53:00 CEST	121695	587364	868944	155	259	485	cmsRun -j /home/grid/cmsplt17/home_cream_023317437/CREAM023317437/glide_WKVzES/execute/dir_121163/crab_fjr_4.xml -p pset.py      
 Oct 20 07:54:00 CEST	121695	609744	877136	155	283	546	cmsRun -j /home/grid/cmsplt17/home_cream_023317437/CREAM023317437/glide_WKVzES/execute/dir_121163/crab_fjr_4.xml -p pset.py      
********** WATCHDOG LOG ENDED
ZIPPING WATCHDOG LOG
Disk space used:
du -sh /home/grid/cmsplt17/home_cream_023317437/CREAM023317437/glide_WKVzES/execute/dir_121163
155M	/home/grid/cmsplt17/home_cream_023317437/CREAM023317437/glide_WKVzES/execute/dir_121163
Found unusual stdout, rename for OSB
`/home/grid/cmsplt17/home_cream_023317437/CREAM023317437/glide_WKVzES/execute/dir_121163/_condor_stdout' -> `CMSSW_4.stdout'
Found unusual stderr, rename for OSB
`/home/grid/cmsplt17/home_cream_023317437/CREAM023317437/glide_WKVzES/execute/dir_121163/_condor_stdout' -> `CMSSW_4.stderr'
OutTree_4_1_z5K.root
crab_fjr_4.xml
CMSSW_4.stdout
CMSSW_4.stderr
Watchdog_4.log.gz
Total Output dimension: 83550
WARNING: output files size limit is set to: 50000000
Total Output dimension 83550 is fine.
JOB_EXIT_STATUS = 0
>>> info for dashboard:
***** Cat /home/grid/cmsplt17/home_cream_023317437/CREAM023317437/glide_WKVzES/execute/dir_121163/jobreport.txt *****
MonitorJobID=4_https://vocms0117.cern.ch//151020//47160.3
MonitorID=amkalsi_Loose_1000ps_k84eh5
ExeTime=613
ExeExitCode=0
CrabUserCpuTime=187.99
CrabSysCpuTime=138.56
CrabCpuPercentage=53%
CrabWrapperTime=640
CrabStageoutTime=NULL
JobExitCode=0
***** End Cat jobreport *****
Parameters sent to Dashboard.
EXITING at Tue Oct 20 07:55:31 CEST 2015  -  Tue Oct 20 05:55:31 UTC 2015
