This script was generated by crab (version 2.11.1_patch1).
Running /home/cms033/home_cream_391746187/CREAM391746187/glide_21aa6j/execute/dir_10901/condor_exec.exe with 2 positional parameters: 6 1
Today is Tue Oct 20 07:44:38 CEST 2015 - Tue Oct 20 05:44:38 UTC 2015
Job submitted on host pccms151.ba.infn.it
Linux pccms151.ba.infn.it 2.6.32-504.3.3.el6.x86_64 #1 SMP Wed Dec 17 09:22:39 CET 2014 x86_64 x86_64 x86_64 GNU/Linux
Distributor ID:	ScientificCERNSLC
Description:	Scientific Linux CERN SLC release 6.4 (Carbon)
>>> current directory (RUNTIME_AREA): /home/cms033/home_cream_391746187/CREAM391746187/glide_21aa6j/execute/dir_10901
>>> current user: uid=18589(cms033) gid=1399(cms) groups=1399(cms)
>>> directory permission set to 0700
>>> umask set to:  u=rwx,g=,o=
>>> stdout stderr permission set to 0704
>>> voms proxy information:
subject   : /C=TW/O=AP/OU=GRID/CN=Amandeep Kaur Kalsi 129089/CN=541697223/CN=1803617778
issuer    : /C=TW/O=AP/OU=GRID/CN=Amandeep Kaur Kalsi 129089/CN=541697223
identity  : /C=TW/O=AP/OU=GRID/CN=Amandeep Kaur Kalsi 129089
type      : RFC3820 compliant limited proxy
strength  : 1024
path      : /home/cms033/home_cream_391746187/CREAM391746187/glide_21aa6j/execute/dir_10901/x509up_u46992
timeleft  : 191:49:07
key usage : Digital Signature, Key Encipherment, Data Encipherment, Key Agreement
=== VO cms extension information ===
VO        : cms
subject   : /C=TW/O=AP/OU=GRID/CN=Amandeep Kaur Kalsi 129089
issuer    : /DC=ch/DC=cern/OU=computers/CN=voms2.cern.ch
attribute : /cms/Role=NULL/Capability=NULL
timeleft  : 191:49:07
uri       : voms2.cern.ch:15002

WNHostName=pccms151.ba.infn.it
$_CONDOR_JOB_AD =/home/cms033/home_cream_391746187/CREAM391746187/glide_21aa6j/execute/dir_10901/.job.ad
OverflowFlag=0
>>> tar --no-same-permissions -xf /home/cms033/home_cream_391746187/CREAM391746187/glide_21aa6j/execute/dir_10901/default.tgz :
Successful untar
>>> Include /home/cms033/home_cream_391746187/CREAM391746187/glide_21aa6j/execute/dir_10901 in PYTHONPATH:
strip arguments
env var CRAB_UNIQUE_JOB_ID set to: amkalsi_Loose_1000ps_k84eh5_6_1_Tqd
out_files_6
>>> list of expected files on output sandbox
output files: OutTree_6_1_Tqd.root crab_fjr_6.xml CMSSW_6.stdout CMSSW_6.stderr Watchdog_6.log.gz
>>> GridFlavour discovery: 
GridFlavour=LCG
>>> SyncSite discovery: 
SyncSite=T2_IT_Bari
>>> SyncCE discovery: 
getting SyncCE from CE_ID
SyncCE=cream-ce-2.ba.infn.it:8443/cream-pbs-cms
>>> info for dashboard:
***** Cat /home/cms033/home_cream_391746187/CREAM391746187/glide_21aa6j/execute/dir_10901/jobreport.txt *****
WNHostName=pccms151.ba.infn.it
OverflowFlag=0
MonitorJobID=6_https://vocms0117.cern.ch//151020//47160.5
SyncGridJobId=https://vocms0117.cern.ch//151020//47160.5
MonitorID=amkalsi_Loose_1000ps_k84eh5
GridFlavour=LCG
SyncSite=T2_IT_Bari
SyncCE=cream-ce-2.ba.infn.it:8443/cream-pbs-cms
***** End Cat jobreport *****
Parameters sent to Dashboard.
>>> setup environment
set SCRAM ARCH to slc6_amd64_gcc472
SCRAM_ARCH = slc6_amd64_gcc472
>>> setup CMS LCG environment:
set SCRAM ARCH and BUILD_ARCH to slc6_amd64_gcc472 ###
Sourcing environment... 
sourcing /cvmfs/cms.cern.ch/cmsset_default.sh
==> setup cms environment ok
>>> specific cmssw setup environment:
CMSSW_VERSION =  CMSSW_6_2_0_SLHC26_patch3
WARNING: In non-interactive mode release checks e.g. deprecated releases, production architectures are disabled.
>>> current directory (SOFTWARE_DIR): /home/cms033/home_cream_391746187/CREAM391746187/glide_21aa6j/execute/dir_10901/CMSSW_6_2_0_SLHC26_patch3
PreserveSeeds: <>
IncrementSeeds:<>
>>> info for dashboard:
***** Cat /home/cms033/home_cream_391746187/CREAM391746187/glide_21aa6j/execute/dir_10901/jobreport.txt *****
MonitorJobID=6_https://vocms0117.cern.ch//151020//47160.5
MonitorID=amkalsi_Loose_1000ps_k84eh5
***** End Cat jobreport *****
Parameters sent to Dashboard.
crabWatchdog started as process 11328
>>> moving CMSSW software directories in /home/cms033/home_cream_391746187/CREAM391746187/glide_21aa6j/execute/dir_10901/CMSSW_6_2_0_SLHC26_patch3
mv: cannot stat `/home/cms033/home_cream_391746187/CREAM391746187/glide_21aa6j/execute/dir_10901/module/': No such file or directory
>>> Include /home/cms033/home_cream_391746187/CREAM391746187/glide_21aa6j/execute/dir_10901 in PYTHONPATH:
PYTHONPATH=/home/cms033/home_cream_391746187/CREAM391746187/glide_21aa6j/execute/dir_10901/:/home/cms033/home_cream_391746187/CREAM391746187/glide_21aa6j/execute/dir_10901/CMSSW_6_2_0_SLHC26_patch3/python:/home/cms033/home_cream_391746187/CREAM391746187/glide_21aa6j/execute/dir_10901/CMSSW_6_2_0_SLHC26_patch3/lib/slc6_amd64_gcc472:/cvmfs/cms.cern.ch/slc6_amd64_gcc472/cms/cmssw-patch/CMSSW_6_2_0_SLHC26_patch3/python:/cvmfs/cms.cern.ch/slc6_amd64_gcc472/cms/cmssw-patch/CMSSW_6_2_0_SLHC26_patch3/lib/slc6_amd64_gcc472:/cvmfs/cms.cern.ch/slc6_amd64_gcc472/cms/cmssw/CMSSW_6_2_0_SLHC26/bin/slc6_amd64_gcc472:/cvmfs/cms.cern.ch/slc6_amd64_gcc472/cms/cmssw/CMSSW_6_2_0_SLHC26/lib/slc6_amd64_gcc472:/cvmfs/cms.cern.ch/slc6_amd64_gcc472/cms/coral/CORAL_2_3_21-flmnjk2/slc6_amd64_gcc472/python:/cvmfs/cms.cern.ch/slc6_amd64_gcc472/cms/coral/CORAL_2_3_21-flmnjk2/slc6_amd64_gcc472/lib:/cvmfs/cms.cern.ch/slc6_amd64_gcc472/external/pyqt/4.8.1-cms5/lib/python2.7/site-packages:/cvmfs/cms.cern.ch/slc6_amd64_gcc472/external/py2-scipy/0.8.0-cms7/lib/python2.7/site-packages:/cvmfs/cms.cern.ch/slc6_amd64_gcc472/external/py2-matplotlib/1.0.1-cms7/lib/python2.7/site-packages:/cvmfs/cms.cern.ch/slc6_amd64_gcc472/external/python-ldap/2.4.10/lib/python2.7/site-packages:/cvmfs/cms.cern.ch/slc6_amd64_gcc472/external/sip/4.11.2-cms5/lib/python2.7/site-packages:/cvmfs/cms.cern.ch/slc6_amd64_gcc472/external/py2-pycurl/7.19.0-cms7/lib/python2.7/site-packages:/cvmfs/cms.cern.ch/slc6_amd64_gcc472/external/py2-numpy/1.6.1-cms7/lib/python2.7/site-packages:/cvmfs/cms.cern.ch/slc6_amd64_gcc472/external/py2-lint/0.25.1-cms5/lib/python2.7/site-packages:/cvmfs/cms.cern.ch/slc6_amd64_gcc472/external/py2-ipython/0.10-cms5/lib/python2.7/site-packages:/cvmfs/cms.cern.ch/slc6_amd64_gcc472/external/py2-cx-oracle/5.1-cms5/lib/python2.7/site-packages:/cvmfs/cms.cern.ch/slc6_amd64_gcc472/external/py2-cjson/1.0.5-cms5/lib/python2.7/site-packages:/cvmfs/cms.cern.ch/slc6_amd64_gcc472/cms/das-client/1.11.7/bin:/cvmfs/cms.cern.ch/slc6_amd64_gcc472/external/elementtree/1.2.6-cms5/share/lib/python2.7/site-packages:/cvmfs/cms.cern.ch/slc6_amd64_gcc472/external/rivet/1.8.2-cms9/lib/python2.7/site-packages:/cvmfs/cms.cern.ch/slc6_amd64_gcc472/external/pyminuit2/0.0.1-cms25/lib/python2.7/site-packages:/cvmfs/cms.cern.ch/slc6_amd64_gcc472/external/py2-pygithub/1.23.0-cms2/lib/python2.7/site-packages:/cvmfs/cms.cern.ch/slc6_amd64_gcc472/external/professor/1.0.0-cms25/lib/python2.7/site-packages:/cvmfs/cms.cern.ch/slc6_amd64_gcc472/lcg/root/5.34.07-cms5/lib:/cvmfs/cms.cern.ch/slc6_amd64_gcc472/cms/dbs-client/DBS_2_1_9-cms5/lib:/cvmfs/cms.cern.ch/slc6_amd64_gcc472/cms/dbs-client/DBS_2_1_9-cms5/lib/DBSAPI:/cvmfs/cms.cern.ch/slc6_amd64_gcc472/external/cvs2git/5419-cms/lib:/home/cms033/home_cream_391746187/CREAM391746187/glide_21aa6j/execute/dir_10901/
 
# LIMITS USED BY CRAB WATCHDOG:
# RSS  (KBytes)   : 2300000
# VSZ  (KBytes)   : 100000000
# DISK (MBytes)   : 19000
# CPU TIME        : 720h:0m:0s
# WALL CLOCK TIME : 21h:50m:0s
 
89204fc7dc811f9e79a97af487a037d4
PSETHASH = 89204fc7dc811f9e79a97af487a037d4
/home/cms033/home_cream_391746187/CREAM391746187/glide_21aa6j/execute/dir_10901/writeCfg.py pset.py pset.py
Importing .py file
Setting parameters
RandomNumberGeneratorService found, will attempt to change seeds
inputBlocks=/DYToMuMu_M-20_TuneZ2star_14TeV-pythia6-tauola/piet-DYToMuMu_M-20_TuneZ2star_14TeV-pythia6-tauola_HGCALGS_PU140_1ns_7ns_RECO-dae2ba7355add6539efc58ac0d4cc16b/USER#c0463b44-58f0-4c33-8105-492a98f18390
inputFiles=/store/user/piet/ME0Segment_Time/DYToMuMu_M-20_TuneZ2star_14TeV-pythia6-tauola/DYToMuMu_M-20_TuneZ2star_14TeV-pythia6-tauola_HGCALGS_PU140_1ns_7ns_RECO/151014_105159/0000/out_reco_33.root;/store/user/piet/ME0Segment_Time/DYToMuMu_M-20_TuneZ2star_14TeV-pythia6-tauola/DYToMuMu_M-20_TuneZ2star_14TeV-pythia6-tauola_HGCALGS_PU140_1ns_7ns_RECO/151014_105159/0000/out_reco_49.root;/store/user/piet/ME0Segment_Time/DYToMuMu_M-20_TuneZ2star_14TeV-pythia6-tauola/DYToMuMu_M-20_TuneZ2star_14TeV-pythia6-tauola_HGCALGS_PU140_1ns_7ns_RECO/151014_105159/0000/out_reco_82.root;/store/user/piet/ME0Segment_Time/DYToMuMu_M-20_TuneZ2star_14TeV-pythia6-tauola/DYToMuMu_M-20_TuneZ2star_14TeV-pythia6-tauola_HGCALGS_PU140_1ns_7ns_RECO/151014_105159/0000/out_reco_76.root;/store/user/piet/ME0Segment_Time/DYToMuMu_M-20_TuneZ2star_14TeV-pythia6-tauola/DYToMuMu_M-20_TuneZ2star_14TeV-pythia6-tauola_HGCALGS_PU140_1ns_7ns_RECO/151014_105159/0000/out_reco_87.root
parentFiles=
lumisRange=
>>> Executable cmsRun
/cvmfs/cms.cern.ch/slc6_amd64_gcc472/cms/cmssw/CMSSW_6_2_0_SLHC26/bin/slc6_amd64_gcc472/cmsRun
ok executable found
>>> info for dashboard:
***** Cat /home/cms033/home_cream_391746187/CREAM391746187/glide_21aa6j/execute/dir_10901/jobreport.txt *****
MonitorJobID=6_https://vocms0117.cern.ch//151020//47160.5
MonitorID=amkalsi_Loose_1000ps_k84eh5
ExeStart=cmsRun
***** End Cat jobreport *****
Parameters sent to Dashboard.
>>> cmsRun started at Tue Oct 20 05:44:54 UTC 2015
>>> cmsRun ended at Tue Oct 20 05:50:08 UTC 2015
>>> crab_fjr_*.xml  permission set to 0704
>>> info for dashboard:
***** Cat /home/cms033/home_cream_391746187/CREAM391746187/glide_21aa6j/execute/dir_10901/jobreport.txt *****
MonitorJobID=6_https://vocms0117.cern.ch//151020//47160.5
MonitorID=amkalsi_Loose_1000ps_k84eh5
ExeEnd=cmsRun
***** End Cat jobreport *****
Parameters sent to Dashboard.
TIME_EXE = 314 sec
>>> cmsRun wrote 64 lines of stdout+stderr
>>> START OF printout of 64 lines from stdout+stderr
20-Oct-2015 07:45:14 CEST  Initiating request to open file file:/lustre/cms//store/user/piet/ME0Segment_Time/DYToMuMu_M-20_TuneZ2star_14TeV-pythia6-tauola/DYToMuMu_M-20_TuneZ2star_14TeV-pythia6-tauola_HGCALGS_PU140_1ns_7ns_RECO/151014_105159/0000/out_reco_33.root
20-Oct-2015 07:45:18 CEST  Successfully opened file file:/lustre/cms//store/user/piet/ME0Segment_Time/DYToMuMu_M-20_TuneZ2star_14TeV-pythia6-tauola/DYToMuMu_M-20_TuneZ2star_14TeV-pythia6-tauola_HGCALGS_PU140_1ns_7ns_RECO/151014_105159/0000/out_reco_33.root
%MSG-e RunLumiMerging:  source 20-Oct-2015 07:45:22 CEST PostBeginLumi
ProductHolderBase::mergeTheProduct
Two run/lumi products for the same run/lumi which should be equal are not
Using the first, ignoring the second
className = edm::RandomEngineStates
moduleLabel = randomEngineStateProducer
instance = beginLumi
process = DIGI2RAW

%MSG
Begin processing the 1st record. Run 1, Event 938111, LumiSection 39500 at 20-Oct-2015 07:45:24.889 CEST
in MuonNumberingInitialization::initializeMuonDDDConstants
about to make my new muonDDDConst_
in MuonNumberingInitialization::produce
-3.97659-6.12037-0.732612-0.469219-1.25518-0.391162-5.02191-0.801399-1.65835-4.18522-1.40998-0.332873-1.69588-1.07003-8.0311620-Oct-2015 07:46:26 CEST  Closed file file:/lustre/cms//store/user/piet/ME0Segment_Time/DYToMuMu_M-20_TuneZ2star_14TeV-pythia6-tauola/DYToMuMu_M-20_TuneZ2star_14TeV-pythia6-tauola_HGCALGS_PU140_1ns_7ns_RECO/151014_105159/0000/out_reco_33.root
20-Oct-2015 07:46:26 CEST  Initiating request to open file file:/lustre/cms//store/user/piet/ME0Segment_Time/DYToMuMu_M-20_TuneZ2star_14TeV-pythia6-tauola/DYToMuMu_M-20_TuneZ2star_14TeV-pythia6-tauola_HGCALGS_PU140_1ns_7ns_RECO/151014_105159/0000/out_reco_49.root
20-Oct-2015 07:46:26 CEST  Successfully opened file file:/lustre/cms//store/user/piet/ME0Segment_Time/DYToMuMu_M-20_TuneZ2star_14TeV-pythia6-tauola/DYToMuMu_M-20_TuneZ2star_14TeV-pythia6-tauola_HGCALGS_PU140_1ns_7ns_RECO/151014_105159/0000/out_reco_49.root
Begin processing the 101st record. Run 1, Event 357761, LumiSection 15064 at 20-Oct-2015 07:46:30.279 CEST
-1.84326-1.88914-11.9011-0.485053-0.523865-0.237124-3.43476-1.36429-2.70899-0.241589-0.504298-6.6236%MSG-e RunLumiMerging:  source 20-Oct-2015 07:47:02 CEST PostBeginLumi
ProductHolderBase::mergeTheProduct
Two run/lumi products for the same run/lumi which should be equal are not
Using the first, ignoring the second
className = edm::RandomEngineStates
moduleLabel = randomEngineStateProducer
instance = beginLumi
process = DIGI2RAW

%MSG
-0.546147-3.78254-2.12571-1.09619-0.392196-1.6110920-Oct-2015 07:47:24 CEST  Closed file file:/lustre/cms//store/user/piet/ME0Segment_Time/DYToMuMu_M-20_TuneZ2star_14TeV-pythia6-tauola/DYToMuMu_M-20_TuneZ2star_14TeV-pythia6-tauola_HGCALGS_PU140_1ns_7ns_RECO/151014_105159/0000/out_reco_49.root
20-Oct-2015 07:47:24 CEST  Initiating request to open file file:/lustre/cms//store/user/piet/ME0Segment_Time/DYToMuMu_M-20_TuneZ2star_14TeV-pythia6-tauola/DYToMuMu_M-20_TuneZ2star_14TeV-pythia6-tauola_HGCALGS_PU140_1ns_7ns_RECO/151014_105159/0000/out_reco_82.root
20-Oct-2015 07:47:24 CEST  Successfully opened file file:/lustre/cms//store/user/piet/ME0Segment_Time/DYToMuMu_M-20_TuneZ2star_14TeV-pythia6-tauola/DYToMuMu_M-20_TuneZ2star_14TeV-pythia6-tauola_HGCALGS_PU140_1ns_7ns_RECO/151014_105159/0000/out_reco_82.root
Begin processing the 201st record. Run 1, Event 472201, LumiSection 19883 at 20-Oct-2015 07:47:28.443 CEST
-0.619192-3.81539-2.28585-8.89028-0.707014-11.7821-60.3363-3.23846-1.07226-3.59521-1.88287-7.09906-54.1073-0.942185-0.601543-1.17142-1.63438-2.34154-0.972841-0.913493-2.46656-1.64963-0.97896820-Oct-2015 07:48:16 CEST  Closed file file:/lustre/cms//store/user/piet/ME0Segment_Time/DYToMuMu_M-20_TuneZ2star_14TeV-pythia6-tauola/DYToMuMu_M-20_TuneZ2star_14TeV-pythia6-tauola_HGCALGS_PU140_1ns_7ns_RECO/151014_105159/0000/out_reco_82.root
20-Oct-2015 07:48:16 CEST  Initiating request to open file file:/lustre/cms//store/user/piet/ME0Segment_Time/DYToMuMu_M-20_TuneZ2star_14TeV-pythia6-tauola/DYToMuMu_M-20_TuneZ2star_14TeV-pythia6-tauola_HGCALGS_PU140_1ns_7ns_RECO/151014_105159/0000/out_reco_76.root
20-Oct-2015 07:48:16 CEST  Successfully opened file file:/lustre/cms//store/user/piet/ME0Segment_Time/DYToMuMu_M-20_TuneZ2star_14TeV-pythia6-tauola/DYToMuMu_M-20_TuneZ2star_14TeV-pythia6-tauola_HGCALGS_PU140_1ns_7ns_RECO/151014_105159/0000/out_reco_76.root
Begin processing the 301st record. Run 1, Event 993091, LumiSection 41815 at 20-Oct-2015 07:48:19.978 CEST
-0.386724-2.46004-0.920244-1.12717-5.3272-1.63334-1.67916-0.806352-0.757302-10.4896-3.50527-0.470352-3.13859-0.839362-1.39841-3.55025-1.49583-1.15833-8.26336-14.2167-1.8814720-Oct-2015 07:49:11 CEST  Closed file file:/lustre/cms//store/user/piet/ME0Segment_Time/DYToMuMu_M-20_TuneZ2star_14TeV-pythia6-tauola/DYToMuMu_M-20_TuneZ2star_14TeV-pythia6-tauola_HGCALGS_PU140_1ns_7ns_RECO/151014_105159/0000/out_reco_76.root
20-Oct-2015 07:49:11 CEST  Initiating request to open file file:/lustre/cms//store/user/piet/ME0Segment_Time/DYToMuMu_M-20_TuneZ2star_14TeV-pythia6-tauola/DYToMuMu_M-20_TuneZ2star_14TeV-pythia6-tauola_HGCALGS_PU140_1ns_7ns_RECO/151014_105159/0000/out_reco_87.root
20-Oct-2015 07:49:11 CEST  Successfully opened file file:/lustre/cms//store/user/piet/ME0Segment_Time/DYToMuMu_M-20_TuneZ2star_14TeV-pythia6-tauola/DYToMuMu_M-20_TuneZ2star_14TeV-pythia6-tauola_HGCALGS_PU140_1ns_7ns_RECO/151014_105159/0000/out_reco_87.root
Begin processing the 401st record. Run 1, Event 505401, LumiSection 21281 at 20-Oct-2015 07:49:15.297 CEST
-5.8405-3.34115-2.15274-58.9612-0.635674-3.94689-4.48539-3.27037-1.1193120-Oct-2015 07:50:07 CEST  Closed file file:/lustre/cms//store/user/piet/ME0Segment_Time/DYToMuMu_M-20_TuneZ2star_14TeV-pythia6-tauola/DYToMuMu_M-20_TuneZ2star_14TeV-pythia6-tauola_HGCALGS_PU140_1ns_7ns_RECO/151014_105159/0000/out_reco_87.root

=============================================

MessageLogger Summary

 type     category        sev    module        subroutine        count    total
 ---- -------------------- -- ---------------- ----------------  -----    -----
    1 RunLumiMerging       -e source                                 2        2
    2 fileAction           -s file_close                             5        5
    3 fileAction           -s file_open                             10       10

 type    category    Examples: run/evt        run/evt          run/evt
 ---- -------------------- ---------------- ---------------- ----------------
    1 RunLumiMerging       PostBeginLumi    PostBeginLumi    
    2 fileAction           PostProcessEvent PostProcessEvent PostEndRun
    3 fileAction           pre-events       pre-events       PostProcessEvent

Severity    # Occurrences   Total Occurrences
--------    -------------   -----------------
Error                   2                   2
System                 15                  15
>>> END OF printout of 64 lines from stdout+stderr
>>> Parse FrameworkJobReport crab_fjr.xml
Result of parsing the FrameworkJobReport crab_fjr.xml: Popularity start
lumisRange : 1::15033-15034,19881,41815-41816::1;1::15064,15361-15364,18070::2;1::18101-18104,18905,19883::3;1::19885,21281-21284::4;1::16368,39500-39503::5;
lumisParentRange : 
Basename : /store/user/piet/ME0Segment_Time/DYToMuMu_M-20_TuneZ2star_14TeV-pythia6-tauola/DYToMuMu_M-20_TuneZ2star_14TeV-pythia6-tauola_HGCALGS_PU140_1ns_7ns_RECO/151014_105159/0000/out_reco_
BasenameParent : 
parentFiles : 
inputBlocks : /DYToMuMu_M-20_TuneZ2star_14TeV-pythia6-tauola/piet-DYToMuMu_M-20_TuneZ2star_14TeV-pythia6-tauola_HGCALGS_PU140_1ns_7ns_RECO-dae2ba7355add6539efc58ac0d4cc16b/USER#c0463b44-58f0-4c33-8105-492a98f18390
inputFiles : 76.root::1::EDM::Local::1;49.root::1::EDM::Local::2;82.root::1::EDM::Local::3;87.root::1::EDM::Local::4;33.root::1::EDM::Local::5;
Popularity stop
Extracted ExitStatus from FrameworkJobReport parsing output: 0
>>> Executable succeded  0
ExeExitCode=0
EXECUTABLE_EXIT_STATUS = 0
>>> current directory /home/cms033/home_cream_391746187/CREAM391746187/glide_21aa6j/execute/dir_10901/CMSSW_6_2_0_SLHC26_patch3
>>>  (SOFTWARE_DIR): /home/cms033/home_cream_391746187/CREAM391746187/glide_21aa6j/execute/dir_10901/CMSSW_6_2_0_SLHC26_patch3
>>> (WORKING_DIR): 
>>> current directory content:
total 656
drwxr-xr-x 3 cms033 cms   4096 Oct 20 07:44 .SCRAM
-rw------- 1 cms033 cms 279361 Oct 20 07:44 CMSSW.py.pkl
-rw------- 1 cms033 cms  13343 Oct 20 07:50 OutTree.root
drwxr-xr-x 3 cms033 cms   4096 Oct 20 07:44 biglib
drwxr-xr-x 3 cms033 cms   4096 Oct 20 07:44 bin
drwxr-xr-x 3 cms033 cms   4096 Oct 20 07:44 cfipython
drwxr-xr-x 4 cms033 cms   4096 Jul 13 19:47 config
-rw------- 1 cms033 cms     16 Oct 20 07:50 cpu_timing.txt
drwxr-xr-x 2 cms033 cms   4096 Oct 20 07:44 doc
-rw------- 1 cms033 cms   6899 Oct 20 07:50 executable.out
drwxr-xr-x 2 cms033 cms   4096 Oct 20 07:44 include
drwx------ 3 cms033 cms   4096 Sep 29 20:50 lib
drwxr-xr-x 3 cms033 cms   4096 Oct 20 07:44 logs
drwxr-xr-x 3 cms033 cms   4096 Oct 20 07:44 objs
-rw------- 1 cms033 cms    104 Oct 20 07:44 pset.py
-rw------- 1 cms033 cms 280611 Oct 20 07:44 pset.py.pkl
-rw------- 1 cms033 cms    289 Oct 20 07:44 pset.pyc
drwxr-xr-x 2 cms033 cms   4096 Oct 20 07:44 python
-rw------- 1 cms033 cms    359 Oct 20 07:50 report.log
drwx------ 7 cms033 cms   4096 Oct 20 07:44 src
drwxr-xr-x 3 cms033 cms   4096 Oct 20 07:44 test
drwxr-xr-x 3 cms033 cms   4096 Oct 20 07:44 tmp
>>> current directory /home/cms033/home_cream_391746187/CREAM391746187/glide_21aa6j/execute/dir_10901/CMSSW_6_2_0_SLHC26_patch3
>>> (SOFTWARE_DIR): /home/cms033/home_cream_391746187/CREAM391746187/glide_21aa6j/execute/dir_10901/CMSSW_6_2_0_SLHC26_patch3
>>> (WORKING_DIR): 
>>> current directory content:
total 640
drwxr-xr-x 3 cms033 cms   4096 Oct 20 07:44 .SCRAM
-rw------- 1 cms033 cms 279361 Oct 20 07:44 CMSSW.py.pkl
drwxr-xr-x 3 cms033 cms   4096 Oct 20 07:44 biglib
drwxr-xr-x 3 cms033 cms   4096 Oct 20 07:44 bin
drwxr-xr-x 3 cms033 cms   4096 Oct 20 07:44 cfipython
drwxr-xr-x 4 cms033 cms   4096 Jul 13 19:47 config
-rw------- 1 cms033 cms     16 Oct 20 07:50 cpu_timing.txt
drwxr-xr-x 2 cms033 cms   4096 Oct 20 07:44 doc
-rw------- 1 cms033 cms   6899 Oct 20 07:50 executable.out
drwxr-xr-x 2 cms033 cms   4096 Oct 20 07:44 include
drwx------ 3 cms033 cms   4096 Sep 29 20:50 lib
drwxr-xr-x 3 cms033 cms   4096 Oct 20 07:44 logs
drwxr-xr-x 3 cms033 cms   4096 Oct 20 07:44 objs
-rw------- 1 cms033 cms    104 Oct 20 07:44 pset.py
-rw------- 1 cms033 cms 280611 Oct 20 07:44 pset.py.pkl
-rw------- 1 cms033 cms    289 Oct 20 07:44 pset.pyc
drwxr-xr-x 2 cms033 cms   4096 Oct 20 07:44 python
-rw------- 1 cms033 cms    359 Oct 20 07:50 report.log
drwx------ 7 cms033 cms   4096 Oct 20 07:44 src
drwxr-xr-x 3 cms033 cms   4096 Oct 20 07:44 test
drwxr-xr-x 3 cms033 cms   4096 Oct 20 07:44 tmp
>>> current directory (RUNTIME_AREA):  /home/cms033/home_cream_391746187/CREAM391746187/glide_21aa6j/execute/dir_10901
>>> current dir: /home/cms033/home_cream_391746187/CREAM391746187/glide_21aa6j/execute/dir_10901
>>> current dir content:
total 26076
-rwx------  1 cms033 cms       52 Oct 20 07:44 .chirp.config
-rwx------  1 cms033 cms     6550 Oct 20 07:44 .job.ad
-rwx------  1 cms033 cms     9090 Oct 20 07:44 .machine.ad
-rw-------  1 cms033 cms      105 Oct 20 07:37 CMSSW.py
-rw-------  1 cms033 cms   279361 Oct 20 07:37 CMSSW.py.pkl
-rwx------  1 cms033 cms    26312 Oct 20 07:44 CMSSW.sh
drwxr-xr-x 16 cms033 cms     4096 Oct 20 07:50 CMSSW_6_2_0_SLHC26_patch3
-rw-------  1 cms033 cms      302 Oct 20 07:44 CacheEnv.sh
-rw-------  1 cms033 cms     7291 Nov 19  2014 DashboardAPI.py
-rw-------  1 cms033 cms     6815 Oct 20 07:44 DashboardAPI.pyc
drwx------  2 cms033 cms     4096 Oct 20 07:50 IMProv
-rw-------  1 cms033 cms     2748 Nov 19  2014 Logger.py
-rw-------  1 cms033 cms     3347 Oct 20 07:44 Logger.pyc
lrwxrwxrwx  1 cms033 cms      100 Oct 20 07:50 OutTree.root -> /home/cms033/home_cream_391746187/CREAM391746187/glide_21aa6j/execute/dir_10901/OutTree_6_1_Tqd.root
-rw-------  1 cms033 cms    13343 Oct 20 07:50 OutTree_6_1_Tqd.root
-rw-------  1 cms033 cms    24524 Nov 19  2014 ProcInfo.py
-rw-------  1 cms033 cms    23197 Oct 20 07:44 ProcInfo.pyc
drwx------  7 cms033 cms     4096 Oct 20 07:44 ProdCommon
drwx------  3 cms033 cms     4096 Oct 20 07:44 WMCore
-rw-------  1 cms033 cms     2365 Oct 20 07:49 Watchdog_6.log
-rwx------  1 cms033 cms        0 Oct 20 07:44 _condor_stderr
-rwx---r--  1 cms033 cms    20849 Oct 20 07:50 _condor_stdout
-rw-------  1 cms033 cms    32895 Nov 19  2014 apmon.py
-rw-------  1 cms033 cms    28625 Oct 20 07:44 apmon.pyc
-rwx------  1 cms033 cms   198108 Oct 20 07:44 arguments.xml
-rwx------  1 cms033 cms   204102 May 29 01:26 cmsRun
-rwx------  1 cms033 cms    38581 Nov 19  2014 cmscp.py
-rwx------  1 cms033 cms    26312 Oct 20 07:44 condor_exec.exe
-rw-------  1 cms033 cms      532 Oct 20 07:37 crab.cfg
-rwx------  1 cms033 cms     8610 Nov 19  2014 crabWatchdog.sh
-rwx---r--  1 cms033 cms   271536 Oct 20 07:50 crab_fjr_6.xml
-rwx------  1 cms033 cms 25265817 Oct 20 07:44 default.tgz
-rwx------  1 cms033 cms     4488 Nov 19  2014 fillCrabFjr.py
-rw-------  1 cms033 cms     1188 Oct 20 07:44 inputsReport.txt
-rw-------  1 cms033 cms      122 Oct 20 07:50 jobreport.txt
-rw-------  1 cms033 cms    17352 Nov 19  2014 parseCrabFjr.py
-rw-------  1 cms033 cms      328 Oct 20 07:44 report.log
-rwx--x--x  1 cms033 cms     1497 Nov 19  2014 report.py
-rwx------  1 cms033 cms     8351 Nov 19  2014 writeCfg.py
-rw-------  1 cms033 cms     8473 Oct 20 07:44 x509up_u46992
>>> crab_fjr_*.xml  permission set to 0704
CrabWrapper EXIT_FUNC entered at Tue Oct 20 07:50:14 CEST 2015   -  Tue Oct 20 05:50:14 UTC 2015
Checking output files:  
will tar file OutTree_6_1_Tqd.root in  out_files_6
will tar file crab_fjr_6.xml in  out_files_6
WARNING: output file CMSSW_6.stdout not found!
WARNING: output file CMSSW_6.stderr not found!
WARNING: output file Watchdog_6.log.gz not found!
>>> padding time: Sleeping the wrapper for 270 seconds
STOPPING WATCHDOG. CrabWatchdog PID is 11328
********** LAST 50 LINES OF WATCHDOG LOG
# RESOURCE USAGE SUMMARY FOR PROCESS ID 10947
USER       PID %CPU %MEM    VSZ   RSS TTY      STAT START   TIME COMMAND
cms033   10947  0.2  0.0   9600  1608 ?        S    07:44   0:00 /bin/sh /home/cms033/home_cream_391746187/CREAM391746187/glide_21aa6j/execute/dir_10901/condor_exec.exe 6 1
 
# LIMITS USED BY CRAB WATCHDOG:
# RSS  (KBytes)   : 2300000
# VSZ  (KBytes)   : 100000000
# DISK (MBytes)   : 19000
# CPU TIME        : 720h:0m:0s
# WALL CLOCK TIME : 21h:50m:0s
 
# FOLLOWING PRINTOUT TRACKS MAXIMUM VALUES OF RESOURCES USE
# ONE LINE IS PRINTED EACH TIME A MAXIMUM CHANGES
# IF CHANGE WAS IN RSS OR VSZ ALSO PROCID AND COMMAND ARE PRINTED
# THERE IS NO PRINTOUT FOR CPU/WALL TIME INCREASE
 
# TIME			PID	RSS(KB)	VSZ(KB)	Dsk(MB)	tCPU(s)	tWALL(s)	COMMAND
 Oct 20 07:44:50 CEST	4883	1396	9368	0	0	0	/bin/bash /home/cms033/home_cream_391746187/CREAM391746187/glide_21aa6j/main/condor_startup.sh glidein_config        
 Oct 20 07:44:50 CEST	6161	8632	95316	0	0	0	/home/cms033/home_cream_391746187/CREAM391746187/glide_21aa6j/main/condor/sbin/condor_master -f -pidfile /home/cms033/home_cream_391746187/CREAM391746187/glide_21aa6j/condor_master2.pid       
 Oct 20 07:44:50 CEST	6254	9404	95964	0	0	1	condor_startd -f         
 Oct 20 07:44:50 CEST	31475	9404	106096	0	0	2	sh -c "./glidein_startup.sh" -v std -name v3_2 -entry CMS_T2_IT_Bari_ce2 -clientname CMSG-v1_0.main
 Oct 20 07:44:50 CEST	31479	9404	106488	0	0	3	/bin/bash ./glidein_startup.sh -v std -name v3_2 -entry CMS_T2_IT_Bari_ce2 -clientname CMSG-v1_0.main -schedd
 Oct 20 07:44:50 CEST	---	9404	106488	155	----	----	----
 Oct 20 07:45:53 CEST	6254	9452	106488	155	0	65	condor_startd -f         
 Oct 20 07:45:53 CEST	11924	530744	736384	155	29	67	cmsRun -j /home/cms033/home_cream_391746187/CREAM391746187/glide_21aa6j/execute/dir_10901/crab_fjr_6.xml -p pset.py      
 Oct 20 07:46:58 CEST	11924	534940	746112	155	62	131	cmsRun -j /home/cms033/home_cream_391746187/CREAM391746187/glide_21aa6j/execute/dir_10901/crab_fjr_6.xml -p pset.py      
 Oct 20 07:48:02 CEST	11924	545212	756608	155	92	194	cmsRun -j /home/cms033/home_cream_391746187/CREAM391746187/glide_21aa6j/execute/dir_10901/crab_fjr_6.xml -p pset.py      
 Oct 20 07:49:05 CEST	11924	545212	770208	155	124	258	cmsRun -j /home/cms033/home_cream_391746187/CREAM391746187/glide_21aa6j/execute/dir_10901/crab_fjr_6.xml -p pset.py      
********** WATCHDOG LOG ENDED
ZIPPING WATCHDOG LOG
Disk space used:
du -sh /home/cms033/home_cream_391746187/CREAM391746187/glide_21aa6j/execute/dir_10901
155M	/home/cms033/home_cream_391746187/CREAM391746187/glide_21aa6j/execute/dir_10901
Found unusual stdout, rename for OSB
`/home/cms033/home_cream_391746187/CREAM391746187/glide_21aa6j/execute/dir_10901/_condor_stdout' -> `CMSSW_6.stdout'
Found unusual stderr, rename for OSB
`/home/cms033/home_cream_391746187/CREAM391746187/glide_21aa6j/execute/dir_10901/_condor_stdout' -> `CMSSW_6.stderr'
OutTree_6_1_Tqd.root
crab_fjr_6.xml
CMSSW_6.stdout
CMSSW_6.stderr
Watchdog_6.log.gz
Total Output dimension: 48690
WARNING: output files size limit is set to: 50000000
Total Output dimension 48690 is fine.
JOB_EXIT_STATUS = 0
>>> info for dashboard:
***** Cat /home/cms033/home_cream_391746187/CREAM391746187/glide_21aa6j/execute/dir_10901/jobreport.txt *****
MonitorJobID=6_https://vocms0117.cern.ch//151020//47160.5
MonitorID=amkalsi_Loose_1000ps_k84eh5
ExeTime=314
ExeExitCode=0
CrabUserCpuTime=149.30
CrabSysCpuTime=4.20
CrabCpuPercentage=48%
CrabWrapperTime=600
CrabStageoutTime=NULL
JobExitCode=0
***** End Cat jobreport *****
Parameters sent to Dashboard.
EXITING at Tue Oct 20 07:54:49 CEST 2015  -  Tue Oct 20 05:54:49 UTC 2015
