This script was generated by crab (version 2.11.1_patch1).
Running /home/pilcms123/home_cr002_301190183/CREAM301190183/glide_ruQ2nQ/execute/dir_23585/condor_exec.exe with 2 positional parameters: 15 1
Today is Tue Oct 20 07:44:51 CEST 2015 - Tue Oct 20 05:44:51 UTC 2015
Job submitted on host cmsfarm-11-09.lnl.infn.it
Linux cmsfarm-11-09.lnl.infn.it 2.6.32-504.8.1.el6.x86_64 #1 SMP Tue Jan 27 13:39:10 CST 2015 x86_64 x86_64 x86_64 GNU/Linux
Distributor ID:	Scientific
Description:	Scientific Linux release 6.5 (Carbon)
>>> current directory (RUNTIME_AREA): /home/pilcms123/home_cr002_301190183/CREAM301190183/glide_ruQ2nQ/execute/dir_23585
>>> current user: uid=21014(cms064) gid=1399(cms) groups=1399(cms)
>>> directory permission set to 0700
>>> umask set to:  u=rwx,g=,o=
>>> stdout stderr permission set to 0704
>>> voms proxy information:
subject   : /C=TW/O=AP/OU=GRID/CN=Amandeep Kaur Kalsi 129089/CN=541697223/CN=542504890
issuer    : /C=TW/O=AP/OU=GRID/CN=Amandeep Kaur Kalsi 129089/CN=541697223
identity  : /C=TW/O=AP/OU=GRID/CN=Amandeep Kaur Kalsi 129089
type      : RFC3820 compliant limited proxy
strength  : 1024
path      : /home/pilcms123/home_cr002_301190183/CREAM301190183/glide_ruQ2nQ/execute/dir_23585/x509up_u46992
timeleft  : 191:48:57
key usage : Digital Signature, Key Encipherment, Data Encipherment, Key Agreement
=== VO cms extension information ===
VO        : cms
subject   : /C=TW/O=AP/OU=GRID/CN=Amandeep Kaur Kalsi 129089
issuer    : /DC=ch/DC=cern/OU=computers/CN=voms2.cern.ch
attribute : /cms/Role=NULL/Capability=NULL
timeleft  : 191:48:57
uri       : voms2.cern.ch:15002

WNHostName=cmsfarm-11-09.lnl.infn.it
$_CONDOR_JOB_AD =/home/pilcms123/home_cr002_301190183/CREAM301190183/glide_ruQ2nQ/execute/dir_23585/.job.ad
OverflowFlag=1
>>> tar --no-same-permissions -xf /home/pilcms123/home_cr002_301190183/CREAM301190183/glide_ruQ2nQ/execute/dir_23585/default.tgz :
Successful untar
>>> Include /home/pilcms123/home_cr002_301190183/CREAM301190183/glide_ruQ2nQ/execute/dir_23585 in PYTHONPATH:
strip arguments
env var CRAB_UNIQUE_JOB_ID set to: amkalsi_Loose_1000ps_k84eh5_15_1_xJG
out_files_15
>>> list of expected files on output sandbox
output files: OutTree_15_1_xJG.root crab_fjr_15.xml CMSSW_15.stdout CMSSW_15.stderr Watchdog_15.log.gz
>>> GridFlavour discovery: 
GridFlavour=LCG
>>> SyncSite discovery: 
SyncSite=T2_IT_Legnaro
>>> SyncCE discovery: 
getting SyncCE from CE_ID
SyncCE=t2-ce-02.lnl.infn.it:8443/cream-lsf-cms
>>> info for dashboard:
***** Cat /home/pilcms123/home_cr002_301190183/CREAM301190183/glide_ruQ2nQ/execute/dir_23585/jobreport.txt *****
WNHostName=cmsfarm-11-09.lnl.infn.it
OverflowFlag=1
MonitorJobID=15_https://vocms0117.cern.ch//151020//47160.14
SyncGridJobId=https://vocms0117.cern.ch//151020//47160.14
MonitorID=amkalsi_Loose_1000ps_k84eh5
GridFlavour=LCG
SyncSite=T2_IT_Legnaro
SyncCE=t2-ce-02.lnl.infn.it:8443/cream-lsf-cms
***** End Cat jobreport *****
Parameters sent to Dashboard.
>>> setup environment
set SCRAM ARCH to slc6_amd64_gcc472
SCRAM_ARCH = slc6_amd64_gcc472
>>> setup CMS LCG environment:
set SCRAM ARCH and BUILD_ARCH to slc6_amd64_gcc472 ###
Sourcing environment... 
sourcing /cvmfs/cms.cern.ch/cmsset_default.sh
==> setup cms environment ok
>>> specific cmssw setup environment:
CMSSW_VERSION =  CMSSW_6_2_0_SLHC26_patch3
WARNING: In non-interactive mode release checks e.g. deprecated releases, production architectures are disabled.
>>> current directory (SOFTWARE_DIR): /home/pilcms123/home_cr002_301190183/CREAM301190183/glide_ruQ2nQ/execute/dir_23585/CMSSW_6_2_0_SLHC26_patch3
PreserveSeeds: <>
IncrementSeeds:<>
>>> info for dashboard:
***** Cat /home/pilcms123/home_cr002_301190183/CREAM301190183/glide_ruQ2nQ/execute/dir_23585/jobreport.txt *****
MonitorJobID=15_https://vocms0117.cern.ch//151020//47160.14
MonitorID=amkalsi_Loose_1000ps_k84eh5
***** End Cat jobreport *****
Parameters sent to Dashboard.
crabWatchdog started as process 24427
>>> moving CMSSW software directories in /home/pilcms123/home_cr002_301190183/CREAM301190183/glide_ruQ2nQ/execute/dir_23585/CMSSW_6_2_0_SLHC26_patch3
mv: cannot stat `/home/pilcms123/home_cr002_301190183/CREAM301190183/glide_ruQ2nQ/execute/dir_23585/module/': No such file or directory
>>> Include /home/pilcms123/home_cr002_301190183/CREAM301190183/glide_ruQ2nQ/execute/dir_23585 in PYTHONPATH:
PYTHONPATH=/home/pilcms123/home_cr002_301190183/CREAM301190183/glide_ruQ2nQ/execute/dir_23585/:/home/pilcms123/home_cr002_301190183/CREAM301190183/glide_ruQ2nQ/execute/dir_23585/CMSSW_6_2_0_SLHC26_patch3/python:/home/pilcms123/home_cr002_301190183/CREAM301190183/glide_ruQ2nQ/execute/dir_23585/CMSSW_6_2_0_SLHC26_patch3/lib/slc6_amd64_gcc472:/cvmfs/cms.cern.ch/slc6_amd64_gcc472/cms/cmssw-patch/CMSSW_6_2_0_SLHC26_patch3/python:/cvmfs/cms.cern.ch/slc6_amd64_gcc472/cms/cmssw-patch/CMSSW_6_2_0_SLHC26_patch3/lib/slc6_amd64_gcc472:/cvmfs/cms.cern.ch/slc6_amd64_gcc472/cms/cmssw/CMSSW_6_2_0_SLHC26/bin/slc6_amd64_gcc472:/cvmfs/cms.cern.ch/slc6_amd64_gcc472/cms/cmssw/CMSSW_6_2_0_SLHC26/lib/slc6_amd64_gcc472:/cvmfs/cms.cern.ch/slc6_amd64_gcc472/cms/coral/CORAL_2_3_21-flmnjk2/slc6_amd64_gcc472/python:/cvmfs/cms.cern.ch/slc6_amd64_gcc472/cms/coral/CORAL_2_3_21-flmnjk2/slc6_amd64_gcc472/lib:/cvmfs/cms.cern.ch/slc6_amd64_gcc472/external/pyqt/4.8.1-cms5/lib/python2.7/site-packages:/cvmfs/cms.cern.ch/slc6_amd64_gcc472/external/py2-scipy/0.8.0-cms7/lib/python2.7/site-packages:/cvmfs/cms.cern.ch/slc6_amd64_gcc472/external/py2-matplotlib/1.0.1-cms7/lib/python2.7/site-packages:/cvmfs/cms.cern.ch/slc6_amd64_gcc472/external/python-ldap/2.4.10/lib/python2.7/site-packages:/cvmfs/cms.cern.ch/slc6_amd64_gcc472/external/sip/4.11.2-cms5/lib/python2.7/site-packages:/cvmfs/cms.cern.ch/slc6_amd64_gcc472/external/py2-pycurl/7.19.0-cms7/lib/python2.7/site-packages:/cvmfs/cms.cern.ch/slc6_amd64_gcc472/external/py2-numpy/1.6.1-cms7/lib/python2.7/site-packages:/cvmfs/cms.cern.ch/slc6_amd64_gcc472/external/py2-lint/0.25.1-cms5/lib/python2.7/site-packages:/cvmfs/cms.cern.ch/slc6_amd64_gcc472/external/py2-ipython/0.10-cms5/lib/python2.7/site-packages:/cvmfs/cms.cern.ch/slc6_amd64_gcc472/external/py2-cx-oracle/5.1-cms5/lib/python2.7/site-packages:/cvmfs/cms.cern.ch/slc6_amd64_gcc472/external/py2-cjson/1.0.5-cms5/lib/python2.7/site-packages:/cvmfs/cms.cern.ch/slc6_amd64_gcc472/cms/das-client/1.11.7/bin:/cvmfs/cms.cern.ch/slc6_amd64_gcc472/external/elementtree/1.2.6-cms5/share/lib/python2.7/site-packages:/cvmfs/cms.cern.ch/slc6_amd64_gcc472/external/rivet/1.8.2-cms9/lib/python2.7/site-packages:/cvmfs/cms.cern.ch/slc6_amd64_gcc472/external/pyminuit2/0.0.1-cms25/lib/python2.7/site-packages:/cvmfs/cms.cern.ch/slc6_amd64_gcc472/external/py2-pygithub/1.23.0-cms2/lib/python2.7/site-packages:/cvmfs/cms.cern.ch/slc6_amd64_gcc472/external/professor/1.0.0-cms25/lib/python2.7/site-packages:/cvmfs/cms.cern.ch/slc6_amd64_gcc472/lcg/root/5.34.07-cms5/lib:/cvmfs/cms.cern.ch/slc6_amd64_gcc472/cms/dbs-client/DBS_2_1_9-cms5/lib:/cvmfs/cms.cern.ch/slc6_amd64_gcc472/cms/dbs-client/DBS_2_1_9-cms5/lib/DBSAPI:/cvmfs/cms.cern.ch/slc6_amd64_gcc472/external/cvs2git/5419-cms/lib:/home/pilcms123/home_cr002_301190183/CREAM301190183/glide_ruQ2nQ/execute/dir_23585/
 
# LIMITS USED BY CRAB WATCHDOG:
# RSS  (KBytes)   : 2300000
# VSZ  (KBytes)   : 100000000
# DISK (MBytes)   : 19000
# CPU TIME        : 720h:0m:0s
# WALL CLOCK TIME : 21h:50m:0s
 
89204fc7dc811f9e79a97af487a037d4
PSETHASH = 89204fc7dc811f9e79a97af487a037d4
/home/pilcms123/home_cr002_301190183/CREAM301190183/glide_ruQ2nQ/execute/dir_23585/writeCfg.py pset.py pset.py
Importing .py file
Setting parameters
RandomNumberGeneratorService found, will attempt to change seeds
inputBlocks=/DYToMuMu_M-20_TuneZ2star_14TeV-pythia6-tauola/piet-DYToMuMu_M-20_TuneZ2star_14TeV-pythia6-tauola_HGCALGS_PU140_1ns_7ns_RECO-dae2ba7355add6539efc58ac0d4cc16b/USER#4d0024f3-aa71-4771-8fac-a9305b3b143c
inputFiles=/store/user/piet/ME0Segment_Time/DYToMuMu_M-20_TuneZ2star_14TeV-pythia6-tauola/DYToMuMu_M-20_TuneZ2star_14TeV-pythia6-tauola_HGCALGS_PU140_1ns_7ns_RECO/151014_152234/0000/out_reco_201.root
parentFiles=
lumisRange=
>>> Executable cmsRun
/cvmfs/cms.cern.ch/slc6_amd64_gcc472/cms/cmssw/CMSSW_6_2_0_SLHC26/bin/slc6_amd64_gcc472/cmsRun
ok executable found
>>> info for dashboard:
***** Cat /home/pilcms123/home_cr002_301190183/CREAM301190183/glide_ruQ2nQ/execute/dir_23585/jobreport.txt *****
MonitorJobID=15_https://vocms0117.cern.ch//151020//47160.14
MonitorID=amkalsi_Loose_1000ps_k84eh5
ExeStart=cmsRun
***** End Cat jobreport *****
Parameters sent to Dashboard.
>>> cmsRun started at Tue Oct 20 05:45:16 UTC 2015
>>> cmsRun ended at Tue Oct 20 05:46:18 UTC 2015
>>> crab_fjr_*.xml  permission set to 0704
>>> info for dashboard:
***** Cat /home/pilcms123/home_cr002_301190183/CREAM301190183/glide_ruQ2nQ/execute/dir_23585/jobreport.txt *****
MonitorJobID=15_https://vocms0117.cern.ch//151020//47160.14
MonitorID=amkalsi_Loose_1000ps_k84eh5
ExeEnd=cmsRun
***** End Cat jobreport *****
Parameters sent to Dashboard.
TIME_EXE = 62 sec
>>> cmsRun wrote 39 lines of stdout+stderr
>>> START OF printout of 39 lines from stdout+stderr
Failed open file in the dCache.
%MSG-w StorageFactory::stagein():  PoolSource:source@sourceConstruction  20-Oct-2015 07:45:38 CEST pre-events
Failed to stage in file 'dcap://t2-srm-02.lnl.infn.it/pnfs/lnl.infn.it/data/cms/store/user/piet/ME0Segment_Time/DYToMuMu_M-20_TuneZ2star_14TeV-pythia6-tauola/DYToMuMu_M-20_TuneZ2star_14TeV-pythia6-tauola_HGCALGS_PU140_1ns_7ns_RECO/151014_152234/0000/out_reco_201.root' because:
An exception of category 'FileStageInError' occurred while
   [0] Calling DCacheStorageMaker::stagein()
Exception Message:
Cannot stage in file 'dcap://t2-srm-02.lnl.infn.it/pnfs/lnl.infn.it/data/cms/store/user/piet/ME0Segment_Time/DYToMuMu_M-20_TuneZ2star_14TeV-pythia6-tauola/DYToMuMu_M-20_TuneZ2star_14TeV-pythia6-tauola_HGCALGS_PU140_1ns_7ns_RECO/151014_152234/0000/out_reco_201.root', error was: "No such file or directory" (dc_errno=30)

%MSG
20-Oct-2015 07:45:38 CEST  Initiating request to open file dcap://t2-srm-02.lnl.infn.it/pnfs/lnl.infn.it/data/cms/store/user/piet/ME0Segment_Time/DYToMuMu_M-20_TuneZ2star_14TeV-pythia6-tauola/DYToMuMu_M-20_TuneZ2star_14TeV-pythia6-tauola_HGCALGS_PU140_1ns_7ns_RECO/151014_152234/0000/out_reco_201.root
Failed open file in the dCache.
20-Oct-2015 07:45:38 CEST  Fallback request to file root://xrootd-cms.infn.it:1194//store/user/piet/ME0Segment_Time/DYToMuMu_M-20_TuneZ2star_14TeV-pythia6-tauola/DYToMuMu_M-20_TuneZ2star_14TeV-pythia6-tauola_HGCALGS_PU140_1ns_7ns_RECO/151014_152234/0000/out_reco_201.root
20-Oct-2015 07:45:41 CEST  Successfully opened file root://xrootd-cms.infn.it:1194//store/user/piet/ME0Segment_Time/DYToMuMu_M-20_TuneZ2star_14TeV-pythia6-tauola/DYToMuMu_M-20_TuneZ2star_14TeV-pythia6-tauola_HGCALGS_PU140_1ns_7ns_RECO/151014_152234/0000/out_reco_201.root
Begin processing the 1st record. Run 1, Event 808771, LumiSection 34054 at 20-Oct-2015 07:46:05.211 CEST
in MuonNumberingInitialization::initializeMuonDDDConstants
about to make my new muonDDDConst_
in MuonNumberingInitialization::produce
-0.070583520-Oct-2015 07:46:17 CEST  Closed file root://xrootd-cms.infn.it:1194//store/user/piet/ME0Segment_Time/DYToMuMu_M-20_TuneZ2star_14TeV-pythia6-tauola/DYToMuMu_M-20_TuneZ2star_14TeV-pythia6-tauola_HGCALGS_PU140_1ns_7ns_RECO/151014_152234/0000/out_reco_201.root

=============================================

MessageLogger Summary

 type     category        sev    module        subroutine        count    total
 ---- -------------------- -- ---------------- ----------------  -----    -----
    1 StorageFactory::stag -w PoolSource:sourc                       1        1
    2 fileAction           -s file_close                             1        1
    3 fileAction           -s file_open                              3        3

 type    category    Examples: run/evt        run/evt          run/evt
 ---- -------------------- ---------------- ---------------- ----------------
    1 StorageFactory::stagein() pre-events                        
    2 fileAction           PostEndRun                        
    3 fileAction           pre-events       pre-events       pre-events

Severity    # Occurrences   Total Occurrences
--------    -------------   -----------------
Warning                 1                   1
System                  4                   4
>>> END OF printout of 39 lines from stdout+stderr
>>> Parse FrameworkJobReport crab_fjr.xml
Result of parsing the FrameworkJobReport crab_fjr.xml: Popularity start
lumisRange : 1::::1;
lumisParentRange : 
Basename : /store/user/piet/ME0Segment_Time/DYToMuMu_M-20_TuneZ2star_14TeV-pythia6-tauola/DYToMuMu_M-20_TuneZ2star_14TeV-pythia6-tauola_HGCALGS_PU140_1ns_7ns_RECO/151014_152234/0000/
BasenameParent : 
parentFiles : 
inputBlocks : /DYToMuMu_M-20_TuneZ2star_14TeV-pythia6-tauola/piet-DYToMuMu_M-20_TuneZ2star_14TeV-pythia6-tauola_HGCALGS_PU140_1ns_7ns_RECO-dae2ba7355add6539efc58ac0d4cc16b/USER#4d0024f3-aa71-4771-8fac-a9305b3b143c
inputFiles : out_reco_201.root::1::EDM::Remote::1;
Popularity stop
Extracted ExitStatus from FrameworkJobReport parsing output: 0
>>> Executable succeded  0
ExeExitCode=0
EXECUTABLE_EXIT_STATUS = 0
>>> current directory /home/pilcms123/home_cr002_301190183/CREAM301190183/glide_ruQ2nQ/execute/dir_23585/CMSSW_6_2_0_SLHC26_patch3
>>>  (SOFTWARE_DIR): /home/pilcms123/home_cr002_301190183/CREAM301190183/glide_ruQ2nQ/execute/dir_23585/CMSSW_6_2_0_SLHC26_patch3
>>> (WORKING_DIR): 
>>> current directory content:
total 648
drwxr-xr-x 3 cms064 cms   4096 Oct 20 07:44 .SCRAM
-rw------- 1 cms064 cms 279361 Oct 20 07:44 CMSSW.py.pkl
-rw------- 1 cms064 cms  11665 Oct 20 07:46 OutTree.root
drwxr-xr-x 3 cms064 cms   4096 Oct 20 07:44 biglib
drwxr-xr-x 3 cms064 cms   4096 Oct 20 07:44 bin
drwxr-xr-x 3 cms064 cms   4096 Oct 20 07:44 cfipython
drwxr-xr-x 4 cms064 cms   4096 Jul 13 19:47 config
-rw------- 1 cms064 cms     15 Oct 20 07:46 cpu_timing.txt
drwxr-xr-x 2 cms064 cms   4096 Oct 20 07:44 doc
-rw------- 1 cms064 cms   3262 Oct 20 07:46 executable.out
drwxr-xr-x 2 cms064 cms   4096 Oct 20 07:44 include
drwx------ 3 cms064 cms   4096 Sep 29 20:50 lib
drwxr-xr-x 3 cms064 cms   4096 Oct 20 07:44 logs
drwxr-xr-x 3 cms064 cms   4096 Oct 20 07:44 objs
-rw------- 1 cms064 cms    104 Oct 20 07:45 pset.py
-rw------- 1 cms064 cms 279822 Oct 20 07:45 pset.py.pkl
-rw------- 1 cms064 cms    289 Oct 20 07:45 pset.pyc
drwxr-xr-x 2 cms064 cms   4096 Oct 20 07:44 python
-rw------- 1 cms064 cms    365 Oct 20 07:46 report.log
drwx------ 7 cms064 cms   4096 Oct 20 07:44 src
drwxr-xr-x 3 cms064 cms   4096 Oct 20 07:44 test
drwxr-xr-x 3 cms064 cms   4096 Oct 20 07:44 tmp
>>> current directory /home/pilcms123/home_cr002_301190183/CREAM301190183/glide_ruQ2nQ/execute/dir_23585/CMSSW_6_2_0_SLHC26_patch3
>>> (SOFTWARE_DIR): /home/pilcms123/home_cr002_301190183/CREAM301190183/glide_ruQ2nQ/execute/dir_23585/CMSSW_6_2_0_SLHC26_patch3
>>> (WORKING_DIR): 
>>> current directory content:
total 636
drwxr-xr-x 3 cms064 cms   4096 Oct 20 07:44 .SCRAM
-rw------- 1 cms064 cms 279361 Oct 20 07:44 CMSSW.py.pkl
drwxr-xr-x 3 cms064 cms   4096 Oct 20 07:44 biglib
drwxr-xr-x 3 cms064 cms   4096 Oct 20 07:44 bin
drwxr-xr-x 3 cms064 cms   4096 Oct 20 07:44 cfipython
drwxr-xr-x 4 cms064 cms   4096 Jul 13 19:47 config
-rw------- 1 cms064 cms     15 Oct 20 07:46 cpu_timing.txt
drwxr-xr-x 2 cms064 cms   4096 Oct 20 07:44 doc
-rw------- 1 cms064 cms   3262 Oct 20 07:46 executable.out
drwxr-xr-x 2 cms064 cms   4096 Oct 20 07:44 include
drwx------ 3 cms064 cms   4096 Sep 29 20:50 lib
drwxr-xr-x 3 cms064 cms   4096 Oct 20 07:44 logs
drwxr-xr-x 3 cms064 cms   4096 Oct 20 07:44 objs
-rw------- 1 cms064 cms    104 Oct 20 07:45 pset.py
-rw------- 1 cms064 cms 279822 Oct 20 07:45 pset.py.pkl
-rw------- 1 cms064 cms    289 Oct 20 07:45 pset.pyc
drwxr-xr-x 2 cms064 cms   4096 Oct 20 07:44 python
-rw------- 1 cms064 cms    365 Oct 20 07:46 report.log
drwx------ 7 cms064 cms   4096 Oct 20 07:44 src
drwxr-xr-x 3 cms064 cms   4096 Oct 20 07:44 test
drwxr-xr-x 3 cms064 cms   4096 Oct 20 07:44 tmp
>>> current directory (RUNTIME_AREA):  /home/pilcms123/home_cr002_301190183/CREAM301190183/glide_ruQ2nQ/execute/dir_23585
>>> current dir: /home/pilcms123/home_cr002_301190183/CREAM301190183/glide_ruQ2nQ/execute/dir_23585
>>> current dir content:
total 25868
-rwx------  1 cms064 cms       52 Oct 20 07:44 .chirp.config
-rwx------  1 cms064 cms     6603 Oct 20 07:44 .job.ad
-rwx------  1 cms064 cms     9398 Oct 20 07:44 .machine.ad
-rw-------  1 cms064 cms      105 Oct 20 07:37 CMSSW.py
-rw-------  1 cms064 cms   279361 Oct 20 07:37 CMSSW.py.pkl
-rwx------  1 cms064 cms    26312 Oct 20 07:44 CMSSW.sh
drwxr-xr-x 16 cms064 cms     4096 Oct 20 07:46 CMSSW_6_2_0_SLHC26_patch3
-rw-------  1 cms064 cms      476 Oct 20 07:44 CacheEnv.sh
-rw-------  1 cms064 cms     7291 Nov 19  2014 DashboardAPI.py
-rw-------  1 cms064 cms     6860 Oct 20 07:45 DashboardAPI.pyc
drwx------  2 cms064 cms     4096 Oct 20 07:46 IMProv
-rw-------  1 cms064 cms     2748 Nov 19  2014 Logger.py
-rw-------  1 cms064 cms     3362 Oct 20 07:45 Logger.pyc
lrwxrwxrwx  1 cms064 cms      104 Oct 20 07:46 OutTree.root -> /home/pilcms123/home_cr002_301190183/CREAM301190183/glide_ruQ2nQ/execute/dir_23585/OutTree_15_1_xJG.root
-rw-------  1 cms064 cms    11665 Oct 20 07:46 OutTree_15_1_xJG.root
-rw-------  1 cms064 cms    24524 Nov 19  2014 ProcInfo.py
-rw-------  1 cms064 cms    23269 Oct 20 07:45 ProcInfo.pyc
drwx------  7 cms064 cms     4096 Oct 20 07:45 ProdCommon
drwx------  3 cms064 cms     4096 Oct 20 07:44 WMCore
-rw-------  1 cms064 cms     1629 Oct 20 07:46 Watchdog_15.log
-rwx------  1 cms064 cms        0 Oct 20 07:44 _condor_stderr
-rwx---r--  1 cms064 cms    16324 Oct 20 07:46 _condor_stdout
-rw-------  1 cms064 cms    32895 Nov 19  2014 apmon.py
-rw-------  1 cms064 cms    28712 Oct 20 07:45 apmon.pyc
-rwx------  1 cms064 cms   198108 Oct 20 07:44 arguments.xml
-rwx------  1 cms064 cms   204102 May 29 01:26 cmsRun
-rwx------  1 cms064 cms    38581 Nov 19  2014 cmscp.py
-rwx------  1 cms064 cms    26312 Oct 20 07:44 condor_exec.exe
-rw-------  1 cms064 cms      532 Oct 20 07:37 crab.cfg
-rwx------  1 cms064 cms     8610 Nov 19  2014 crabWatchdog.sh
-rwx---r--  1 cms064 cms    68157 Oct 20 07:46 crab_fjr_15.xml
-rwx------  1 cms064 cms 25265817 Oct 20 07:44 default.tgz
-rwx------  1 cms064 cms     4488 Nov 19  2014 fillCrabFjr.py
-rw-------  1 cms064 cms      437 Oct 20 07:45 inputsReport.txt
-rw-------  1 cms064 cms      123 Oct 20 07:46 jobreport.txt
-rw-------  1 cms064 cms    17352 Nov 19  2014 parseCrabFjr.py
-rw-------  1 cms064 cms      339 Oct 20 07:44 report.log
-rwx--x--x  1 cms064 cms     1497 Nov 19  2014 report.py
-rwx------  1 cms064 cms     8351 Nov 19  2014 writeCfg.py
-rw-------  1 cms064 cms     8473 Oct 20 07:44 x509up_u46992
>>> crab_fjr_*.xml  permission set to 0704
CrabWrapper EXIT_FUNC entered at Tue Oct 20 07:46:22 CEST 2015   -  Tue Oct 20 05:46:22 UTC 2015
Checking output files:  
will tar file OutTree_15_1_xJG.root in  out_files_15
will tar file crab_fjr_15.xml in  out_files_15
WARNING: output file CMSSW_15.stdout not found!
WARNING: output file CMSSW_15.stderr not found!
WARNING: output file Watchdog_15.log.gz not found!
>>> padding time: Sleeping the wrapper for 511 seconds
STOPPING WATCHDOG. CrabWatchdog PID is 24427
********** LAST 50 LINES OF WATCHDOG LOG
# RESOURCE USAGE SUMMARY FOR PROCESS ID 23614
USER       PID %CPU %MEM    VSZ   RSS TTY      STAT START   TIME COMMAND
cms064   23614  0.3  0.0   9592  1600 ?        SN   07:44   0:00 /bin/sh /home/pilcms123/home_cr002_301190183/CREAM301190183/glide_ruQ2nQ/execute/dir_23585/condor_exec.exe 15 1
 
# LIMITS USED BY CRAB WATCHDOG:
# RSS  (KBytes)   : 2300000
# VSZ  (KBytes)   : 100000000
# DISK (MBytes)   : 19000
# CPU TIME        : 720h:0m:0s
# WALL CLOCK TIME : 21h:50m:0s
 
# FOLLOWING PRINTOUT TRACKS MAXIMUM VALUES OF RESOURCES USE
# ONE LINE IS PRINTED EACH TIME A MAXIMUM CHANGES
# IF CHANGE WAS IN RSS OR VSZ ALSO PROCID AND COMMAND ARE PRINTED
# THERE IS NO PRINTOUT FOR CPU/WALL TIME INCREASE
 
# TIME			PID	RSS(KB)	VSZ(KB)	Dsk(MB)	tCPU(s)	tWALL(s)	COMMAND
 Oct 20 07:45:10 CEST	23614	1600	9592	0	0	0	/bin/sh /home/pilcms123/home_cr002_301190183/CREAM301190183/glide_ruQ2nQ/execute/dir_23585/condor_exec.exe 15 1       
 Oct 20 07:45:10 CEST	24427	1656	13824	0	0	1	/bin/bash /home/pilcms123/home_cr002_301190183/CREAM301190183/glide_ruQ2nQ/execute/dir_23585/crabWatchdog.sh         
 Oct 20 07:45:10 CEST	24464	1656	16208	0	0	1	edmConfigHash pset.py         
 Oct 20 07:45:10 CEST	---	1656	16208	154	----	----	----
 Oct 20 07:46:11 CEST	24427	1660	16208	154	0	61	/bin/bash /home/pilcms123/home_cr002_301190183/CREAM301190183/glide_ruQ2nQ/execute/dir_23585/crabWatchdog.sh         
 Oct 20 07:46:11 CEST	24862	496496	759068	154	18	61	cmsRun -j /home/pilcms123/home_cr002_301190183/CREAM301190183/glide_ruQ2nQ/execute/dir_23585/crab_fjr_15.xml -p pset.py      
 Oct 20 07:46:11 CEST	---	496496	759068	155	----	----	----
********** WATCHDOG LOG ENDED
ZIPPING WATCHDOG LOG
Disk space used:
du -sh /home/pilcms123/home_cr002_301190183/CREAM301190183/glide_ruQ2nQ/execute/dir_23585
155M	/home/pilcms123/home_cr002_301190183/CREAM301190183/glide_ruQ2nQ/execute/dir_23585
Found unusual stdout, rename for OSB
`/home/pilcms123/home_cr002_301190183/CREAM301190183/glide_ruQ2nQ/execute/dir_23585/_condor_stdout' -> `CMSSW_15.stdout'
Found unusual stderr, rename for OSB
`/home/pilcms123/home_cr002_301190183/CREAM301190183/glide_ruQ2nQ/execute/dir_23585/_condor_stdout' -> `CMSSW_15.stderr'
OutTree_15_1_xJG.root
crab_fjr_15.xml
CMSSW_15.stdout
CMSSW_15.stderr
Watchdog_15.log.gz
Total Output dimension: 22210
WARNING: output files size limit is set to: 50000000
Total Output dimension 22210 is fine.
JOB_EXIT_STATUS = 0
>>> info for dashboard:
***** Cat /home/pilcms123/home_cr002_301190183/CREAM301190183/glide_ruQ2nQ/execute/dir_23585/jobreport.txt *****
MonitorJobID=15_https://vocms0117.cern.ch//151020//47160.14
MonitorID=amkalsi_Loose_1000ps_k84eh5
ExeTime=62
ExeExitCode=0
CrabUserCpuTime=18.26
CrabSysCpuTime=1.79
CrabCpuPercentage=32%
CrabWrapperTime=600
CrabStageoutTime=NULL
JobExitCode=0
***** End Cat jobreport *****
Parameters sent to Dashboard.
EXITING at Tue Oct 20 07:54:55 CEST 2015  -  Tue Oct 20 05:54:55 UTC 2015
