This script was generated by crab (version 2.11.1_patch1).
Running /home/cms033/home_cream_390779616/CREAM390779616/glide_mEeWGc/execute/dir_21707/condor_exec.exe with 2 positional parameters: 1 1
Today is Tue Oct 20 07:51:56 CEST 2015 - Tue Oct 20 05:51:56 UTC 2015
Job submitted on host pccms84.ba.infn.it
Linux pccms84.ba.infn.it 2.6.32-504.3.3.el6.x86_64 #1 SMP Wed Dec 17 09:22:39 CET 2014 x86_64 x86_64 x86_64 GNU/Linux
Distributor ID:	ScientificCERNSLC
Description:	Scientific Linux CERN SLC release 6.4 (Carbon)
>>> current directory (RUNTIME_AREA): /home/cms033/home_cream_390779616/CREAM390779616/glide_mEeWGc/execute/dir_21707
>>> current user: uid=18589(cms033) gid=1399(cms) groups=1399(cms)
>>> directory permission set to 0700
>>> umask set to:  u=rwx,g=,o=
>>> stdout stderr permission set to 0704
>>> voms proxy information:
subject   : /C=TW/O=AP/OU=GRID/CN=Amandeep Kaur Kalsi 129089/CN=541697223/CN=1988874543
issuer    : /C=TW/O=AP/OU=GRID/CN=Amandeep Kaur Kalsi 129089/CN=541697223
identity  : /C=TW/O=AP/OU=GRID/CN=Amandeep Kaur Kalsi 129089
type      : RFC3820 compliant limited proxy
strength  : 1024
path      : /home/cms033/home_cream_390779616/CREAM390779616/glide_mEeWGc/execute/dir_21707/x509up_u46992
timeleft  : 23:59:46
key usage : Digital Signature, Key Encipherment, Data Encipherment, Key Agreement
=== VO cms extension information ===
VO        : cms
subject   : /C=TW/O=AP/OU=GRID/CN=Amandeep Kaur Kalsi 129089
issuer    : /DC=ch/DC=cern/OU=computers/CN=voms2.cern.ch
attribute : /cms/Role=NULL/Capability=NULL
timeleft  : 191:41:46
uri       : voms2.cern.ch:15002

WNHostName=pccms84.ba.infn.it
$_CONDOR_JOB_AD =/home/cms033/home_cream_390779616/CREAM390779616/glide_mEeWGc/execute/dir_21707/.job.ad
OverflowFlag=0
>>> tar --no-same-permissions -xf /home/cms033/home_cream_390779616/CREAM390779616/glide_mEeWGc/execute/dir_21707/default.tgz :
Successful untar
>>> Include /home/cms033/home_cream_390779616/CREAM390779616/glide_mEeWGc/execute/dir_21707 in PYTHONPATH:
strip arguments
env var CRAB_UNIQUE_JOB_ID set to: amkalsi_Loose_100ps_y2t07m_1_1_xPi
out_files_1
>>> list of expected files on output sandbox
output files: OutTree_1_1_xPi.root crab_fjr_1.xml CMSSW_1.stdout CMSSW_1.stderr Watchdog_1.log.gz
>>> GridFlavour discovery: 
GridFlavour=LCG
>>> SyncSite discovery: 
SyncSite=T2_IT_Bari
>>> SyncCE discovery: 
getting SyncCE from CE_ID
SyncCE=cream-ce-2.ba.infn.it:8443/cream-pbs-long
>>> info for dashboard:
***** Cat /home/cms033/home_cream_390779616/CREAM390779616/glide_mEeWGc/execute/dir_21707/jobreport.txt *****
WNHostName=pccms84.ba.infn.it
OverflowFlag=0
MonitorJobID=1_https://submit-6.t2.ucsd.edu//151020//666494.0
SyncGridJobId=https://submit-6.t2.ucsd.edu//151020//666494.0
MonitorID=amkalsi_Loose_100ps_y2t07m
GridFlavour=LCG
SyncSite=T2_IT_Bari
SyncCE=cream-ce-2.ba.infn.it:8443/cream-pbs-long
***** End Cat jobreport *****
Parameters sent to Dashboard.
>>> setup environment
set SCRAM ARCH to slc6_amd64_gcc472
SCRAM_ARCH = slc6_amd64_gcc472
>>> setup CMS LCG environment:
set SCRAM ARCH and BUILD_ARCH to slc6_amd64_gcc472 ###
Sourcing environment... 
sourcing /cvmfs/cms.cern.ch/cmsset_default.sh
==> setup cms environment ok
>>> specific cmssw setup environment:
CMSSW_VERSION =  CMSSW_6_2_0_SLHC26_patch3
WARNING: In non-interactive mode release checks e.g. deprecated releases, production architectures are disabled.
>>> current directory (SOFTWARE_DIR): /home/cms033/home_cream_390779616/CREAM390779616/glide_mEeWGc/execute/dir_21707/CMSSW_6_2_0_SLHC26_patch3
PreserveSeeds: <>
IncrementSeeds:<>
>>> info for dashboard:
***** Cat /home/cms033/home_cream_390779616/CREAM390779616/glide_mEeWGc/execute/dir_21707/jobreport.txt *****
MonitorJobID=1_https://submit-6.t2.ucsd.edu//151020//666494.0
MonitorID=amkalsi_Loose_100ps_y2t07m
***** End Cat jobreport *****
Parameters sent to Dashboard.
crabWatchdog started as process 21926
>>> moving CMSSW software directories in /home/cms033/home_cream_390779616/CREAM390779616/glide_mEeWGc/execute/dir_21707/CMSSW_6_2_0_SLHC26_patch3
mv: cannot stat `/home/cms033/home_cream_390779616/CREAM390779616/glide_mEeWGc/execute/dir_21707/module/': No such file or directory
>>> Include /home/cms033/home_cream_390779616/CREAM390779616/glide_mEeWGc/execute/dir_21707 in PYTHONPATH:
PYTHONPATH=/home/cms033/home_cream_390779616/CREAM390779616/glide_mEeWGc/execute/dir_21707/:/home/cms033/home_cream_390779616/CREAM390779616/glide_mEeWGc/execute/dir_21707/CMSSW_6_2_0_SLHC26_patch3/python:/home/cms033/home_cream_390779616/CREAM390779616/glide_mEeWGc/execute/dir_21707/CMSSW_6_2_0_SLHC26_patch3/lib/slc6_amd64_gcc472:/cvmfs/cms.cern.ch/slc6_amd64_gcc472/cms/cmssw-patch/CMSSW_6_2_0_SLHC26_patch3/python:/cvmfs/cms.cern.ch/slc6_amd64_gcc472/cms/cmssw-patch/CMSSW_6_2_0_SLHC26_patch3/lib/slc6_amd64_gcc472:/cvmfs/cms.cern.ch/slc6_amd64_gcc472/cms/cmssw/CMSSW_6_2_0_SLHC26/bin/slc6_amd64_gcc472:/cvmfs/cms.cern.ch/slc6_amd64_gcc472/cms/cmssw/CMSSW_6_2_0_SLHC26/lib/slc6_amd64_gcc472:/cvmfs/cms.cern.ch/slc6_amd64_gcc472/cms/coral/CORAL_2_3_21-flmnjk2/slc6_amd64_gcc472/python:/cvmfs/cms.cern.ch/slc6_amd64_gcc472/cms/coral/CORAL_2_3_21-flmnjk2/slc6_amd64_gcc472/lib:/cvmfs/cms.cern.ch/slc6_amd64_gcc472/external/pyqt/4.8.1-cms5/lib/python2.7/site-packages:/cvmfs/cms.cern.ch/slc6_amd64_gcc472/external/py2-scipy/0.8.0-cms7/lib/python2.7/site-packages:/cvmfs/cms.cern.ch/slc6_amd64_gcc472/external/py2-matplotlib/1.0.1-cms7/lib/python2.7/site-packages:/cvmfs/cms.cern.ch/slc6_amd64_gcc472/external/python-ldap/2.4.10/lib/python2.7/site-packages:/cvmfs/cms.cern.ch/slc6_amd64_gcc472/external/sip/4.11.2-cms5/lib/python2.7/site-packages:/cvmfs/cms.cern.ch/slc6_amd64_gcc472/external/py2-pycurl/7.19.0-cms7/lib/python2.7/site-packages:/cvmfs/cms.cern.ch/slc6_amd64_gcc472/external/py2-numpy/1.6.1-cms7/lib/python2.7/site-packages:/cvmfs/cms.cern.ch/slc6_amd64_gcc472/external/py2-lint/0.25.1-cms5/lib/python2.7/site-packages:/cvmfs/cms.cern.ch/slc6_amd64_gcc472/external/py2-ipython/0.10-cms5/lib/python2.7/site-packages:/cvmfs/cms.cern.ch/slc6_amd64_gcc472/external/py2-cx-oracle/5.1-cms5/lib/python2.7/site-packages:/cvmfs/cms.cern.ch/slc6_amd64_gcc472/external/py2-cjson/1.0.5-cms5/lib/python2.7/site-packages:/cvmfs/cms.cern.ch/slc6_amd64_gcc472/cms/das-client/1.11.7/bin:/cvmfs/cms.cern.ch/slc6_amd64_gcc472/external/elementtree/1.2.6-cms5/share/lib/python2.7/site-packages:/cvmfs/cms.cern.ch/slc6_amd64_gcc472/external/rivet/1.8.2-cms9/lib/python2.7/site-packages:/cvmfs/cms.cern.ch/slc6_amd64_gcc472/external/pyminuit2/0.0.1-cms25/lib/python2.7/site-packages:/cvmfs/cms.cern.ch/slc6_amd64_gcc472/external/py2-pygithub/1.23.0-cms2/lib/python2.7/site-packages:/cvmfs/cms.cern.ch/slc6_amd64_gcc472/external/professor/1.0.0-cms25/lib/python2.7/site-packages:/cvmfs/cms.cern.ch/slc6_amd64_gcc472/lcg/root/5.34.07-cms5/lib:/cvmfs/cms.cern.ch/slc6_amd64_gcc472/cms/dbs-client/DBS_2_1_9-cms5/lib:/cvmfs/cms.cern.ch/slc6_amd64_gcc472/cms/dbs-client/DBS_2_1_9-cms5/lib/DBSAPI:/cvmfs/cms.cern.ch/slc6_amd64_gcc472/external/cvs2git/5419-cms/lib:/home/cms033/home_cream_390779616/CREAM390779616/glide_mEeWGc/execute/dir_21707/
 
# LIMITS USED BY CRAB WATCHDOG:
# RSS  (KBytes)   : 2300000
# VSZ  (KBytes)   : 100000000
# DISK (MBytes)   : 19000
# CPU TIME        : 720h:0m:0s
# WALL CLOCK TIME : 21h:50m:0s
 
89204fc7dc811f9e79a97af487a037d4
PSETHASH = 89204fc7dc811f9e79a97af487a037d4
/home/cms033/home_cream_390779616/CREAM390779616/glide_mEeWGc/execute/dir_21707/writeCfg.py pset.py pset.py
Importing .py file
Setting parameters
RandomNumberGeneratorService found, will attempt to change seeds
inputBlocks=/DYToMuMu_M-20_TuneZ2star_14TeV-pythia6-tauola/piet-DYToMuMu_M-20_TuneZ2star_14TeV-pythia6-tauola_HGCALGS_PU140_100ps_1p5ns_RECO-a6c1ab73bd1959e4a7fbbca874362562/USER#34ce7328-07e4-4ed4-92de-b84afb97518e
inputFiles=/store/user/piet/DYToMuMu_M-20_TuneZ2star_14TeV-pythia6-tauola/DYToMuMu_M-20_TuneZ2star_14TeV-pythia6-tauola_HGCALGS_PU140_100ps_1p5ns_RECO/a6c1ab73bd1959e4a7fbbca874362562/out_reco_715_2_1Mo.root;/store/user/piet/DYToMuMu_M-20_TuneZ2star_14TeV-pythia6-tauola/DYToMuMu_M-20_TuneZ2star_14TeV-pythia6-tauola_HGCALGS_PU140_100ps_1p5ns_RECO/a6c1ab73bd1959e4a7fbbca874362562/out_reco_790_2_Al9.root;/store/user/piet/DYToMuMu_M-20_TuneZ2star_14TeV-pythia6-tauola/DYToMuMu_M-20_TuneZ2star_14TeV-pythia6-tauola_HGCALGS_PU140_100ps_1p5ns_RECO/a6c1ab73bd1959e4a7fbbca874362562/out_reco_843_2_mr9.root;/store/user/piet/DYToMuMu_M-20_TuneZ2star_14TeV-pythia6-tauola/DYToMuMu_M-20_TuneZ2star_14TeV-pythia6-tauola_HGCALGS_PU140_100ps_1p5ns_RECO/a6c1ab73bd1959e4a7fbbca874362562/out_reco_431_2_x16.root;/store/user/piet/DYToMuMu_M-20_TuneZ2star_14TeV-pythia6-tauola/DYToMuMu_M-20_TuneZ2star_14TeV-pythia6-tauola_HGCALGS_PU140_100ps_1p5ns_RECO/a6c1ab73bd1959e4a7fbbca874362562/out_reco_620_2_5qm.root
parentFiles=
lumisRange=
>>> Executable cmsRun
/cvmfs/cms.cern.ch/slc6_amd64_gcc472/cms/cmssw/CMSSW_6_2_0_SLHC26/bin/slc6_amd64_gcc472/cmsRun
ok executable found
>>> info for dashboard:
***** Cat /home/cms033/home_cream_390779616/CREAM390779616/glide_mEeWGc/execute/dir_21707/jobreport.txt *****
MonitorJobID=1_https://submit-6.t2.ucsd.edu//151020//666494.0
MonitorID=amkalsi_Loose_100ps_y2t07m
ExeStart=cmsRun
***** End Cat jobreport *****
Parameters sent to Dashboard.
>>> cmsRun started at Tue Oct 20 05:52:16 UTC 2015
>>> cmsRun ended at Tue Oct 20 05:53:36 UTC 2015
>>> crab_fjr_*.xml  permission set to 0704
>>> info for dashboard:
***** Cat /home/cms033/home_cream_390779616/CREAM390779616/glide_mEeWGc/execute/dir_21707/jobreport.txt *****
MonitorJobID=1_https://submit-6.t2.ucsd.edu//151020//666494.0
MonitorID=amkalsi_Loose_100ps_y2t07m
ExeEnd=cmsRun
***** End Cat jobreport *****
Parameters sent to Dashboard.
TIME_EXE = 80 sec
>>> cmsRun wrote 37 lines of stdout+stderr
>>> START OF printout of 37 lines from stdout+stderr
20-Oct-2015 07:52:32 CEST  Initiating request to open file file:/lustre/cms//store/user/piet/DYToMuMu_M-20_TuneZ2star_14TeV-pythia6-tauola/DYToMuMu_M-20_TuneZ2star_14TeV-pythia6-tauola_HGCALGS_PU140_100ps_1p5ns_RECO/a6c1ab73bd1959e4a7fbbca874362562/out_reco_715_2_1Mo.root
20-Oct-2015 07:52:36 CEST  Successfully opened file file:/lustre/cms//store/user/piet/DYToMuMu_M-20_TuneZ2star_14TeV-pythia6-tauola/DYToMuMu_M-20_TuneZ2star_14TeV-pythia6-tauola_HGCALGS_PU140_100ps_1p5ns_RECO/a6c1ab73bd1959e4a7fbbca874362562/out_reco_715_2_1Mo.root
Begin processing the 1st record. Run 1, Event 643531, LumiSection 27097 at 20-Oct-2015 07:52:41.219 CEST
in MuonNumberingInitialization::initializeMuonDDDConstants
about to make my new muonDDDConst_
in MuonNumberingInitialization::produce
-3.3034220-Oct-2015 07:52:55 CEST  Closed file file:/lustre/cms//store/user/piet/DYToMuMu_M-20_TuneZ2star_14TeV-pythia6-tauola/DYToMuMu_M-20_TuneZ2star_14TeV-pythia6-tauola_HGCALGS_PU140_100ps_1p5ns_RECO/a6c1ab73bd1959e4a7fbbca874362562/out_reco_715_2_1Mo.root
20-Oct-2015 07:52:55 CEST  Initiating request to open file file:/lustre/cms//store/user/piet/DYToMuMu_M-20_TuneZ2star_14TeV-pythia6-tauola/DYToMuMu_M-20_TuneZ2star_14TeV-pythia6-tauola_HGCALGS_PU140_100ps_1p5ns_RECO/a6c1ab73bd1959e4a7fbbca874362562/out_reco_790_2_Al9.root
20-Oct-2015 07:52:56 CEST  Successfully opened file file:/lustre/cms//store/user/piet/DYToMuMu_M-20_TuneZ2star_14TeV-pythia6-tauola/DYToMuMu_M-20_TuneZ2star_14TeV-pythia6-tauola_HGCALGS_PU140_100ps_1p5ns_RECO/a6c1ab73bd1959e4a7fbbca874362562/out_reco_790_2_Al9.root
-1.9971520-Oct-2015 07:53:08 CEST  Closed file file:/lustre/cms//store/user/piet/DYToMuMu_M-20_TuneZ2star_14TeV-pythia6-tauola/DYToMuMu_M-20_TuneZ2star_14TeV-pythia6-tauola_HGCALGS_PU140_100ps_1p5ns_RECO/a6c1ab73bd1959e4a7fbbca874362562/out_reco_790_2_Al9.root
20-Oct-2015 07:53:08 CEST  Initiating request to open file file:/lustre/cms//store/user/piet/DYToMuMu_M-20_TuneZ2star_14TeV-pythia6-tauola/DYToMuMu_M-20_TuneZ2star_14TeV-pythia6-tauola_HGCALGS_PU140_100ps_1p5ns_RECO/a6c1ab73bd1959e4a7fbbca874362562/out_reco_843_2_mr9.root
20-Oct-2015 07:53:08 CEST  Successfully opened file file:/lustre/cms//store/user/piet/DYToMuMu_M-20_TuneZ2star_14TeV-pythia6-tauola/DYToMuMu_M-20_TuneZ2star_14TeV-pythia6-tauola_HGCALGS_PU140_100ps_1p5ns_RECO/a6c1ab73bd1959e4a7fbbca874362562/out_reco_843_2_mr9.root
20-Oct-2015 07:53:18 CEST  Closed file file:/lustre/cms//store/user/piet/DYToMuMu_M-20_TuneZ2star_14TeV-pythia6-tauola/DYToMuMu_M-20_TuneZ2star_14TeV-pythia6-tauola_HGCALGS_PU140_100ps_1p5ns_RECO/a6c1ab73bd1959e4a7fbbca874362562/out_reco_843_2_mr9.root
20-Oct-2015 07:53:18 CEST  Initiating request to open file file:/lustre/cms//store/user/piet/DYToMuMu_M-20_TuneZ2star_14TeV-pythia6-tauola/DYToMuMu_M-20_TuneZ2star_14TeV-pythia6-tauola_HGCALGS_PU140_100ps_1p5ns_RECO/a6c1ab73bd1959e4a7fbbca874362562/out_reco_431_2_x16.root
20-Oct-2015 07:53:18 CEST  Successfully opened file file:/lustre/cms//store/user/piet/DYToMuMu_M-20_TuneZ2star_14TeV-pythia6-tauola/DYToMuMu_M-20_TuneZ2star_14TeV-pythia6-tauola_HGCALGS_PU140_100ps_1p5ns_RECO/a6c1ab73bd1959e4a7fbbca874362562/out_reco_431_2_x16.root
-3.6664720-Oct-2015 07:53:25 CEST  Closed file file:/lustre/cms//store/user/piet/DYToMuMu_M-20_TuneZ2star_14TeV-pythia6-tauola/DYToMuMu_M-20_TuneZ2star_14TeV-pythia6-tauola_HGCALGS_PU140_100ps_1p5ns_RECO/a6c1ab73bd1959e4a7fbbca874362562/out_reco_431_2_x16.root
20-Oct-2015 07:53:25 CEST  Initiating request to open file file:/lustre/cms//store/user/piet/DYToMuMu_M-20_TuneZ2star_14TeV-pythia6-tauola/DYToMuMu_M-20_TuneZ2star_14TeV-pythia6-tauola_HGCALGS_PU140_100ps_1p5ns_RECO/a6c1ab73bd1959e4a7fbbca874362562/out_reco_620_2_5qm.root
20-Oct-2015 07:53:25 CEST  Successfully opened file file:/lustre/cms//store/user/piet/DYToMuMu_M-20_TuneZ2star_14TeV-pythia6-tauola/DYToMuMu_M-20_TuneZ2star_14TeV-pythia6-tauola_HGCALGS_PU140_100ps_1p5ns_RECO/a6c1ab73bd1959e4a7fbbca874362562/out_reco_620_2_5qm.root
-0.812958-0.55085720-Oct-2015 07:53:35 CEST  Closed file file:/lustre/cms//store/user/piet/DYToMuMu_M-20_TuneZ2star_14TeV-pythia6-tauola/DYToMuMu_M-20_TuneZ2star_14TeV-pythia6-tauola_HGCALGS_PU140_100ps_1p5ns_RECO/a6c1ab73bd1959e4a7fbbca874362562/out_reco_620_2_5qm.root

=============================================

MessageLogger Summary

 type     category        sev    module        subroutine        count    total
 ---- -------------------- -- ---------------- ----------------  -----    -----
    1 fileAction           -s file_close                             5        5
    2 fileAction           -s file_open                             10       10

 type    category    Examples: run/evt        run/evt          run/evt
 ---- -------------------- ---------------- ---------------- ----------------
    1 fileAction           PostProcessEvent PostProcessEvent PostEndRun
    2 fileAction           pre-events       pre-events       PostProcessEvent

Severity    # Occurrences   Total Occurrences
--------    -------------   -----------------
System                 15                  15
>>> END OF printout of 37 lines from stdout+stderr
>>> Parse FrameworkJobReport crab_fjr.xml
Result of parsing the FrameworkJobReport crab_fjr.xml: Popularity start
lumisRange : 1::::1;1::27837-27838::2;1::::3;1::::4;1::::5;
lumisParentRange : 
Basename : /store/user/piet/DYToMuMu_M-20_TuneZ2star_14TeV-pythia6-tauola/DYToMuMu_M-20_TuneZ2star_14TeV-pythia6-tauola_HGCALGS_PU140_100ps_1p5ns_RECO/a6c1ab73bd1959e4a7fbbca874362562/out_reco_
BasenameParent : 
parentFiles : 
inputBlocks : /DYToMuMu_M-20_TuneZ2star_14TeV-pythia6-tauola/piet-DYToMuMu_M-20_TuneZ2star_14TeV-pythia6-tauola_HGCALGS_PU140_100ps_1p5ns_RECO-a6c1ab73bd1959e4a7fbbca874362562/USER#34ce7328-07e4-4ed4-92de-b84afb97518e
inputFiles : 843_2_mr9.root::1::EDM::Local::1;790_2_Al9.root::1::EDM::Local::2;620_2_5qm.root::1::EDM::Local::3;715_2_1Mo.root::1::EDM::Local::4;431_2_x16.root::1::EDM::Local::5;
Popularity stop
Extracted ExitStatus from FrameworkJobReport parsing output: 0
>>> Executable succeded  0
ExeExitCode=0
EXECUTABLE_EXIT_STATUS = 0
>>> current directory /home/cms033/home_cream_390779616/CREAM390779616/glide_mEeWGc/execute/dir_21707/CMSSW_6_2_0_SLHC26_patch3
>>>  (SOFTWARE_DIR): /home/cms033/home_cream_390779616/CREAM390779616/glide_mEeWGc/execute/dir_21707/CMSSW_6_2_0_SLHC26_patch3
>>> (WORKING_DIR): 
>>> current directory content:
total 652
drwxr-xr-x 3 cms033 cms   4096 Oct 20 07:52 .SCRAM
-rw------- 1 cms033 cms 279361 Oct 20 07:52 CMSSW.py.pkl
-rw------- 1 cms033 cms  10931 Oct 20 07:53 OutTree.root
drwxr-xr-x 3 cms033 cms   4096 Oct 20 07:52 biglib
drwxr-xr-x 3 cms033 cms   4096 Oct 20 07:52 bin
drwxr-xr-x 3 cms033 cms   4096 Oct 20 07:52 cfipython
drwxr-xr-x 4 cms033 cms   4096 Jul 13 19:47 config
-rw------- 1 cms033 cms     16 Oct 20 07:53 cpu_timing.txt
drwxr-xr-x 2 cms033 cms   4096 Oct 20 07:52 doc
-rw------- 1 cms033 cms   5071 Oct 20 07:53 executable.out
drwxr-xr-x 2 cms033 cms   4096 Oct 20 07:52 include
drwx------ 3 cms033 cms   4096 Sep 29 20:50 lib
drwxr-xr-x 3 cms033 cms   4096 Oct 20 07:52 logs
drwxr-xr-x 3 cms033 cms   4096 Oct 20 07:52 objs
-rw------- 1 cms033 cms    104 Oct 20 07:52 pset.py
-rw------- 1 cms033 cms 280654 Oct 20 07:52 pset.py.pkl
-rw------- 1 cms033 cms    289 Oct 20 07:52 pset.pyc
drwxr-xr-x 2 cms033 cms   4096 Oct 20 07:52 python
-rw------- 1 cms033 cms    368 Oct 20 07:53 report.log
drwx------ 7 cms033 cms   4096 Oct 20 07:52 src
drwxr-xr-x 3 cms033 cms   4096 Oct 20 07:52 test
drwxr-xr-x 3 cms033 cms   4096 Oct 20 07:52 tmp
>>> current directory /home/cms033/home_cream_390779616/CREAM390779616/glide_mEeWGc/execute/dir_21707/CMSSW_6_2_0_SLHC26_patch3
>>> (SOFTWARE_DIR): /home/cms033/home_cream_390779616/CREAM390779616/glide_mEeWGc/execute/dir_21707/CMSSW_6_2_0_SLHC26_patch3
>>> (WORKING_DIR): 
>>> current directory content:
total 640
drwxr-xr-x 3 cms033 cms   4096 Oct 20 07:52 .SCRAM
-rw------- 1 cms033 cms 279361 Oct 20 07:52 CMSSW.py.pkl
drwxr-xr-x 3 cms033 cms   4096 Oct 20 07:52 biglib
drwxr-xr-x 3 cms033 cms   4096 Oct 20 07:52 bin
drwxr-xr-x 3 cms033 cms   4096 Oct 20 07:52 cfipython
drwxr-xr-x 4 cms033 cms   4096 Jul 13 19:47 config
-rw------- 1 cms033 cms     16 Oct 20 07:53 cpu_timing.txt
drwxr-xr-x 2 cms033 cms   4096 Oct 20 07:52 doc
-rw------- 1 cms033 cms   5071 Oct 20 07:53 executable.out
drwxr-xr-x 2 cms033 cms   4096 Oct 20 07:52 include
drwx------ 3 cms033 cms   4096 Sep 29 20:50 lib
drwxr-xr-x 3 cms033 cms   4096 Oct 20 07:52 logs
drwxr-xr-x 3 cms033 cms   4096 Oct 20 07:52 objs
-rw------- 1 cms033 cms    104 Oct 20 07:52 pset.py
-rw------- 1 cms033 cms 280654 Oct 20 07:52 pset.py.pkl
-rw------- 1 cms033 cms    289 Oct 20 07:52 pset.pyc
drwxr-xr-x 2 cms033 cms   4096 Oct 20 07:52 python
-rw------- 1 cms033 cms    368 Oct 20 07:53 report.log
drwx------ 7 cms033 cms   4096 Oct 20 07:52 src
drwxr-xr-x 3 cms033 cms   4096 Oct 20 07:52 test
drwxr-xr-x 3 cms033 cms   4096 Oct 20 07:52 tmp
>>> current directory (RUNTIME_AREA):  /home/cms033/home_cream_390779616/CREAM390779616/glide_mEeWGc/execute/dir_21707
>>> current dir: /home/cms033/home_cream_390779616/CREAM390779616/glide_mEeWGc/execute/dir_21707
>>> current dir content:
total 26068
-rwx------  1 cms033 cms       52 Oct 20 07:51 .chirp.config
-rwx------  1 cms033 cms     6729 Oct 20 07:51 .job.ad
-rwx------  1 cms033 cms     9128 Oct 20 07:51 .machine.ad
-rw-------  1 cms033 cms      105 Oct 20 07:35 CMSSW.py
-rw-------  1 cms033 cms   279361 Oct 20 07:35 CMSSW.py.pkl
-rwx------  1 cms033 cms    26318 Oct 20 07:51 CMSSW.sh
drwxr-xr-x 16 cms033 cms     4096 Oct 20 07:53 CMSSW_6_2_0_SLHC26_patch3
-rw-------  1 cms033 cms      302 Oct 20 07:52 CacheEnv.sh
-rw-------  1 cms033 cms     7291 Nov 19  2014 DashboardAPI.py
-rw-------  1 cms033 cms     6815 Oct 20 07:52 DashboardAPI.pyc
drwx------  2 cms033 cms     4096 Oct 20 07:53 IMProv
-rw-------  1 cms033 cms     2748 Nov 19  2014 Logger.py
-rw-------  1 cms033 cms     3347 Oct 20 07:52 Logger.pyc
lrwxrwxrwx  1 cms033 cms      100 Oct 20 07:53 OutTree.root -> /home/cms033/home_cream_390779616/CREAM390779616/glide_mEeWGc/execute/dir_21707/OutTree_1_1_xPi.root
-rw-------  1 cms033 cms    10931 Oct 20 07:53 OutTree_1_1_xPi.root
-rw-------  1 cms033 cms    24524 Nov 19  2014 ProcInfo.py
-rw-------  1 cms033 cms    23197 Oct 20 07:52 ProcInfo.pyc
drwx------  7 cms033 cms     4096 Oct 20 07:52 ProdCommon
drwx------  3 cms033 cms     4096 Oct 20 07:52 WMCore
-rw-------  1 cms033 cms     1766 Oct 20 07:53 Watchdog_1.log
-rwx------  1 cms033 cms        0 Oct 20 07:51 _condor_stderr
-rwx---r--  1 cms033 cms    19024 Oct 20 07:53 _condor_stdout
-rw-------  1 cms033 cms    32895 Nov 19  2014 apmon.py
-rw-------  1 cms033 cms    28625 Oct 20 07:52 apmon.pyc
-rwx------  1 cms033 cms   199964 Oct 20 07:51 arguments.xml
-rwx------  1 cms033 cms   204102 May 29 01:26 cmsRun
-rwx------  1 cms033 cms    38581 Nov 19  2014 cmscp.py
-rwx------  1 cms033 cms    26318 Oct 20 07:51 condor_exec.exe
-rw-------  1 cms033 cms      534 Oct 20 07:35 crab.cfg
-rwx------  1 cms033 cms     8610 Nov 19  2014 crabWatchdog.sh
-rwx---r--  1 cms033 cms   270986 Oct 20 07:53 crab_fjr_1.xml
-rwx------  1 cms033 cms 25265859 Oct 20 07:51 default.tgz
-rwx------  1 cms033 cms     4488 Nov 19  2014 fillCrabFjr.py
-rw-------  1 cms033 cms     1237 Oct 20 07:52 inputsReport.txt
-rw-------  1 cms033 cms      124 Oct 20 07:53 jobreport.txt
-rw-------  1 cms033 cms    17352 Nov 19  2014 parseCrabFjr.py
-rw-------  1 cms033 cms      335 Oct 20 07:52 report.log
-rwx--x--x  1 cms033 cms     1497 Nov 19  2014 report.py
-rwx------  1 cms033 cms     8351 Nov 19  2014 writeCfg.py
-rw-------  1 cms033 cms     8477 Oct 20 07:51 x509up_u46992
>>> crab_fjr_*.xml  permission set to 0704
CrabWrapper EXIT_FUNC entered at Tue Oct 20 07:53:42 CEST 2015   -  Tue Oct 20 05:53:42 UTC 2015
Checking output files:  
will tar file OutTree_1_1_xPi.root in  out_files_1
will tar file crab_fjr_1.xml in  out_files_1
WARNING: output file CMSSW_1.stdout not found!
WARNING: output file CMSSW_1.stderr not found!
WARNING: output file Watchdog_1.log.gz not found!
>>> padding time: Sleeping the wrapper for 501 seconds
STOPPING WATCHDOG. CrabWatchdog PID is 21926
********** LAST 50 LINES OF WATCHDOG LOG
# RESOURCE USAGE SUMMARY FOR PROCESS ID 21711
USER       PID %CPU %MEM    VSZ   RSS TTY      STAT START   TIME COMMAND
cms033   21711  0.2  0.0   9600  1612 ?        S    07:51   0:00 /bin/sh /home/cms033/home_cream_390779616/CREAM390779616/glide_mEeWGc/execute/dir_21707/condor_exec.exe 1 1
 
# LIMITS USED BY CRAB WATCHDOG:
# RSS  (KBytes)   : 2300000
# VSZ  (KBytes)   : 100000000
# DISK (MBytes)   : 19000
# CPU TIME        : 720h:0m:0s
# WALL CLOCK TIME : 21h:50m:0s
 
# FOLLOWING PRINTOUT TRACKS MAXIMUM VALUES OF RESOURCES USE
# ONE LINE IS PRINTED EACH TIME A MAXIMUM CHANGES
# IF CHANGE WAS IN RSS OR VSZ ALSO PROCID AND COMMAND ARE PRINTED
# THERE IS NO PRINTOUT FOR CPU/WALL TIME INCREASE
 
# TIME			PID	RSS(KB)	VSZ(KB)	Dsk(MB)	tCPU(s)	tWALL(s)	COMMAND
 Oct 20 07:52:09 CEST	14174	1244	106096	0	0	0	sh -c "./glidein_startup.sh" -v std -name gfactory_instance -entry CDF_IT_Bari_ce2 -clientname CMSG-v1_0.main
 Oct 20 07:52:09 CEST	14178	1796	106488	0	0	0	/bin/bash ./glidein_startup.sh -v std -name gfactory_instance -entry CDF_IT_Bari_ce2 -clientname CMSG-v1_0.main -schedd
 Oct 20 07:52:09 CEST	19397	8680	106488	0	0	1	/home/cms033/home_cream_390779616/CREAM390779616/glide_mEeWGc/main/condor/sbin/condor_master -f -pidfile /home/cms033/home_cream_390779616/CREAM390779616/glide_mEeWGc/condor_master2.pid       
 Oct 20 07:52:09 CEST	19400	9452	106488	0	0	1	condor_startd -f         
 Oct 20 07:52:09 CEST	21938	26776	106488	0	1	1	edmConfigHash pset.py         
 Oct 20 07:52:09 CEST	---	26776	106488	154	----	----	----
 Oct 20 07:53:10 CEST	22247	520680	753796	154	43	64	cmsRun -j /home/cms033/home_cream_390779616/CREAM390779616/glide_mEeWGc/execute/dir_21707/crab_fjr_1.xml -p pset.py      
 Oct 20 07:53:10 CEST	---	520680	753796	155	----	----	----
********** WATCHDOG LOG ENDED
ZIPPING WATCHDOG LOG
Disk space used:
du -sh /home/cms033/home_cream_390779616/CREAM390779616/glide_mEeWGc/execute/dir_21707
155M	/home/cms033/home_cream_390779616/CREAM390779616/glide_mEeWGc/execute/dir_21707
Found unusual stdout, rename for OSB
`/home/cms033/home_cream_390779616/CREAM390779616/glide_mEeWGc/execute/dir_21707/_condor_stdout' -> `CMSSW_1.stdout'
Found unusual stderr, rename for OSB
`/home/cms033/home_cream_390779616/CREAM390779616/glide_mEeWGc/execute/dir_21707/_condor_stdout' -> `CMSSW_1.stderr'
OutTree_1_1_xPi.root
crab_fjr_1.xml
CMSSW_1.stdout
CMSSW_1.stderr
Watchdog_1.log.gz
Total Output dimension: 43820
WARNING: output files size limit is set to: 50000000
Total Output dimension 43820 is fine.
JOB_EXIT_STATUS = 0
>>> info for dashboard:
***** Cat /home/cms033/home_cream_390779616/CREAM390779616/glide_mEeWGc/execute/dir_21707/jobreport.txt *****
MonitorJobID=1_https://submit-6.t2.ucsd.edu//151020//666494.0
MonitorID=amkalsi_Loose_100ps_y2t07m
ExeTime=80
ExeExitCode=0
CrabUserCpuTime=42.97
CrabSysCpuTime=16.50
CrabCpuPercentage=74%
CrabWrapperTime=600
CrabStageoutTime=NULL
JobExitCode=0
***** End Cat jobreport *****
Parameters sent to Dashboard.
EXITING at Tue Oct 20 08:02:07 CEST 2015  -  Tue Oct 20 06:02:07 UTC 2015
