2015-10-20 00:34:55,816 [DEBUG] 	/cvmfs/cms.cern.ch/crab/CRAB_2_11_1_patch1/python/crab.py -USER.user_remote_dir=DYToMuMu_M-20_TuneZ2star_14TeV_Piet/Good_1000ps -create -USER.ui_working_dir=DYToMuMu_M-20_TuneZ2star_14TeV_Piet/Good_1000ps -CMSSW.datasetpath=/DYToMuMu_M-20_TuneZ2star_14TeV-pythia6-tauola/piet-DYToMuMu_M-20_TuneZ2star_14TeV-pythia6-tauola_HGCALGS_PU140_1ns_7ns_RECO-dae2ba7355add6539efc58ac0d4cc16b/USER -submit -CMSSW.pset=analysisTiming.py

2015-10-20 00:34:55,816 [INFO] 	Version 2.11.1_patch1 running on Tue Oct 20 00:34:55 2015 CST (05:34:55 UTC)

crab. Working options:
	scheduler           remoteGlidein
	job type            CMSSW
	server              OFF
	working directory   /uscms_data/d3/aman30/ME0/CMSSW_6_2_0_SLHC26_patch3/src/Analyzer/ME0TimingAnalysis/python/DYToMuMu_M-20_TuneZ2star_14TeV_Piet/Good_1000ps/

2015-10-20 00:34:55,816 [DEBUG] 	Downloading file [http://cmsdoc.cern.ch/cms/LCG/crab/config/] to [/uscms/home/aman30/.cms_crab/allowed_releases.conf].
2015-10-20 00:34:55,912 [DEBUG] 	Input whitelist: 
2015-10-20 00:34:55,912 [DEBUG] 	Input blacklist: 
2015-10-20 00:34:55,912 [DEBUG] 	Converted whitelist: 
2015-10-20 00:34:55,912 [DEBUG] 	Converted blacklist: 
2015-10-20 00:34:57,389 [DEBUG] 	Downloading file [http://cmsdoc.cern.ch/cms/LCG/crab/config/] to [/uscms/home/aman30/.cms_crab/site_black_list.conf].
2015-10-20 00:34:57,391 [DEBUG] 	Enforced black list: TAPE,srm-cms.cern.ch,cmssrm.fnal.gov,T1_RU,T1_TW,cmseos.fnal.gov,cmsdca2.fnal.gov,T2_PK_NCP,T3_US_Vanderbilt_EC2
 
2015-10-20 00:34:59,168 [DEBUG] 	Linux cmslpc23.fnal.gov 2.6.32-504.30.3.el6.x86_64 #1 SMP Tue Jul 14 11:18:03 CDT 2015 x86_64 x86_64 x86_64 GNU/Linux
 
Used properties:
Linux cmslpc23.fnal.gov 2.6.32-504.30.3.el6.x86_64 #1 SMP Tue Jul 14 11:18:03 CDT 2015 x86_64 x86_64 x86_64 GNU/Linux
 
Used properties:
   CMSSW.datasetpath : /DYToMuMu_M-20_TuneZ2star_14TeV-pythia6-tauola/piet-DYToMuMu_M-20_TuneZ2star_14TeV-pythia6-tauola_HGCALGS_PU140_1ns_7ns_RECO-dae2ba7355add6539efc58ac0d4cc16b/USER
   CMSSW.dbs_url : phys03
   CMSSW.events_per_job : 1000
   CMSSW.output_file : OutTree.root
   CMSSW.pset : analysisTiming.py
   CMSSW.total_number_of_events : -1
   CMSSW.use_dbs3 : 1
   CRAB.create : 
   CRAB.jobtype : cmssw
   CRAB.scheduler : remoteGlidein
   CRAB.submit : 
   CRAB.use_server : 0
   USER.copy_data : 0
   USER.return_data : 1
   USER.ui_working_dir : DYToMuMu_M-20_TuneZ2star_14TeV_Piet/Good_1000ps
   USER.user_remote_dir : DYToMuMu_M-20_TuneZ2star_14TeV_Piet/Good_1000ps
End of used properties.

2015-10-20 00:34:59,168 [DEBUG] 	Downloading file [http://cmsdoc.cern.ch/cms/LCG/crab/config/] to [/uscms/home/aman30/.cms_crab/site_black_list.conf].
2015-10-20 00:34:59,169 [DEBUG] 	Enforced black list: TAPE,srm-cms.cern.ch,cmssrm.fnal.gov,T1_RU,T1_TW,cmseos.fnal.gov,cmsdca2.fnal.gov,T2_PK_NCP,T3_US_Vanderbilt_EC2 
2015-10-20 00:34:59,169 [INFO] 	PSN black list: TAPE,srm-cms.cern.ch,cmssrm.fnal.gov,T1_RU,T1_TW,cmseos.fnal.gov,cmsdca2.fnal.gov,T2_PK_NCP,T3_US_Vanderbilt_EC2
2015-10-20 00:34:59,210 [DEBUG] 	CMSSW::__init__
2015-10-20 00:34:59,210 [DEBUG] 	Scram::Scram() version is 2
2015-10-20 00:34:59,211 [DEBUG] 	Scram::Scram() arch is slc6_amd64_gcc472
2015-10-20 00:34:59,211 [DEBUG] 	Downloading file [https://cmssdt.cern.ch/SDT/cgi-bin] to [/uscms/home/aman30/.cms_crab/ReleasesXML?anytype=1].
2015-10-20 00:34:59,273 [INFO] 	Contacting Data Discovery Services ...
2015-10-20 00:34:59,273 [DEBUG] 	No mapping to a DBS2 instance possible for dbs_url=https://cmsweb.cern.ch/dbs/prod/phys03/DBSReader
2015-10-20 00:34:59,273 [INFO] 	Accessing DBS at: https://cmsweb.cern.ch/dbs/prod/phys03/DBSReader
2015-10-20 00:35:06,521 [INFO] 	DBS3 lookup took  7.23 sec
2015-10-20 00:35:06,637 [INFO] 	Datatype is mc
2015-10-20 00:35:06,643 [DEBUG] 	No mapping to a DBS2 instance possible for dbs_url=https://cmsweb.cern.ch/dbs/prod/phys03/DBSReader
2015-10-20 00:35:06,643 [DEBUG] 	Retrieve block locations with
curl -ks --cert $X509_USER_PROXY --key $X509_USER_PROXY "https://cmsweb.cern.ch/phedex/datasvc/json/prod/BlockReplicaSummary?dataset=/DYToMuMu_M-20_TuneZ2star_14TeV-pythia6-tauola/piet-DYToMuMu_M-20_TuneZ2star_14TeV-pythia6-tauola_HGCALGS_PU140_1ns_7ns_RECO-dae2ba7355add6539efc58ac0d4cc16b/USER&complete=y"
2015-10-20 00:35:07,628 [DEBUG] 	Retrieve PNNs type with
curl -ks --cert $X509_USER_PROXY --key $X509_USER_PROXY "https://cmsweb.cern.ch/phedex/datasvc/cjson/prod/nodes"
2015-10-20 00:35:08,563 [INFO] 	No dataset location information found in PhEDEx
2015-10-20 00:35:08,563 [INFO] 	Use origin site location recorded in local scope DBS
2015-10-20 00:35:13,339 [INFO] 	Requested dataset: /DYToMuMu_M-20_TuneZ2star_14TeV-pythia6-tauola/piet-DYToMuMu_M-20_TuneZ2star_14TeV-pythia6-tauola_HGCALGS_PU140_1ns_7ns_RECO-dae2ba7355add6539efc58ac0d4cc16b/USER has 12610 events in 18 blocks.

2015-10-20 00:35:14,562 [DEBUG] 	Job splitting method: EventBased
2015-10-20 00:35:14,562 [DEBUG] 	Events in Block File 830
2015-10-20 00:35:14,566 [DEBUG] 	Events in Block File 1000
2015-10-20 00:35:14,571 [DEBUG] 	Events in Block File 100
2015-10-20 00:35:14,571 [DEBUG] 	Events in Block File 2500
2015-10-20 00:35:14,572 [DEBUG] 	Events in Block File 10
2015-10-20 00:35:14,573 [DEBUG] 	Events in Block File 1000
2015-10-20 00:35:14,577 [DEBUG] 	Events in Block File 30
2015-10-20 00:35:14,578 [DEBUG] 	Events in Block File 1000
2015-10-20 00:35:14,582 [DEBUG] 	Events in Block File 1000
2015-10-20 00:35:14,587 [DEBUG] 	Events in Block File 1000
2015-10-20 00:35:14,592 [DEBUG] 	Events in Block File 100
2015-10-20 00:35:14,592 [DEBUG] 	Events in Block File 1000
2015-10-20 00:35:14,596 [DEBUG] 	Events in Block File 10
2015-10-20 00:35:14,597 [DEBUG] 	Events in Block File 1000
2015-10-20 00:35:14,601 [DEBUG] 	Events in Block File 1000
2015-10-20 00:35:14,606 [DEBUG] 	Events in Block File 1000
2015-10-20 00:35:14,610 [DEBUG] 	Events in Block File 10
2015-10-20 00:35:14,611 [DEBUG] 	Events in Block File 20
2015-10-20 00:35:14,611 [DEBUG] 	
Job 20 can run over 20 events.
Job 20 Destination: ['T2_IT_Bari']

2015-10-20 00:35:14,611 [INFO] 	20 job(s) can run on 12610 events.

2015-10-20 00:35:14,613 [INFO] 	List of jobs and available destination sites:

Block     1: jobs                    1: sites: T2_IT_Bari
Block     2: jobs                    2: sites: T2_IT_Bari
Block     3: jobs                    3: sites: T2_IT_Bari
Block     4: jobs                  4-6: sites: T2_IT_Bari
Block     5: jobs                    7: sites: T2_IT_Bari
Block     6: jobs                    8: sites: T2_IT_Bari
Block     7: jobs                    9: sites: T2_IT_Bari
Block     8: jobs                   10: sites: T2_IT_Bari
Block     9: jobs                   11: sites: T2_IT_Bari
Block    10: jobs                   12: sites: T2_IT_Bari
Block    11: jobs                   13: sites: T2_IT_Bari
Block    12: jobs                   14: sites: T2_IT_Bari
Block    13: jobs                   15: sites: T2_IT_Bari
Block    14: jobs                   16: sites: T2_IT_Bari
Block    15: jobs                   17: sites: T2_IT_Bari
Block    16: jobs                   18: sites: T2_IT_Bari
Block    17: jobs                   19: sites: T2_IT_Bari
Block    18: jobs                   20: sites: T2_IT_Bari

2015-10-20 00:35:14,655 [DEBUG] 	PsetManipulator::__init__: PSet file = analysisTiming.py
2015-10-20 00:35:15,790 [DEBUG] 	Output from TFileService OutTree.root already in output files
2015-10-20 00:35:15,803 [DEBUG] 	Exe /cvmfs/cms.cern.ch/slc6_amd64_gcc472/cms/cmssw/CMSSW_6_2_0_SLHC26/bin/slc6_amd64_gcc472/cmsRun to be tarred
2015-10-20 00:35:15,866 [DEBUG] 	lib /uscms_data/d3/aman30/ME0/CMSSW_6_2_0_SLHC26_patch3/lib to be tarred
2015-10-20 00:35:24,261 [DEBUG] 	data SimTracker/TrackerMaterialAnalysis/data to be tarred
2015-10-20 00:35:27,878 [DEBUG] 	data RecoMuon/MuonIdentification/data to be tarred
2015-10-20 00:35:28,524 [DEBUG] 	data SimDataFormats/GeneratorProducts/data to be tarred
2015-10-20 00:35:28,598 [DEBUG] 	data SLHCUpgradeSimulations/L1CaloTrigger/data to be tarred
2015-10-20 00:35:31,965 [DEBUG] 	data SLHCUpgradeSimulations/Geometry/data to be tarred
2015-10-20 00:35:32,780 [DEBUG] 	data RecoLocalMuon/GEMRecHit/data to be tarred
2015-10-20 00:35:33,069 [DEBUG] 	Creator: JobType CMSSW created
2015-10-20 00:35:33,069 [DEBUG] 	Creator: total # of jobs = 20
2015-10-20 00:35:33,070 [DEBUG] 	Creator constructor finished
2015-10-20 00:35:33,363 [DEBUG] 	parseRange_ None
2015-10-20 00:35:33,378 [DEBUG] 	Scram::Scram() version is 2
2015-10-20 00:35:33,379 [DEBUG] 	Scram::Scram() arch is slc6_amd64_gcc472
2015-10-20 00:35:33,379 [DEBUG] 	Creator::run() called
2015-10-20 00:35:33,379 [DEBUG] 	Scram::Scram() version is 2
2015-10-20 00:35:33,380 [DEBUG] 	Scram::Scram() arch is slc6_amd64_gcc472
2015-10-20 00:35:33,607 [INFO] 	Creating 20 jobs, please wait...
2015-10-20 00:35:33,608 [DEBUG] 	Creation Time: 0.228631019592
2015-10-20 00:35:33,608 [INFO] 	Total of 20 jobs created.

2015-10-20 00:35:33,608 [DEBUG] 	Submitter::run() called
2015-10-20 00:35:33,623 [DEBUG] 	nsjobs -1
2015-10-20 00:35:33,623 [DEBUG] 	Total jobs 20
2015-10-20 00:35:33,638 [DEBUG] 	nj_list [1, 2, 3, 4, 5, 6, 7, 8, 9, 10, 11, 12, 13, 14, 15, 16, 17, 18, 19, 20]
2015-10-20 00:35:33,865 [DEBUG] 	GRIDNAME: /C=TW/O=AP/OU=GRID/CN=Amandeep Kaur Kalsi 129089 
2015-10-20 00:35:34,386 [DEBUG] 	Submission DashBoard Pre-Submission report: {'ApplicationVersion': 'CMSSW_6_2_0_SLHC26_patch3', 'taskId': 'amkalsi_Good_1000ps_47oj9s', 'resubmitter': 'user', 'tool': 'crab2', 'vo': 'cms', 'tool_ui': 'cmslpc23.fnal.gov', 'JSToolVersion': '2.11.1_patch1', 'user': 'amkalsi', 'scheduler': 'GLIDEIN', 'taskType': 'analysis', 'CMSUser': 'amkalsi', 'jobId': 'TaskMeta', 'datasetFull': '/DYToMuMu_M-20_TuneZ2star_14TeV-pythia6-tauola/piet-DYToMuMu_M-20_TuneZ2star_14TeV-pythia6-tauola_HGCALGS_PU140_1ns_7ns_RECO-dae2ba7355add6539efc58ac0d4cc16b/USER', 'exe': 'cmsRun', 'GridName': '/C=TW/O=AP/OU=GRID/CN=Amandeep Kaur Kalsi 129089', 'SubmissionType': 'direct'}
2015-10-20 00:35:34,386 [INFO] 	Checking available resources...
2015-10-20 00:35:34,411 [INFO] 	Found  compatible site(s) for job 1
2015-10-20 00:35:34,412 [INFO] 	1 blocks of jobs will be submitted
2015-10-20 00:35:34,412 [DEBUG] 	Delegating proxy 
2015-10-20 00:35:34,412 [DEBUG] 	Submitting jobs [1, 2, 3, 4, 5, 6, 7, 8, 9, 10, 11, 12, 13, 14, 15, 16, 17, 18, 19, 20]
2015-10-20 00:35:34,458 [DEBUG] 	Calling ServerConfig default
2015-10-20 00:35:34,459 [DEBUG] 	getting serverlist from web
2015-10-20 00:35:34,459 [DEBUG] 	Downloading file [http://cmsdoc.cern.ch/cms/LCG/crab/config/] to [/uscms/home/aman30/.cms_crab/AvailableServerList].
2015-10-20 00:35:34,460 [DEBUG] 	All avaialble servers: [['cern_vocms0117', '2.8.4-', 'remoteGlidein'], ['cern_vocms0117', '2.8.4-', 'remoteGlidein'], ['ucsd_submit-6', '2.8.4-', 'remoteGlidein'], ['ucsd_submit-6', '2.8.4-', 'remoteGlidein'], ['ucsd_submit-6', '2.8.4-', 'remoteGlidein']]
2015-10-20 00:35:34,461 [DEBUG] 	All avaialble servers compatible with 2.11.1_patch1: ['cern_vocms0117', 'cern_vocms0117', 'ucsd_submit-6', 'ucsd_submit-6', 'ucsd_submit-6']
2015-10-20 00:35:34,461 [DEBUG] 	Avaialble servers: ['cern_vocms0117', 'cern_vocms0117', 'ucsd_submit-6', 'ucsd_submit-6', 'ucsd_submit-6'] choosen: ucsd_submit-6
2015-10-20 00:35:34,461 [DEBUG] 	Downloading file [http://cmsdoc.cern.ch/cms/LCG/crab/config/] to [/uscms/home/aman30/.cms_crab/server_ucsd_submit-6.conf].
2015-10-20 00:35:34,462 [INFO] 	remotehost from Avail.List = submit-6.t2.ucsd.edu
2015-10-20 00:35:34,493 [INFO] 	list of PSN's for submission: T2_IT_Bari
2015-10-20 00:35:34,494 [DEBUG] 	Scram::Scram() version is 2
2015-10-20 00:35:34,494 [DEBUG] 	Scram::Scram() arch is slc6_amd64_gcc472
2015-10-20 00:35:34,810 [INFO] 	contacting remote host submit-6.t2.ucsd.edu
2015-10-20 00:35:35,198 [INFO] 	COPY FILES TO REMOTE HOST
2015-10-20 00:35:35,199 [DEBUG] 	Execute command :
eval `scram unsetenv -sh`;  gsissh -o ControlMaster=auto -o ControlPath=/tmp/aman30/.ssh/ssh-link--1710352275-submit-6.t2.ucsd.edu -o BatchMode=yes -o StrictHostKeyChecking=no -o ForwardX11=no submit-6.t2.ucsd.edu  mkdir -p amkalsi_Good_1000ps_47oj9s
2015-10-20 00:35:35,521 [DEBUG] 	Status,output= 0,
2015-10-20 00:35:35,522 [DEBUG] 	Execute command :
gsiscp -o ControlMaster=auto -o ControlPath=/tmp/aman30/.ssh/ssh-link--1710352275-submit-6.t2.ucsd.edu -o BatchMode=yes -o StrictHostKeyChecking=no -o ForwardX11=no /uscms_data/d3/aman30/ME0/CMSSW_6_2_0_SLHC26_patch3/src/Analyzer/ME0TimingAnalysis/python/DYToMuMu_M-20_TuneZ2star_14TeV_Piet/Good_1000ps/share/default.tgz /uscms_data/d3/aman30/ME0/CMSSW_6_2_0_SLHC26_patch3/src/Analyzer/ME0TimingAnalysis/python/DYToMuMu_M-20_TuneZ2star_14TeV_Piet/Good_1000ps/share/arguments.xml /uscms_data/d3/aman30/ME0/CMSSW_6_2_0_SLHC26_patch3/src/Analyzer/ME0TimingAnalysis/python/DYToMuMu_M-20_TuneZ2star_14TeV_Piet/Good_1000ps/job/CMSSW.sh /uscms_data/d3/aman30/ME0/CMSSW_6_2_0_SLHC26_patch3/src/Analyzer/ME0TimingAnalysis/python/DYToMuMu_M-20_TuneZ2star_14TeV_Piet/Good_1000ps/share//amkalsi_Good_1000ps_47oj9s_job20.jdl /tmp/x509up_u46992 submit-6.t2.ucsd.edu:amkalsi_Good_1000ps_47oj9s
2015-10-20 00:35:40,368 [DEBUG] 	Status,output= 0,
2015-10-20 00:35:40,369 [INFO] 	SUBMIT TO REMOTE GLIDEIN FRONTEND
2015-10-20 00:35:40,369 [DEBUG] 	Execute command :
eval `scram unsetenv -sh`;  gsissh -o ControlMaster=auto -o ControlPath=/tmp/aman30/.ssh/ssh-link--1710352275-submit-6.t2.ucsd.edu -o BatchMode=yes -o StrictHostKeyChecking=no -o ForwardX11=no submit-6.t2.ucsd.edu "cd amkalsi_Good_1000ps_47oj9s;  condor_submit  amkalsi_Good_1000ps_47oj9s_job20.jdl; echo 'CONDOR_SUBMIT-EXIT-STATUS IS' \$?"
2015-10-20 00:35:41,265 [DEBUG] 	Status,output= 0,Submitting job(s)....................
20 job(s) submitted to cluster 666493.
CONDOR_SUBMIT-EXIT-STATUS IS 0
2015-10-20 00:35:41,267 [DEBUG] 	Returning {u'amkalsi_Good_1000ps_47oj9s_job17': 'submit-6.t2.ucsd.edu//151020//666493.16', u'amkalsi_Good_1000ps_47oj9s_job11': 'submit-6.t2.ucsd.edu//151020//666493.10', u'amkalsi_Good_1000ps_47oj9s_job16': 'submit-6.t2.ucsd.edu//151020//666493.15', u'amkalsi_Good_1000ps_47oj9s_job10': 'submit-6.t2.ucsd.edu//151020//666493.9', u'amkalsi_Good_1000ps_47oj9s_job15': 'submit-6.t2.ucsd.edu//151020//666493.14', u'amkalsi_Good_1000ps_47oj9s_job20': 'submit-6.t2.ucsd.edu//151020//666493.19', u'amkalsi_Good_1000ps_47oj9s_job3': 'submit-6.t2.ucsd.edu//151020//666493.2', u'amkalsi_Good_1000ps_47oj9s_job2': 'submit-6.t2.ucsd.edu//151020//666493.1', u'amkalsi_Good_1000ps_47oj9s_job1': 'submit-6.t2.ucsd.edu//151020//666493.0', u'amkalsi_Good_1000ps_47oj9s_job14': 'submit-6.t2.ucsd.edu//151020//666493.13', u'amkalsi_Good_1000ps_47oj9s_job7': 'submit-6.t2.ucsd.edu//151020//666493.6', u'amkalsi_Good_1000ps_47oj9s_job6': 'submit-6.t2.ucsd.edu//151020//666493.5', u'amkalsi_Good_1000ps_47oj9s_job5': 'submit-6.t2.ucsd.edu//151020//666493.4', u'amkalsi_Good_1000ps_47oj9s_job4': 'submit-6.t2.ucsd.edu//151020//666493.3', u'amkalsi_Good_1000ps_47oj9s_job13': 'submit-6.t2.ucsd.edu//151020//666493.12', u'amkalsi_Good_1000ps_47oj9s_job9': 'submit-6.t2.ucsd.edu//151020//666493.8', u'amkalsi_Good_1000ps_47oj9s_job8': 'submit-6.t2.ucsd.edu//151020//666493.7', u'amkalsi_Good_1000ps_47oj9s_job18': 'submit-6.t2.ucsd.edu//151020//666493.17', u'amkalsi_Good_1000ps_47oj9s_job19': 'submit-6.t2.ucsd.edu//151020//666493.18', u'amkalsi_Good_1000ps_47oj9s_job12': 'submit-6.t2.ucsd.edu//151020//666493.11'}
amkalsi_Good_1000ps_47oj9s
cmslpc23.fnal.gov
2015-10-20 00:35:41,286 [DEBUG] 	WMS : cmslpc23.fnal.gov
Collection ID : amkalsi_Good_1000ps_47oj9s
2015-10-20 00:35:41,301 [DEBUG] 	Submitted job # 1
2015-10-20 00:35:41,301 [DEBUG] 	Submitted job # 2
2015-10-20 00:35:41,302 [DEBUG] 	Submitted job # 3
2015-10-20 00:35:41,302 [DEBUG] 	Submitted job # 4
2015-10-20 00:35:41,302 [DEBUG] 	Submitted job # 5
2015-10-20 00:35:41,302 [DEBUG] 	Submitted job # 6
2015-10-20 00:35:41,302 [DEBUG] 	Submitted job # 7
2015-10-20 00:35:41,302 [DEBUG] 	Submitted job # 8
2015-10-20 00:35:41,302 [DEBUG] 	Submitted job # 9
2015-10-20 00:35:41,303 [DEBUG] 	Submitted job # 10
2015-10-20 00:35:41,303 [DEBUG] 	Submitted job # 11
2015-10-20 00:35:41,303 [DEBUG] 	Submitted job # 12
2015-10-20 00:35:41,303 [DEBUG] 	Submitted job # 13
2015-10-20 00:35:41,303 [DEBUG] 	Submitted job # 14
2015-10-20 00:35:41,303 [DEBUG] 	Submitted job # 15
2015-10-20 00:35:41,304 [DEBUG] 	Submitted job # 16
2015-10-20 00:35:41,304 [DEBUG] 	Submitted job # 17
2015-10-20 00:35:41,304 [DEBUG] 	Submitted job # 18
2015-10-20 00:35:41,304 [DEBUG] 	Submitted job # 19
2015-10-20 00:35:41,304 [DEBUG] 	Submitted job # 20
2015-10-20 00:35:41,335 [DEBUG] 	Updating [[1, 2, 3, 4, 5, 6, 7, 8, 9, 10, 11, 12, 13, 14, 15, 16, 17, 18, 19, 20]] state SubSuccess
2015-10-20 00:35:41,582 [DEBUG] 	GRIDNAME: /C=TW/O=AP/OU=GRID/CN=Amandeep Kaur Kalsi 129089 
2015-10-20 00:35:42,104 [DEBUG] 	Submission Time: 8.49569582939
2015-10-20 00:35:42,104 [INFO] 	Total of 20 jobs submitted.
2015-10-20 04:39:02,362 [DEBUG] 	/cvmfs/cms.cern.ch/crab/CRAB_2_11_1_patch1/python/crab.py -USER.user_remote_dir=DYToMuMu_M-20_TuneZ2star_14TeV_Piet/Good_1000ps -c=DYToMuMu_M-20_TuneZ2star_14TeV_Piet/Good_1000ps -USER.ui_working_dir=DYToMuMu_M-20_TuneZ2star_14TeV_Piet/Good_1000ps -CMSSW.datasetpath=/DYToMuMu_M-20_TuneZ2star_14TeV-pythia6-tauola/piet-DYToMuMu_M-20_TuneZ2star_14TeV-pythia6-tauola_HGCALGS_PU140_1ns_7ns_RECO-dae2ba7355add6539efc58ac0d4cc16b/USER -status -CMSSW.pset=analysisTiming.py

2015-10-20 04:39:02,362 [INFO] 	Version 2.11.1_patch1 running on Tue Oct 20 04:39:02 2015 CST (09:39:02 UTC)

crab. Working options:
	scheduler           remoteGlidein
	job type            CMSSW
	server              OFF
	working directory   /uscms_data/d3/aman30/ME0/CMSSW_6_2_0_SLHC26_patch3/src/Analyzer/ME0TimingAnalysis/python/DYToMuMu_M-20_TuneZ2star_14TeV_Piet/Good_1000ps/

2015-10-20 04:39:02,362 [DEBUG] 	Downloading file [http://cmsdoc.cern.ch/cms/LCG/crab/config/] to [/uscms/home/aman30/.cms_crab/allowed_releases.conf].
2015-10-20 04:39:02,451 [DEBUG] 	Input whitelist: 
2015-10-20 04:39:02,451 [DEBUG] 	Input blacklist: 
2015-10-20 04:39:02,451 [DEBUG] 	Converted whitelist: 
2015-10-20 04:39:02,451 [DEBUG] 	Converted blacklist: 
2015-10-20 04:39:05,057 [DEBUG] 	Downloading file [http://cmsdoc.cern.ch/cms/LCG/crab/config/] to [/uscms/home/aman30/.cms_crab/site_black_list.conf].
2015-10-20 04:39:05,058 [DEBUG] 	Enforced black list: TAPE,srm-cms.cern.ch,cmssrm.fnal.gov,T1_RU,T1_TW,cmseos.fnal.gov,cmsdca2.fnal.gov,T2_PK_NCP,T3_US_Vanderbilt_EC2
 
2015-10-20 04:39:07,376 [DEBUG] 	Downloading file [http://cmsdoc.cern.ch/cms/LCG/crab/config/] to [/uscms/home/aman30/.cms_crab/site_black_list.conf].
2015-10-20 04:39:07,376 [DEBUG] 	Enforced black list: TAPE,srm-cms.cern.ch,cmssrm.fnal.gov,T1_RU,T1_TW,cmseos.fnal.gov,cmsdca2.fnal.gov,T2_PK_NCP,T3_US_Vanderbilt_EC2 
2015-10-20 04:39:07,377 [INFO] 	PSN black list: TAPE,srm-cms.cern.ch,cmssrm.fnal.gov,T1_RU,T1_TW,cmseos.fnal.gov,cmsdca2.fnal.gov,T2_PK_NCP,T3_US_Vanderbilt_EC2
2015-10-20 04:39:07,380 [DEBUG] 	Status::run() called
2015-10-20 04:39:07,380 [INFO] 	Checking the status of all jobs: please wait
2015-10-20 04:39:07,433 [INFO] 	contacting remote host submit-6.t2.ucsd.edu
2015-10-20 04:39:07,814 [DEBUG] 	Execute command :
gsiscp -o ControlMaster=auto -o ControlPath=/tmp/aman30/.ssh/ssh-link--1710352275-submit-6.t2.ucsd.edu -o BatchMode=yes -o StrictHostKeyChecking=no -o ForwardX11=no /tmp/x509up_u46992 submit-6.t2.ucsd.edu:amkalsi_Good_1000ps_47oj9s
2015-10-20 04:39:08,264 [DEBUG] 	Status,output= 0,
2015-10-20 04:39:08,264 [DEBUG] 	Execute command :
eval `scram unsetenv -sh`;  gsissh -o ControlMaster=auto -o ControlPath=/tmp/aman30/.ssh/ssh-link--1710352275-submit-6.t2.ucsd.edu -o BatchMode=yes -o StrictHostKeyChecking=no -o ForwardX11=no submit-6.t2.ucsd.edu  "condor_history -userlog amkalsi_Good_1000ps_47oj9s/condor.log -xml"
2015-10-20 04:39:08,873 [DEBUG] 	Execute command :
eval `scram unsetenv -sh`;  gsissh -o ControlMaster=auto -o ControlPath=/tmp/aman30/.ssh/ssh-link--1710352275-submit-6.t2.ucsd.edu -o BatchMode=yes -o StrictHostKeyChecking=no -o ForwardX11=no submit-6.t2.ucsd.edu "cd amkalsi_Good_1000ps_47oj9s; egrep -H WrapperExitCode\|ExeExitCode crab_fjr_*xml|tr '_.\t\"' ' '|awk '{print \$3\" \"\$7\" \"\$9}'"
2015-10-20 04:39:09,296 [DEBUG] 	Status,output= 0
10 0 WrapperExitCode
10 0 ExeExitCode
11 0 WrapperExitCode
11 0 ExeExitCode
12 0 WrapperExitCode
12 0 ExeExitCode
13 0 WrapperExitCode
13 0 ExeExitCode
14 0 WrapperExitCode
14 0 ExeExitCode
15 0 WrapperExitCode
15 0 ExeExitCode
16 0 WrapperExitCode
16 0 ExeExitCode
17 0 WrapperExitCode
17 0 ExeExitCode
18 0 WrapperExitCode
18 0 ExeExitCode
19 0 WrapperExitCode
19 0 ExeExitCode
1 0 WrapperExitCode
1 0 ExeExitCode
20 0 WrapperExitCode
20 0 ExeExitCode
2 0 WrapperExitCode
2 0 ExeExitCode
3 0 WrapperExitCode
3 0 ExeExitCode
4 0 WrapperExitCode
4 0 ExeExitCode
5 0 WrapperExitCode
5 0 ExeExitCode
6 0 WrapperExitCode
6 0 ExeExitCode
7 0 WrapperExitCode
7 0 ExeExitCode
8 0 WrapperExitCode
8 0 ExeExitCode
9 0 WrapperExitCode
9 0 ExeExitCode
2015-10-20 04:39:09,367 [INFO] 	
ID    END STATUS            ACTION       ExeExitCode JobExitCode E_HOST
----- --- ----------------- ------------  ---------- ----------- ---------
1     N   Done              Terminated    0          0           cream-ce-2.ba.infn.it
2     N   Done              Terminated    0          0           ce-01.recas.ba.infn.it
3     N   Done              Terminated    0          0           ce-01.recas.ba.infn.it
4     N   Done              Terminated    0          0           ce-01.recas.ba.infn.it
5     N   Done              Terminated    0          0           ce-01.recas.ba.infn.it
6     N   Done              Terminated    0          0           ce-01.recas.ba.infn.it
7     N   Done              Terminated    0          0           cream-ce-2.ba.infn.it
8     N   Done              Terminated    0          0           ce-01.recas.ba.infn.it
9     N   Done              Terminated    0          0           ce-01.recas.ba.infn.it
10    N   Done              Terminated    0          0           cream-ce-2.ba.infn.it
--------------------------------------------------------------------------------
11    N   Done              Terminated    0          0           cream-ce-4.ba.infn.it
12    N   Done              Terminated    0          0           cream-ce-2.ba.infn.it
13    N   Done              Terminated    0          0           cream-ce-2.ba.infn.it
14    N   Done              Terminated    0          0           ce-01.recas.ba.infn.it
15    N   Done              Terminated    0          0           cream-ce-2.ba.infn.it
16    N   Done              Terminated    0          0           ce-01.recas.ba.infn.it
17    N   Done              Terminated    0          0           cream-ce-2.ba.infn.it
18    N   Done              Terminated    0          0           cream-ce-4.ba.infn.it
19    N   Done              Terminated    0          0           ce-01.recas.ba.infn.it
20    N   Done              Terminated    0          0           ce-01.recas.ba.infn.it

2015-10-20 04:39:09,391 [INFO] 	ExitCodes Summary
 >>>>>>>>> 20 Jobs with Wrapper Exit Code : 0 
	 List of jobs: 1-20 
	See https://twiki.cern.ch/twiki/bin/view/CMSPublic/JobExitCodes for Exit Code meaning

2015-10-20 04:39:09,391 [INFO] 	 20 Total Jobs 

2015-10-20 04:39:09,399 [INFO] 	You can also follow the status of this task on :
	CMS Dashboard: http://dashb-cms-job-task.cern.ch/taskmon.html#task=amkalsi_Good_1000ps_47oj9s
	Your task name is: amkalsi_Good_1000ps_47oj9s 

2015-10-20 04:39:09,399 [DEBUG] 	Status Time: 2.01856899261
2015-10-20 04:41:26,762 [DEBUG] 	/cvmfs/cms.cern.ch/crab/CRAB_2_11_1_patch1/python/crab.py -USER.user_remote_dir=DYToMuMu_M-20_TuneZ2star_14TeV_Piet/Good_1000ps -c=DYToMuMu_M-20_TuneZ2star_14TeV_Piet/Good_1000ps -USER.ui_working_dir=DYToMuMu_M-20_TuneZ2star_14TeV_Piet/Good_1000ps -CMSSW.datasetpath=/DYToMuMu_M-20_TuneZ2star_14TeV-pythia6-tauola/piet-DYToMuMu_M-20_TuneZ2star_14TeV-pythia6-tauola_HGCALGS_PU140_1ns_7ns_RECO-dae2ba7355add6539efc58ac0d4cc16b/USER -status -get -CMSSW.pset=analysisTiming.py

2015-10-20 04:41:26,763 [INFO] 	Version 2.11.1_patch1 running on Tue Oct 20 04:41:26 2015 CST (09:41:26 UTC)

crab. Working options:
	scheduler           remoteGlidein
	job type            CMSSW
	server              OFF
	working directory   /uscms_data/d3/aman30/ME0/CMSSW_6_2_0_SLHC26_patch3/src/Analyzer/ME0TimingAnalysis/python/DYToMuMu_M-20_TuneZ2star_14TeV_Piet/Good_1000ps/

2015-10-20 04:41:26,763 [DEBUG] 	Downloading file [http://cmsdoc.cern.ch/cms/LCG/crab/config/] to [/uscms/home/aman30/.cms_crab/allowed_releases.conf].
2015-10-20 04:41:26,863 [DEBUG] 	Input whitelist: 
2015-10-20 04:41:26,864 [DEBUG] 	Input blacklist: 
2015-10-20 04:41:26,864 [DEBUG] 	Converted whitelist: 
2015-10-20 04:41:26,864 [DEBUG] 	Converted blacklist: 
2015-10-20 04:41:29,471 [DEBUG] 	Downloading file [http://cmsdoc.cern.ch/cms/LCG/crab/config/] to [/uscms/home/aman30/.cms_crab/site_black_list.conf].
2015-10-20 04:41:29,472 [DEBUG] 	Enforced black list: TAPE,srm-cms.cern.ch,cmssrm.fnal.gov,T1_RU,T1_TW,cmseos.fnal.gov,cmsdca2.fnal.gov,T2_PK_NCP,T3_US_Vanderbilt_EC2
 
2015-10-20 04:41:31,019 [DEBUG] 	Downloading file [http://cmsdoc.cern.ch/cms/LCG/crab/config/] to [/uscms/home/aman30/.cms_crab/site_black_list.conf].
2015-10-20 04:41:31,019 [DEBUG] 	Enforced black list: TAPE,srm-cms.cern.ch,cmssrm.fnal.gov,T1_RU,T1_TW,cmseos.fnal.gov,cmsdca2.fnal.gov,T2_PK_NCP,T3_US_Vanderbilt_EC2 
2015-10-20 04:41:31,020 [INFO] 	PSN black list: TAPE,srm-cms.cern.ch,cmssrm.fnal.gov,T1_RU,T1_TW,cmseos.fnal.gov,cmsdca2.fnal.gov,T2_PK_NCP,T3_US_Vanderbilt_EC2
2015-10-20 04:41:31,027 [DEBUG] 	Status::run() called
2015-10-20 04:41:31,027 [INFO] 	Checking the status of all jobs: please wait
2015-10-20 04:41:31,337 [INFO] 	
ID    END STATUS            ACTION       ExeExitCode JobExitCode E_HOST
----- --- ----------------- ------------  ---------- ----------- ---------
1     Y   Done              Terminated    0          0           cream-ce-2.ba.infn.it
2     Y   Done              Terminated    0          0           ce-01.recas.ba.infn.it
3     Y   Done              Terminated    0          0           ce-01.recas.ba.infn.it
4     Y   Done              Terminated    0          0           ce-01.recas.ba.infn.it
5     Y   Done              Terminated    0          0           ce-01.recas.ba.infn.it
6     Y   Done              Terminated    0          0           ce-01.recas.ba.infn.it
7     Y   Done              Terminated    0          0           cream-ce-2.ba.infn.it
8     Y   Done              Terminated    0          0           ce-01.recas.ba.infn.it
9     Y   Done              Terminated    0          0           ce-01.recas.ba.infn.it
10    Y   Done              Terminated    0          0           cream-ce-2.ba.infn.it
--------------------------------------------------------------------------------
11    Y   Done              Terminated    0          0           cream-ce-4.ba.infn.it
12    Y   Done              Terminated    0          0           cream-ce-2.ba.infn.it
13    Y   Done              Terminated    0          0           cream-ce-2.ba.infn.it
14    Y   Done              Terminated    0          0           ce-01.recas.ba.infn.it
15    Y   Done              Terminated    0          0           cream-ce-2.ba.infn.it
16    Y   Done              Terminated    0          0           ce-01.recas.ba.infn.it
17    Y   Done              Terminated    0          0           cream-ce-2.ba.infn.it
18    Y   Done              Terminated    0          0           cream-ce-4.ba.infn.it
19    Y   Done              Terminated    0          0           ce-01.recas.ba.infn.it
20    Y   Done              Terminated    0          0           ce-01.recas.ba.infn.it

2015-10-20 04:41:31,361 [INFO] 	ExitCodes Summary
 >>>>>>>>> 20 Jobs with Wrapper Exit Code : 0 
	 List of jobs: 1-20 
	See https://twiki.cern.ch/twiki/bin/view/CMSPublic/JobExitCodes for Exit Code meaning

2015-10-20 04:41:31,361 [INFO] 	 20 Total Jobs 

2015-10-20 04:41:31,369 [INFO] 	You can also follow the status of this task on :
	CMS Dashboard: http://dashb-cms-job-task.cern.ch/taskmon.html#task=amkalsi_Good_1000ps_47oj9s
	Your task name is: amkalsi_Good_1000ps_47oj9s 

2015-10-20 04:41:31,370 [DEBUG] 	Status Time: 0.342924833298
2015-10-20 04:41:31,370 [DEBUG] 	GetOutput::run() called
2015-10-20 04:41:31,386 [DEBUG] 	fs: Invalid argument; it is possible that /uscms_data/d3/aman30/ME0/CMSSW_6_2_0_SLHC26_patch3/src/Analyzer/ME0TimingAnalysis/python/DYToMuMu_M-20_TuneZ2star_14TeV_Piet/Good_1000ps/res/ is not in AFS.
Volume Name                    Quota       Used %Used   Partition
 while checking AFS quota. Treat as check OK
2015-10-20 04:41:31,393 [DEBUG] 	fs: Invalid argument; it is possible that /uscms_data/d3/aman30/ME0/CMSSW_6_2_0_SLHC26_patch3/src/Analyzer/ME0TimingAnalysis/python/DYToMuMu_M-20_TuneZ2star_14TeV_Piet/Good_1000ps/res/ is not in AFS.
Volume Name                  kbytes      used     avail %used
 while checking partition. Treat as check OK
2015-10-20 04:41:31,469 [INFO] 	contacting remote host submit-6.t2.ucsd.edu
2015-10-20 04:41:31,834 [INFO] 	Preparing to rsync 2 files
2015-10-20 04:41:36,249 [INFO] 	Results of Jobs # 1 are in /uscms_data/d3/aman30/ME0/CMSSW_6_2_0_SLHC26_patch3/src/Analyzer/ME0TimingAnalysis/python/DYToMuMu_M-20_TuneZ2star_14TeV_Piet/Good_1000ps/res/
2015-10-20 04:41:38,646 [DEBUG] 	fs: Invalid argument; it is possible that /uscms_data/d3/aman30/ME0/CMSSW_6_2_0_SLHC26_patch3/src/Analyzer/ME0TimingAnalysis/python/DYToMuMu_M-20_TuneZ2star_14TeV_Piet/Good_1000ps/res/ is not in AFS.
Volume Name                    Quota       Used %Used   Partition
 while checking AFS quota. Treat as check OK
2015-10-20 04:41:38,651 [DEBUG] 	fs: Invalid argument; it is possible that /uscms_data/d3/aman30/ME0/CMSSW_6_2_0_SLHC26_patch3/src/Analyzer/ME0TimingAnalysis/python/DYToMuMu_M-20_TuneZ2star_14TeV_Piet/Good_1000ps/res/ is not in AFS.
Volume Name                  kbytes      used     avail %used
 while checking partition. Treat as check OK
2015-10-20 04:41:43,714 [INFO] 	contacting remote host submit-6.t2.ucsd.edu
2015-10-20 04:41:44,086 [INFO] 	Preparing to rsync 38 files
2015-10-20 04:42:09,387 [INFO] 	Results of Jobs # 2 are in /uscms_data/d3/aman30/ME0/CMSSW_6_2_0_SLHC26_patch3/src/Analyzer/ME0TimingAnalysis/python/DYToMuMu_M-20_TuneZ2star_14TeV_Piet/Good_1000ps/res/
2015-10-20 04:42:12,244 [INFO] 	Results of Jobs # 3 are in /uscms_data/d3/aman30/ME0/CMSSW_6_2_0_SLHC26_patch3/src/Analyzer/ME0TimingAnalysis/python/DYToMuMu_M-20_TuneZ2star_14TeV_Piet/Good_1000ps/res/
2015-10-20 04:42:12,306 [INFO] 	Results of Jobs # 4 are in /uscms_data/d3/aman30/ME0/CMSSW_6_2_0_SLHC26_patch3/src/Analyzer/ME0TimingAnalysis/python/DYToMuMu_M-20_TuneZ2star_14TeV_Piet/Good_1000ps/res/
2015-10-20 04:42:12,754 [INFO] 	Results of Jobs # 5 are in /uscms_data/d3/aman30/ME0/CMSSW_6_2_0_SLHC26_patch3/src/Analyzer/ME0TimingAnalysis/python/DYToMuMu_M-20_TuneZ2star_14TeV_Piet/Good_1000ps/res/
2015-10-20 04:42:13,228 [INFO] 	Results of Jobs # 6 are in /uscms_data/d3/aman30/ME0/CMSSW_6_2_0_SLHC26_patch3/src/Analyzer/ME0TimingAnalysis/python/DYToMuMu_M-20_TuneZ2star_14TeV_Piet/Good_1000ps/res/
2015-10-20 04:42:13,441 [INFO] 	Results of Jobs # 7 are in /uscms_data/d3/aman30/ME0/CMSSW_6_2_0_SLHC26_patch3/src/Analyzer/ME0TimingAnalysis/python/DYToMuMu_M-20_TuneZ2star_14TeV_Piet/Good_1000ps/res/
2015-10-20 04:42:13,571 [INFO] 	Results of Jobs # 8 are in /uscms_data/d3/aman30/ME0/CMSSW_6_2_0_SLHC26_patch3/src/Analyzer/ME0TimingAnalysis/python/DYToMuMu_M-20_TuneZ2star_14TeV_Piet/Good_1000ps/res/
2015-10-20 04:42:16,234 [INFO] 	Results of Jobs # 9 are in /uscms_data/d3/aman30/ME0/CMSSW_6_2_0_SLHC26_patch3/src/Analyzer/ME0TimingAnalysis/python/DYToMuMu_M-20_TuneZ2star_14TeV_Piet/Good_1000ps/res/
2015-10-20 04:42:16,423 [INFO] 	Results of Jobs # 10 are in /uscms_data/d3/aman30/ME0/CMSSW_6_2_0_SLHC26_patch3/src/Analyzer/ME0TimingAnalysis/python/DYToMuMu_M-20_TuneZ2star_14TeV_Piet/Good_1000ps/res/
2015-10-20 04:42:19,539 [INFO] 	Results of Jobs # 11 are in /uscms_data/d3/aman30/ME0/CMSSW_6_2_0_SLHC26_patch3/src/Analyzer/ME0TimingAnalysis/python/DYToMuMu_M-20_TuneZ2star_14TeV_Piet/Good_1000ps/res/
2015-10-20 04:42:22,490 [INFO] 	Results of Jobs # 12 are in /uscms_data/d3/aman30/ME0/CMSSW_6_2_0_SLHC26_patch3/src/Analyzer/ME0TimingAnalysis/python/DYToMuMu_M-20_TuneZ2star_14TeV_Piet/Good_1000ps/res/
2015-10-20 04:42:25,468 [INFO] 	Results of Jobs # 13 are in /uscms_data/d3/aman30/ME0/CMSSW_6_2_0_SLHC26_patch3/src/Analyzer/ME0TimingAnalysis/python/DYToMuMu_M-20_TuneZ2star_14TeV_Piet/Good_1000ps/res/
2015-10-20 04:42:25,604 [INFO] 	Results of Jobs # 14 are in /uscms_data/d3/aman30/ME0/CMSSW_6_2_0_SLHC26_patch3/src/Analyzer/ME0TimingAnalysis/python/DYToMuMu_M-20_TuneZ2star_14TeV_Piet/Good_1000ps/res/
2015-10-20 04:42:28,650 [INFO] 	Results of Jobs # 15 are in /uscms_data/d3/aman30/ME0/CMSSW_6_2_0_SLHC26_patch3/src/Analyzer/ME0TimingAnalysis/python/DYToMuMu_M-20_TuneZ2star_14TeV_Piet/Good_1000ps/res/
2015-10-20 04:42:28,785 [INFO] 	Results of Jobs # 16 are in /uscms_data/d3/aman30/ME0/CMSSW_6_2_0_SLHC26_patch3/src/Analyzer/ME0TimingAnalysis/python/DYToMuMu_M-20_TuneZ2star_14TeV_Piet/Good_1000ps/res/
2015-10-20 04:42:31,917 [INFO] 	Results of Jobs # 17 are in /uscms_data/d3/aman30/ME0/CMSSW_6_2_0_SLHC26_patch3/src/Analyzer/ME0TimingAnalysis/python/DYToMuMu_M-20_TuneZ2star_14TeV_Piet/Good_1000ps/res/
2015-10-20 04:42:35,035 [INFO] 	Results of Jobs # 18 are in /uscms_data/d3/aman30/ME0/CMSSW_6_2_0_SLHC26_patch3/src/Analyzer/ME0TimingAnalysis/python/DYToMuMu_M-20_TuneZ2star_14TeV_Piet/Good_1000ps/res/
2015-10-20 04:42:37,974 [INFO] 	Results of Jobs # 19 are in /uscms_data/d3/aman30/ME0/CMSSW_6_2_0_SLHC26_patch3/src/Analyzer/ME0TimingAnalysis/python/DYToMuMu_M-20_TuneZ2star_14TeV_Piet/Good_1000ps/res/
2015-10-20 04:42:38,032 [INFO] 	Results of Jobs # 20 are in /uscms_data/d3/aman30/ME0/CMSSW_6_2_0_SLHC26_patch3/src/Analyzer/ME0TimingAnalysis/python/DYToMuMu_M-20_TuneZ2star_14TeV_Piet/Good_1000ps/res/
2015-10-20 04:42:38,316 [DEBUG] 	GetOutput Time: 66.9459400177
